-------------------------------------------------------------------------------
Test set: io.quarkus.devtools.compat.CliCompatTest
-------------------------------------------------------------------------------
Tests run: 100, Failures: 0, Errors: 100, Skipped: 0, Time elapsed: 3.655 s <<< FAILURE! - in io.quarkus.devtools.compat.CliCompatTest
testCli{Path}[1]  Time elapsed: 0.019 s  <<< ERROR!
org.zeroturnaround.exec.ProcessInitException: Could not execute [./jbang, trust, add, https://repo1.maven.org/maven2/io/quarkus/] in /var/folders/j8/sj85tl7d2pq_vnhbpj4t5lwm0000gn/T/junit13211042671926172745/cli_2.8.1.Final-platform_2.8.1.Final. Error=2, No such file or directory
	at io.quarkus.devtools.compat.CliCompatTest.jbang(CliCompatTest.java:141)
	at io.quarkus.devtools.compat.CliCompatTest.testCLI(CliCompatTest.java:110)
	at io.quarkus.devtools.compat.CliCompatTest.lambda$generateTests$10(CliCompatTest.java:99)
Caused by: java.io.IOException: Cannot run program "./jbang" (in directory "/var/folders/j8/sj85tl7d2pq_vnhbpj4t5lwm0000gn/T/junit13211042671926172745/cli_2.8.1.Final-platform_2.8.1.Final"): error=2, No such file or directory
	at io.quarkus.devtools.compat.CliCompatTest.jbang(CliCompatTest.java:141)
	at io.quarkus.devtools.compat.CliCompatTest.testCLI(CliCompatTest.java:110)
	at io.quarkus.devtools.compat.CliCompatTest.lambda$generateTests$10(CliCompatTest.java:99)
Caused by: java.io.IOException: error=2, No such file or directory
	at io.quarkus.devtools.compat.CliCompatTest.jbang(CliCompatTest.java:141)
	at io.quarkus.devtools.compat.CliCompatTest.testCLI(CliCompatTest.java:110)
	at io.quarkus.devtools.compat.CliCompatTest.lambda$generateTests$10(CliCompatTest.java:99)

testCli{Path}[2]  Time elapsed: 0.005 s  <<< ERROR!
org.zeroturnaround.exec.ProcessInitException: Could not execute [./jbang, trust, add, https://repo1.maven.org/maven2/io/quarkus/] in /var/folders/j8/sj85tl7d2pq_vnhbpj4t5lwm0000gn/T/junit13211042671926172745/cli_2.8.0.Final-platform_2.8.1.Final. Error=2, No such file or directory
	at io.quarkus.devtools.compat.CliCompatTest.jbang(CliCompatTest.java:141)
	at io.quarkus.devtools.compat.CliCompatTest.testCLI(CliCompatTest.java:110)
	at io.quarkus.devtools.compat.CliCompatTest.lambda$generateTests$10(CliCompatTest.java:99)
Caused by: java.io.IOException: Cannot run program "./jbang" (in directory "/var/folders/j8/sj85tl7d2pq_vnhbpj4t5lwm0000gn/T/junit13211042671926172745/cli_2.8.0.Final-platform_2.8.1.Final"): error=2, No such file or directory
	at io.quarkus.devtools.compat.CliCompatTest.jbang(CliCompatTest.java:141)
	at io.quarkus.devtools.compat.CliCompatTest.testCLI(CliCompatTest.java:110)
	at io.quarkus.devtools.compat.CliCompatTest.lambda$generateTests$10(CliCompatTest.java:99)
Caused by: java.io.IOException: error=2, No such file or directory
	at io.quarkus.devtools.compat.CliCompatTest.jbang(CliCompatTest.java:141)
	at io.quarkus.devtools.compat.CliCompatTest.testCLI(CliCompatTest.java:110)
	at io.quarkus.devtools.compat.CliCompatTest.lambda$generateTests$10(CliCompatTest.java:99)

testCli{Path}[3]  Time elapsed: 0.005 s  <<< ERROR!
org.zeroturnaround.exec.ProcessInitException: Could not execute [./jbang, trust, add, https://repo1.maven.org/maven2/io/quarkus/] in /var/folders/j8/sj85tl7d2pq_vnhbpj4t5lwm0000gn/T/junit13211042671926172745/cli_2.7.5.Final-platform_2.8.1.Final. Error=2, No such file or directory
	at io.quarkus.devtools.compat.CliCompatTest.jbang(CliCompatTest.java:141)
	at io.quarkus.devtools.compat.CliCompatTest.testCLI(CliCompatTest.java:110)
	at io.quarkus.devtools.compat.CliCompatTest.lambda$generateTests$10(CliCompatTest.java:99)
Caused by: java.io.IOException: Cannot run program "./jbang" (in directory "/var/folders/j8/sj85tl7d2pq_vnhbpj4t5lwm0000gn/T/junit13211042671926172745/cli_2.7.5.Final-platform_2.8.1.Final"): error=2, No such file or directory
	at io.quarkus.devtools.compat.CliCompatTest.jbang(CliCompatTest.java:141)
	at io.quarkus.devtools.compat.CliCompatTest.testCLI(CliCompatTest.java:110)
	at io.quarkus.devtools.compat.CliCompatTest.lambda$generateTests$10(CliCompatTest.java:99)
Caused by: java.io.IOException: error=2, No such file or directory
	at io.quarkus.devtools.compat.CliCompatTest.jbang(CliCompatTest.java:141)
	at io.quarkus.devtools.compat.CliCompatTest.testCLI(CliCompatTest.java:110)
	at io.quarkus.devtools.compat.CliCompatTest.lambda$generateTests$10(CliCompatTest.java:99)

testCli{Path}[4]  Time elapsed: 0.006 s  <<< ERROR!
org.zeroturnaround.exec.ProcessInitException: Could not execute [./jbang, trust, add, https://repo1.maven.org/maven2/io/quarkus/] in /var/folders/j8/sj85tl7d2pq_vnhbpj4t5lwm0000gn/T/junit13211042671926172745/cli_2.7.4.Final-platform_2.8.1.Final. Error=2, No such file or directory
	at io.quarkus.devtools.compat.CliCompatTest.jbang(CliCompatTest.java:141)
	at io.quarkus.devtools.compat.CliCompatTest.testCLI(CliCompatTest.java:110)
	at io.quarkus.devtools.compat.CliCompatTest.lambda$generateTests$10(CliCompatTest.java:99)
Caused by: java.io.IOException: Cannot run program "./jbang" (in directory "/var/folders/j8/sj85tl7d2pq_vnhbpj4t5lwm0000gn/T/junit13211042671926172745/cli_2.7.4.Final-platform_2.8.1.Final"): error=2, No such file or directory
	at io.quarkus.devtools.compat.CliCompatTest.jbang(CliCompatTest.java:141)
	at io.quarkus.devtools.compat.CliCompatTest.testCLI(CliCompatTest.java:110)
	at io.quarkus.devtools.compat.CliCompatTest.lambda$generateTests$10(CliCompatTest.java:99)
Caused by: java.io.IOException: error=2, No such file or directory
	at io.quarkus.devtools.compat.CliCompatTest.jbang(CliCompatTest.java:141)
	at io.quarkus.devtools.compat.CliCompatTest.testCLI(CliCompatTest.java:110)
	at io.quarkus.devtools.compat.CliCompatTest.lambda$generateTests$10(CliCompatTest.java:99)

testCli{Path}[5]  Time elapsed: 0.004 s  <<< ERROR!
org.zeroturnaround.exec.ProcessInitException: Could not execute [./jbang, trust, add, https://repo1.maven.org/maven2/io/quarkus/] in /var/folders/j8/sj85tl7d2pq_vnhbpj4t5lwm0000gn/T/junit13211042671926172745/cli_2.7.3.Final-platform_2.8.1.Final. Error=2, No such file or directory
	at io.quarkus.devtools.compat.CliCompatTest.jbang(CliCompatTest.java:141)
	at io.quarkus.devtools.compat.CliCompatTest.testCLI(CliCompatTest.java:110)
	at io.quarkus.devtools.compat.CliCompatTest.lambda$generateTests$10(CliCompatTest.java:99)
Caused by: java.io.IOException: Cannot run program "./jbang" (in directory "/var/folders/j8/sj85tl7d2pq_vnhbpj4t5lwm0000gn/T/junit13211042671926172745/cli_2.7.3.Final-platform_2.8.1.Final"): error=2, No such file or directory
	at io.quarkus.devtools.compat.CliCompatTest.jbang(CliCompatTest.java:141)
	at io.quarkus.devtools.compat.CliCompatTest.testCLI(CliCompatTest.java:110)
	at io.quarkus.devtools.compat.CliCompatTest.lambda$generateTests$10(CliCompatTest.java:99)
Caused by: java.io.IOException: error=2, No such file or directory
	at io.quarkus.devtools.compat.CliCompatTest.jbang(CliCompatTest.java:141)
	at io.quarkus.devtools.compat.CliCompatTest.testCLI(CliCompatTest.java:110)
	at io.quarkus.devtools.compat.CliCompatTest.lambda$generateTests$10(CliCompatTest.java:99)

testCli{Path}[6]  Time elapsed: 0.004 s  <<< ERROR!
org.zeroturnaround.exec.ProcessInitException: Could not execute [./jbang, trust, add, https://repo1.maven.org/maven2/io/quarkus/] in /var/folders/j8/sj85tl7d2pq_vnhbpj4t5lwm0000gn/T/junit13211042671926172745/cli_2.7.2.Final-platform_2.8.1.Final. Error=2, No such file or directory
	at io.quarkus.devtools.compat.CliCompatTest.jbang(CliCompatTest.java:141)
	at io.quarkus.devtools.compat.CliCompatTest.testCLI(CliCompatTest.java:110)
	at io.quarkus.devtools.compat.CliCompatTest.lambda$generateTests$10(CliCompatTest.java:99)
Caused by: java.io.IOException: Cannot run program "./jbang" (in directory "/var/folders/j8/sj85tl7d2pq_vnhbpj4t5lwm0000gn/T/junit13211042671926172745/cli_2.7.2.Final-platform_2.8.1.Final"): error=2, No such file or directory
	at io.quarkus.devtools.compat.CliCompatTest.jbang(CliCompatTest.java:141)
	at io.quarkus.devtools.compat.CliCompatTest.testCLI(CliCompatTest.java:110)
	at io.quarkus.devtools.compat.CliCompatTest.lambda$generateTests$10(CliCompatTest.java:99)
Caused by: java.io.IOException: error=2, No such file or directory
	at io.quarkus.devtools.compat.CliCompatTest.jbang(CliCompatTest.java:141)
	at io.quarkus.devtools.compat.CliCompatTest.testCLI(CliCompatTest.java:110)
	at io.quarkus.devtools.compat.CliCompatTest.lambda$generateTests$10(CliCompatTest.java:99)

testCli{Path}[7]  Time elapsed: 0 s  <<< ERROR!
org.zeroturnaround.exec.ProcessInitException: Could not execute [./jbang, trust, add, https://repo1.maven.org/maven2/io/quarkus/] in /var/folders/j8/sj85tl7d2pq_vnhbpj4t5lwm0000gn/T/junit13211042671926172745/cli_2.7.1.Final-platform_2.8.1.Final. Error=2, No such file or directory
	at io.quarkus.devtools.compat.CliCompatTest.jbang(CliCompatTest.java:141)
	at io.quarkus.devtools.compat.CliCompatTest.testCLI(CliCompatTest.java:110)
	at io.quarkus.devtools.compat.CliCompatTest.lambda$generateTests$10(CliCompatTest.java:99)
Caused by: java.io.IOException: Cannot run program "./jbang" (in directory "/var/folders/j8/sj85tl7d2pq_vnhbpj4t5lwm0000gn/T/junit13211042671926172745/cli_2.7.1.Final-platform_2.8.1.Final"): error=2, No such file or directory
	at io.quarkus.devtools.compat.CliCompatTest.jbang(CliCompatTest.java:141)
	at io.quarkus.devtools.compat.CliCompatTest.testCLI(CliCompatTest.java:110)
	at io.quarkus.devtools.compat.CliCompatTest.lambda$generateTests$10(CliCompatTest.java:99)
Caused by: java.io.IOException: error=2, No such file or directory
	at io.quarkus.devtools.compat.CliCompatTest.jbang(CliCompatTest.java:141)
	at io.quarkus.devtools.compat.CliCompatTest.testCLI(CliCompatTest.java:110)
	at io.quarkus.devtools.compat.CliCompatTest.lambda$generateTests$10(CliCompatTest.java:99)

testCli{Path}[8]  Time elapsed: 0.001 s  <<< ERROR!
org.zeroturnaround.exec.ProcessInitException: Could not execute [./jbang, trust, add, https://repo1.maven.org/maven2/io/quarkus/] in /var/folders/j8/sj85tl7d2pq_vnhbpj4t5lwm0000gn/T/junit13211042671926172745/cli_2.7.0.Final-platform_2.8.1.Final. Error=2, No such file or directory
	at io.quarkus.devtools.compat.CliCompatTest.jbang(CliCompatTest.java:141)
	at io.quarkus.devtools.compat.CliCompatTest.testCLI(CliCompatTest.java:110)
	at io.quarkus.devtools.compat.CliCompatTest.lambda$generateTests$10(CliCompatTest.java:99)
Caused by: java.io.IOException: Cannot run program "./jbang" (in directory "/var/folders/j8/sj85tl7d2pq_vnhbpj4t5lwm0000gn/T/junit13211042671926172745/cli_2.7.0.Final-platform_2.8.1.Final"): error=2, No such file or directory
	at io.quarkus.devtools.compat.CliCompatTest.jbang(CliCompatTest.java:141)
	at io.quarkus.devtools.compat.CliCompatTest.testCLI(CliCompatTest.java:110)
	at io.quarkus.devtools.compat.CliCompatTest.lambda$generateTests$10(CliCompatTest.java:99)
Caused by: java.io.IOException: error=2, No such file or directory
	at io.quarkus.devtools.compat.CliCompatTest.jbang(CliCompatTest.java:141)
	at io.quarkus.devtools.compat.CliCompatTest.testCLI(CliCompatTest.java:110)
	at io.quarkus.devtools.compat.CliCompatTest.lambda$generateTests$10(CliCompatTest.java:99)

testCli{Path}[9]  Time elapsed: 0.004 s  <<< ERROR!
org.zeroturnaround.exec.ProcessInitException: Could not execute [./jbang, trust, add, https://repo1.maven.org/maven2/io/quarkus/] in /var/folders/j8/sj85tl7d2pq_vnhbpj4t5lwm0000gn/T/junit13211042671926172745/cli_2.6.3.Final-platform_2.8.1.Final. Error=2, No such file or directory
	at io.quarkus.devtools.compat.CliCompatTest.jbang(CliCompatTest.java:141)
	at io.quarkus.devtools.compat.CliCompatTest.testCLI(CliCompatTest.java:110)
	at io.quarkus.devtools.compat.CliCompatTest.lambda$generateTests$10(CliCompatTest.java:99)
Caused by: java.io.IOException: Cannot run program "./jbang" (in directory "/var/folders/j8/sj85tl7d2pq_vnhbpj4t5lwm0000gn/T/junit13211042671926172745/cli_2.6.3.Final-platform_2.8.1.Final"): error=2, No such file or directory
	at io.quarkus.devtools.compat.CliCompatTest.jbang(CliCompatTest.java:141)
	at io.quarkus.devtools.compat.CliCompatTest.testCLI(CliCompatTest.java:110)
	at io.quarkus.devtools.compat.CliCompatTest.lambda$generateTests$10(CliCompatTest.java:99)
Caused by: java.io.IOException: error=2, No such file or directory
	at io.quarkus.devtools.compat.CliCompatTest.jbang(CliCompatTest.java:141)
	at io.quarkus.devtools.compat.CliCompatTest.testCLI(CliCompatTest.java:110)
	at io.quarkus.devtools.compat.CliCompatTest.lambda$generateTests$10(CliCompatTest.java:99)

testCli{Path}[10]  Time elapsed: 0.004 s  <<< ERROR!
org.zeroturnaround.exec.ProcessInitException: Could not execute [./jbang, trust, add, https://repo1.maven.org/maven2/io/quarkus/] in /var/folders/j8/sj85tl7d2pq_vnhbpj4t5lwm0000gn/T/junit13211042671926172745/cli_2.6.2.Final-platform_2.8.1.Final. Error=2, No such file or directory
	at io.quarkus.devtools.compat.CliCompatTest.jbang(CliCompatTest.java:141)
	at io.quarkus.devtools.compat.CliCompatTest.testCLI(CliCompatTest.java:110)
	at io.quarkus.devtools.compat.CliCompatTest.lambda$generateTests$10(CliCompatTest.java:99)
Caused by: java.io.IOException: Cannot run program "./jbang" (in directory "/var/folders/j8/sj85tl7d2pq_vnhbpj4t5lwm0000gn/T/junit13211042671926172745/cli_2.6.2.Final-platform_2.8.1.Final"): error=2, No such file or directory
	at io.quarkus.devtools.compat.CliCompatTest.jbang(CliCompatTest.java:141)
	at io.quarkus.devtools.compat.CliCompatTest.testCLI(CliCompatTest.java:110)
	at io.quarkus.devtools.compat.CliCompatTest.lambda$generateTests$10(CliCompatTest.java:99)
Caused by: java.io.IOException: error=2, No such file or directory
	at io.quarkus.devtools.compat.CliCompatTest.jbang(CliCompatTest.java:141)
	at io.quarkus.devtools.compat.CliCompatTest.testCLI(CliCompatTest.java:110)
	at io.quarkus.devtools.compat.CliCompatTest.lambda$generateTests$10(CliCompatTest.java:99)

testCli{Path}[11]  Time elapsed: 0.004 s  <<< ERROR!
org.zeroturnaround.exec.ProcessInitException: Could not execute [./jbang, trust, add, https://repo1.maven.org/maven2/io/quarkus/] in /var/folders/j8/sj85tl7d2pq_vnhbpj4t5lwm0000gn/T/junit13211042671926172745/cli_2.8.1.Final-platform_2.8.0.Final. Error=2, No such file or directory
	at io.quarkus.devtools.compat.CliCompatTest.jbang(CliCompatTest.java:141)
	at io.quarkus.devtools.compat.CliCompatTest.testCLI(CliCompatTest.java:110)
	at io.quarkus.devtools.compat.CliCompatTest.lambda$generateTests$10(CliCompatTest.java:99)
Caused by: java.io.IOException: Cannot run program "./jbang" (in directory "/var/folders/j8/sj85tl7d2pq_vnhbpj4t5lwm0000gn/T/junit13211042671926172745/cli_2.8.1.Final-platform_2.8.0.Final"): error=2, No such file or directory
	at io.quarkus.devtools.compat.CliCompatTest.jbang(CliCompatTest.java:141)
	at io.quarkus.devtools.compat.CliCompatTest.testCLI(CliCompatTest.java:110)
	at io.quarkus.devtools.compat.CliCompatTest.lambda$generateTests$10(CliCompatTest.java:99)
Caused by: java.io.IOException: error=2, No such file or directory
	at io.quarkus.devtools.compat.CliCompatTest.jbang(CliCompatTest.java:141)
	at io.quarkus.devtools.compat.CliCompatTest.testCLI(CliCompatTest.java:110)
	at io.quarkus.devtools.compat.CliCompatTest.lambda$generateTests$10(CliCompatTest.java:99)

testCli{Path}[12]  Time elapsed: 0.004 s  <<< ERROR!
org.zeroturnaround.exec.ProcessInitException: Could not execute [./jbang, trust, add, https://repo1.maven.org/maven2/io/quarkus/] in /var/folders/j8/sj85tl7d2pq_vnhbpj4t5lwm0000gn/T/junit13211042671926172745/cli_2.8.0.Final-platform_2.8.0.Final. Error=2, No such file or directory
	at io.quarkus.devtools.compat.CliCompatTest.jbang(CliCompatTest.java:141)
	at io.quarkus.devtools.compat.CliCompatTest.testCLI(CliCompatTest.java:110)
	at io.quarkus.devtools.compat.CliCompatTest.lambda$generateTests$10(CliCompatTest.java:99)
Caused by: java.io.IOException: Cannot run program "./jbang" (in directory "/var/folders/j8/sj85tl7d2pq_vnhbpj4t5lwm0000gn/T/junit13211042671926172745/cli_2.8.0.Final-platform_2.8.0.Final"): error=2, No such file or directory
	at io.quarkus.devtools.compat.CliCompatTest.jbang(CliCompatTest.java:141)
	at io.quarkus.devtools.compat.CliCompatTest.testCLI(CliCompatTest.java:110)
	at io.quarkus.devtools.compat.CliCompatTest.lambda$generateTests$10(CliCompatTest.java:99)
Caused by: java.io.IOException: error=2, No such file or directory
	at io.quarkus.devtools.compat.CliCompatTest.jbang(CliCompatTest.java:141)
	at io.quarkus.devtools.compat.CliCompatTest.testCLI(CliCompatTest.java:110)
	at io.quarkus.devtools.compat.CliCompatTest.lambda$generateTests$10(CliCompatTest.java:99)

testCli{Path}[13]  Time elapsed: 0.004 s  <<< ERROR!
org.zeroturnaround.exec.ProcessInitException: Could not execute [./jbang, trust, add, https://repo1.maven.org/maven2/io/quarkus/] in /var/folders/j8/sj85tl7d2pq_vnhbpj4t5lwm0000gn/T/junit13211042671926172745/cli_2.7.5.Final-platform_2.8.0.Final. Error=2, No such file or directory
	at io.quarkus.devtools.compat.CliCompatTest.jbang(CliCompatTest.java:141)
	at io.quarkus.devtools.compat.CliCompatTest.testCLI(CliCompatTest.java:110)
	at io.quarkus.devtools.compat.CliCompatTest.lambda$generateTests$10(CliCompatTest.java:99)
Caused by: java.io.IOException: Cannot run program "./jbang" (in directory "/var/folders/j8/sj85tl7d2pq_vnhbpj4t5lwm0000gn/T/junit13211042671926172745/cli_2.7.5.Final-platform_2.8.0.Final"): error=2, No such file or directory
	at io.quarkus.devtools.compat.CliCompatTest.jbang(CliCompatTest.java:141)
	at io.quarkus.devtools.compat.CliCompatTest.testCLI(CliCompatTest.java:110)
	at io.quarkus.devtools.compat.CliCompatTest.lambda$generateTests$10(CliCompatTest.java:99)
Caused by: java.io.IOException: error=2, No such file or directory
	at io.quarkus.devtools.compat.CliCompatTest.jbang(CliCompatTest.java:141)
	at io.quarkus.devtools.compat.CliCompatTest.testCLI(CliCompatTest.java:110)
	at io.quarkus.devtools.compat.CliCompatTest.lambda$generateTests$10(CliCompatTest.java:99)

testCli{Path}[14]  Time elapsed: 0.003 s  <<< ERROR!
org.zeroturnaround.exec.ProcessInitException: Could not execute [./jbang, trust, add, https://repo1.maven.org/maven2/io/quarkus/] in /var/folders/j8/sj85tl7d2pq_vnhbpj4t5lwm0000gn/T/junit13211042671926172745/cli_2.7.4.Final-platform_2.8.0.Final. Error=2, No such file or directory
	at io.quarkus.devtools.compat.CliCompatTest.jbang(CliCompatTest.java:141)
	at io.quarkus.devtools.compat.CliCompatTest.testCLI(CliCompatTest.java:110)
	at io.quarkus.devtools.compat.CliCompatTest.lambda$generateTests$10(CliCompatTest.java:99)
Caused by: java.io.IOException: Cannot run program "./jbang" (in directory "/var/folders/j8/sj85tl7d2pq_vnhbpj4t5lwm0000gn/T/junit13211042671926172745/cli_2.7.4.Final-platform_2.8.0.Final"): error=2, No such file or directory
	at io.quarkus.devtools.compat.CliCompatTest.jbang(CliCompatTest.java:141)
	at io.quarkus.devtools.compat.CliCompatTest.testCLI(CliCompatTest.java:110)
	at io.quarkus.devtools.compat.CliCompatTest.lambda$generateTests$10(CliCompatTest.java:99)
Caused by: java.io.IOException: error=2, No such file or directory
	at io.quarkus.devtools.compat.CliCompatTest.jbang(CliCompatTest.java:141)
	at io.quarkus.devtools.compat.CliCompatTest.testCLI(CliCompatTest.java:110)
	at io.quarkus.devtools.compat.CliCompatTest.lambda$generateTests$10(CliCompatTest.java:99)

testCli{Path}[15]  Time elapsed: 0.003 s  <<< ERROR!
org.zeroturnaround.exec.ProcessInitException: Could not execute [./jbang, trust, add, https://repo1.maven.org/maven2/io/quarkus/] in /var/folders/j8/sj85tl7d2pq_vnhbpj4t5lwm0000gn/T/junit13211042671926172745/cli_2.7.3.Final-platform_2.8.0.Final. Error=2, No such file or directory
	at io.quarkus.devtools.compat.CliCompatTest.jbang(CliCompatTest.java:141)
	at io.quarkus.devtools.compat.CliCompatTest.testCLI(CliCompatTest.java:110)
	at io.quarkus.devtools.compat.CliCompatTest.lambda$generateTests$10(CliCompatTest.java:99)
Caused by: java.io.IOException: Cannot run program "./jbang" (in directory "/var/folders/j8/sj85tl7d2pq_vnhbpj4t5lwm0000gn/T/junit13211042671926172745/cli_2.7.3.Final-platform_2.8.0.Final"): error=2, No such file or directory
	at io.quarkus.devtools.compat.CliCompatTest.jbang(CliCompatTest.java:141)
	at io.quarkus.devtools.compat.CliCompatTest.testCLI(CliCompatTest.java:110)
	at io.quarkus.devtools.compat.CliCompatTest.lambda$generateTests$10(CliCompatTest.java:99)
Caused by: java.io.IOException: error=2, No such file or directory
	at io.quarkus.devtools.compat.CliCompatTest.jbang(CliCompatTest.java:141)
	at io.quarkus.devtools.compat.CliCompatTest.testCLI(CliCompatTest.java:110)
	at io.quarkus.devtools.compat.CliCompatTest.lambda$generateTests$10(CliCompatTest.java:99)

testCli{Path}[16]  Time elapsed: 0.004 s  <<< ERROR!
org.zeroturnaround.exec.ProcessInitException: Could not execute [./jbang, trust, add, https://repo1.maven.org/maven2/io/quarkus/] in /var/folders/j8/sj85tl7d2pq_vnhbpj4t5lwm0000gn/T/junit13211042671926172745/cli_2.7.2.Final-platform_2.8.0.Final. Error=2, No such file or directory
	at io.quarkus.devtools.compat.CliCompatTest.jbang(CliCompatTest.java:141)
	at io.quarkus.devtools.compat.CliCompatTest.testCLI(CliCompatTest.java:110)
	at io.quarkus.devtools.compat.CliCompatTest.lambda$generateTests$10(CliCompatTest.java:99)
Caused by: java.io.IOException: Cannot run program "./jbang" (in directory "/var/folders/j8/sj85tl7d2pq_vnhbpj4t5lwm0000gn/T/junit13211042671926172745/cli_2.7.2.Final-platform_2.8.0.Final"): error=2, No such file or directory
	at io.quarkus.devtools.compat.CliCompatTest.jbang(CliCompatTest.java:141)
	at io.quarkus.devtools.compat.CliCompatTest.testCLI(CliCompatTest.java:110)
	at io.quarkus.devtools.compat.CliCompatTest.lambda$generateTests$10(CliCompatTest.java:99)
Caused by: java.io.IOException: error=2, No such file or directory
	at io.quarkus.devtools.compat.CliCompatTest.jbang(CliCompatTest.java:141)
	at io.quarkus.devtools.compat.CliCompatTest.testCLI(CliCompatTest.java:110)
	at io.quarkus.devtools.compat.CliCompatTest.lambda$generateTests$10(CliCompatTest.java:99)

testCli{Path}[17]  Time elapsed: 0.003 s  <<< ERROR!
org.zeroturnaround.exec.ProcessInitException: Could not execute [./jbang, trust, add, https://repo1.maven.org/maven2/io/quarkus/] in /var/folders/j8/sj85tl7d2pq_vnhbpj4t5lwm0000gn/T/junit13211042671926172745/cli_2.7.1.Final-platform_2.8.0.Final. Error=2, No such file or directory
	at io.quarkus.devtools.compat.CliCompatTest.jbang(CliCompatTest.java:141)
	at io.quarkus.devtools.compat.CliCompatTest.testCLI(CliCompatTest.java:110)
	at io.quarkus.devtools.compat.CliCompatTest.lambda$generateTests$10(CliCompatTest.java:99)
Caused by: java.io.IOException: Cannot run program "./jbang" (in directory "/var/folders/j8/sj85tl7d2pq_vnhbpj4t5lwm0000gn/T/junit13211042671926172745/cli_2.7.1.Final-platform_2.8.0.Final"): error=2, No such file or directory
	at io.quarkus.devtools.compat.CliCompatTest.jbang(CliCompatTest.java:141)
	at io.quarkus.devtools.compat.CliCompatTest.testCLI(CliCompatTest.java:110)
	at io.quarkus.devtools.compat.CliCompatTest.lambda$generateTests$10(CliCompatTest.java:99)
Caused by: java.io.IOException: error=2, No such file or directory
	at io.quarkus.devtools.compat.CliCompatTest.jbang(CliCompatTest.java:141)
	at io.quarkus.devtools.compat.CliCompatTest.testCLI(CliCompatTest.java:110)
	at io.quarkus.devtools.compat.CliCompatTest.lambda$generateTests$10(CliCompatTest.java:99)

testCli{Path}[18]  Time elapsed: 0.004 s  <<< ERROR!
org.zeroturnaround.exec.ProcessInitException: Could not execute [./jbang, trust, add, https://repo1.maven.org/maven2/io/quarkus/] in /var/folders/j8/sj85tl7d2pq_vnhbpj4t5lwm0000gn/T/junit13211042671926172745/cli_2.7.0.Final-platform_2.8.0.Final. Error=2, No such file or directory
	at io.quarkus.devtools.compat.CliCompatTest.jbang(CliCompatTest.java:141)
	at io.quarkus.devtools.compat.CliCompatTest.testCLI(CliCompatTest.java:110)
	at io.quarkus.devtools.compat.CliCompatTest.lambda$generateTests$10(CliCompatTest.java:99)
Caused by: java.io.IOException: Cannot run program "./jbang" (in directory "/var/folders/j8/sj85tl7d2pq_vnhbpj4t5lwm0000gn/T/junit13211042671926172745/cli_2.7.0.Final-platform_2.8.0.Final"): error=2, No such file or directory
	at io.quarkus.devtools.compat.CliCompatTest.jbang(CliCompatTest.java:141)
	at io.quarkus.devtools.compat.CliCompatTest.testCLI(CliCompatTest.java:110)
	at io.quarkus.devtools.compat.CliCompatTest.lambda$generateTests$10(CliCompatTest.java:99)
Caused by: java.io.IOException: error=2, No such file or directory
	at io.quarkus.devtools.compat.CliCompatTest.jbang(CliCompatTest.java:141)
	at io.quarkus.devtools.compat.CliCompatTest.testCLI(CliCompatTest.java:110)
	at io.quarkus.devtools.compat.CliCompatTest.lambda$generateTests$10(CliCompatTest.java:99)

testCli{Path}[19]  Time elapsed: 0.004 s  <<< ERROR!
org.zeroturnaround.exec.ProcessInitException: Could not execute [./jbang, trust, add, https://repo1.maven.org/maven2/io/quarkus/] in /var/folders/j8/sj85tl7d2pq_vnhbpj4t5lwm0000gn/T/junit13211042671926172745/cli_2.6.3.Final-platform_2.8.0.Final. Error=2, No such file or directory
	at io.quarkus.devtools.compat.CliCompatTest.jbang(CliCompatTest.java:141)
	at io.quarkus.devtools.compat.CliCompatTest.testCLI(CliCompatTest.java:110)
	at io.quarkus.devtools.compat.CliCompatTest.lambda$generateTests$10(CliCompatTest.java:99)
Caused by: java.io.IOException: Cannot run program "./jbang" (in directory "/var/folders/j8/sj85tl7d2pq_vnhbpj4t5lwm0000gn/T/junit13211042671926172745/cli_2.6.3.Final-platform_2.8.0.Final"): error=2, No such file or directory
	at io.quarkus.devtools.compat.CliCompatTest.jbang(CliCompatTest.java:141)
	at io.quarkus.devtools.compat.CliCompatTest.testCLI(CliCompatTest.java:110)
	at io.quarkus.devtools.compat.CliCompatTest.lambda$generateTests$10(CliCompatTest.java:99)
Caused by: java.io.IOException: error=2, No such file or directory
	at io.quarkus.devtools.compat.CliCompatTest.jbang(CliCompatTest.java:141)
	at io.quarkus.devtools.compat.CliCompatTest.testCLI(CliCompatTest.java:110)
	at io.quarkus.devtools.compat.CliCompatTest.lambda$generateTests$10(CliCompatTest.java:99)

testCli{Path}[20]  Time elapsed: 0.004 s  <<< ERROR!
org.zeroturnaround.exec.ProcessInitException: Could not execute [./jbang, trust, add, https://repo1.maven.org/maven2/io/quarkus/] in /var/folders/j8/sj85tl7d2pq_vnhbpj4t5lwm0000gn/T/junit13211042671926172745/cli_2.6.2.Final-platform_2.8.0.Final. Error=2, No such file or directory
	at io.quarkus.devtools.compat.CliCompatTest.jbang(CliCompatTest.java:141)
	at io.quarkus.devtools.compat.CliCompatTest.testCLI(CliCompatTest.java:110)
	at io.quarkus.devtools.compat.CliCompatTest.lambda$generateTests$10(CliCompatTest.java:99)
Caused by: java.io.IOException: Cannot run program "./jbang" (in directory "/var/folders/j8/sj85tl7d2pq_vnhbpj4t5lwm0000gn/T/junit13211042671926172745/cli_2.6.2.Final-platform_2.8.0.Final"): error=2, No such file or directory
	at io.quarkus.devtools.compat.CliCompatTest.jbang(CliCompatTest.java:141)
	at io.quarkus.devtools.compat.CliCompatTest.testCLI(CliCompatTest.java:110)
	at io.quarkus.devtools.compat.CliCompatTest.lambda$generateTests$10(CliCompatTest.java:99)
Caused by: java.io.IOException: error=2, No such file or directory
	at io.quarkus.devtools.compat.CliCompatTest.jbang(CliCompatTest.java:141)
	at io.quarkus.devtools.compat.CliCompatTest.testCLI(CliCompatTest.java:110)
	at io.quarkus.devtools.compat.CliCompatTest.lambda$generateTests$10(CliCompatTest.java:99)

testCli{Path}[21]  Time elapsed: 0.004 s  <<< ERROR!
org.zeroturnaround.exec.ProcessInitException: Could not execute [./jbang, trust, add, https://repo1.maven.org/maven2/io/quarkus/] in /var/folders/j8/sj85tl7d2pq_vnhbpj4t5lwm0000gn/T/junit13211042671926172745/cli_2.8.1.Final-platform_2.7.5.Final. Error=2, No such file or directory
	at io.quarkus.devtools.compat.CliCompatTest.jbang(CliCompatTest.java:141)
	at io.quarkus.devtools.compat.CliCompatTest.testCLI(CliCompatTest.java:110)
	at io.quarkus.devtools.compat.CliCompatTest.lambda$generateTests$10(CliCompatTest.java:99)
Caused by: java.io.IOException: Cannot run program "./jbang" (in directory "/var/folders/j8/sj85tl7d2pq_vnhbpj4t5lwm0000gn/T/junit13211042671926172745/cli_2.8.1.Final-platform_2.7.5.Final"): error=2, No such file or directory
	at io.quarkus.devtools.compat.CliCompatTest.jbang(CliCompatTest.java:141)
	at io.quarkus.devtools.compat.CliCompatTest.testCLI(CliCompatTest.java:110)
	at io.quarkus.devtools.compat.CliCompatTest.lambda$generateTests$10(CliCompatTest.java:99)
Caused by: java.io.IOException: error=2, No such file or directory
	at io.quarkus.devtools.compat.CliCompatTest.jbang(CliCompatTest.java:141)
	at io.quarkus.devtools.compat.CliCompatTest.testCLI(CliCompatTest.java:110)
	at io.quarkus.devtools.compat.CliCompatTest.lambda$generateTests$10(CliCompatTest.java:99)

testCli{Path}[22]  Time elapsed: 0.003 s  <<< ERROR!
org.zeroturnaround.exec.ProcessInitException: Could not execute [./jbang, trust, add, https://repo1.maven.org/maven2/io/quarkus/] in /var/folders/j8/sj85tl7d2pq_vnhbpj4t5lwm0000gn/T/junit13211042671926172745/cli_2.8.0.Final-platform_2.7.5.Final. Error=2, No such file or directory
	at io.quarkus.devtools.compat.CliCompatTest.jbang(CliCompatTest.java:141)
	at io.quarkus.devtools.compat.CliCompatTest.testCLI(CliCompatTest.java:110)
	at io.quarkus.devtools.compat.CliCompatTest.lambda$generateTests$10(CliCompatTest.java:99)
Caused by: java.io.IOException: Cannot run program "./jbang" (in directory "/var/folders/j8/sj85tl7d2pq_vnhbpj4t5lwm0000gn/T/junit13211042671926172745/cli_2.8.0.Final-platform_2.7.5.Final"): error=2, No such file or directory
	at io.quarkus.devtools.compat.CliCompatTest.jbang(CliCompatTest.java:141)
	at io.quarkus.devtools.compat.CliCompatTest.testCLI(CliCompatTest.java:110)
	at io.quarkus.devtools.compat.CliCompatTest.lambda$generateTests$10(CliCompatTest.java:99)
Caused by: java.io.IOException: error=2, No such file or directory
	at io.quarkus.devtools.compat.CliCompatTest.jbang(CliCompatTest.java:141)
	at io.quarkus.devtools.compat.CliCompatTest.testCLI(CliCompatTest.java:110)
	at io.quarkus.devtools.compat.CliCompatTest.lambda$generateTests$10(CliCompatTest.java:99)

testCli{Path}[23]  Time elapsed: 0.003 s  <<< ERROR!
org.zeroturnaround.exec.ProcessInitException: Could not execute [./jbang, trust, add, https://repo1.maven.org/maven2/io/quarkus/] in /var/folders/j8/sj85tl7d2pq_vnhbpj4t5lwm0000gn/T/junit13211042671926172745/cli_2.7.5.Final-platform_2.7.5.Final. Error=2, No such file or directory
	at io.quarkus.devtools.compat.CliCompatTest.jbang(CliCompatTest.java:141)
	at io.quarkus.devtools.compat.CliCompatTest.testCLI(CliCompatTest.java:110)
	at io.quarkus.devtools.compat.CliCompatTest.lambda$generateTests$10(CliCompatTest.java:99)
Caused by: java.io.IOException: Cannot run program "./jbang" (in directory "/var/folders/j8/sj85tl7d2pq_vnhbpj4t5lwm0000gn/T/junit13211042671926172745/cli_2.7.5.Final-platform_2.7.5.Final"): error=2, No such file or directory
	at io.quarkus.devtools.compat.CliCompatTest.jbang(CliCompatTest.java:141)
	at io.quarkus.devtools.compat.CliCompatTest.testCLI(CliCompatTest.java:110)
	at io.quarkus.devtools.compat.CliCompatTest.lambda$generateTests$10(CliCompatTest.java:99)
Caused by: java.io.IOException: error=2, No such file or directory
	at io.quarkus.devtools.compat.CliCompatTest.jbang(CliCompatTest.java:141)
	at io.quarkus.devtools.compat.CliCompatTest.testCLI(CliCompatTest.java:110)
	at io.quarkus.devtools.compat.CliCompatTest.lambda$generateTests$10(CliCompatTest.java:99)

testCli{Path}[24]  Time elapsed: 0.004 s  <<< ERROR!
org.zeroturnaround.exec.ProcessInitException: Could not execute [./jbang, trust, add, https://repo1.maven.org/maven2/io/quarkus/] in /var/folders/j8/sj85tl7d2pq_vnhbpj4t5lwm0000gn/T/junit13211042671926172745/cli_2.7.4.Final-platform_2.7.5.Final. Error=2, No such file or directory
	at io.quarkus.devtools.compat.CliCompatTest.jbang(CliCompatTest.java:141)
	at io.quarkus.devtools.compat.CliCompatTest.testCLI(CliCompatTest.java:110)
	at io.quarkus.devtools.compat.CliCompatTest.lambda$generateTests$10(CliCompatTest.java:99)
Caused by: java.io.IOException: Cannot run program "./jbang" (in directory "/var/folders/j8/sj85tl7d2pq_vnhbpj4t5lwm0000gn/T/junit13211042671926172745/cli_2.7.4.Final-platform_2.7.5.Final"): error=2, No such file or directory
	at io.quarkus.devtools.compat.CliCompatTest.jbang(CliCompatTest.java:141)
	at io.quarkus.devtools.compat.CliCompatTest.testCLI(CliCompatTest.java:110)
	at io.quarkus.devtools.compat.CliCompatTest.lambda$generateTests$10(CliCompatTest.java:99)
Caused by: java.io.IOException: error=2, No such file or directory
	at io.quarkus.devtools.compat.CliCompatTest.jbang(CliCompatTest.java:141)
	at io.quarkus.devtools.compat.CliCompatTest.testCLI(CliCompatTest.java:110)
	at io.quarkus.devtools.compat.CliCompatTest.lambda$generateTests$10(CliCompatTest.java:99)

testCli{Path}[25]  Time elapsed: 0.004 s  <<< ERROR!
org.zeroturnaround.exec.ProcessInitException: Could not execute [./jbang, trust, add, https://repo1.maven.org/maven2/io/quarkus/] in /var/folders/j8/sj85tl7d2pq_vnhbpj4t5lwm0000gn/T/junit13211042671926172745/cli_2.7.3.Final-platform_2.7.5.Final. Error=2, No such file or directory
	at io.quarkus.devtools.compat.CliCompatTest.jbang(CliCompatTest.java:141)
	at io.quarkus.devtools.compat.CliCompatTest.testCLI(CliCompatTest.java:110)
	at io.quarkus.devtools.compat.CliCompatTest.lambda$generateTests$10(CliCompatTest.java:99)
Caused by: java.io.IOException: Cannot run program "./jbang" (in directory "/var/folders/j8/sj85tl7d2pq_vnhbpj4t5lwm0000gn/T/junit13211042671926172745/cli_2.7.3.Final-platform_2.7.5.Final"): error=2, No such file or directory
	at io.quarkus.devtools.compat.CliCompatTest.jbang(CliCompatTest.java:141)
	at io.quarkus.devtools.compat.CliCompatTest.testCLI(CliCompatTest.java:110)
	at io.quarkus.devtools.compat.CliCompatTest.lambda$generateTests$10(CliCompatTest.java:99)
Caused by: java.io.IOException: error=2, No such file or directory
	at io.quarkus.devtools.compat.CliCompatTest.jbang(CliCompatTest.java:141)
	at io.quarkus.devtools.compat.CliCompatTest.testCLI(CliCompatTest.java:110)
	at io.quarkus.devtools.compat.CliCompatTest.lambda$generateTests$10(CliCompatTest.java:99)

testCli{Path}[26]  Time elapsed: 0.004 s  <<< ERROR!
org.zeroturnaround.exec.ProcessInitException: Could not execute [./jbang, trust, add, https://repo1.maven.org/maven2/io/quarkus/] in /var/folders/j8/sj85tl7d2pq_vnhbpj4t5lwm0000gn/T/junit13211042671926172745/cli_2.7.2.Final-platform_2.7.5.Final. Error=2, No such file or directory
	at io.quarkus.devtools.compat.CliCompatTest.jbang(CliCompatTest.java:141)
	at io.quarkus.devtools.compat.CliCompatTest.testCLI(CliCompatTest.java:110)
	at io.quarkus.devtools.compat.CliCompatTest.lambda$generateTests$10(CliCompatTest.java:99)
Caused by: java.io.IOException: Cannot run program "./jbang" (in directory "/var/folders/j8/sj85tl7d2pq_vnhbpj4t5lwm0000gn/T/junit13211042671926172745/cli_2.7.2.Final-platform_2.7.5.Final"): error=2, No such file or directory
	at io.quarkus.devtools.compat.CliCompatTest.jbang(CliCompatTest.java:141)
	at io.quarkus.devtools.compat.CliCompatTest.testCLI(CliCompatTest.java:110)
	at io.quarkus.devtools.compat.CliCompatTest.lambda$generateTests$10(CliCompatTest.java:99)
Caused by: java.io.IOException: error=2, No such file or directory
	at io.quarkus.devtools.compat.CliCompatTest.jbang(CliCompatTest.java:141)
	at io.quarkus.devtools.compat.CliCompatTest.testCLI(CliCompatTest.java:110)
	at io.quarkus.devtools.compat.CliCompatTest.lambda$generateTests$10(CliCompatTest.java:99)

testCli{Path}[27]  Time elapsed: 0.003 s  <<< ERROR!
org.zeroturnaround.exec.ProcessInitException: Could not execute [./jbang, trust, add, https://repo1.maven.org/maven2/io/quarkus/] in /var/folders/j8/sj85tl7d2pq_vnhbpj4t5lwm0000gn/T/junit13211042671926172745/cli_2.7.1.Final-platform_2.7.5.Final. Error=2, No such file or directory
	at io.quarkus.devtools.compat.CliCompatTest.jbang(CliCompatTest.java:141)
	at io.quarkus.devtools.compat.CliCompatTest.testCLI(CliCompatTest.java:110)
	at io.quarkus.devtools.compat.CliCompatTest.lambda$generateTests$10(CliCompatTest.java:99)
Caused by: java.io.IOException: Cannot run program "./jbang" (in directory "/var/folders/j8/sj85tl7d2pq_vnhbpj4t5lwm0000gn/T/junit13211042671926172745/cli_2.7.1.Final-platform_2.7.5.Final"): error=2, No such file or directory
	at io.quarkus.devtools.compat.CliCompatTest.jbang(CliCompatTest.java:141)
	at io.quarkus.devtools.compat.CliCompatTest.testCLI(CliCompatTest.java:110)
	at io.quarkus.devtools.compat.CliCompatTest.lambda$generateTests$10(CliCompatTest.java:99)
Caused by: java.io.IOException: error=2, No such file or directory
	at io.quarkus.devtools.compat.CliCompatTest.jbang(CliCompatTest.java:141)
	at io.quarkus.devtools.compat.CliCompatTest.testCLI(CliCompatTest.java:110)
	at io.quarkus.devtools.compat.CliCompatTest.lambda$generateTests$10(CliCompatTest.java:99)

testCli{Path}[28]  Time elapsed: 0.003 s  <<< ERROR!
org.zeroturnaround.exec.ProcessInitException: Could not execute [./jbang, trust, add, https://repo1.maven.org/maven2/io/quarkus/] in /var/folders/j8/sj85tl7d2pq_vnhbpj4t5lwm0000gn/T/junit13211042671926172745/cli_2.7.0.Final-platform_2.7.5.Final. Error=2, No such file or directory
	at io.quarkus.devtools.compat.CliCompatTest.jbang(CliCompatTest.java:141)
	at io.quarkus.devtools.compat.CliCompatTest.testCLI(CliCompatTest.java:110)
	at io.quarkus.devtools.compat.CliCompatTest.lambda$generateTests$10(CliCompatTest.java:99)
Caused by: java.io.IOException: Cannot run program "./jbang" (in directory "/var/folders/j8/sj85tl7d2pq_vnhbpj4t5lwm0000gn/T/junit13211042671926172745/cli_2.7.0.Final-platform_2.7.5.Final"): error=2, No such file or directory
	at io.quarkus.devtools.compat.CliCompatTest.jbang(CliCompatTest.java:141)
	at io.quarkus.devtools.compat.CliCompatTest.testCLI(CliCompatTest.java:110)
	at io.quarkus.devtools.compat.CliCompatTest.lambda$generateTests$10(CliCompatTest.java:99)
Caused by: java.io.IOException: error=2, No such file or directory
	at io.quarkus.devtools.compat.CliCompatTest.jbang(CliCompatTest.java:141)
	at io.quarkus.devtools.compat.CliCompatTest.testCLI(CliCompatTest.java:110)
	at io.quarkus.devtools.compat.CliCompatTest.lambda$generateTests$10(CliCompatTest.java:99)

testCli{Path}[29]  Time elapsed: 0.003 s  <<< ERROR!
org.zeroturnaround.exec.ProcessInitException: Could not execute [./jbang, trust, add, https://repo1.maven.org/maven2/io/quarkus/] in /var/folders/j8/sj85tl7d2pq_vnhbpj4t5lwm0000gn/T/junit13211042671926172745/cli_2.6.3.Final-platform_2.7.5.Final. Error=2, No such file or directory
	at io.quarkus.devtools.compat.CliCompatTest.jbang(CliCompatTest.java:141)
	at io.quarkus.devtools.compat.CliCompatTest.testCLI(CliCompatTest.java:110)
	at io.quarkus.devtools.compat.CliCompatTest.lambda$generateTests$10(CliCompatTest.java:99)
Caused by: java.io.IOException: Cannot run program "./jbang" (in directory "/var/folders/j8/sj85tl7d2pq_vnhbpj4t5lwm0000gn/T/junit13211042671926172745/cli_2.6.3.Final-platform_2.7.5.Final"): error=2, No such file or directory
	at io.quarkus.devtools.compat.CliCompatTest.jbang(CliCompatTest.java:141)
	at io.quarkus.devtools.compat.CliCompatTest.testCLI(CliCompatTest.java:110)
	at io.quarkus.devtools.compat.CliCompatTest.lambda$generateTests$10(CliCompatTest.java:99)
Caused by: java.io.IOException: error=2, No such file or directory
	at io.quarkus.devtools.compat.CliCompatTest.jbang(CliCompatTest.java:141)
	at io.quarkus.devtools.compat.CliCompatTest.testCLI(CliCompatTest.java:110)
	at io.quarkus.devtools.compat.CliCompatTest.lambda$generateTests$10(CliCompatTest.java:99)

testCli{Path}[30]  Time elapsed: 0.004 s  <<< ERROR!
org.zeroturnaround.exec.ProcessInitException: Could not execute [./jbang, trust, add, https://repo1.maven.org/maven2/io/quarkus/] in /var/folders/j8/sj85tl7d2pq_vnhbpj4t5lwm0000gn/T/junit13211042671926172745/cli_2.6.2.Final-platform_2.7.5.Final. Error=2, No such file or directory
	at io.quarkus.devtools.compat.CliCompatTest.jbang(CliCompatTest.java:141)
	at io.quarkus.devtools.compat.CliCompatTest.testCLI(CliCompatTest.java:110)
	at io.quarkus.devtools.compat.CliCompatTest.lambda$generateTests$10(CliCompatTest.java:99)
Caused by: java.io.IOException: Cannot run program "./jbang" (in directory "/var/folders/j8/sj85tl7d2pq_vnhbpj4t5lwm0000gn/T/junit13211042671926172745/cli_2.6.2.Final-platform_2.7.5.Final"): error=2, No such file or directory
	at io.quarkus.devtools.compat.CliCompatTest.jbang(CliCompatTest.java:141)
	at io.quarkus.devtools.compat.CliCompatTest.testCLI(CliCompatTest.java:110)
	at io.quarkus.devtools.compat.CliCompatTest.lambda$generateTests$10(CliCompatTest.java:99)
Caused by: java.io.IOException: error=2, No such file or directory
	at io.quarkus.devtools.compat.CliCompatTest.jbang(CliCompatTest.java:141)
	at io.quarkus.devtools.compat.CliCompatTest.testCLI(CliCompatTest.java:110)
	at io.quarkus.devtools.compat.CliCompatTest.lambda$generateTests$10(CliCompatTest.java:99)

testCli{Path}[31]  Time elapsed: 0.004 s  <<< ERROR!
org.zeroturnaround.exec.ProcessInitException: Could not execute [./jbang, trust, add, https://repo1.maven.org/maven2/io/quarkus/] in /var/folders/j8/sj85tl7d2pq_vnhbpj4t5lwm0000gn/T/junit13211042671926172745/cli_2.8.1.Final-platform_2.7.4.Final. Error=2, No such file or directory
	at io.quarkus.devtools.compat.CliCompatTest.jbang(CliCompatTest.java:141)
	at io.quarkus.devtools.compat.CliCompatTest.testCLI(CliCompatTest.java:110)
	at io.quarkus.devtools.compat.CliCompatTest.lambda$generateTests$10(CliCompatTest.java:99)
Caused by: java.io.IOException: Cannot run program "./jbang" (in directory "/var/folders/j8/sj85tl7d2pq_vnhbpj4t5lwm0000gn/T/junit13211042671926172745/cli_2.8.1.Final-platform_2.7.4.Final"): error=2, No such file or directory
	at io.quarkus.devtools.compat.CliCompatTest.jbang(CliCompatTest.java:141)
	at io.quarkus.devtools.compat.CliCompatTest.testCLI(CliCompatTest.java:110)
	at io.quarkus.devtools.compat.CliCompatTest.lambda$generateTests$10(CliCompatTest.java:99)
Caused by: java.io.IOException: error=2, No such file or directory
	at io.quarkus.devtools.compat.CliCompatTest.jbang(CliCompatTest.java:141)
	at io.quarkus.devtools.compat.CliCompatTest.testCLI(CliCompatTest.java:110)
	at io.quarkus.devtools.compat.CliCompatTest.lambda$generateTests$10(CliCompatTest.java:99)

testCli{Path}[32]  Time elapsed: 0.003 s  <<< ERROR!
org.zeroturnaround.exec.ProcessInitException: Could not execute [./jbang, trust, add, https://repo1.maven.org/maven2/io/quarkus/] in /var/folders/j8/sj85tl7d2pq_vnhbpj4t5lwm0000gn/T/junit13211042671926172745/cli_2.8.0.Final-platform_2.7.4.Final. Error=2, No such file or directory
	at io.quarkus.devtools.compat.CliCompatTest.jbang(CliCompatTest.java:141)
	at io.quarkus.devtools.compat.CliCompatTest.testCLI(CliCompatTest.java:110)
	at io.quarkus.devtools.compat.CliCompatTest.lambda$generateTests$10(CliCompatTest.java:99)
Caused by: java.io.IOException: Cannot run program "./jbang" (in directory "/var/folders/j8/sj85tl7d2pq_vnhbpj4t5lwm0000gn/T/junit13211042671926172745/cli_2.8.0.Final-platform_2.7.4.Final"): error=2, No such file or directory
	at io.quarkus.devtools.compat.CliCompatTest.jbang(CliCompatTest.java:141)
	at io.quarkus.devtools.compat.CliCompatTest.testCLI(CliCompatTest.java:110)
	at io.quarkus.devtools.compat.CliCompatTest.lambda$generateTests$10(CliCompatTest.java:99)
Caused by: java.io.IOException: error=2, No such file or directory
	at io.quarkus.devtools.compat.CliCompatTest.jbang(CliCompatTest.java:141)
	at io.quarkus.devtools.compat.CliCompatTest.testCLI(CliCompatTest.java:110)
	at io.quarkus.devtools.compat.CliCompatTest.lambda$generateTests$10(CliCompatTest.java:99)

testCli{Path}[33]  Time elapsed: 0.004 s  <<< ERROR!
org.zeroturnaround.exec.ProcessInitException: Could not execute [./jbang, trust, add, https://repo1.maven.org/maven2/io/quarkus/] in /var/folders/j8/sj85tl7d2pq_vnhbpj4t5lwm0000gn/T/junit13211042671926172745/cli_2.7.5.Final-platform_2.7.4.Final. Error=2, No such file or directory
	at io.quarkus.devtools.compat.CliCompatTest.jbang(CliCompatTest.java:141)
	at io.quarkus.devtools.compat.CliCompatTest.testCLI(CliCompatTest.java:110)
	at io.quarkus.devtools.compat.CliCompatTest.lambda$generateTests$10(CliCompatTest.java:99)
Caused by: java.io.IOException: Cannot run program "./jbang" (in directory "/var/folders/j8/sj85tl7d2pq_vnhbpj4t5lwm0000gn/T/junit13211042671926172745/cli_2.7.5.Final-platform_2.7.4.Final"): error=2, No such file or directory
	at io.quarkus.devtools.compat.CliCompatTest.jbang(CliCompatTest.java:141)
	at io.quarkus.devtools.compat.CliCompatTest.testCLI(CliCompatTest.java:110)
	at io.quarkus.devtools.compat.CliCompatTest.lambda$generateTests$10(CliCompatTest.java:99)
Caused by: java.io.IOException: error=2, No such file or directory
	at io.quarkus.devtools.compat.CliCompatTest.jbang(CliCompatTest.java:141)
	at io.quarkus.devtools.compat.CliCompatTest.testCLI(CliCompatTest.java:110)
	at io.quarkus.devtools.compat.CliCompatTest.lambda$generateTests$10(CliCompatTest.java:99)

testCli{Path}[34]  Time elapsed: 0.004 s  <<< ERROR!
org.zeroturnaround.exec.ProcessInitException: Could not execute [./jbang, trust, add, https://repo1.maven.org/maven2/io/quarkus/] in /var/folders/j8/sj85tl7d2pq_vnhbpj4t5lwm0000gn/T/junit13211042671926172745/cli_2.7.4.Final-platform_2.7.4.Final. Error=2, No such file or directory
	at io.quarkus.devtools.compat.CliCompatTest.jbang(CliCompatTest.java:141)
	at io.quarkus.devtools.compat.CliCompatTest.testCLI(CliCompatTest.java:110)
	at io.quarkus.devtools.compat.CliCompatTest.lambda$generateTests$10(CliCompatTest.java:99)
Caused by: java.io.IOException: Cannot run program "./jbang" (in directory "/var/folders/j8/sj85tl7d2pq_vnhbpj4t5lwm0000gn/T/junit13211042671926172745/cli_2.7.4.Final-platform_2.7.4.Final"): error=2, No such file or directory
	at io.quarkus.devtools.compat.CliCompatTest.jbang(CliCompatTest.java:141)
	at io.quarkus.devtools.compat.CliCompatTest.testCLI(CliCompatTest.java:110)
	at io.quarkus.devtools.compat.CliCompatTest.lambda$generateTests$10(CliCompatTest.java:99)
Caused by: java.io.IOException: error=2, No such file or directory
	at io.quarkus.devtools.compat.CliCompatTest.jbang(CliCompatTest.java:141)
	at io.quarkus.devtools.compat.CliCompatTest.testCLI(CliCompatTest.java:110)
	at io.quarkus.devtools.compat.CliCompatTest.lambda$generateTests$10(CliCompatTest.java:99)

testCli{Path}[35]  Time elapsed: 0.003 s  <<< ERROR!
org.zeroturnaround.exec.ProcessInitException: Could not execute [./jbang, trust, add, https://repo1.maven.org/maven2/io/quarkus/] in /var/folders/j8/sj85tl7d2pq_vnhbpj4t5lwm0000gn/T/junit13211042671926172745/cli_2.7.3.Final-platform_2.7.4.Final. Error=2, No such file or directory
	at io.quarkus.devtools.compat.CliCompatTest.jbang(CliCompatTest.java:141)
	at io.quarkus.devtools.compat.CliCompatTest.testCLI(CliCompatTest.java:110)
	at io.quarkus.devtools.compat.CliCompatTest.lambda$generateTests$10(CliCompatTest.java:99)
Caused by: java.io.IOException: Cannot run program "./jbang" (in directory "/var/folders/j8/sj85tl7d2pq_vnhbpj4t5lwm0000gn/T/junit13211042671926172745/cli_2.7.3.Final-platform_2.7.4.Final"): error=2, No such file or directory
	at io.quarkus.devtools.compat.CliCompatTest.jbang(CliCompatTest.java:141)
	at io.quarkus.devtools.compat.CliCompatTest.testCLI(CliCompatTest.java:110)
	at io.quarkus.devtools.compat.CliCompatTest.lambda$generateTests$10(CliCompatTest.java:99)
Caused by: java.io.IOException: error=2, No such file or directory
	at io.quarkus.devtools.compat.CliCompatTest.jbang(CliCompatTest.java:141)
	at io.quarkus.devtools.compat.CliCompatTest.testCLI(CliCompatTest.java:110)
	at io.quarkus.devtools.compat.CliCompatTest.lambda$generateTests$10(CliCompatTest.java:99)

testCli{Path}[36]  Time elapsed: 0.004 s  <<< ERROR!
org.zeroturnaround.exec.ProcessInitException: Could not execute [./jbang, trust, add, https://repo1.maven.org/maven2/io/quarkus/] in /var/folders/j8/sj85tl7d2pq_vnhbpj4t5lwm0000gn/T/junit13211042671926172745/cli_2.7.2.Final-platform_2.7.4.Final. Error=2, No such file or directory
	at io.quarkus.devtools.compat.CliCompatTest.jbang(CliCompatTest.java:141)
	at io.quarkus.devtools.compat.CliCompatTest.testCLI(CliCompatTest.java:110)
	at io.quarkus.devtools.compat.CliCompatTest.lambda$generateTests$10(CliCompatTest.java:99)
Caused by: java.io.IOException: Cannot run program "./jbang" (in directory "/var/folders/j8/sj85tl7d2pq_vnhbpj4t5lwm0000gn/T/junit13211042671926172745/cli_2.7.2.Final-platform_2.7.4.Final"): error=2, No such file or directory
	at io.quarkus.devtools.compat.CliCompatTest.jbang(CliCompatTest.java:141)
	at io.quarkus.devtools.compat.CliCompatTest.testCLI(CliCompatTest.java:110)
	at io.quarkus.devtools.compat.CliCompatTest.lambda$generateTests$10(CliCompatTest.java:99)
Caused by: java.io.IOException: error=2, No such file or directory
	at io.quarkus.devtools.compat.CliCompatTest.jbang(CliCompatTest.java:141)
	at io.quarkus.devtools.compat.CliCompatTest.testCLI(CliCompatTest.java:110)
	at io.quarkus.devtools.compat.CliCompatTest.lambda$generateTests$10(CliCompatTest.java:99)

testCli{Path}[37]  Time elapsed: 0.004 s  <<< ERROR!
org.zeroturnaround.exec.ProcessInitException: Could not execute [./jbang, trust, add, https://repo1.maven.org/maven2/io/quarkus/] in /var/folders/j8/sj85tl7d2pq_vnhbpj4t5lwm0000gn/T/junit13211042671926172745/cli_2.7.1.Final-platform_2.7.4.Final. Error=2, No such file or directory
	at io.quarkus.devtools.compat.CliCompatTest.jbang(CliCompatTest.java:141)
	at io.quarkus.devtools.compat.CliCompatTest.testCLI(CliCompatTest.java:110)
	at io.quarkus.devtools.compat.CliCompatTest.lambda$generateTests$10(CliCompatTest.java:99)
Caused by: java.io.IOException: Cannot run program "./jbang" (in directory "/var/folders/j8/sj85tl7d2pq_vnhbpj4t5lwm0000gn/T/junit13211042671926172745/cli_2.7.1.Final-platform_2.7.4.Final"): error=2, No such file or directory
	at io.quarkus.devtools.compat.CliCompatTest.jbang(CliCompatTest.java:141)
	at io.quarkus.devtools.compat.CliCompatTest.testCLI(CliCompatTest.java:110)
	at io.quarkus.devtools.compat.CliCompatTest.lambda$generateTests$10(CliCompatTest.java:99)
Caused by: java.io.IOException: error=2, No such file or directory
	at io.quarkus.devtools.compat.CliCompatTest.jbang(CliCompatTest.java:141)
	at io.quarkus.devtools.compat.CliCompatTest.testCLI(CliCompatTest.java:110)
	at io.quarkus.devtools.compat.CliCompatTest.lambda$generateTests$10(CliCompatTest.java:99)

testCli{Path}[38]  Time elapsed: 0.004 s  <<< ERROR!
org.zeroturnaround.exec.ProcessInitException: Could not execute [./jbang, trust, add, https://repo1.maven.org/maven2/io/quarkus/] in /var/folders/j8/sj85tl7d2pq_vnhbpj4t5lwm0000gn/T/junit13211042671926172745/cli_2.7.0.Final-platform_2.7.4.Final. Error=2, No such file or directory
	at io.quarkus.devtools.compat.CliCompatTest.jbang(CliCompatTest.java:141)
	at io.quarkus.devtools.compat.CliCompatTest.testCLI(CliCompatTest.java:110)
	at io.quarkus.devtools.compat.CliCompatTest.lambda$generateTests$10(CliCompatTest.java:99)
Caused by: java.io.IOException: Cannot run program "./jbang" (in directory "/var/folders/j8/sj85tl7d2pq_vnhbpj4t5lwm0000gn/T/junit13211042671926172745/cli_2.7.0.Final-platform_2.7.4.Final"): error=2, No such file or directory
	at io.quarkus.devtools.compat.CliCompatTest.jbang(CliCompatTest.java:141)
	at io.quarkus.devtools.compat.CliCompatTest.testCLI(CliCompatTest.java:110)
	at io.quarkus.devtools.compat.CliCompatTest.lambda$generateTests$10(CliCompatTest.java:99)
Caused by: java.io.IOException: error=2, No such file or directory
	at io.quarkus.devtools.compat.CliCompatTest.jbang(CliCompatTest.java:141)
	at io.quarkus.devtools.compat.CliCompatTest.testCLI(CliCompatTest.java:110)
	at io.quarkus.devtools.compat.CliCompatTest.lambda$generateTests$10(CliCompatTest.java:99)

testCli{Path}[39]  Time elapsed: 0.004 s  <<< ERROR!
org.zeroturnaround.exec.ProcessInitException: Could not execute [./jbang, trust, add, https://repo1.maven.org/maven2/io/quarkus/] in /var/folders/j8/sj85tl7d2pq_vnhbpj4t5lwm0000gn/T/junit13211042671926172745/cli_2.6.3.Final-platform_2.7.4.Final. Error=2, No such file or directory
	at io.quarkus.devtools.compat.CliCompatTest.jbang(CliCompatTest.java:141)
	at io.quarkus.devtools.compat.CliCompatTest.testCLI(CliCompatTest.java:110)
	at io.quarkus.devtools.compat.CliCompatTest.lambda$generateTests$10(CliCompatTest.java:99)
Caused by: java.io.IOException: Cannot run program "./jbang" (in directory "/var/folders/j8/sj85tl7d2pq_vnhbpj4t5lwm0000gn/T/junit13211042671926172745/cli_2.6.3.Final-platform_2.7.4.Final"): error=2, No such file or directory
	at io.quarkus.devtools.compat.CliCompatTest.jbang(CliCompatTest.java:141)
	at io.quarkus.devtools.compat.CliCompatTest.testCLI(CliCompatTest.java:110)
	at io.quarkus.devtools.compat.CliCompatTest.lambda$generateTests$10(CliCompatTest.java:99)
Caused by: java.io.IOException: error=2, No such file or directory
	at io.quarkus.devtools.compat.CliCompatTest.jbang(CliCompatTest.java:141)
	at io.quarkus.devtools.compat.CliCompatTest.testCLI(CliCompatTest.java:110)
	at io.quarkus.devtools.compat.CliCompatTest.lambda$generateTests$10(CliCompatTest.java:99)

testCli{Path}[40]  Time elapsed: 0.004 s  <<< ERROR!
org.zeroturnaround.exec.ProcessInitException: Could not execute [./jbang, trust, add, https://repo1.maven.org/maven2/io/quarkus/] in /var/folders/j8/sj85tl7d2pq_vnhbpj4t5lwm0000gn/T/junit13211042671926172745/cli_2.6.2.Final-platform_2.7.4.Final. Error=2, No such file or directory
	at io.quarkus.devtools.compat.CliCompatTest.jbang(CliCompatTest.java:141)
	at io.quarkus.devtools.compat.CliCompatTest.testCLI(CliCompatTest.java:110)
	at io.quarkus.devtools.compat.CliCompatTest.lambda$generateTests$10(CliCompatTest.java:99)
Caused by: java.io.IOException: Cannot run program "./jbang" (in directory "/var/folders/j8/sj85tl7d2pq_vnhbpj4t5lwm0000gn/T/junit13211042671926172745/cli_2.6.2.Final-platform_2.7.4.Final"): error=2, No such file or directory
	at io.quarkus.devtools.compat.CliCompatTest.jbang(CliCompatTest.java:141)
	at io.quarkus.devtools.compat.CliCompatTest.testCLI(CliCompatTest.java:110)
	at io.quarkus.devtools.compat.CliCompatTest.lambda$generateTests$10(CliCompatTest.java:99)
Caused by: java.io.IOException: error=2, No such file or directory
	at io.quarkus.devtools.compat.CliCompatTest.jbang(CliCompatTest.java:141)
	at io.quarkus.devtools.compat.CliCompatTest.testCLI(CliCompatTest.java:110)
	at io.quarkus.devtools.compat.CliCompatTest.lambda$generateTests$10(CliCompatTest.java:99)

testCli{Path}[41]  Time elapsed: 0.003 s  <<< ERROR!
org.zeroturnaround.exec.ProcessInitException: Could not execute [./jbang, trust, add, https://repo1.maven.org/maven2/io/quarkus/] in /var/folders/j8/sj85tl7d2pq_vnhbpj4t5lwm0000gn/T/junit13211042671926172745/cli_2.8.1.Final-platform_2.7.3.Final. Error=2, No such file or directory
	at io.quarkus.devtools.compat.CliCompatTest.jbang(CliCompatTest.java:141)
	at io.quarkus.devtools.compat.CliCompatTest.testCLI(CliCompatTest.java:110)
	at io.quarkus.devtools.compat.CliCompatTest.lambda$generateTests$10(CliCompatTest.java:99)
Caused by: java.io.IOException: Cannot run program "./jbang" (in directory "/var/folders/j8/sj85tl7d2pq_vnhbpj4t5lwm0000gn/T/junit13211042671926172745/cli_2.8.1.Final-platform_2.7.3.Final"): error=2, No such file or directory
	at io.quarkus.devtools.compat.CliCompatTest.jbang(CliCompatTest.java:141)
	at io.quarkus.devtools.compat.CliCompatTest.testCLI(CliCompatTest.java:110)
	at io.quarkus.devtools.compat.CliCompatTest.lambda$generateTests$10(CliCompatTest.java:99)
Caused by: java.io.IOException: error=2, No such file or directory
	at io.quarkus.devtools.compat.CliCompatTest.jbang(CliCompatTest.java:141)
	at io.quarkus.devtools.compat.CliCompatTest.testCLI(CliCompatTest.java:110)
	at io.quarkus.devtools.compat.CliCompatTest.lambda$generateTests$10(CliCompatTest.java:99)

testCli{Path}[42]  Time elapsed: 0.004 s  <<< ERROR!
org.zeroturnaround.exec.ProcessInitException: Could not execute [./jbang, trust, add, https://repo1.maven.org/maven2/io/quarkus/] in /var/folders/j8/sj85tl7d2pq_vnhbpj4t5lwm0000gn/T/junit13211042671926172745/cli_2.8.0.Final-platform_2.7.3.Final. Error=2, No such file or directory
	at io.quarkus.devtools.compat.CliCompatTest.jbang(CliCompatTest.java:141)
	at io.quarkus.devtools.compat.CliCompatTest.testCLI(CliCompatTest.java:110)
	at io.quarkus.devtools.compat.CliCompatTest.lambda$generateTests$10(CliCompatTest.java:99)
Caused by: java.io.IOException: Cannot run program "./jbang" (in directory "/var/folders/j8/sj85tl7d2pq_vnhbpj4t5lwm0000gn/T/junit13211042671926172745/cli_2.8.0.Final-platform_2.7.3.Final"): error=2, No such file or directory
	at io.quarkus.devtools.compat.CliCompatTest.jbang(CliCompatTest.java:141)
	at io.quarkus.devtools.compat.CliCompatTest.testCLI(CliCompatTest.java:110)
	at io.quarkus.devtools.compat.CliCompatTest.lambda$generateTests$10(CliCompatTest.java:99)
Caused by: java.io.IOException: error=2, No such file or directory
	at io.quarkus.devtools.compat.CliCompatTest.jbang(CliCompatTest.java:141)
	at io.quarkus.devtools.compat.CliCompatTest.testCLI(CliCompatTest.java:110)
	at io.quarkus.devtools.compat.CliCompatTest.lambda$generateTests$10(CliCompatTest.java:99)

testCli{Path}[43]  Time elapsed: 0.004 s  <<< ERROR!
org.zeroturnaround.exec.ProcessInitException: Could not execute [./jbang, trust, add, https://repo1.maven.org/maven2/io/quarkus/] in /var/folders/j8/sj85tl7d2pq_vnhbpj4t5lwm0000gn/T/junit13211042671926172745/cli_2.7.5.Final-platform_2.7.3.Final. Error=2, No such file or directory
	at io.quarkus.devtools.compat.CliCompatTest.jbang(CliCompatTest.java:141)
	at io.quarkus.devtools.compat.CliCompatTest.testCLI(CliCompatTest.java:110)
	at io.quarkus.devtools.compat.CliCompatTest.lambda$generateTests$10(CliCompatTest.java:99)
Caused by: java.io.IOException: Cannot run program "./jbang" (in directory "/var/folders/j8/sj85tl7d2pq_vnhbpj4t5lwm0000gn/T/junit13211042671926172745/cli_2.7.5.Final-platform_2.7.3.Final"): error=2, No such file or directory
	at io.quarkus.devtools.compat.CliCompatTest.jbang(CliCompatTest.java:141)
	at io.quarkus.devtools.compat.CliCompatTest.testCLI(CliCompatTest.java:110)
	at io.quarkus.devtools.compat.CliCompatTest.lambda$generateTests$10(CliCompatTest.java:99)
Caused by: java.io.IOException: error=2, No such file or directory
	at io.quarkus.devtools.compat.CliCompatTest.jbang(CliCompatTest.java:141)
	at io.quarkus.devtools.compat.CliCompatTest.testCLI(CliCompatTest.java:110)
	at io.quarkus.devtools.compat.CliCompatTest.lambda$generateTests$10(CliCompatTest.java:99)

testCli{Path}[44]  Time elapsed: 0.003 s  <<< ERROR!
org.zeroturnaround.exec.ProcessInitException: Could not execute [./jbang, trust, add, https://repo1.maven.org/maven2/io/quarkus/] in /var/folders/j8/sj85tl7d2pq_vnhbpj4t5lwm0000gn/T/junit13211042671926172745/cli_2.7.4.Final-platform_2.7.3.Final. Error=2, No such file or directory
	at io.quarkus.devtools.compat.CliCompatTest.jbang(CliCompatTest.java:141)
	at io.quarkus.devtools.compat.CliCompatTest.testCLI(CliCompatTest.java:110)
	at io.quarkus.devtools.compat.CliCompatTest.lambda$generateTests$10(CliCompatTest.java:99)
Caused by: java.io.IOException: Cannot run program "./jbang" (in directory "/var/folders/j8/sj85tl7d2pq_vnhbpj4t5lwm0000gn/T/junit13211042671926172745/cli_2.7.4.Final-platform_2.7.3.Final"): error=2, No such file or directory
	at io.quarkus.devtools.compat.CliCompatTest.jbang(CliCompatTest.java:141)
	at io.quarkus.devtools.compat.CliCompatTest.testCLI(CliCompatTest.java:110)
	at io.quarkus.devtools.compat.CliCompatTest.lambda$generateTests$10(CliCompatTest.java:99)
Caused by: java.io.IOException: error=2, No such file or directory
	at io.quarkus.devtools.compat.CliCompatTest.jbang(CliCompatTest.java:141)
	at io.quarkus.devtools.compat.CliCompatTest.testCLI(CliCompatTest.java:110)
	at io.quarkus.devtools.compat.CliCompatTest.lambda$generateTests$10(CliCompatTest.java:99)

testCli{Path}[45]  Time elapsed: 0.004 s  <<< ERROR!
org.zeroturnaround.exec.ProcessInitException: Could not execute [./jbang, trust, add, https://repo1.maven.org/maven2/io/quarkus/] in /var/folders/j8/sj85tl7d2pq_vnhbpj4t5lwm0000gn/T/junit13211042671926172745/cli_2.7.3.Final-platform_2.7.3.Final. Error=2, No such file or directory
	at io.quarkus.devtools.compat.CliCompatTest.jbang(CliCompatTest.java:141)
	at io.quarkus.devtools.compat.CliCompatTest.testCLI(CliCompatTest.java:110)
	at io.quarkus.devtools.compat.CliCompatTest.lambda$generateTests$10(CliCompatTest.java:99)
Caused by: java.io.IOException: Cannot run program "./jbang" (in directory "/var/folders/j8/sj85tl7d2pq_vnhbpj4t5lwm0000gn/T/junit13211042671926172745/cli_2.7.3.Final-platform_2.7.3.Final"): error=2, No such file or directory
	at io.quarkus.devtools.compat.CliCompatTest.jbang(CliCompatTest.java:141)
	at io.quarkus.devtools.compat.CliCompatTest.testCLI(CliCompatTest.java:110)
	at io.quarkus.devtools.compat.CliCompatTest.lambda$generateTests$10(CliCompatTest.java:99)
Caused by: java.io.IOException: error=2, No such file or directory
	at io.quarkus.devtools.compat.CliCompatTest.jbang(CliCompatTest.java:141)
	at io.quarkus.devtools.compat.CliCompatTest.testCLI(CliCompatTest.java:110)
	at io.quarkus.devtools.compat.CliCompatTest.lambda$generateTests$10(CliCompatTest.java:99)

testCli{Path}[46]  Time elapsed: 0.004 s  <<< ERROR!
org.zeroturnaround.exec.ProcessInitException: Could not execute [./jbang, trust, add, https://repo1.maven.org/maven2/io/quarkus/] in /var/folders/j8/sj85tl7d2pq_vnhbpj4t5lwm0000gn/T/junit13211042671926172745/cli_2.7.2.Final-platform_2.7.3.Final. Error=2, No such file or directory
	at io.quarkus.devtools.compat.CliCompatTest.jbang(CliCompatTest.java:141)
	at io.quarkus.devtools.compat.CliCompatTest.testCLI(CliCompatTest.java:110)
	at io.quarkus.devtools.compat.CliCompatTest.lambda$generateTests$10(CliCompatTest.java:99)
Caused by: java.io.IOException: Cannot run program "./jbang" (in directory "/var/folders/j8/sj85tl7d2pq_vnhbpj4t5lwm0000gn/T/junit13211042671926172745/cli_2.7.2.Final-platform_2.7.3.Final"): error=2, No such file or directory
	at io.quarkus.devtools.compat.CliCompatTest.jbang(CliCompatTest.java:141)
	at io.quarkus.devtools.compat.CliCompatTest.testCLI(CliCompatTest.java:110)
	at io.quarkus.devtools.compat.CliCompatTest.lambda$generateTests$10(CliCompatTest.java:99)
Caused by: java.io.IOException: error=2, No such file or directory
	at io.quarkus.devtools.compat.CliCompatTest.jbang(CliCompatTest.java:141)
	at io.quarkus.devtools.compat.CliCompatTest.testCLI(CliCompatTest.java:110)
	at io.quarkus.devtools.compat.CliCompatTest.lambda$generateTests$10(CliCompatTest.java:99)

testCli{Path}[47]  Time elapsed: 0.003 s  <<< ERROR!
org.zeroturnaround.exec.ProcessInitException: Could not execute [./jbang, trust, add, https://repo1.maven.org/maven2/io/quarkus/] in /var/folders/j8/sj85tl7d2pq_vnhbpj4t5lwm0000gn/T/junit13211042671926172745/cli_2.7.1.Final-platform_2.7.3.Final. Error=2, No such file or directory
	at io.quarkus.devtools.compat.CliCompatTest.jbang(CliCompatTest.java:141)
	at io.quarkus.devtools.compat.CliCompatTest.testCLI(CliCompatTest.java:110)
	at io.quarkus.devtools.compat.CliCompatTest.lambda$generateTests$10(CliCompatTest.java:99)
Caused by: java.io.IOException: Cannot run program "./jbang" (in directory "/var/folders/j8/sj85tl7d2pq_vnhbpj4t5lwm0000gn/T/junit13211042671926172745/cli_2.7.1.Final-platform_2.7.3.Final"): error=2, No such file or directory
	at io.quarkus.devtools.compat.CliCompatTest.jbang(CliCompatTest.java:141)
	at io.quarkus.devtools.compat.CliCompatTest.testCLI(CliCompatTest.java:110)
	at io.quarkus.devtools.compat.CliCompatTest.lambda$generateTests$10(CliCompatTest.java:99)
Caused by: java.io.IOException: error=2, No such file or directory
	at io.quarkus.devtools.compat.CliCompatTest.jbang(CliCompatTest.java:141)
	at io.quarkus.devtools.compat.CliCompatTest.testCLI(CliCompatTest.java:110)
	at io.quarkus.devtools.compat.CliCompatTest.lambda$generateTests$10(CliCompatTest.java:99)

testCli{Path}[48]  Time elapsed: 0.003 s  <<< ERROR!
org.zeroturnaround.exec.ProcessInitException: Could not execute [./jbang, trust, add, https://repo1.maven.org/maven2/io/quarkus/] in /var/folders/j8/sj85tl7d2pq_vnhbpj4t5lwm0000gn/T/junit13211042671926172745/cli_2.7.0.Final-platform_2.7.3.Final. Error=2, No such file or directory
	at io.quarkus.devtools.compat.CliCompatTest.jbang(CliCompatTest.java:141)
	at io.quarkus.devtools.compat.CliCompatTest.testCLI(CliCompatTest.java:110)
	at io.quarkus.devtools.compat.CliCompatTest.lambda$generateTests$10(CliCompatTest.java:99)
Caused by: java.io.IOException: Cannot run program "./jbang" (in directory "/var/folders/j8/sj85tl7d2pq_vnhbpj4t5lwm0000gn/T/junit13211042671926172745/cli_2.7.0.Final-platform_2.7.3.Final"): error=2, No such file or directory
	at io.quarkus.devtools.compat.CliCompatTest.jbang(CliCompatTest.java:141)
	at io.quarkus.devtools.compat.CliCompatTest.testCLI(CliCompatTest.java:110)
	at io.quarkus.devtools.compat.CliCompatTest.lambda$generateTests$10(CliCompatTest.java:99)
Caused by: java.io.IOException: error=2, No such file or directory
	at io.quarkus.devtools.compat.CliCompatTest.jbang(CliCompatTest.java:141)
	at io.quarkus.devtools.compat.CliCompatTest.testCLI(CliCompatTest.java:110)
	at io.quarkus.devtools.compat.CliCompatTest.lambda$generateTests$10(CliCompatTest.java:99)

testCli{Path}[49]  Time elapsed: 0.004 s  <<< ERROR!
org.zeroturnaround.exec.ProcessInitException: Could not execute [./jbang, trust, add, https://repo1.maven.org/maven2/io/quarkus/] in /var/folders/j8/sj85tl7d2pq_vnhbpj4t5lwm0000gn/T/junit13211042671926172745/cli_2.6.3.Final-platform_2.7.3.Final. Error=2, No such file or directory
	at io.quarkus.devtools.compat.CliCompatTest.jbang(CliCompatTest.java:141)
	at io.quarkus.devtools.compat.CliCompatTest.testCLI(CliCompatTest.java:110)
	at io.quarkus.devtools.compat.CliCompatTest.lambda$generateTests$10(CliCompatTest.java:99)
Caused by: java.io.IOException: Cannot run program "./jbang" (in directory "/var/folders/j8/sj85tl7d2pq_vnhbpj4t5lwm0000gn/T/junit13211042671926172745/cli_2.6.3.Final-platform_2.7.3.Final"): error=2, No such file or directory
	at io.quarkus.devtools.compat.CliCompatTest.jbang(CliCompatTest.java:141)
	at io.quarkus.devtools.compat.CliCompatTest.testCLI(CliCompatTest.java:110)
	at io.quarkus.devtools.compat.CliCompatTest.lambda$generateTests$10(CliCompatTest.java:99)
Caused by: java.io.IOException: error=2, No such file or directory
	at io.quarkus.devtools.compat.CliCompatTest.jbang(CliCompatTest.java:141)
	at io.quarkus.devtools.compat.CliCompatTest.testCLI(CliCompatTest.java:110)
	at io.quarkus.devtools.compat.CliCompatTest.lambda$generateTests$10(CliCompatTest.java:99)

testCli{Path}[50]  Time elapsed: 0.003 s  <<< ERROR!
org.zeroturnaround.exec.ProcessInitException: Could not execute [./jbang, trust, add, https://repo1.maven.org/maven2/io/quarkus/] in /var/folders/j8/sj85tl7d2pq_vnhbpj4t5lwm0000gn/T/junit13211042671926172745/cli_2.6.2.Final-platform_2.7.3.Final. Error=2, No such file or directory
	at io.quarkus.devtools.compat.CliCompatTest.jbang(CliCompatTest.java:141)
	at io.quarkus.devtools.compat.CliCompatTest.testCLI(CliCompatTest.java:110)
	at io.quarkus.devtools.compat.CliCompatTest.lambda$generateTests$10(CliCompatTest.java:99)
Caused by: java.io.IOException: Cannot run program "./jbang" (in directory "/var/folders/j8/sj85tl7d2pq_vnhbpj4t5lwm0000gn/T/junit13211042671926172745/cli_2.6.2.Final-platform_2.7.3.Final"): error=2, No such file or directory
	at io.quarkus.devtools.compat.CliCompatTest.jbang(CliCompatTest.java:141)
	at io.quarkus.devtools.compat.CliCompatTest.testCLI(CliCompatTest.java:110)
	at io.quarkus.devtools.compat.CliCompatTest.lambda$generateTests$10(CliCompatTest.java:99)
Caused by: java.io.IOException: error=2, No such file or directory
	at io.quarkus.devtools.compat.CliCompatTest.jbang(CliCompatTest.java:141)
	at io.quarkus.devtools.compat.CliCompatTest.testCLI(CliCompatTest.java:110)
	at io.quarkus.devtools.compat.CliCompatTest.lambda$generateTests$10(CliCompatTest.java:99)

testCli{Path}[51]  Time elapsed: 0.003 s  <<< ERROR!
org.zeroturnaround.exec.ProcessInitException: Could not execute [./jbang, trust, add, https://repo1.maven.org/maven2/io/quarkus/] in /var/folders/j8/sj85tl7d2pq_vnhbpj4t5lwm0000gn/T/junit13211042671926172745/cli_2.8.1.Final-platform_2.7.2.Final. Error=2, No such file or directory
	at io.quarkus.devtools.compat.CliCompatTest.jbang(CliCompatTest.java:141)
	at io.quarkus.devtools.compat.CliCompatTest.testCLI(CliCompatTest.java:110)
	at io.quarkus.devtools.compat.CliCompatTest.lambda$generateTests$10(CliCompatTest.java:99)
Caused by: java.io.IOException: Cannot run program "./jbang" (in directory "/var/folders/j8/sj85tl7d2pq_vnhbpj4t5lwm0000gn/T/junit13211042671926172745/cli_2.8.1.Final-platform_2.7.2.Final"): error=2, No such file or directory
	at io.quarkus.devtools.compat.CliCompatTest.jbang(CliCompatTest.java:141)
	at io.quarkus.devtools.compat.CliCompatTest.testCLI(CliCompatTest.java:110)
	at io.quarkus.devtools.compat.CliCompatTest.lambda$generateTests$10(CliCompatTest.java:99)
Caused by: java.io.IOException: error=2, No such file or directory
	at io.quarkus.devtools.compat.CliCompatTest.jbang(CliCompatTest.java:141)
	at io.quarkus.devtools.compat.CliCompatTest.testCLI(CliCompatTest.java:110)
	at io.quarkus.devtools.compat.CliCompatTest.lambda$generateTests$10(CliCompatTest.java:99)

testCli{Path}[52]  Time elapsed: 0.004 s  <<< ERROR!
org.zeroturnaround.exec.ProcessInitException: Could not execute [./jbang, trust, add, https://repo1.maven.org/maven2/io/quarkus/] in /var/folders/j8/sj85tl7d2pq_vnhbpj4t5lwm0000gn/T/junit13211042671926172745/cli_2.8.0.Final-platform_2.7.2.Final. Error=2, No such file or directory
	at io.quarkus.devtools.compat.CliCompatTest.jbang(CliCompatTest.java:141)
	at io.quarkus.devtools.compat.CliCompatTest.testCLI(CliCompatTest.java:110)
	at io.quarkus.devtools.compat.CliCompatTest.lambda$generateTests$10(CliCompatTest.java:99)
Caused by: java.io.IOException: Cannot run program "./jbang" (in directory "/var/folders/j8/sj85tl7d2pq_vnhbpj4t5lwm0000gn/T/junit13211042671926172745/cli_2.8.0.Final-platform_2.7.2.Final"): error=2, No such file or directory
	at io.quarkus.devtools.compat.CliCompatTest.jbang(CliCompatTest.java:141)
	at io.quarkus.devtools.compat.CliCompatTest.testCLI(CliCompatTest.java:110)
	at io.quarkus.devtools.compat.CliCompatTest.lambda$generateTests$10(CliCompatTest.java:99)
Caused by: java.io.IOException: error=2, No such file or directory
	at io.quarkus.devtools.compat.CliCompatTest.jbang(CliCompatTest.java:141)
	at io.quarkus.devtools.compat.CliCompatTest.testCLI(CliCompatTest.java:110)
	at io.quarkus.devtools.compat.CliCompatTest.lambda$generateTests$10(CliCompatTest.java:99)

testCli{Path}[53]  Time elapsed: 0.004 s  <<< ERROR!
org.zeroturnaround.exec.ProcessInitException: Could not execute [./jbang, trust, add, https://repo1.maven.org/maven2/io/quarkus/] in /var/folders/j8/sj85tl7d2pq_vnhbpj4t5lwm0000gn/T/junit13211042671926172745/cli_2.7.5.Final-platform_2.7.2.Final. Error=2, No such file or directory
	at io.quarkus.devtools.compat.CliCompatTest.jbang(CliCompatTest.java:141)
	at io.quarkus.devtools.compat.CliCompatTest.testCLI(CliCompatTest.java:110)
	at io.quarkus.devtools.compat.CliCompatTest.lambda$generateTests$10(CliCompatTest.java:99)
Caused by: java.io.IOException: Cannot run program "./jbang" (in directory "/var/folders/j8/sj85tl7d2pq_vnhbpj4t5lwm0000gn/T/junit13211042671926172745/cli_2.7.5.Final-platform_2.7.2.Final"): error=2, No such file or directory
	at io.quarkus.devtools.compat.CliCompatTest.jbang(CliCompatTest.java:141)
	at io.quarkus.devtools.compat.CliCompatTest.testCLI(CliCompatTest.java:110)
	at io.quarkus.devtools.compat.CliCompatTest.lambda$generateTests$10(CliCompatTest.java:99)
Caused by: java.io.IOException: error=2, No such file or directory
	at io.quarkus.devtools.compat.CliCompatTest.jbang(CliCompatTest.java:141)
	at io.quarkus.devtools.compat.CliCompatTest.testCLI(CliCompatTest.java:110)
	at io.quarkus.devtools.compat.CliCompatTest.lambda$generateTests$10(CliCompatTest.java:99)

testCli{Path}[54]  Time elapsed: 0.02 s  <<< ERROR!
org.zeroturnaround.exec.ProcessInitException: Could not execute [./jbang, trust, add, https://repo1.maven.org/maven2/io/quarkus/] in /var/folders/j8/sj85tl7d2pq_vnhbpj4t5lwm0000gn/T/junit13211042671926172745/cli_2.7.4.Final-platform_2.7.2.Final. Error=2, No such file or directory
	at io.quarkus.devtools.compat.CliCompatTest.jbang(CliCompatTest.java:141)
	at io.quarkus.devtools.compat.CliCompatTest.testCLI(CliCompatTest.java:110)
	at io.quarkus.devtools.compat.CliCompatTest.lambda$generateTests$10(CliCompatTest.java:99)
Caused by: java.io.IOException: Cannot run program "./jbang" (in directory "/var/folders/j8/sj85tl7d2pq_vnhbpj4t5lwm0000gn/T/junit13211042671926172745/cli_2.7.4.Final-platform_2.7.2.Final"): error=2, No such file or directory
	at io.quarkus.devtools.compat.CliCompatTest.jbang(CliCompatTest.java:141)
	at io.quarkus.devtools.compat.CliCompatTest.testCLI(CliCompatTest.java:110)
	at io.quarkus.devtools.compat.CliCompatTest.lambda$generateTests$10(CliCompatTest.java:99)
Caused by: java.io.IOException: error=2, No such file or directory
	at io.quarkus.devtools.compat.CliCompatTest.jbang(CliCompatTest.java:141)
	at io.quarkus.devtools.compat.CliCompatTest.testCLI(CliCompatTest.java:110)
	at io.quarkus.devtools.compat.CliCompatTest.lambda$generateTests$10(CliCompatTest.java:99)

testCli{Path}[55]  Time elapsed: 0.003 s  <<< ERROR!
org.zeroturnaround.exec.ProcessInitException: Could not execute [./jbang, trust, add, https://repo1.maven.org/maven2/io/quarkus/] in /var/folders/j8/sj85tl7d2pq_vnhbpj4t5lwm0000gn/T/junit13211042671926172745/cli_2.7.3.Final-platform_2.7.2.Final. Error=2, No such file or directory
	at io.quarkus.devtools.compat.CliCompatTest.jbang(CliCompatTest.java:141)
	at io.quarkus.devtools.compat.CliCompatTest.testCLI(CliCompatTest.java:110)
	at io.quarkus.devtools.compat.CliCompatTest.lambda$generateTests$10(CliCompatTest.java:99)
Caused by: java.io.IOException: Cannot run program "./jbang" (in directory "/var/folders/j8/sj85tl7d2pq_vnhbpj4t5lwm0000gn/T/junit13211042671926172745/cli_2.7.3.Final-platform_2.7.2.Final"): error=2, No such file or directory
	at io.quarkus.devtools.compat.CliCompatTest.jbang(CliCompatTest.java:141)
	at io.quarkus.devtools.compat.CliCompatTest.testCLI(CliCompatTest.java:110)
	at io.quarkus.devtools.compat.CliCompatTest.lambda$generateTests$10(CliCompatTest.java:99)
Caused by: java.io.IOException: error=2, No such file or directory
	at io.quarkus.devtools.compat.CliCompatTest.jbang(CliCompatTest.java:141)
	at io.quarkus.devtools.compat.CliCompatTest.testCLI(CliCompatTest.java:110)
	at io.quarkus.devtools.compat.CliCompatTest.lambda$generateTests$10(CliCompatTest.java:99)

testCli{Path}[56]  Time elapsed: 0.004 s  <<< ERROR!
org.zeroturnaround.exec.ProcessInitException: Could not execute [./jbang, trust, add, https://repo1.maven.org/maven2/io/quarkus/] in /var/folders/j8/sj85tl7d2pq_vnhbpj4t5lwm0000gn/T/junit13211042671926172745/cli_2.7.2.Final-platform_2.7.2.Final. Error=2, No such file or directory
	at io.quarkus.devtools.compat.CliCompatTest.jbang(CliCompatTest.java:141)
	at io.quarkus.devtools.compat.CliCompatTest.testCLI(CliCompatTest.java:110)
	at io.quarkus.devtools.compat.CliCompatTest.lambda$generateTests$10(CliCompatTest.java:99)
Caused by: java.io.IOException: Cannot run program "./jbang" (in directory "/var/folders/j8/sj85tl7d2pq_vnhbpj4t5lwm0000gn/T/junit13211042671926172745/cli_2.7.2.Final-platform_2.7.2.Final"): error=2, No such file or directory
	at io.quarkus.devtools.compat.CliCompatTest.jbang(CliCompatTest.java:141)
	at io.quarkus.devtools.compat.CliCompatTest.testCLI(CliCompatTest.java:110)
	at io.quarkus.devtools.compat.CliCompatTest.lambda$generateTests$10(CliCompatTest.java:99)
Caused by: java.io.IOException: error=2, No such file or directory
	at io.quarkus.devtools.compat.CliCompatTest.jbang(CliCompatTest.java:141)
	at io.quarkus.devtools.compat.CliCompatTest.testCLI(CliCompatTest.java:110)
	at io.quarkus.devtools.compat.CliCompatTest.lambda$generateTests$10(CliCompatTest.java:99)

testCli{Path}[57]  Time elapsed: 0.004 s  <<< ERROR!
org.zeroturnaround.exec.ProcessInitException: Could not execute [./jbang, trust, add, https://repo1.maven.org/maven2/io/quarkus/] in /var/folders/j8/sj85tl7d2pq_vnhbpj4t5lwm0000gn/T/junit13211042671926172745/cli_2.7.1.Final-platform_2.7.2.Final. Error=2, No such file or directory
	at io.quarkus.devtools.compat.CliCompatTest.jbang(CliCompatTest.java:141)
	at io.quarkus.devtools.compat.CliCompatTest.testCLI(CliCompatTest.java:110)
	at io.quarkus.devtools.compat.CliCompatTest.lambda$generateTests$10(CliCompatTest.java:99)
Caused by: java.io.IOException: Cannot run program "./jbang" (in directory "/var/folders/j8/sj85tl7d2pq_vnhbpj4t5lwm0000gn/T/junit13211042671926172745/cli_2.7.1.Final-platform_2.7.2.Final"): error=2, No such file or directory
	at io.quarkus.devtools.compat.CliCompatTest.jbang(CliCompatTest.java:141)
	at io.quarkus.devtools.compat.CliCompatTest.testCLI(CliCompatTest.java:110)
	at io.quarkus.devtools.compat.CliCompatTest.lambda$generateTests$10(CliCompatTest.java:99)
Caused by: java.io.IOException: error=2, No such file or directory
	at io.quarkus.devtools.compat.CliCompatTest.jbang(CliCompatTest.java:141)
	at io.quarkus.devtools.compat.CliCompatTest.testCLI(CliCompatTest.java:110)
	at io.quarkus.devtools.compat.CliCompatTest.lambda$generateTests$10(CliCompatTest.java:99)

testCli{Path}[58]  Time elapsed: 0.004 s  <<< ERROR!
org.zeroturnaround.exec.ProcessInitException: Could not execute [./jbang, trust, add, https://repo1.maven.org/maven2/io/quarkus/] in /var/folders/j8/sj85tl7d2pq_vnhbpj4t5lwm0000gn/T/junit13211042671926172745/cli_2.7.0.Final-platform_2.7.2.Final. Error=2, No such file or directory
	at io.quarkus.devtools.compat.CliCompatTest.jbang(CliCompatTest.java:141)
	at io.quarkus.devtools.compat.CliCompatTest.testCLI(CliCompatTest.java:110)
	at io.quarkus.devtools.compat.CliCompatTest.lambda$generateTests$10(CliCompatTest.java:99)
Caused by: java.io.IOException: Cannot run program "./jbang" (in directory "/var/folders/j8/sj85tl7d2pq_vnhbpj4t5lwm0000gn/T/junit13211042671926172745/cli_2.7.0.Final-platform_2.7.2.Final"): error=2, No such file or directory
	at io.quarkus.devtools.compat.CliCompatTest.jbang(CliCompatTest.java:141)
	at io.quarkus.devtools.compat.CliCompatTest.testCLI(CliCompatTest.java:110)
	at io.quarkus.devtools.compat.CliCompatTest.lambda$generateTests$10(CliCompatTest.java:99)
Caused by: java.io.IOException: error=2, No such file or directory
	at io.quarkus.devtools.compat.CliCompatTest.jbang(CliCompatTest.java:141)
	at io.quarkus.devtools.compat.CliCompatTest.testCLI(CliCompatTest.java:110)
	at io.quarkus.devtools.compat.CliCompatTest.lambda$generateTests$10(CliCompatTest.java:99)

testCli{Path}[59]  Time elapsed: 0.004 s  <<< ERROR!
org.zeroturnaround.exec.ProcessInitException: Could not execute [./jbang, trust, add, https://repo1.maven.org/maven2/io/quarkus/] in /var/folders/j8/sj85tl7d2pq_vnhbpj4t5lwm0000gn/T/junit13211042671926172745/cli_2.6.3.Final-platform_2.7.2.Final. Error=2, No such file or directory
	at io.quarkus.devtools.compat.CliCompatTest.jbang(CliCompatTest.java:141)
	at io.quarkus.devtools.compat.CliCompatTest.testCLI(CliCompatTest.java:110)
	at io.quarkus.devtools.compat.CliCompatTest.lambda$generateTests$10(CliCompatTest.java:99)
Caused by: java.io.IOException: Cannot run program "./jbang" (in directory "/var/folders/j8/sj85tl7d2pq_vnhbpj4t5lwm0000gn/T/junit13211042671926172745/cli_2.6.3.Final-platform_2.7.2.Final"): error=2, No such file or directory
	at io.quarkus.devtools.compat.CliCompatTest.jbang(CliCompatTest.java:141)
	at io.quarkus.devtools.compat.CliCompatTest.testCLI(CliCompatTest.java:110)
	at io.quarkus.devtools.compat.CliCompatTest.lambda$generateTests$10(CliCompatTest.java:99)
Caused by: java.io.IOException: error=2, No such file or directory
	at io.quarkus.devtools.compat.CliCompatTest.jbang(CliCompatTest.java:141)
	at io.quarkus.devtools.compat.CliCompatTest.testCLI(CliCompatTest.java:110)
	at io.quarkus.devtools.compat.CliCompatTest.lambda$generateTests$10(CliCompatTest.java:99)

testCli{Path}[60]  Time elapsed: 0.004 s  <<< ERROR!
org.zeroturnaround.exec.ProcessInitException: Could not execute [./jbang, trust, add, https://repo1.maven.org/maven2/io/quarkus/] in /var/folders/j8/sj85tl7d2pq_vnhbpj4t5lwm0000gn/T/junit13211042671926172745/cli_2.6.2.Final-platform_2.7.2.Final. Error=2, No such file or directory
	at io.quarkus.devtools.compat.CliCompatTest.jbang(CliCompatTest.java:141)
	at io.quarkus.devtools.compat.CliCompatTest.testCLI(CliCompatTest.java:110)
	at io.quarkus.devtools.compat.CliCompatTest.lambda$generateTests$10(CliCompatTest.java:99)
Caused by: java.io.IOException: Cannot run program "./jbang" (in directory "/var/folders/j8/sj85tl7d2pq_vnhbpj4t5lwm0000gn/T/junit13211042671926172745/cli_2.6.2.Final-platform_2.7.2.Final"): error=2, No such file or directory
	at io.quarkus.devtools.compat.CliCompatTest.jbang(CliCompatTest.java:141)
	at io.quarkus.devtools.compat.CliCompatTest.testCLI(CliCompatTest.java:110)
	at io.quarkus.devtools.compat.CliCompatTest.lambda$generateTests$10(CliCompatTest.java:99)
Caused by: java.io.IOException: error=2, No such file or directory
	at io.quarkus.devtools.compat.CliCompatTest.jbang(CliCompatTest.java:141)
	at io.quarkus.devtools.compat.CliCompatTest.testCLI(CliCompatTest.java:110)
	at io.quarkus.devtools.compat.CliCompatTest.lambda$generateTests$10(CliCompatTest.java:99)

testCli{Path}[61]  Time elapsed: 0.004 s  <<< ERROR!
org.zeroturnaround.exec.ProcessInitException: Could not execute [./jbang, trust, add, https://repo1.maven.org/maven2/io/quarkus/] in /var/folders/j8/sj85tl7d2pq_vnhbpj4t5lwm0000gn/T/junit13211042671926172745/cli_2.8.1.Final-platform_2.7.1.Final. Error=2, No such file or directory
	at io.quarkus.devtools.compat.CliCompatTest.jbang(CliCompatTest.java:141)
	at io.quarkus.devtools.compat.CliCompatTest.testCLI(CliCompatTest.java:110)
	at io.quarkus.devtools.compat.CliCompatTest.lambda$generateTests$10(CliCompatTest.java:99)
Caused by: java.io.IOException: Cannot run program "./jbang" (in directory "/var/folders/j8/sj85tl7d2pq_vnhbpj4t5lwm0000gn/T/junit13211042671926172745/cli_2.8.1.Final-platform_2.7.1.Final"): error=2, No such file or directory
	at io.quarkus.devtools.compat.CliCompatTest.jbang(CliCompatTest.java:141)
	at io.quarkus.devtools.compat.CliCompatTest.testCLI(CliCompatTest.java:110)
	at io.quarkus.devtools.compat.CliCompatTest.lambda$generateTests$10(CliCompatTest.java:99)
Caused by: java.io.IOException: error=2, No such file or directory
	at io.quarkus.devtools.compat.CliCompatTest.jbang(CliCompatTest.java:141)
	at io.quarkus.devtools.compat.CliCompatTest.testCLI(CliCompatTest.java:110)
	at io.quarkus.devtools.compat.CliCompatTest.lambda$generateTests$10(CliCompatTest.java:99)

testCli{Path}[62]  Time elapsed: 0.003 s  <<< ERROR!
org.zeroturnaround.exec.ProcessInitException: Could not execute [./jbang, trust, add, https://repo1.maven.org/maven2/io/quarkus/] in /var/folders/j8/sj85tl7d2pq_vnhbpj4t5lwm0000gn/T/junit13211042671926172745/cli_2.8.0.Final-platform_2.7.1.Final. Error=2, No such file or directory
	at io.quarkus.devtools.compat.CliCompatTest.jbang(CliCompatTest.java:141)
	at io.quarkus.devtools.compat.CliCompatTest.testCLI(CliCompatTest.java:110)
	at io.quarkus.devtools.compat.CliCompatTest.lambda$generateTests$10(CliCompatTest.java:99)
Caused by: java.io.IOException: Cannot run program "./jbang" (in directory "/var/folders/j8/sj85tl7d2pq_vnhbpj4t5lwm0000gn/T/junit13211042671926172745/cli_2.8.0.Final-platform_2.7.1.Final"): error=2, No such file or directory
	at io.quarkus.devtools.compat.CliCompatTest.jbang(CliCompatTest.java:141)
	at io.quarkus.devtools.compat.CliCompatTest.testCLI(CliCompatTest.java:110)
	at io.quarkus.devtools.compat.CliCompatTest.lambda$generateTests$10(CliCompatTest.java:99)
Caused by: java.io.IOException: error=2, No such file or directory
	at io.quarkus.devtools.compat.CliCompatTest.jbang(CliCompatTest.java:141)
	at io.quarkus.devtools.compat.CliCompatTest.testCLI(CliCompatTest.java:110)
	at io.quarkus.devtools.compat.CliCompatTest.lambda$generateTests$10(CliCompatTest.java:99)

testCli{Path}[63]  Time elapsed: 0.004 s  <<< ERROR!
org.zeroturnaround.exec.ProcessInitException: Could not execute [./jbang, trust, add, https://repo1.maven.org/maven2/io/quarkus/] in /var/folders/j8/sj85tl7d2pq_vnhbpj4t5lwm0000gn/T/junit13211042671926172745/cli_2.7.5.Final-platform_2.7.1.Final. Error=2, No such file or directory
	at io.quarkus.devtools.compat.CliCompatTest.jbang(CliCompatTest.java:141)
	at io.quarkus.devtools.compat.CliCompatTest.testCLI(CliCompatTest.java:110)
	at io.quarkus.devtools.compat.CliCompatTest.lambda$generateTests$10(CliCompatTest.java:99)
Caused by: java.io.IOException: Cannot run program "./jbang" (in directory "/var/folders/j8/sj85tl7d2pq_vnhbpj4t5lwm0000gn/T/junit13211042671926172745/cli_2.7.5.Final-platform_2.7.1.Final"): error=2, No such file or directory
	at io.quarkus.devtools.compat.CliCompatTest.jbang(CliCompatTest.java:141)
	at io.quarkus.devtools.compat.CliCompatTest.testCLI(CliCompatTest.java:110)
	at io.quarkus.devtools.compat.CliCompatTest.lambda$generateTests$10(CliCompatTest.java:99)
Caused by: java.io.IOException: error=2, No such file or directory
	at io.quarkus.devtools.compat.CliCompatTest.jbang(CliCompatTest.java:141)
	at io.quarkus.devtools.compat.CliCompatTest.testCLI(CliCompatTest.java:110)
	at io.quarkus.devtools.compat.CliCompatTest.lambda$generateTests$10(CliCompatTest.java:99)

testCli{Path}[64]  Time elapsed: 0.003 s  <<< ERROR!
org.zeroturnaround.exec.ProcessInitException: Could not execute [./jbang, trust, add, https://repo1.maven.org/maven2/io/quarkus/] in /var/folders/j8/sj85tl7d2pq_vnhbpj4t5lwm0000gn/T/junit13211042671926172745/cli_2.7.4.Final-platform_2.7.1.Final. Error=2, No such file or directory
	at io.quarkus.devtools.compat.CliCompatTest.jbang(CliCompatTest.java:141)
	at io.quarkus.devtools.compat.CliCompatTest.testCLI(CliCompatTest.java:110)
	at io.quarkus.devtools.compat.CliCompatTest.lambda$generateTests$10(CliCompatTest.java:99)
Caused by: java.io.IOException: Cannot run program "./jbang" (in directory "/var/folders/j8/sj85tl7d2pq_vnhbpj4t5lwm0000gn/T/junit13211042671926172745/cli_2.7.4.Final-platform_2.7.1.Final"): error=2, No such file or directory
	at io.quarkus.devtools.compat.CliCompatTest.jbang(CliCompatTest.java:141)
	at io.quarkus.devtools.compat.CliCompatTest.testCLI(CliCompatTest.java:110)
	at io.quarkus.devtools.compat.CliCompatTest.lambda$generateTests$10(CliCompatTest.java:99)
Caused by: java.io.IOException: error=2, No such file or directory
	at io.quarkus.devtools.compat.CliCompatTest.jbang(CliCompatTest.java:141)
	at io.quarkus.devtools.compat.CliCompatTest.testCLI(CliCompatTest.java:110)
	at io.quarkus.devtools.compat.CliCompatTest.lambda$generateTests$10(CliCompatTest.java:99)

testCli{Path}[65]  Time elapsed: 0.004 s  <<< ERROR!
org.zeroturnaround.exec.ProcessInitException: Could not execute [./jbang, trust, add, https://repo1.maven.org/maven2/io/quarkus/] in /var/folders/j8/sj85tl7d2pq_vnhbpj4t5lwm0000gn/T/junit13211042671926172745/cli_2.7.3.Final-platform_2.7.1.Final. Error=2, No such file or directory
	at io.quarkus.devtools.compat.CliCompatTest.jbang(CliCompatTest.java:141)
	at io.quarkus.devtools.compat.CliCompatTest.testCLI(CliCompatTest.java:110)
	at io.quarkus.devtools.compat.CliCompatTest.lambda$generateTests$10(CliCompatTest.java:99)
Caused by: java.io.IOException: Cannot run program "./jbang" (in directory "/var/folders/j8/sj85tl7d2pq_vnhbpj4t5lwm0000gn/T/junit13211042671926172745/cli_2.7.3.Final-platform_2.7.1.Final"): error=2, No such file or directory
	at io.quarkus.devtools.compat.CliCompatTest.jbang(CliCompatTest.java:141)
	at io.quarkus.devtools.compat.CliCompatTest.testCLI(CliCompatTest.java:110)
	at io.quarkus.devtools.compat.CliCompatTest.lambda$generateTests$10(CliCompatTest.java:99)
Caused by: java.io.IOException: error=2, No such file or directory
	at io.quarkus.devtools.compat.CliCompatTest.jbang(CliCompatTest.java:141)
	at io.quarkus.devtools.compat.CliCompatTest.testCLI(CliCompatTest.java:110)
	at io.quarkus.devtools.compat.CliCompatTest.lambda$generateTests$10(CliCompatTest.java:99)

testCli{Path}[66]  Time elapsed: 0.003 s  <<< ERROR!
org.zeroturnaround.exec.ProcessInitException: Could not execute [./jbang, trust, add, https://repo1.maven.org/maven2/io/quarkus/] in /var/folders/j8/sj85tl7d2pq_vnhbpj4t5lwm0000gn/T/junit13211042671926172745/cli_2.7.2.Final-platform_2.7.1.Final. Error=2, No such file or directory
	at io.quarkus.devtools.compat.CliCompatTest.jbang(CliCompatTest.java:141)
	at io.quarkus.devtools.compat.CliCompatTest.testCLI(CliCompatTest.java:110)
	at io.quarkus.devtools.compat.CliCompatTest.lambda$generateTests$10(CliCompatTest.java:99)
Caused by: java.io.IOException: Cannot run program "./jbang" (in directory "/var/folders/j8/sj85tl7d2pq_vnhbpj4t5lwm0000gn/T/junit13211042671926172745/cli_2.7.2.Final-platform_2.7.1.Final"): error=2, No such file or directory
	at io.quarkus.devtools.compat.CliCompatTest.jbang(CliCompatTest.java:141)
	at io.quarkus.devtools.compat.CliCompatTest.testCLI(CliCompatTest.java:110)
	at io.quarkus.devtools.compat.CliCompatTest.lambda$generateTests$10(CliCompatTest.java:99)
Caused by: java.io.IOException: error=2, No such file or directory
	at io.quarkus.devtools.compat.CliCompatTest.jbang(CliCompatTest.java:141)
	at io.quarkus.devtools.compat.CliCompatTest.testCLI(CliCompatTest.java:110)
	at io.quarkus.devtools.compat.CliCompatTest.lambda$generateTests$10(CliCompatTest.java:99)

testCli{Path}[67]  Time elapsed: 0.005 s  <<< ERROR!
org.zeroturnaround.exec.ProcessInitException: Could not execute [./jbang, trust, add, https://repo1.maven.org/maven2/io/quarkus/] in /var/folders/j8/sj85tl7d2pq_vnhbpj4t5lwm0000gn/T/junit13211042671926172745/cli_2.7.1.Final-platform_2.7.1.Final. Error=2, No such file or directory
	at io.quarkus.devtools.compat.CliCompatTest.jbang(CliCompatTest.java:141)
	at io.quarkus.devtools.compat.CliCompatTest.testCLI(CliCompatTest.java:110)
	at io.quarkus.devtools.compat.CliCompatTest.lambda$generateTests$10(CliCompatTest.java:99)
Caused by: java.io.IOException: Cannot run program "./jbang" (in directory "/var/folders/j8/sj85tl7d2pq_vnhbpj4t5lwm0000gn/T/junit13211042671926172745/cli_2.7.1.Final-platform_2.7.1.Final"): error=2, No such file or directory
	at io.quarkus.devtools.compat.CliCompatTest.jbang(CliCompatTest.java:141)
	at io.quarkus.devtools.compat.CliCompatTest.testCLI(CliCompatTest.java:110)
	at io.quarkus.devtools.compat.CliCompatTest.lambda$generateTests$10(CliCompatTest.java:99)
Caused by: java.io.IOException: error=2, No such file or directory
	at io.quarkus.devtools.compat.CliCompatTest.jbang(CliCompatTest.java:141)
	at io.quarkus.devtools.compat.CliCompatTest.testCLI(CliCompatTest.java:110)
	at io.quarkus.devtools.compat.CliCompatTest.lambda$generateTests$10(CliCompatTest.java:99)

testCli{Path}[68]  Time elapsed: 0.004 s  <<< ERROR!
org.zeroturnaround.exec.ProcessInitException: Could not execute [./jbang, trust, add, https://repo1.maven.org/maven2/io/quarkus/] in /var/folders/j8/sj85tl7d2pq_vnhbpj4t5lwm0000gn/T/junit13211042671926172745/cli_2.7.0.Final-platform_2.7.1.Final. Error=2, No such file or directory
	at io.quarkus.devtools.compat.CliCompatTest.jbang(CliCompatTest.java:141)
	at io.quarkus.devtools.compat.CliCompatTest.testCLI(CliCompatTest.java:110)
	at io.quarkus.devtools.compat.CliCompatTest.lambda$generateTests$10(CliCompatTest.java:99)
Caused by: java.io.IOException: Cannot run program "./jbang" (in directory "/var/folders/j8/sj85tl7d2pq_vnhbpj4t5lwm0000gn/T/junit13211042671926172745/cli_2.7.0.Final-platform_2.7.1.Final"): error=2, No such file or directory
	at io.quarkus.devtools.compat.CliCompatTest.jbang(CliCompatTest.java:141)
	at io.quarkus.devtools.compat.CliCompatTest.testCLI(CliCompatTest.java:110)
	at io.quarkus.devtools.compat.CliCompatTest.lambda$generateTests$10(CliCompatTest.java:99)
Caused by: java.io.IOException: error=2, No such file or directory
	at io.quarkus.devtools.compat.CliCompatTest.jbang(CliCompatTest.java:141)
	at io.quarkus.devtools.compat.CliCompatTest.testCLI(CliCompatTest.java:110)
	at io.quarkus.devtools.compat.CliCompatTest.lambda$generateTests$10(CliCompatTest.java:99)

testCli{Path}[69]  Time elapsed: 0.004 s  <<< ERROR!
org.zeroturnaround.exec.ProcessInitException: Could not execute [./jbang, trust, add, https://repo1.maven.org/maven2/io/quarkus/] in /var/folders/j8/sj85tl7d2pq_vnhbpj4t5lwm0000gn/T/junit13211042671926172745/cli_2.6.3.Final-platform_2.7.1.Final. Error=2, No such file or directory
	at io.quarkus.devtools.compat.CliCompatTest.jbang(CliCompatTest.java:141)
	at io.quarkus.devtools.compat.CliCompatTest.testCLI(CliCompatTest.java:110)
	at io.quarkus.devtools.compat.CliCompatTest.lambda$generateTests$10(CliCompatTest.java:99)
Caused by: java.io.IOException: Cannot run program "./jbang" (in directory "/var/folders/j8/sj85tl7d2pq_vnhbpj4t5lwm0000gn/T/junit13211042671926172745/cli_2.6.3.Final-platform_2.7.1.Final"): error=2, No such file or directory
	at io.quarkus.devtools.compat.CliCompatTest.jbang(CliCompatTest.java:141)
	at io.quarkus.devtools.compat.CliCompatTest.testCLI(CliCompatTest.java:110)
	at io.quarkus.devtools.compat.CliCompatTest.lambda$generateTests$10(CliCompatTest.java:99)
Caused by: java.io.IOException: error=2, No such file or directory
	at io.quarkus.devtools.compat.CliCompatTest.jbang(CliCompatTest.java:141)
	at io.quarkus.devtools.compat.CliCompatTest.testCLI(CliCompatTest.java:110)
	at io.quarkus.devtools.compat.CliCompatTest.lambda$generateTests$10(CliCompatTest.java:99)

testCli{Path}[70]  Time elapsed: 0.003 s  <<< ERROR!
org.zeroturnaround.exec.ProcessInitException: Could not execute [./jbang, trust, add, https://repo1.maven.org/maven2/io/quarkus/] in /var/folders/j8/sj85tl7d2pq_vnhbpj4t5lwm0000gn/T/junit13211042671926172745/cli_2.6.2.Final-platform_2.7.1.Final. Error=2, No such file or directory
	at io.quarkus.devtools.compat.CliCompatTest.jbang(CliCompatTest.java:141)
	at io.quarkus.devtools.compat.CliCompatTest.testCLI(CliCompatTest.java:110)
	at io.quarkus.devtools.compat.CliCompatTest.lambda$generateTests$10(CliCompatTest.java:99)
Caused by: java.io.IOException: Cannot run program "./jbang" (in directory "/var/folders/j8/sj85tl7d2pq_vnhbpj4t5lwm0000gn/T/junit13211042671926172745/cli_2.6.2.Final-platform_2.7.1.Final"): error=2, No such file or directory
	at io.quarkus.devtools.compat.CliCompatTest.jbang(CliCompatTest.java:141)
	at io.quarkus.devtools.compat.CliCompatTest.testCLI(CliCompatTest.java:110)
	at io.quarkus.devtools.compat.CliCompatTest.lambda$generateTests$10(CliCompatTest.java:99)
Caused by: java.io.IOException: error=2, No such file or directory
	at io.quarkus.devtools.compat.CliCompatTest.jbang(CliCompatTest.java:141)
	at io.quarkus.devtools.compat.CliCompatTest.testCLI(CliCompatTest.java:110)
	at io.quarkus.devtools.compat.CliCompatTest.lambda$generateTests$10(CliCompatTest.java:99)

testCli{Path}[71]  Time elapsed: 0.004 s  <<< ERROR!
org.zeroturnaround.exec.ProcessInitException: Could not execute [./jbang, trust, add, https://repo1.maven.org/maven2/io/quarkus/] in /var/folders/j8/sj85tl7d2pq_vnhbpj4t5lwm0000gn/T/junit13211042671926172745/cli_2.8.1.Final-platform_2.7.0.Final. Error=2, No such file or directory
	at io.quarkus.devtools.compat.CliCompatTest.jbang(CliCompatTest.java:141)
	at io.quarkus.devtools.compat.CliCompatTest.testCLI(CliCompatTest.java:110)
	at io.quarkus.devtools.compat.CliCompatTest.lambda$generateTests$10(CliCompatTest.java:99)
Caused by: java.io.IOException: Cannot run program "./jbang" (in directory "/var/folders/j8/sj85tl7d2pq_vnhbpj4t5lwm0000gn/T/junit13211042671926172745/cli_2.8.1.Final-platform_2.7.0.Final"): error=2, No such file or directory
	at io.quarkus.devtools.compat.CliCompatTest.jbang(CliCompatTest.java:141)
	at io.quarkus.devtools.compat.CliCompatTest.testCLI(CliCompatTest.java:110)
	at io.quarkus.devtools.compat.CliCompatTest.lambda$generateTests$10(CliCompatTest.java:99)
Caused by: java.io.IOException: error=2, No such file or directory
	at io.quarkus.devtools.compat.CliCompatTest.jbang(CliCompatTest.java:141)
	at io.quarkus.devtools.compat.CliCompatTest.testCLI(CliCompatTest.java:110)
	at io.quarkus.devtools.compat.CliCompatTest.lambda$generateTests$10(CliCompatTest.java:99)

testCli{Path}[72]  Time elapsed: 0.003 s  <<< ERROR!
org.zeroturnaround.exec.ProcessInitException: Could not execute [./jbang, trust, add, https://repo1.maven.org/maven2/io/quarkus/] in /var/folders/j8/sj85tl7d2pq_vnhbpj4t5lwm0000gn/T/junit13211042671926172745/cli_2.8.0.Final-platform_2.7.0.Final. Error=2, No such file or directory
	at io.quarkus.devtools.compat.CliCompatTest.jbang(CliCompatTest.java:141)
	at io.quarkus.devtools.compat.CliCompatTest.testCLI(CliCompatTest.java:110)
	at io.quarkus.devtools.compat.CliCompatTest.lambda$generateTests$10(CliCompatTest.java:99)
Caused by: java.io.IOException: Cannot run program "./jbang" (in directory "/var/folders/j8/sj85tl7d2pq_vnhbpj4t5lwm0000gn/T/junit13211042671926172745/cli_2.8.0.Final-platform_2.7.0.Final"): error=2, No such file or directory
	at io.quarkus.devtools.compat.CliCompatTest.jbang(CliCompatTest.java:141)
	at io.quarkus.devtools.compat.CliCompatTest.testCLI(CliCompatTest.java:110)
	at io.quarkus.devtools.compat.CliCompatTest.lambda$generateTests$10(CliCompatTest.java:99)
Caused by: java.io.IOException: error=2, No such file or directory
	at io.quarkus.devtools.compat.CliCompatTest.jbang(CliCompatTest.java:141)
	at io.quarkus.devtools.compat.CliCompatTest.testCLI(CliCompatTest.java:110)
	at io.quarkus.devtools.compat.CliCompatTest.lambda$generateTests$10(CliCompatTest.java:99)

testCli{Path}[73]  Time elapsed: 0.004 s  <<< ERROR!
org.zeroturnaround.exec.ProcessInitException: Could not execute [./jbang, trust, add, https://repo1.maven.org/maven2/io/quarkus/] in /var/folders/j8/sj85tl7d2pq_vnhbpj4t5lwm0000gn/T/junit13211042671926172745/cli_2.7.5.Final-platform_2.7.0.Final. Error=2, No such file or directory
	at io.quarkus.devtools.compat.CliCompatTest.jbang(CliCompatTest.java:141)
	at io.quarkus.devtools.compat.CliCompatTest.testCLI(CliCompatTest.java:110)
	at io.quarkus.devtools.compat.CliCompatTest.lambda$generateTests$10(CliCompatTest.java:99)
Caused by: java.io.IOException: Cannot run program "./jbang" (in directory "/var/folders/j8/sj85tl7d2pq_vnhbpj4t5lwm0000gn/T/junit13211042671926172745/cli_2.7.5.Final-platform_2.7.0.Final"): error=2, No such file or directory
	at io.quarkus.devtools.compat.CliCompatTest.jbang(CliCompatTest.java:141)
	at io.quarkus.devtools.compat.CliCompatTest.testCLI(CliCompatTest.java:110)
	at io.quarkus.devtools.compat.CliCompatTest.lambda$generateTests$10(CliCompatTest.java:99)
Caused by: java.io.IOException: error=2, No such file or directory
	at io.quarkus.devtools.compat.CliCompatTest.jbang(CliCompatTest.java:141)
	at io.quarkus.devtools.compat.CliCompatTest.testCLI(CliCompatTest.java:110)
	at io.quarkus.devtools.compat.CliCompatTest.lambda$generateTests$10(CliCompatTest.java:99)

testCli{Path}[74]  Time elapsed: 0.004 s  <<< ERROR!
org.zeroturnaround.exec.ProcessInitException: Could not execute [./jbang, trust, add, https://repo1.maven.org/maven2/io/quarkus/] in /var/folders/j8/sj85tl7d2pq_vnhbpj4t5lwm0000gn/T/junit13211042671926172745/cli_2.7.4.Final-platform_2.7.0.Final. Error=2, No such file or directory
	at io.quarkus.devtools.compat.CliCompatTest.jbang(CliCompatTest.java:141)
	at io.quarkus.devtools.compat.CliCompatTest.testCLI(CliCompatTest.java:110)
	at io.quarkus.devtools.compat.CliCompatTest.lambda$generateTests$10(CliCompatTest.java:99)
Caused by: java.io.IOException: Cannot run program "./jbang" (in directory "/var/folders/j8/sj85tl7d2pq_vnhbpj4t5lwm0000gn/T/junit13211042671926172745/cli_2.7.4.Final-platform_2.7.0.Final"): error=2, No such file or directory
	at io.quarkus.devtools.compat.CliCompatTest.jbang(CliCompatTest.java:141)
	at io.quarkus.devtools.compat.CliCompatTest.testCLI(CliCompatTest.java:110)
	at io.quarkus.devtools.compat.CliCompatTest.lambda$generateTests$10(CliCompatTest.java:99)
Caused by: java.io.IOException: error=2, No such file or directory
	at io.quarkus.devtools.compat.CliCompatTest.jbang(CliCompatTest.java:141)
	at io.quarkus.devtools.compat.CliCompatTest.testCLI(CliCompatTest.java:110)
	at io.quarkus.devtools.compat.CliCompatTest.lambda$generateTests$10(CliCompatTest.java:99)

testCli{Path}[75]  Time elapsed: 0.003 s  <<< ERROR!
org.zeroturnaround.exec.ProcessInitException: Could not execute [./jbang, trust, add, https://repo1.maven.org/maven2/io/quarkus/] in /var/folders/j8/sj85tl7d2pq_vnhbpj4t5lwm0000gn/T/junit13211042671926172745/cli_2.7.3.Final-platform_2.7.0.Final. Error=2, No such file or directory
	at io.quarkus.devtools.compat.CliCompatTest.jbang(CliCompatTest.java:141)
	at io.quarkus.devtools.compat.CliCompatTest.testCLI(CliCompatTest.java:110)
	at io.quarkus.devtools.compat.CliCompatTest.lambda$generateTests$10(CliCompatTest.java:99)
Caused by: java.io.IOException: Cannot run program "./jbang" (in directory "/var/folders/j8/sj85tl7d2pq_vnhbpj4t5lwm0000gn/T/junit13211042671926172745/cli_2.7.3.Final-platform_2.7.0.Final"): error=2, No such file or directory
	at io.quarkus.devtools.compat.CliCompatTest.jbang(CliCompatTest.java:141)
	at io.quarkus.devtools.compat.CliCompatTest.testCLI(CliCompatTest.java:110)
	at io.quarkus.devtools.compat.CliCompatTest.lambda$generateTests$10(CliCompatTest.java:99)
Caused by: java.io.IOException: error=2, No such file or directory
	at io.quarkus.devtools.compat.CliCompatTest.jbang(CliCompatTest.java:141)
	at io.quarkus.devtools.compat.CliCompatTest.testCLI(CliCompatTest.java:110)
	at io.quarkus.devtools.compat.CliCompatTest.lambda$generateTests$10(CliCompatTest.java:99)

testCli{Path}[76]  Time elapsed: 0.004 s  <<< ERROR!
org.zeroturnaround.exec.ProcessInitException: Could not execute [./jbang, trust, add, https://repo1.maven.org/maven2/io/quarkus/] in /var/folders/j8/sj85tl7d2pq_vnhbpj4t5lwm0000gn/T/junit13211042671926172745/cli_2.7.2.Final-platform_2.7.0.Final. Error=2, No such file or directory
	at io.quarkus.devtools.compat.CliCompatTest.jbang(CliCompatTest.java:141)
	at io.quarkus.devtools.compat.CliCompatTest.testCLI(CliCompatTest.java:110)
	at io.quarkus.devtools.compat.CliCompatTest.lambda$generateTests$10(CliCompatTest.java:99)
Caused by: java.io.IOException: Cannot run program "./jbang" (in directory "/var/folders/j8/sj85tl7d2pq_vnhbpj4t5lwm0000gn/T/junit13211042671926172745/cli_2.7.2.Final-platform_2.7.0.Final"): error=2, No such file or directory
	at io.quarkus.devtools.compat.CliCompatTest.jbang(CliCompatTest.java:141)
	at io.quarkus.devtools.compat.CliCompatTest.testCLI(CliCompatTest.java:110)
	at io.quarkus.devtools.compat.CliCompatTest.lambda$generateTests$10(CliCompatTest.java:99)
Caused by: java.io.IOException: error=2, No such file or directory
	at io.quarkus.devtools.compat.CliCompatTest.jbang(CliCompatTest.java:141)
	at io.quarkus.devtools.compat.CliCompatTest.testCLI(CliCompatTest.java:110)
	at io.quarkus.devtools.compat.CliCompatTest.lambda$generateTests$10(CliCompatTest.java:99)

testCli{Path}[77]  Time elapsed: 0.004 s  <<< ERROR!
org.zeroturnaround.exec.ProcessInitException: Could not execute [./jbang, trust, add, https://repo1.maven.org/maven2/io/quarkus/] in /var/folders/j8/sj85tl7d2pq_vnhbpj4t5lwm0000gn/T/junit13211042671926172745/cli_2.7.1.Final-platform_2.7.0.Final. Error=2, No such file or directory
	at io.quarkus.devtools.compat.CliCompatTest.jbang(CliCompatTest.java:141)
	at io.quarkus.devtools.compat.CliCompatTest.testCLI(CliCompatTest.java:110)
	at io.quarkus.devtools.compat.CliCompatTest.lambda$generateTests$10(CliCompatTest.java:99)
Caused by: java.io.IOException: Cannot run program "./jbang" (in directory "/var/folders/j8/sj85tl7d2pq_vnhbpj4t5lwm0000gn/T/junit13211042671926172745/cli_2.7.1.Final-platform_2.7.0.Final"): error=2, No such file or directory
	at io.quarkus.devtools.compat.CliCompatTest.jbang(CliCompatTest.java:141)
	at io.quarkus.devtools.compat.CliCompatTest.testCLI(CliCompatTest.java:110)
	at io.quarkus.devtools.compat.CliCompatTest.lambda$generateTests$10(CliCompatTest.java:99)
Caused by: java.io.IOException: error=2, No such file or directory
	at io.quarkus.devtools.compat.CliCompatTest.jbang(CliCompatTest.java:141)
	at io.quarkus.devtools.compat.CliCompatTest.testCLI(CliCompatTest.java:110)
	at io.quarkus.devtools.compat.CliCompatTest.lambda$generateTests$10(CliCompatTest.java:99)

testCli{Path}[78]  Time elapsed: 0.003 s  <<< ERROR!
org.zeroturnaround.exec.ProcessInitException: Could not execute [./jbang, trust, add, https://repo1.maven.org/maven2/io/quarkus/] in /var/folders/j8/sj85tl7d2pq_vnhbpj4t5lwm0000gn/T/junit13211042671926172745/cli_2.7.0.Final-platform_2.7.0.Final. Error=2, No such file or directory
	at io.quarkus.devtools.compat.CliCompatTest.jbang(CliCompatTest.java:141)
	at io.quarkus.devtools.compat.CliCompatTest.testCLI(CliCompatTest.java:110)
	at io.quarkus.devtools.compat.CliCompatTest.lambda$generateTests$10(CliCompatTest.java:99)
Caused by: java.io.IOException: Cannot run program "./jbang" (in directory "/var/folders/j8/sj85tl7d2pq_vnhbpj4t5lwm0000gn/T/junit13211042671926172745/cli_2.7.0.Final-platform_2.7.0.Final"): error=2, No such file or directory
	at io.quarkus.devtools.compat.CliCompatTest.jbang(CliCompatTest.java:141)
	at io.quarkus.devtools.compat.CliCompatTest.testCLI(CliCompatTest.java:110)
	at io.quarkus.devtools.compat.CliCompatTest.lambda$generateTests$10(CliCompatTest.java:99)
Caused by: java.io.IOException: error=2, No such file or directory
	at io.quarkus.devtools.compat.CliCompatTest.jbang(CliCompatTest.java:141)
	at io.quarkus.devtools.compat.CliCompatTest.testCLI(CliCompatTest.java:110)
	at io.quarkus.devtools.compat.CliCompatTest.lambda$generateTests$10(CliCompatTest.java:99)

testCli{Path}[79]  Time elapsed: 0.003 s  <<< ERROR!
org.zeroturnaround.exec.ProcessInitException: Could not execute [./jbang, trust, add, https://repo1.maven.org/maven2/io/quarkus/] in /var/folders/j8/sj85tl7d2pq_vnhbpj4t5lwm0000gn/T/junit13211042671926172745/cli_2.6.3.Final-platform_2.7.0.Final. Error=2, No such file or directory
	at io.quarkus.devtools.compat.CliCompatTest.jbang(CliCompatTest.java:141)
	at io.quarkus.devtools.compat.CliCompatTest.testCLI(CliCompatTest.java:110)
	at io.quarkus.devtools.compat.CliCompatTest.lambda$generateTests$10(CliCompatTest.java:99)
Caused by: java.io.IOException: Cannot run program "./jbang" (in directory "/var/folders/j8/sj85tl7d2pq_vnhbpj4t5lwm0000gn/T/junit13211042671926172745/cli_2.6.3.Final-platform_2.7.0.Final"): error=2, No such file or directory
	at io.quarkus.devtools.compat.CliCompatTest.jbang(CliCompatTest.java:141)
	at io.quarkus.devtools.compat.CliCompatTest.testCLI(CliCompatTest.java:110)
	at io.quarkus.devtools.compat.CliCompatTest.lambda$generateTests$10(CliCompatTest.java:99)
Caused by: java.io.IOException: error=2, No such file or directory
	at io.quarkus.devtools.compat.CliCompatTest.jbang(CliCompatTest.java:141)
	at io.quarkus.devtools.compat.CliCompatTest.testCLI(CliCompatTest.java:110)
	at io.quarkus.devtools.compat.CliCompatTest.lambda$generateTests$10(CliCompatTest.java:99)

testCli{Path}[80]  Time elapsed: 0.003 s  <<< ERROR!
org.zeroturnaround.exec.ProcessInitException: Could not execute [./jbang, trust, add, https://repo1.maven.org/maven2/io/quarkus/] in /var/folders/j8/sj85tl7d2pq_vnhbpj4t5lwm0000gn/T/junit13211042671926172745/cli_2.6.2.Final-platform_2.7.0.Final. Error=2, No such file or directory
	at io.quarkus.devtools.compat.CliCompatTest.jbang(CliCompatTest.java:141)
	at io.quarkus.devtools.compat.CliCompatTest.testCLI(CliCompatTest.java:110)
	at io.quarkus.devtools.compat.CliCompatTest.lambda$generateTests$10(CliCompatTest.java:99)
Caused by: java.io.IOException: Cannot run program "./jbang" (in directory "/var/folders/j8/sj85tl7d2pq_vnhbpj4t5lwm0000gn/T/junit13211042671926172745/cli_2.6.2.Final-platform_2.7.0.Final"): error=2, No such file or directory
	at io.quarkus.devtools.compat.CliCompatTest.jbang(CliCompatTest.java:141)
	at io.quarkus.devtools.compat.CliCompatTest.testCLI(CliCompatTest.java:110)
	at io.quarkus.devtools.compat.CliCompatTest.lambda$generateTests$10(CliCompatTest.java:99)
Caused by: java.io.IOException: error=2, No such file or directory
	at io.quarkus.devtools.compat.CliCompatTest.jbang(CliCompatTest.java:141)
	at io.quarkus.devtools.compat.CliCompatTest.testCLI(CliCompatTest.java:110)
	at io.quarkus.devtools.compat.CliCompatTest.lambda$generateTests$10(CliCompatTest.java:99)

testCli{Path}[81]  Time elapsed: 0.003 s  <<< ERROR!
org.zeroturnaround.exec.ProcessInitException: Could not execute [./jbang, trust, add, https://repo1.maven.org/maven2/io/quarkus/] in /var/folders/j8/sj85tl7d2pq_vnhbpj4t5lwm0000gn/T/junit13211042671926172745/cli_2.8.1.Final-platform_2.6.3.Final. Error=2, No such file or directory
	at io.quarkus.devtools.compat.CliCompatTest.jbang(CliCompatTest.java:141)
	at io.quarkus.devtools.compat.CliCompatTest.testCLI(CliCompatTest.java:110)
	at io.quarkus.devtools.compat.CliCompatTest.lambda$generateTests$10(CliCompatTest.java:99)
Caused by: java.io.IOException: Cannot run program "./jbang" (in directory "/var/folders/j8/sj85tl7d2pq_vnhbpj4t5lwm0000gn/T/junit13211042671926172745/cli_2.8.1.Final-platform_2.6.3.Final"): error=2, No such file or directory
	at io.quarkus.devtools.compat.CliCompatTest.jbang(CliCompatTest.java:141)
	at io.quarkus.devtools.compat.CliCompatTest.testCLI(CliCompatTest.java:110)
	at io.quarkus.devtools.compat.CliCompatTest.lambda$generateTests$10(CliCompatTest.java:99)
Caused by: java.io.IOException: error=2, No such file or directory
	at io.quarkus.devtools.compat.CliCompatTest.jbang(CliCompatTest.java:141)
	at io.quarkus.devtools.compat.CliCompatTest.testCLI(CliCompatTest.java:110)
	at io.quarkus.devtools.compat.CliCompatTest.lambda$generateTests$10(CliCompatTest.java:99)

testCli{Path}[82]  Time elapsed: 0.004 s  <<< ERROR!
org.zeroturnaround.exec.ProcessInitException: Could not execute [./jbang, trust, add, https://repo1.maven.org/maven2/io/quarkus/] in /var/folders/j8/sj85tl7d2pq_vnhbpj4t5lwm0000gn/T/junit13211042671926172745/cli_2.8.0.Final-platform_2.6.3.Final. Error=2, No such file or directory
	at io.quarkus.devtools.compat.CliCompatTest.jbang(CliCompatTest.java:141)
	at io.quarkus.devtools.compat.CliCompatTest.testCLI(CliCompatTest.java:110)
	at io.quarkus.devtools.compat.CliCompatTest.lambda$generateTests$10(CliCompatTest.java:99)
Caused by: java.io.IOException: Cannot run program "./jbang" (in directory "/var/folders/j8/sj85tl7d2pq_vnhbpj4t5lwm0000gn/T/junit13211042671926172745/cli_2.8.0.Final-platform_2.6.3.Final"): error=2, No such file or directory
	at io.quarkus.devtools.compat.CliCompatTest.jbang(CliCompatTest.java:141)
	at io.quarkus.devtools.compat.CliCompatTest.testCLI(CliCompatTest.java:110)
	at io.quarkus.devtools.compat.CliCompatTest.lambda$generateTests$10(CliCompatTest.java:99)
Caused by: java.io.IOException: error=2, No such file or directory
	at io.quarkus.devtools.compat.CliCompatTest.jbang(CliCompatTest.java:141)
	at io.quarkus.devtools.compat.CliCompatTest.testCLI(CliCompatTest.java:110)
	at io.quarkus.devtools.compat.CliCompatTest.lambda$generateTests$10(CliCompatTest.java:99)

testCli{Path}[83]  Time elapsed: 0.003 s  <<< ERROR!
org.zeroturnaround.exec.ProcessInitException: Could not execute [./jbang, trust, add, https://repo1.maven.org/maven2/io/quarkus/] in /var/folders/j8/sj85tl7d2pq_vnhbpj4t5lwm0000gn/T/junit13211042671926172745/cli_2.7.5.Final-platform_2.6.3.Final. Error=2, No such file or directory
	at io.quarkus.devtools.compat.CliCompatTest.jbang(CliCompatTest.java:141)
	at io.quarkus.devtools.compat.CliCompatTest.testCLI(CliCompatTest.java:110)
	at io.quarkus.devtools.compat.CliCompatTest.lambda$generateTests$10(CliCompatTest.java:99)
Caused by: java.io.IOException: Cannot run program "./jbang" (in directory "/var/folders/j8/sj85tl7d2pq_vnhbpj4t5lwm0000gn/T/junit13211042671926172745/cli_2.7.5.Final-platform_2.6.3.Final"): error=2, No such file or directory
	at io.quarkus.devtools.compat.CliCompatTest.jbang(CliCompatTest.java:141)
	at io.quarkus.devtools.compat.CliCompatTest.testCLI(CliCompatTest.java:110)
	at io.quarkus.devtools.compat.CliCompatTest.lambda$generateTests$10(CliCompatTest.java:99)
Caused by: java.io.IOException: error=2, No such file or directory
	at io.quarkus.devtools.compat.CliCompatTest.jbang(CliCompatTest.java:141)
	at io.quarkus.devtools.compat.CliCompatTest.testCLI(CliCompatTest.java:110)
	at io.quarkus.devtools.compat.CliCompatTest.lambda$generateTests$10(CliCompatTest.java:99)

testCli{Path}[84]  Time elapsed: 0.003 s  <<< ERROR!
org.zeroturnaround.exec.ProcessInitException: Could not execute [./jbang, trust, add, https://repo1.maven.org/maven2/io/quarkus/] in /var/folders/j8/sj85tl7d2pq_vnhbpj4t5lwm0000gn/T/junit13211042671926172745/cli_2.7.4.Final-platform_2.6.3.Final. Error=2, No such file or directory
	at io.quarkus.devtools.compat.CliCompatTest.jbang(CliCompatTest.java:141)
	at io.quarkus.devtools.compat.CliCompatTest.testCLI(CliCompatTest.java:110)
	at io.quarkus.devtools.compat.CliCompatTest.lambda$generateTests$10(CliCompatTest.java:99)
Caused by: java.io.IOException: Cannot run program "./jbang" (in directory "/var/folders/j8/sj85tl7d2pq_vnhbpj4t5lwm0000gn/T/junit13211042671926172745/cli_2.7.4.Final-platform_2.6.3.Final"): error=2, No such file or directory
	at io.quarkus.devtools.compat.CliCompatTest.jbang(CliCompatTest.java:141)
	at io.quarkus.devtools.compat.CliCompatTest.testCLI(CliCompatTest.java:110)
	at io.quarkus.devtools.compat.CliCompatTest.lambda$generateTests$10(CliCompatTest.java:99)
Caused by: java.io.IOException: error=2, No such file or directory
	at io.quarkus.devtools.compat.CliCompatTest.jbang(CliCompatTest.java:141)
	at io.quarkus.devtools.compat.CliCompatTest.testCLI(CliCompatTest.java:110)
	at io.quarkus.devtools.compat.CliCompatTest.lambda$generateTests$10(CliCompatTest.java:99)

testCli{Path}[85]  Time elapsed: 0.004 s  <<< ERROR!
org.zeroturnaround.exec.ProcessInitException: Could not execute [./jbang, trust, add, https://repo1.maven.org/maven2/io/quarkus/] in /var/folders/j8/sj85tl7d2pq_vnhbpj4t5lwm0000gn/T/junit13211042671926172745/cli_2.7.3.Final-platform_2.6.3.Final. Error=2, No such file or directory
	at io.quarkus.devtools.compat.CliCompatTest.jbang(CliCompatTest.java:141)
	at io.quarkus.devtools.compat.CliCompatTest.testCLI(CliCompatTest.java:110)
	at io.quarkus.devtools.compat.CliCompatTest.lambda$generateTests$10(CliCompatTest.java:99)
Caused by: java.io.IOException: Cannot run program "./jbang" (in directory "/var/folders/j8/sj85tl7d2pq_vnhbpj4t5lwm0000gn/T/junit13211042671926172745/cli_2.7.3.Final-platform_2.6.3.Final"): error=2, No such file or directory
	at io.quarkus.devtools.compat.CliCompatTest.jbang(CliCompatTest.java:141)
	at io.quarkus.devtools.compat.CliCompatTest.testCLI(CliCompatTest.java:110)
	at io.quarkus.devtools.compat.CliCompatTest.lambda$generateTests$10(CliCompatTest.java:99)
Caused by: java.io.IOException: error=2, No such file or directory
	at io.quarkus.devtools.compat.CliCompatTest.jbang(CliCompatTest.java:141)
	at io.quarkus.devtools.compat.CliCompatTest.testCLI(CliCompatTest.java:110)
	at io.quarkus.devtools.compat.CliCompatTest.lambda$generateTests$10(CliCompatTest.java:99)

testCli{Path}[86]  Time elapsed: 0.004 s  <<< ERROR!
org.zeroturnaround.exec.ProcessInitException: Could not execute [./jbang, trust, add, https://repo1.maven.org/maven2/io/quarkus/] in /var/folders/j8/sj85tl7d2pq_vnhbpj4t5lwm0000gn/T/junit13211042671926172745/cli_2.7.2.Final-platform_2.6.3.Final. Error=2, No such file or directory
	at io.quarkus.devtools.compat.CliCompatTest.jbang(CliCompatTest.java:141)
	at io.quarkus.devtools.compat.CliCompatTest.testCLI(CliCompatTest.java:110)
	at io.quarkus.devtools.compat.CliCompatTest.lambda$generateTests$10(CliCompatTest.java:99)
Caused by: java.io.IOException: Cannot run program "./jbang" (in directory "/var/folders/j8/sj85tl7d2pq_vnhbpj4t5lwm0000gn/T/junit13211042671926172745/cli_2.7.2.Final-platform_2.6.3.Final"): error=2, No such file or directory
	at io.quarkus.devtools.compat.CliCompatTest.jbang(CliCompatTest.java:141)
	at io.quarkus.devtools.compat.CliCompatTest.testCLI(CliCompatTest.java:110)
	at io.quarkus.devtools.compat.CliCompatTest.lambda$generateTests$10(CliCompatTest.java:99)
Caused by: java.io.IOException: error=2, No such file or directory
	at io.quarkus.devtools.compat.CliCompatTest.jbang(CliCompatTest.java:141)
	at io.quarkus.devtools.compat.CliCompatTest.testCLI(CliCompatTest.java:110)
	at io.quarkus.devtools.compat.CliCompatTest.lambda$generateTests$10(CliCompatTest.java:99)

testCli{Path}[87]  Time elapsed: 0.004 s  <<< ERROR!
org.zeroturnaround.exec.ProcessInitException: Could not execute [./jbang, trust, add, https://repo1.maven.org/maven2/io/quarkus/] in /var/folders/j8/sj85tl7d2pq_vnhbpj4t5lwm0000gn/T/junit13211042671926172745/cli_2.7.1.Final-platform_2.6.3.Final. Error=2, No such file or directory
	at io.quarkus.devtools.compat.CliCompatTest.jbang(CliCompatTest.java:141)
	at io.quarkus.devtools.compat.CliCompatTest.testCLI(CliCompatTest.java:110)
	at io.quarkus.devtools.compat.CliCompatTest.lambda$generateTests$10(CliCompatTest.java:99)
Caused by: java.io.IOException: Cannot run program "./jbang" (in directory "/var/folders/j8/sj85tl7d2pq_vnhbpj4t5lwm0000gn/T/junit13211042671926172745/cli_2.7.1.Final-platform_2.6.3.Final"): error=2, No such file or directory
	at io.quarkus.devtools.compat.CliCompatTest.jbang(CliCompatTest.java:141)
	at io.quarkus.devtools.compat.CliCompatTest.testCLI(CliCompatTest.java:110)
	at io.quarkus.devtools.compat.CliCompatTest.lambda$generateTests$10(CliCompatTest.java:99)
Caused by: java.io.IOException: error=2, No such file or directory
	at io.quarkus.devtools.compat.CliCompatTest.jbang(CliCompatTest.java:141)
	at io.quarkus.devtools.compat.CliCompatTest.testCLI(CliCompatTest.java:110)
	at io.quarkus.devtools.compat.CliCompatTest.lambda$generateTests$10(CliCompatTest.java:99)

testCli{Path}[88]  Time elapsed: 0.003 s  <<< ERROR!
org.zeroturnaround.exec.ProcessInitException: Could not execute [./jbang, trust, add, https://repo1.maven.org/maven2/io/quarkus/] in /var/folders/j8/sj85tl7d2pq_vnhbpj4t5lwm0000gn/T/junit13211042671926172745/cli_2.7.0.Final-platform_2.6.3.Final. Error=2, No such file or directory
	at io.quarkus.devtools.compat.CliCompatTest.jbang(CliCompatTest.java:141)
	at io.quarkus.devtools.compat.CliCompatTest.testCLI(CliCompatTest.java:110)
	at io.quarkus.devtools.compat.CliCompatTest.lambda$generateTests$10(CliCompatTest.java:99)
Caused by: java.io.IOException: Cannot run program "./jbang" (in directory "/var/folders/j8/sj85tl7d2pq_vnhbpj4t5lwm0000gn/T/junit13211042671926172745/cli_2.7.0.Final-platform_2.6.3.Final"): error=2, No such file or directory
	at io.quarkus.devtools.compat.CliCompatTest.jbang(CliCompatTest.java:141)
	at io.quarkus.devtools.compat.CliCompatTest.testCLI(CliCompatTest.java:110)
	at io.quarkus.devtools.compat.CliCompatTest.lambda$generateTests$10(CliCompatTest.java:99)
Caused by: java.io.IOException: error=2, No such file or directory
	at io.quarkus.devtools.compat.CliCompatTest.jbang(CliCompatTest.java:141)
	at io.quarkus.devtools.compat.CliCompatTest.testCLI(CliCompatTest.java:110)
	at io.quarkus.devtools.compat.CliCompatTest.lambda$generateTests$10(CliCompatTest.java:99)

testCli{Path}[89]  Time elapsed: 0.004 s  <<< ERROR!
org.zeroturnaround.exec.ProcessInitException: Could not execute [./jbang, trust, add, https://repo1.maven.org/maven2/io/quarkus/] in /var/folders/j8/sj85tl7d2pq_vnhbpj4t5lwm0000gn/T/junit13211042671926172745/cli_2.6.3.Final-platform_2.6.3.Final. Error=2, No such file or directory
	at io.quarkus.devtools.compat.CliCompatTest.jbang(CliCompatTest.java:141)
	at io.quarkus.devtools.compat.CliCompatTest.testCLI(CliCompatTest.java:110)
	at io.quarkus.devtools.compat.CliCompatTest.lambda$generateTests$10(CliCompatTest.java:99)
Caused by: java.io.IOException: Cannot run program "./jbang" (in directory "/var/folders/j8/sj85tl7d2pq_vnhbpj4t5lwm0000gn/T/junit13211042671926172745/cli_2.6.3.Final-platform_2.6.3.Final"): error=2, No such file or directory
	at io.quarkus.devtools.compat.CliCompatTest.jbang(CliCompatTest.java:141)
	at io.quarkus.devtools.compat.CliCompatTest.testCLI(CliCompatTest.java:110)
	at io.quarkus.devtools.compat.CliCompatTest.lambda$generateTests$10(CliCompatTest.java:99)
Caused by: java.io.IOException: error=2, No such file or directory
	at io.quarkus.devtools.compat.CliCompatTest.jbang(CliCompatTest.java:141)
	at io.quarkus.devtools.compat.CliCompatTest.testCLI(CliCompatTest.java:110)
	at io.quarkus.devtools.compat.CliCompatTest.lambda$generateTests$10(CliCompatTest.java:99)

testCli{Path}[90]  Time elapsed: 0.003 s  <<< ERROR!
org.zeroturnaround.exec.ProcessInitException: Could not execute [./jbang, trust, add, https://repo1.maven.org/maven2/io/quarkus/] in /var/folders/j8/sj85tl7d2pq_vnhbpj4t5lwm0000gn/T/junit13211042671926172745/cli_2.6.2.Final-platform_2.6.3.Final. Error=2, No such file or directory
	at io.quarkus.devtools.compat.CliCompatTest.jbang(CliCompatTest.java:141)
	at io.quarkus.devtools.compat.CliCompatTest.testCLI(CliCompatTest.java:110)
	at io.quarkus.devtools.compat.CliCompatTest.lambda$generateTests$10(CliCompatTest.java:99)
Caused by: java.io.IOException: Cannot run program "./jbang" (in directory "/var/folders/j8/sj85tl7d2pq_vnhbpj4t5lwm0000gn/T/junit13211042671926172745/cli_2.6.2.Final-platform_2.6.3.Final"): error=2, No such file or directory
	at io.quarkus.devtools.compat.CliCompatTest.jbang(CliCompatTest.java:141)
	at io.quarkus.devtools.compat.CliCompatTest.testCLI(CliCompatTest.java:110)
	at io.quarkus.devtools.compat.CliCompatTest.lambda$generateTests$10(CliCompatTest.java:99)
Caused by: java.io.IOException: error=2, No such file or directory
	at io.quarkus.devtools.compat.CliCompatTest.jbang(CliCompatTest.java:141)
	at io.quarkus.devtools.compat.CliCompatTest.testCLI(CliCompatTest.java:110)
	at io.quarkus.devtools.compat.CliCompatTest.lambda$generateTests$10(CliCompatTest.java:99)

testCli{Path}[91]  Time elapsed: 0.003 s  <<< ERROR!
org.zeroturnaround.exec.ProcessInitException: Could not execute [./jbang, trust, add, https://repo1.maven.org/maven2/io/quarkus/] in /var/folders/j8/sj85tl7d2pq_vnhbpj4t5lwm0000gn/T/junit13211042671926172745/cli_2.8.1.Final-platform_2.6.2.Final. Error=2, No such file or directory
	at io.quarkus.devtools.compat.CliCompatTest.jbang(CliCompatTest.java:141)
	at io.quarkus.devtools.compat.CliCompatTest.testCLI(CliCompatTest.java:110)
	at io.quarkus.devtools.compat.CliCompatTest.lambda$generateTests$10(CliCompatTest.java:99)
Caused by: java.io.IOException: Cannot run program "./jbang" (in directory "/var/folders/j8/sj85tl7d2pq_vnhbpj4t5lwm0000gn/T/junit13211042671926172745/cli_2.8.1.Final-platform_2.6.2.Final"): error=2, No such file or directory
	at io.quarkus.devtools.compat.CliCompatTest.jbang(CliCompatTest.java:141)
	at io.quarkus.devtools.compat.CliCompatTest.testCLI(CliCompatTest.java:110)
	at io.quarkus.devtools.compat.CliCompatTest.lambda$generateTests$10(CliCompatTest.java:99)
Caused by: java.io.IOException: error=2, No such file or directory
	at io.quarkus.devtools.compat.CliCompatTest.jbang(CliCompatTest.java:141)
	at io.quarkus.devtools.compat.CliCompatTest.testCLI(CliCompatTest.java:110)
	at io.quarkus.devtools.compat.CliCompatTest.lambda$generateTests$10(CliCompatTest.java:99)

testCli{Path}[92]  Time elapsed: 0.004 s  <<< ERROR!
org.zeroturnaround.exec.ProcessInitException: Could not execute [./jbang, trust, add, https://repo1.maven.org/maven2/io/quarkus/] in /var/folders/j8/sj85tl7d2pq_vnhbpj4t5lwm0000gn/T/junit13211042671926172745/cli_2.8.0.Final-platform_2.6.2.Final. Error=2, No such file or directory
	at io.quarkus.devtools.compat.CliCompatTest.jbang(CliCompatTest.java:141)
	at io.quarkus.devtools.compat.CliCompatTest.testCLI(CliCompatTest.java:110)
	at io.quarkus.devtools.compat.CliCompatTest.lambda$generateTests$10(CliCompatTest.java:99)
Caused by: java.io.IOException: Cannot run program "./jbang" (in directory "/var/folders/j8/sj85tl7d2pq_vnhbpj4t5lwm0000gn/T/junit13211042671926172745/cli_2.8.0.Final-platform_2.6.2.Final"): error=2, No such file or directory
	at io.quarkus.devtools.compat.CliCompatTest.jbang(CliCompatTest.java:141)
	at io.quarkus.devtools.compat.CliCompatTest.testCLI(CliCompatTest.java:110)
	at io.quarkus.devtools.compat.CliCompatTest.lambda$generateTests$10(CliCompatTest.java:99)
Caused by: java.io.IOException: error=2, No such file or directory
	at io.quarkus.devtools.compat.CliCompatTest.jbang(CliCompatTest.java:141)
	at io.quarkus.devtools.compat.CliCompatTest.testCLI(CliCompatTest.java:110)
	at io.quarkus.devtools.compat.CliCompatTest.lambda$generateTests$10(CliCompatTest.java:99)

testCli{Path}[93]  Time elapsed: 0.003 s  <<< ERROR!
org.zeroturnaround.exec.ProcessInitException: Could not execute [./jbang, trust, add, https://repo1.maven.org/maven2/io/quarkus/] in /var/folders/j8/sj85tl7d2pq_vnhbpj4t5lwm0000gn/T/junit13211042671926172745/cli_2.7.5.Final-platform_2.6.2.Final. Error=2, No such file or directory
	at io.quarkus.devtools.compat.CliCompatTest.jbang(CliCompatTest.java:141)
	at io.quarkus.devtools.compat.CliCompatTest.testCLI(CliCompatTest.java:110)
	at io.quarkus.devtools.compat.CliCompatTest.lambda$generateTests$10(CliCompatTest.java:99)
Caused by: java.io.IOException: Cannot run program "./jbang" (in directory "/var/folders/j8/sj85tl7d2pq_vnhbpj4t5lwm0000gn/T/junit13211042671926172745/cli_2.7.5.Final-platform_2.6.2.Final"): error=2, No such file or directory
	at io.quarkus.devtools.compat.CliCompatTest.jbang(CliCompatTest.java:141)
	at io.quarkus.devtools.compat.CliCompatTest.testCLI(CliCompatTest.java:110)
	at io.quarkus.devtools.compat.CliCompatTest.lambda$generateTests$10(CliCompatTest.java:99)
Caused by: java.io.IOException: error=2, No such file or directory
	at io.quarkus.devtools.compat.CliCompatTest.jbang(CliCompatTest.java:141)
	at io.quarkus.devtools.compat.CliCompatTest.testCLI(CliCompatTest.java:110)
	at io.quarkus.devtools.compat.CliCompatTest.lambda$generateTests$10(CliCompatTest.java:99)

testCli{Path}[94]  Time elapsed: 0.004 s  <<< ERROR!
org.zeroturnaround.exec.ProcessInitException: Could not execute [./jbang, trust, add, https://repo1.maven.org/maven2/io/quarkus/] in /var/folders/j8/sj85tl7d2pq_vnhbpj4t5lwm0000gn/T/junit13211042671926172745/cli_2.7.4.Final-platform_2.6.2.Final. Error=2, No such file or directory
	at io.quarkus.devtools.compat.CliCompatTest.jbang(CliCompatTest.java:141)
	at io.quarkus.devtools.compat.CliCompatTest.testCLI(CliCompatTest.java:110)
	at io.quarkus.devtools.compat.CliCompatTest.lambda$generateTests$10(CliCompatTest.java:99)
Caused by: java.io.IOException: Cannot run program "./jbang" (in directory "/var/folders/j8/sj85tl7d2pq_vnhbpj4t5lwm0000gn/T/junit13211042671926172745/cli_2.7.4.Final-platform_2.6.2.Final"): error=2, No such file or directory
	at io.quarkus.devtools.compat.CliCompatTest.jbang(CliCompatTest.java:141)
	at io.quarkus.devtools.compat.CliCompatTest.testCLI(CliCompatTest.java:110)
	at io.quarkus.devtools.compat.CliCompatTest.lambda$generateTests$10(CliCompatTest.java:99)
Caused by: java.io.IOException: error=2, No such file or directory
	at io.quarkus.devtools.compat.CliCompatTest.jbang(CliCompatTest.java:141)
	at io.quarkus.devtools.compat.CliCompatTest.testCLI(CliCompatTest.java:110)
	at io.quarkus.devtools.compat.CliCompatTest.lambda$generateTests$10(CliCompatTest.java:99)

testCli{Path}[95]  Time elapsed: 0.004 s  <<< ERROR!
org.zeroturnaround.exec.ProcessInitException: Could not execute [./jbang, trust, add, https://repo1.maven.org/maven2/io/quarkus/] in /var/folders/j8/sj85tl7d2pq_vnhbpj4t5lwm0000gn/T/junit13211042671926172745/cli_2.7.3.Final-platform_2.6.2.Final. Error=2, No such file or directory
	at io.quarkus.devtools.compat.CliCompatTest.jbang(CliCompatTest.java:141)
	at io.quarkus.devtools.compat.CliCompatTest.testCLI(CliCompatTest.java:110)
	at io.quarkus.devtools.compat.CliCompatTest.lambda$generateTests$10(CliCompatTest.java:99)
Caused by: java.io.IOException: Cannot run program "./jbang" (in directory "/var/folders/j8/sj85tl7d2pq_vnhbpj4t5lwm0000gn/T/junit13211042671926172745/cli_2.7.3.Final-platform_2.6.2.Final"): error=2, No such file or directory
	at io.quarkus.devtools.compat.CliCompatTest.jbang(CliCompatTest.java:141)
	at io.quarkus.devtools.compat.CliCompatTest.testCLI(CliCompatTest.java:110)
	at io.quarkus.devtools.compat.CliCompatTest.lambda$generateTests$10(CliCompatTest.java:99)
Caused by: java.io.IOException: error=2, No such file or directory
	at io.quarkus.devtools.compat.CliCompatTest.jbang(CliCompatTest.java:141)
	at io.quarkus.devtools.compat.CliCompatTest.testCLI(CliCompatTest.java:110)
	at io.quarkus.devtools.compat.CliCompatTest.lambda$generateTests$10(CliCompatTest.java:99)

testCli{Path}[96]  Time elapsed: 0.004 s  <<< ERROR!
org.zeroturnaround.exec.ProcessInitException: Could not execute [./jbang, trust, add, https://repo1.maven.org/maven2/io/quarkus/] in /var/folders/j8/sj85tl7d2pq_vnhbpj4t5lwm0000gn/T/junit13211042671926172745/cli_2.7.2.Final-platform_2.6.2.Final. Error=2, No such file or directory
	at io.quarkus.devtools.compat.CliCompatTest.jbang(CliCompatTest.java:141)
	at io.quarkus.devtools.compat.CliCompatTest.testCLI(CliCompatTest.java:110)
	at io.quarkus.devtools.compat.CliCompatTest.lambda$generateTests$10(CliCompatTest.java:99)
Caused by: java.io.IOException: Cannot run program "./jbang" (in directory "/var/folders/j8/sj85tl7d2pq_vnhbpj4t5lwm0000gn/T/junit13211042671926172745/cli_2.7.2.Final-platform_2.6.2.Final"): error=2, No such file or directory
	at io.quarkus.devtools.compat.CliCompatTest.jbang(CliCompatTest.java:141)
	at io.quarkus.devtools.compat.CliCompatTest.testCLI(CliCompatTest.java:110)
	at io.quarkus.devtools.compat.CliCompatTest.lambda$generateTests$10(CliCompatTest.java:99)
Caused by: java.io.IOException: error=2, No such file or directory
	at io.quarkus.devtools.compat.CliCompatTest.jbang(CliCompatTest.java:141)
	at io.quarkus.devtools.compat.CliCompatTest.testCLI(CliCompatTest.java:110)
	at io.quarkus.devtools.compat.CliCompatTest.lambda$generateTests$10(CliCompatTest.java:99)

testCli{Path}[97]  Time elapsed: 0.004 s  <<< ERROR!
org.zeroturnaround.exec.ProcessInitException: Could not execute [./jbang, trust, add, https://repo1.maven.org/maven2/io/quarkus/] in /var/folders/j8/sj85tl7d2pq_vnhbpj4t5lwm0000gn/T/junit13211042671926172745/cli_2.7.1.Final-platform_2.6.2.Final. Error=2, No such file or directory
	at io.quarkus.devtools.compat.CliCompatTest.jbang(CliCompatTest.java:141)
	at io.quarkus.devtools.compat.CliCompatTest.testCLI(CliCompatTest.java:110)
	at io.quarkus.devtools.compat.CliCompatTest.lambda$generateTests$10(CliCompatTest.java:99)
Caused by: java.io.IOException: Cannot run program "./jbang" (in directory "/var/folders/j8/sj85tl7d2pq_vnhbpj4t5lwm0000gn/T/junit13211042671926172745/cli_2.7.1.Final-platform_2.6.2.Final"): error=2, No such file or directory
	at io.quarkus.devtools.compat.CliCompatTest.jbang(CliCompatTest.java:141)
	at io.quarkus.devtools.compat.CliCompatTest.testCLI(CliCompatTest.java:110)
	at io.quarkus.devtools.compat.CliCompatTest.lambda$generateTests$10(CliCompatTest.java:99)
Caused by: java.io.IOException: error=2, No such file or directory
	at io.quarkus.devtools.compat.CliCompatTest.jbang(CliCompatTest.java:141)
	at io.quarkus.devtools.compat.CliCompatTest.testCLI(CliCompatTest.java:110)
	at io.quarkus.devtools.compat.CliCompatTest.lambda$generateTests$10(CliCompatTest.java:99)

testCli{Path}[98]  Time elapsed: 0.003 s  <<< ERROR!
org.zeroturnaround.exec.ProcessInitException: Could not execute [./jbang, trust, add, https://repo1.maven.org/maven2/io/quarkus/] in /var/folders/j8/sj85tl7d2pq_vnhbpj4t5lwm0000gn/T/junit13211042671926172745/cli_2.7.0.Final-platform_2.6.2.Final. Error=2, No such file or directory
	at io.quarkus.devtools.compat.CliCompatTest.jbang(CliCompatTest.java:141)
	at io.quarkus.devtools.compat.CliCompatTest.testCLI(CliCompatTest.java:110)
	at io.quarkus.devtools.compat.CliCompatTest.lambda$generateTests$10(CliCompatTest.java:99)
Caused by: java.io.IOException: Cannot run program "./jbang" (in directory "/var/folders/j8/sj85tl7d2pq_vnhbpj4t5lwm0000gn/T/junit13211042671926172745/cli_2.7.0.Final-platform_2.6.2.Final"): error=2, No such file or directory
	at io.quarkus.devtools.compat.CliCompatTest.jbang(CliCompatTest.java:141)
	at io.quarkus.devtools.compat.CliCompatTest.testCLI(CliCompatTest.java:110)
	at io.quarkus.devtools.compat.CliCompatTest.lambda$generateTests$10(CliCompatTest.java:99)
Caused by: java.io.IOException: error=2, No such file or directory
	at io.quarkus.devtools.compat.CliCompatTest.jbang(CliCompatTest.java:141)
	at io.quarkus.devtools.compat.CliCompatTest.testCLI(CliCompatTest.java:110)
	at io.quarkus.devtools.compat.CliCompatTest.lambda$generateTests$10(CliCompatTest.java:99)

testCli{Path}[99]  Time elapsed: 0.003 s  <<< ERROR!
org.zeroturnaround.exec.ProcessInitException: Could not execute [./jbang, trust, add, https://repo1.maven.org/maven2/io/quarkus/] in /var/folders/j8/sj85tl7d2pq_vnhbpj4t5lwm0000gn/T/junit13211042671926172745/cli_2.6.3.Final-platform_2.6.2.Final. Error=2, No such file or directory
	at io.quarkus.devtools.compat.CliCompatTest.jbang(CliCompatTest.java:141)
	at io.quarkus.devtools.compat.CliCompatTest.testCLI(CliCompatTest.java:110)
	at io.quarkus.devtools.compat.CliCompatTest.lambda$generateTests$10(CliCompatTest.java:99)
Caused by: java.io.IOException: Cannot run program "./jbang" (in directory "/var/folders/j8/sj85tl7d2pq_vnhbpj4t5lwm0000gn/T/junit13211042671926172745/cli_2.6.3.Final-platform_2.6.2.Final"): error=2, No such file or directory
	at io.quarkus.devtools.compat.CliCompatTest.jbang(CliCompatTest.java:141)
	at io.quarkus.devtools.compat.CliCompatTest.testCLI(CliCompatTest.java:110)
	at io.quarkus.devtools.compat.CliCompatTest.lambda$generateTests$10(CliCompatTest.java:99)
Caused by: java.io.IOException: error=2, No such file or directory
	at io.quarkus.devtools.compat.CliCompatTest.jbang(CliCompatTest.java:141)
	at io.quarkus.devtools.compat.CliCompatTest.testCLI(CliCompatTest.java:110)
	at io.quarkus.devtools.compat.CliCompatTest.lambda$generateTests$10(CliCompatTest.java:99)

testCli{Path}[100]  Time elapsed: 0.004 s  <<< ERROR!
org.zeroturnaround.exec.ProcessInitException: Could not execute [./jbang, trust, add, https://repo1.maven.org/maven2/io/quarkus/] in /var/folders/j8/sj85tl7d2pq_vnhbpj4t5lwm0000gn/T/junit13211042671926172745/cli_2.6.2.Final-platform_2.6.2.Final. Error=2, No such file or directory
	at io.quarkus.devtools.compat.CliCompatTest.jbang(CliCompatTest.java:141)
	at io.quarkus.devtools.compat.CliCompatTest.testCLI(CliCompatTest.java:110)
	at io.quarkus.devtools.compat.CliCompatTest.lambda$generateTests$10(CliCompatTest.java:99)
Caused by: java.io.IOException: Cannot run program "./jbang" (in directory "/var/folders/j8/sj85tl7d2pq_vnhbpj4t5lwm0000gn/T/junit13211042671926172745/cli_2.6.2.Final-platform_2.6.2.Final"): error=2, No such file or directory
	at io.quarkus.devtools.compat.CliCompatTest.jbang(CliCompatTest.java:141)
	at io.quarkus.devtools.compat.CliCompatTest.testCLI(CliCompatTest.java:110)
	at io.quarkus.devtools.compat.CliCompatTest.lambda$generateTests$10(CliCompatTest.java:99)
Caused by: java.io.IOException: error=2, No such file or directory
	at io.quarkus.devtools.compat.CliCompatTest.jbang(CliCompatTest.java:141)
	at io.quarkus.devtools.compat.CliCompatTest.testCLI(CliCompatTest.java:110)
	at io.quarkus.devtools.compat.CliCompatTest.lambda$generateTests$10(CliCompatTest.java:99)

