<?xml version="1.0" encoding="UTF-8"?>
<testsuite xmlns:xsi="http://www.w3.org/2001/XMLSchema-instance" xsi:noNamespaceSchemaLocation="https://maven.apache.org/surefire/maven-surefire-plugin/xsd/surefire-test-report.xsd" name="io.quarkus.devtools.compat.CliCompatTest" time="3.655" tests="100" errors="100" skipped="0" failures="0">
  <properties>
    <property name="java.specification.version" value="17"/>
    <property name="sun.jnu.encoding" value="UTF-8"/>
    <property name="java.class.path" value="/Users/ia3andy/workspace/redhat/quarkus/quarkus-devtools-compat/target/test-classes:/Users/ia3andy/workspace/redhat/quarkus/quarkus-devtools-compat/target/classes:/Users/ia3andy/.m2/repository/io/smallrye/reactive/smallrye-mutiny-vertx-web-client/2.20.0/smallrye-mutiny-vertx-web-client-2.20.0.jar:/Users/ia3andy/.m2/repository/io/vertx/vertx-web-client/4.2.6/vertx-web-client-4.2.6.jar:/Users/ia3andy/.m2/repository/io/vertx/vertx-web-common/4.2.6/vertx-web-common-4.2.6.jar:/Users/ia3andy/.m2/repository/io/vertx/vertx-auth-common/4.2.6/vertx-auth-common-4.2.6.jar:/Users/ia3andy/.m2/repository/io/vertx/vertx-core/4.2.6/vertx-core-4.2.6.jar:/Users/ia3andy/.m2/repository/io/netty/netty-common/4.1.74.Final/netty-common-4.1.74.Final.jar:/Users/ia3andy/.m2/repository/io/netty/netty-buffer/4.1.74.Final/netty-buffer-4.1.74.Final.jar:/Users/ia3andy/.m2/repository/io/netty/netty-transport/4.1.74.Final/netty-transport-4.1.74.Final.jar:/Users/ia3andy/.m2/repository/io/netty/netty-handler/4.1.74.Final/netty-handler-4.1.74.Final.jar:/Users/ia3andy/.m2/repository/io/netty/netty-codec/4.1.74.Final/netty-codec-4.1.74.Final.jar:/Users/ia3andy/.m2/repository/io/netty/netty-tcnative-classes/2.0.48.Final/netty-tcnative-classes-2.0.48.Final.jar:/Users/ia3andy/.m2/repository/io/netty/netty-handler-proxy/4.1.74.Final/netty-handler-proxy-4.1.74.Final.jar:/Users/ia3andy/.m2/repository/io/netty/netty-codec-socks/4.1.74.Final/netty-codec-socks-4.1.74.Final.jar:/Users/ia3andy/.m2/repository/io/netty/netty-codec-http/4.1.74.Final/netty-codec-http-4.1.74.Final.jar:/Users/ia3andy/.m2/repository/io/netty/netty-codec-http2/4.1.74.Final/netty-codec-http2-4.1.74.Final.jar:/Users/ia3andy/.m2/repository/io/netty/netty-resolver/4.1.74.Final/netty-resolver-4.1.74.Final.jar:/Users/ia3andy/.m2/repository/io/netty/netty-resolver-dns/4.1.74.Final/netty-resolver-dns-4.1.74.Final.jar:/Users/ia3andy/.m2/repository/io/netty/netty-codec-dns/4.1.74.Final/netty-codec-dns-4.1.74.Final.jar:/Users/ia3andy/.m2/repository/com/fasterxml/jackson/core/jackson-core/2.13.1/jackson-core-2.13.1.jar:/Users/ia3andy/.m2/repository/io/smallrye/reactive/smallrye-mutiny-vertx-core/2.20.0/smallrye-mutiny-vertx-core-2.20.0.jar:/Users/ia3andy/.m2/repository/io/smallrye/reactive/mutiny/1.4.0/mutiny-1.4.0.jar:/Users/ia3andy/.m2/repository/org/reactivestreams/reactive-streams/1.0.3/reactive-streams-1.0.3.jar:/Users/ia3andy/.m2/repository/io/smallrye/common/smallrye-common-annotation/1.10.0/smallrye-common-annotation-1.10.0.jar:/Users/ia3andy/.m2/repository/io/smallrye/reactive/smallrye-mutiny-vertx-runtime/2.20.0/smallrye-mutiny-vertx-runtime-2.20.0.jar:/Users/ia3andy/.m2/repository/io/smallrye/reactive/vertx-mutiny-generator/2.20.0/vertx-mutiny-generator-2.20.0.jar:/Users/ia3andy/.m2/repository/io/vertx/vertx-codegen/4.2.6/vertx-codegen-4.2.6.jar:/Users/ia3andy/.m2/repository/io/smallrye/reactive/smallrye-mutiny-vertx-auth-common/2.20.0/smallrye-mutiny-vertx-auth-common-2.20.0.jar:/Users/ia3andy/.m2/repository/io/smallrye/reactive/smallrye-mutiny-vertx-web-common/2.20.0/smallrye-mutiny-vertx-web-common-2.20.0.jar:/Users/ia3andy/.m2/repository/com/github/dpaukov/combinatoricslib3/3.3.3/combinatoricslib3-3.3.3.jar:/Users/ia3andy/.m2/repository/org/zeroturnaround/zt-exec/1.12/zt-exec-1.12.jar:/Users/ia3andy/.m2/repository/org/slf4j/slf4j-api/1.7.2/slf4j-api-1.7.2.jar:/Users/ia3andy/.m2/repository/org/junit/jupiter/junit-jupiter/5.8.2/junit-jupiter-5.8.2.jar:/Users/ia3andy/.m2/repository/org/junit/jupiter/junit-jupiter-api/5.8.2/junit-jupiter-api-5.8.2.jar:/Users/ia3andy/.m2/repository/org/opentest4j/opentest4j/1.2.0/opentest4j-1.2.0.jar:/Users/ia3andy/.m2/repository/org/junit/platform/junit-platform-commons/1.8.2/junit-platform-commons-1.8.2.jar:/Users/ia3andy/.m2/repository/org/apiguardian/apiguardian-api/1.1.2/apiguardian-api-1.1.2.jar:/Users/ia3andy/.m2/repository/org/junit/jupiter/junit-jupiter-params/5.8.2/junit-jupiter-params-5.8.2.jar:/Users/ia3andy/.m2/repository/org/junit/jupiter/junit-jupiter-engine/5.8.2/junit-jupiter-engine-5.8.2.jar:/Users/ia3andy/.m2/repository/org/junit/platform/junit-platform-engine/1.8.2/junit-platform-engine-1.8.2.jar:/Users/ia3andy/.m2/repository/org/hamcrest/hamcrest/2.2/hamcrest-2.2.jar:"/>
    <property name="java.vm.vendor" value="Homebrew"/>
    <property name="sun.arch.data.model" value="64"/>
    <property name="java.vendor.url" value="https://github.com/Homebrew/homebrew-core/issues"/>
    <property name="os.name" value="Mac OS X"/>
    <property name="java.vm.specification.version" value="17"/>
    <property name="sun.java.launcher" value="SUN_STANDARD"/>
    <property name="user.country" value="FR"/>
    <property name="sun.boot.library.path" value="/usr/local/Cellar/openjdk/17/libexec/openjdk.jdk/Contents/Home/lib"/>
    <property name="sun.java.command" value="/Users/ia3andy/workspace/redhat/quarkus/quarkus-devtools-compat/target/surefire/surefirebooter17968355968662254010.jar /Users/ia3andy/workspace/redhat/quarkus/quarkus-devtools-compat/target/surefire 2022-04-21T16-12-30_857-jvmRun1 surefire12212565352103682822tmp surefire_014664765074802532487tmp"/>
    <property name="http.nonProxyHosts" value="local|*.local|169.254/16|*.169.254/16"/>
    <property name="jdk.debug" value="release"/>
    <property name="surefire.test.class.path" value="/Users/ia3andy/workspace/redhat/quarkus/quarkus-devtools-compat/target/test-classes:/Users/ia3andy/workspace/redhat/quarkus/quarkus-devtools-compat/target/classes:/Users/ia3andy/.m2/repository/io/smallrye/reactive/smallrye-mutiny-vertx-web-client/2.20.0/smallrye-mutiny-vertx-web-client-2.20.0.jar:/Users/ia3andy/.m2/repository/io/vertx/vertx-web-client/4.2.6/vertx-web-client-4.2.6.jar:/Users/ia3andy/.m2/repository/io/vertx/vertx-web-common/4.2.6/vertx-web-common-4.2.6.jar:/Users/ia3andy/.m2/repository/io/vertx/vertx-auth-common/4.2.6/vertx-auth-common-4.2.6.jar:/Users/ia3andy/.m2/repository/io/vertx/vertx-core/4.2.6/vertx-core-4.2.6.jar:/Users/ia3andy/.m2/repository/io/netty/netty-common/4.1.74.Final/netty-common-4.1.74.Final.jar:/Users/ia3andy/.m2/repository/io/netty/netty-buffer/4.1.74.Final/netty-buffer-4.1.74.Final.jar:/Users/ia3andy/.m2/repository/io/netty/netty-transport/4.1.74.Final/netty-transport-4.1.74.Final.jar:/Users/ia3andy/.m2/repository/io/netty/netty-handler/4.1.74.Final/netty-handler-4.1.74.Final.jar:/Users/ia3andy/.m2/repository/io/netty/netty-codec/4.1.74.Final/netty-codec-4.1.74.Final.jar:/Users/ia3andy/.m2/repository/io/netty/netty-tcnative-classes/2.0.48.Final/netty-tcnative-classes-2.0.48.Final.jar:/Users/ia3andy/.m2/repository/io/netty/netty-handler-proxy/4.1.74.Final/netty-handler-proxy-4.1.74.Final.jar:/Users/ia3andy/.m2/repository/io/netty/netty-codec-socks/4.1.74.Final/netty-codec-socks-4.1.74.Final.jar:/Users/ia3andy/.m2/repository/io/netty/netty-codec-http/4.1.74.Final/netty-codec-http-4.1.74.Final.jar:/Users/ia3andy/.m2/repository/io/netty/netty-codec-http2/4.1.74.Final/netty-codec-http2-4.1.74.Final.jar:/Users/ia3andy/.m2/repository/io/netty/netty-resolver/4.1.74.Final/netty-resolver-4.1.74.Final.jar:/Users/ia3andy/.m2/repository/io/netty/netty-resolver-dns/4.1.74.Final/netty-resolver-dns-4.1.74.Final.jar:/Users/ia3andy/.m2/repository/io/netty/netty-codec-dns/4.1.74.Final/netty-codec-dns-4.1.74.Final.jar:/Users/ia3andy/.m2/repository/com/fasterxml/jackson/core/jackson-core/2.13.1/jackson-core-2.13.1.jar:/Users/ia3andy/.m2/repository/io/smallrye/reactive/smallrye-mutiny-vertx-core/2.20.0/smallrye-mutiny-vertx-core-2.20.0.jar:/Users/ia3andy/.m2/repository/io/smallrye/reactive/mutiny/1.4.0/mutiny-1.4.0.jar:/Users/ia3andy/.m2/repository/org/reactivestreams/reactive-streams/1.0.3/reactive-streams-1.0.3.jar:/Users/ia3andy/.m2/repository/io/smallrye/common/smallrye-common-annotation/1.10.0/smallrye-common-annotation-1.10.0.jar:/Users/ia3andy/.m2/repository/io/smallrye/reactive/smallrye-mutiny-vertx-runtime/2.20.0/smallrye-mutiny-vertx-runtime-2.20.0.jar:/Users/ia3andy/.m2/repository/io/smallrye/reactive/vertx-mutiny-generator/2.20.0/vertx-mutiny-generator-2.20.0.jar:/Users/ia3andy/.m2/repository/io/vertx/vertx-codegen/4.2.6/vertx-codegen-4.2.6.jar:/Users/ia3andy/.m2/repository/io/smallrye/reactive/smallrye-mutiny-vertx-auth-common/2.20.0/smallrye-mutiny-vertx-auth-common-2.20.0.jar:/Users/ia3andy/.m2/repository/io/smallrye/reactive/smallrye-mutiny-vertx-web-common/2.20.0/smallrye-mutiny-vertx-web-common-2.20.0.jar:/Users/ia3andy/.m2/repository/com/github/dpaukov/combinatoricslib3/3.3.3/combinatoricslib3-3.3.3.jar:/Users/ia3andy/.m2/repository/org/zeroturnaround/zt-exec/1.12/zt-exec-1.12.jar:/Users/ia3andy/.m2/repository/org/slf4j/slf4j-api/1.7.2/slf4j-api-1.7.2.jar:/Users/ia3andy/.m2/repository/org/junit/jupiter/junit-jupiter/5.8.2/junit-jupiter-5.8.2.jar:/Users/ia3andy/.m2/repository/org/junit/jupiter/junit-jupiter-api/5.8.2/junit-jupiter-api-5.8.2.jar:/Users/ia3andy/.m2/repository/org/opentest4j/opentest4j/1.2.0/opentest4j-1.2.0.jar:/Users/ia3andy/.m2/repository/org/junit/platform/junit-platform-commons/1.8.2/junit-platform-commons-1.8.2.jar:/Users/ia3andy/.m2/repository/org/apiguardian/apiguardian-api/1.1.2/apiguardian-api-1.1.2.jar:/Users/ia3andy/.m2/repository/org/junit/jupiter/junit-jupiter-params/5.8.2/junit-jupiter-params-5.8.2.jar:/Users/ia3andy/.m2/repository/org/junit/jupiter/junit-jupiter-engine/5.8.2/junit-jupiter-engine-5.8.2.jar:/Users/ia3andy/.m2/repository/org/junit/platform/junit-platform-engine/1.8.2/junit-platform-engine-1.8.2.jar:/Users/ia3andy/.m2/repository/org/hamcrest/hamcrest/2.2/hamcrest-2.2.jar:"/>
    <property name="sun.cpu.endian" value="little"/>
    <property name="user.home" value="/Users/ia3andy"/>
    <property name="user.language" value="fr"/>
    <property name="java.specification.vendor" value="Oracle Corporation"/>
    <property name="java.version.date" value="2021-09-14"/>
    <property name="java.home" value="/usr/local/Cellar/openjdk/17/libexec/openjdk.jdk/Contents/Home"/>
    <property name="file.separator" value="/"/>
    <property name="basedir" value="/Users/ia3andy/workspace/redhat/quarkus/quarkus-devtools-compat"/>
    <property name="java.vm.compressedOopsMode" value="Zero based"/>
    <property name="line.separator" value="&#10;"/>
    <property name="java.specification.name" value="Java Platform API Specification"/>
    <property name="java.vm.specification.vendor" value="Oracle Corporation"/>
    <property name="surefire.real.class.path" value="/Users/ia3andy/workspace/redhat/quarkus/quarkus-devtools-compat/target/surefire/surefirebooter17968355968662254010.jar"/>
    <property name="sun.management.compiler" value="HotSpot 64-Bit Tiered Compilers"/>
    <property name="ftp.nonProxyHosts" value="local|*.local|169.254/16|*.169.254/16"/>
    <property name="java.runtime.version" value="17+0"/>
    <property name="user.name" value="ia3andy"/>
    <property name="path.separator" value=":"/>
    <property name="os.version" value="11.4"/>
    <property name="java.runtime.name" value="OpenJDK Runtime Environment"/>
    <property name="file.encoding" value="UTF-8"/>
    <property name="java.vm.name" value="OpenJDK 64-Bit Server VM"/>
    <property name="java.vendor.version" value="Homebrew"/>
    <property name="localRepository" value="/Users/ia3andy/.m2/repository"/>
    <property name="java.vendor.url.bug" value="https://github.com/Homebrew/homebrew-core/issues"/>
    <property name="java.io.tmpdir" value="/var/folders/j8/sj85tl7d2pq_vnhbpj4t5lwm0000gn/T/"/>
    <property name="java.version" value="17"/>
    <property name="user.dir" value="/Users/ia3andy/workspace/redhat/quarkus/quarkus-devtools-compat"/>
    <property name="os.arch" value="x86_64"/>
    <property name="java.vm.specification.name" value="Java Virtual Machine Specification"/>
    <property name="native.encoding" value="UTF-8"/>
    <property name="java.library.path" value="/Users/ia3andy/Library/Java/Extensions:/Library/Java/Extensions:/Network/Library/Java/Extensions:/System/Library/Java/Extensions:/usr/lib/java:."/>
    <property name="java.vm.info" value="mixed mode, sharing"/>
    <property name="java.vendor" value="Homebrew"/>
    <property name="java.vm.version" value="17+0"/>
    <property name="sun.io.unicode.encoding" value="UnicodeBig"/>
    <property name="socksNonProxyHosts" value="local|*.local|169.254/16|*.169.254/16"/>
    <property name="java.class.version" value="61.0"/>
  </properties>
  <testcase name="testCli{Path}[1]" classname="io.quarkus.devtools.compat.CliCompatTest" time="0.019">
    <error message="Could not execute [./jbang, trust, add, https://repo1.maven.org/maven2/io/quarkus/] in /var/folders/j8/sj85tl7d2pq_vnhbpj4t5lwm0000gn/T/junit13211042671926172745/cli_2.8.1.Final-platform_2.8.1.Final. Error=2, No such file or directory" type="org.zeroturnaround.exec.ProcessInitException">org.zeroturnaround.exec.ProcessInitException: Could not execute [./jbang, trust, add, https://repo1.maven.org/maven2/io/quarkus/] in /var/folders/j8/sj85tl7d2pq_vnhbpj4t5lwm0000gn/T/junit13211042671926172745/cli_2.8.1.Final-platform_2.8.1.Final. Error=2, No such file or directory
	at io.quarkus.devtools.compat.CliCompatTest.jbang(CliCompatTest.java:141)
	at io.quarkus.devtools.compat.CliCompatTest.testCLI(CliCompatTest.java:110)
	at io.quarkus.devtools.compat.CliCompatTest.lambda$generateTests$10(CliCompatTest.java:99)
Caused by: java.io.IOException: Cannot run program "./jbang" (in directory "/var/folders/j8/sj85tl7d2pq_vnhbpj4t5lwm0000gn/T/junit13211042671926172745/cli_2.8.1.Final-platform_2.8.1.Final"): error=2, No such file or directory
	at io.quarkus.devtools.compat.CliCompatTest.jbang(CliCompatTest.java:141)
	at io.quarkus.devtools.compat.CliCompatTest.testCLI(CliCompatTest.java:110)
	at io.quarkus.devtools.compat.CliCompatTest.lambda$generateTests$10(CliCompatTest.java:99)
Caused by: java.io.IOException: error=2, No such file or directory
	at io.quarkus.devtools.compat.CliCompatTest.jbang(CliCompatTest.java:141)
	at io.quarkus.devtools.compat.CliCompatTest.testCLI(CliCompatTest.java:110)
	at io.quarkus.devtools.compat.CliCompatTest.lambda$generateTests$10(CliCompatTest.java:99)
</error>
    <system-out><![CDATA[1 combinations were already verified
run: ./jbang trust add https://repo1.maven.org/maven2/io/quarkus/
]]></system-out>
    <system-err><![CDATA[avr. 21, 2022 4:12:31 PM io.netty.resolver.dns.DnsServerAddressStreamProviders <clinit>
AVERTISSEMENT: Can not find io.netty.resolver.dns.macos.MacOSDnsServerAddressStreamProvider in the classpath, fallback to system defaults. This may result in incorrect DNS resolutions on MacOS.
]]></system-err>
  </testcase>
  <testcase name="testCli{Path}[2]" classname="io.quarkus.devtools.compat.CliCompatTest" time="0.005">
    <error message="Could not execute [./jbang, trust, add, https://repo1.maven.org/maven2/io/quarkus/] in /var/folders/j8/sj85tl7d2pq_vnhbpj4t5lwm0000gn/T/junit13211042671926172745/cli_2.8.0.Final-platform_2.8.1.Final. Error=2, No such file or directory" type="org.zeroturnaround.exec.ProcessInitException">org.zeroturnaround.exec.ProcessInitException: Could not execute [./jbang, trust, add, https://repo1.maven.org/maven2/io/quarkus/] in /var/folders/j8/sj85tl7d2pq_vnhbpj4t5lwm0000gn/T/junit13211042671926172745/cli_2.8.0.Final-platform_2.8.1.Final. Error=2, No such file or directory
	at io.quarkus.devtools.compat.CliCompatTest.jbang(CliCompatTest.java:141)
	at io.quarkus.devtools.compat.CliCompatTest.testCLI(CliCompatTest.java:110)
	at io.quarkus.devtools.compat.CliCompatTest.lambda$generateTests$10(CliCompatTest.java:99)
Caused by: java.io.IOException: Cannot run program "./jbang" (in directory "/var/folders/j8/sj85tl7d2pq_vnhbpj4t5lwm0000gn/T/junit13211042671926172745/cli_2.8.0.Final-platform_2.8.1.Final"): error=2, No such file or directory
	at io.quarkus.devtools.compat.CliCompatTest.jbang(CliCompatTest.java:141)
	at io.quarkus.devtools.compat.CliCompatTest.testCLI(CliCompatTest.java:110)
	at io.quarkus.devtools.compat.CliCompatTest.lambda$generateTests$10(CliCompatTest.java:99)
Caused by: java.io.IOException: error=2, No such file or directory
	at io.quarkus.devtools.compat.CliCompatTest.jbang(CliCompatTest.java:141)
	at io.quarkus.devtools.compat.CliCompatTest.testCLI(CliCompatTest.java:110)
	at io.quarkus.devtools.compat.CliCompatTest.lambda$generateTests$10(CliCompatTest.java:99)
</error>
    <system-out><![CDATA[run: ./jbang trust add https://repo1.maven.org/maven2/io/quarkus/
]]></system-out>
  </testcase>
  <testcase name="testCli{Path}[3]" classname="io.quarkus.devtools.compat.CliCompatTest" time="0.005">
    <error message="Could not execute [./jbang, trust, add, https://repo1.maven.org/maven2/io/quarkus/] in /var/folders/j8/sj85tl7d2pq_vnhbpj4t5lwm0000gn/T/junit13211042671926172745/cli_2.7.5.Final-platform_2.8.1.Final. Error=2, No such file or directory" type="org.zeroturnaround.exec.ProcessInitException">org.zeroturnaround.exec.ProcessInitException: Could not execute [./jbang, trust, add, https://repo1.maven.org/maven2/io/quarkus/] in /var/folders/j8/sj85tl7d2pq_vnhbpj4t5lwm0000gn/T/junit13211042671926172745/cli_2.7.5.Final-platform_2.8.1.Final. Error=2, No such file or directory
	at io.quarkus.devtools.compat.CliCompatTest.jbang(CliCompatTest.java:141)
	at io.quarkus.devtools.compat.CliCompatTest.testCLI(CliCompatTest.java:110)
	at io.quarkus.devtools.compat.CliCompatTest.lambda$generateTests$10(CliCompatTest.java:99)
Caused by: java.io.IOException: Cannot run program "./jbang" (in directory "/var/folders/j8/sj85tl7d2pq_vnhbpj4t5lwm0000gn/T/junit13211042671926172745/cli_2.7.5.Final-platform_2.8.1.Final"): error=2, No such file or directory
	at io.quarkus.devtools.compat.CliCompatTest.jbang(CliCompatTest.java:141)
	at io.quarkus.devtools.compat.CliCompatTest.testCLI(CliCompatTest.java:110)
	at io.quarkus.devtools.compat.CliCompatTest.lambda$generateTests$10(CliCompatTest.java:99)
Caused by: java.io.IOException: error=2, No such file or directory
	at io.quarkus.devtools.compat.CliCompatTest.jbang(CliCompatTest.java:141)
	at io.quarkus.devtools.compat.CliCompatTest.testCLI(CliCompatTest.java:110)
	at io.quarkus.devtools.compat.CliCompatTest.lambda$generateTests$10(CliCompatTest.java:99)
</error>
    <system-out><![CDATA[run: ./jbang trust add https://repo1.maven.org/maven2/io/quarkus/
]]></system-out>
  </testcase>
  <testcase name="testCli{Path}[4]" classname="io.quarkus.devtools.compat.CliCompatTest" time="0.006">
    <error message="Could not execute [./jbang, trust, add, https://repo1.maven.org/maven2/io/quarkus/] in /var/folders/j8/sj85tl7d2pq_vnhbpj4t5lwm0000gn/T/junit13211042671926172745/cli_2.7.4.Final-platform_2.8.1.Final. Error=2, No such file or directory" type="org.zeroturnaround.exec.ProcessInitException">org.zeroturnaround.exec.ProcessInitException: Could not execute [./jbang, trust, add, https://repo1.maven.org/maven2/io/quarkus/] in /var/folders/j8/sj85tl7d2pq_vnhbpj4t5lwm0000gn/T/junit13211042671926172745/cli_2.7.4.Final-platform_2.8.1.Final. Error=2, No such file or directory
	at io.quarkus.devtools.compat.CliCompatTest.jbang(CliCompatTest.java:141)
	at io.quarkus.devtools.compat.CliCompatTest.testCLI(CliCompatTest.java:110)
	at io.quarkus.devtools.compat.CliCompatTest.lambda$generateTests$10(CliCompatTest.java:99)
Caused by: java.io.IOException: Cannot run program "./jbang" (in directory "/var/folders/j8/sj85tl7d2pq_vnhbpj4t5lwm0000gn/T/junit13211042671926172745/cli_2.7.4.Final-platform_2.8.1.Final"): error=2, No such file or directory
	at io.quarkus.devtools.compat.CliCompatTest.jbang(CliCompatTest.java:141)
	at io.quarkus.devtools.compat.CliCompatTest.testCLI(CliCompatTest.java:110)
	at io.quarkus.devtools.compat.CliCompatTest.lambda$generateTests$10(CliCompatTest.java:99)
Caused by: java.io.IOException: error=2, No such file or directory
	at io.quarkus.devtools.compat.CliCompatTest.jbang(CliCompatTest.java:141)
	at io.quarkus.devtools.compat.CliCompatTest.testCLI(CliCompatTest.java:110)
	at io.quarkus.devtools.compat.CliCompatTest.lambda$generateTests$10(CliCompatTest.java:99)
</error>
    <system-out><![CDATA[run: ./jbang trust add https://repo1.maven.org/maven2/io/quarkus/
]]></system-out>
  </testcase>
  <testcase name="testCli{Path}[5]" classname="io.quarkus.devtools.compat.CliCompatTest" time="0.004">
    <error message="Could not execute [./jbang, trust, add, https://repo1.maven.org/maven2/io/quarkus/] in /var/folders/j8/sj85tl7d2pq_vnhbpj4t5lwm0000gn/T/junit13211042671926172745/cli_2.7.3.Final-platform_2.8.1.Final. Error=2, No such file or directory" type="org.zeroturnaround.exec.ProcessInitException">org.zeroturnaround.exec.ProcessInitException: Could not execute [./jbang, trust, add, https://repo1.maven.org/maven2/io/quarkus/] in /var/folders/j8/sj85tl7d2pq_vnhbpj4t5lwm0000gn/T/junit13211042671926172745/cli_2.7.3.Final-platform_2.8.1.Final. Error=2, No such file or directory
	at io.quarkus.devtools.compat.CliCompatTest.jbang(CliCompatTest.java:141)
	at io.quarkus.devtools.compat.CliCompatTest.testCLI(CliCompatTest.java:110)
	at io.quarkus.devtools.compat.CliCompatTest.lambda$generateTests$10(CliCompatTest.java:99)
Caused by: java.io.IOException: Cannot run program "./jbang" (in directory "/var/folders/j8/sj85tl7d2pq_vnhbpj4t5lwm0000gn/T/junit13211042671926172745/cli_2.7.3.Final-platform_2.8.1.Final"): error=2, No such file or directory
	at io.quarkus.devtools.compat.CliCompatTest.jbang(CliCompatTest.java:141)
	at io.quarkus.devtools.compat.CliCompatTest.testCLI(CliCompatTest.java:110)
	at io.quarkus.devtools.compat.CliCompatTest.lambda$generateTests$10(CliCompatTest.java:99)
Caused by: java.io.IOException: error=2, No such file or directory
	at io.quarkus.devtools.compat.CliCompatTest.jbang(CliCompatTest.java:141)
	at io.quarkus.devtools.compat.CliCompatTest.testCLI(CliCompatTest.java:110)
	at io.quarkus.devtools.compat.CliCompatTest.lambda$generateTests$10(CliCompatTest.java:99)
</error>
    <system-out><![CDATA[run: ./jbang trust add https://repo1.maven.org/maven2/io/quarkus/
]]></system-out>
  </testcase>
  <testcase name="testCli{Path}[6]" classname="io.quarkus.devtools.compat.CliCompatTest" time="0.004">
    <error message="Could not execute [./jbang, trust, add, https://repo1.maven.org/maven2/io/quarkus/] in /var/folders/j8/sj85tl7d2pq_vnhbpj4t5lwm0000gn/T/junit13211042671926172745/cli_2.7.2.Final-platform_2.8.1.Final. Error=2, No such file or directory" type="org.zeroturnaround.exec.ProcessInitException">org.zeroturnaround.exec.ProcessInitException: Could not execute [./jbang, trust, add, https://repo1.maven.org/maven2/io/quarkus/] in /var/folders/j8/sj85tl7d2pq_vnhbpj4t5lwm0000gn/T/junit13211042671926172745/cli_2.7.2.Final-platform_2.8.1.Final. Error=2, No such file or directory
	at io.quarkus.devtools.compat.CliCompatTest.jbang(CliCompatTest.java:141)
	at io.quarkus.devtools.compat.CliCompatTest.testCLI(CliCompatTest.java:110)
	at io.quarkus.devtools.compat.CliCompatTest.lambda$generateTests$10(CliCompatTest.java:99)
Caused by: java.io.IOException: Cannot run program "./jbang" (in directory "/var/folders/j8/sj85tl7d2pq_vnhbpj4t5lwm0000gn/T/junit13211042671926172745/cli_2.7.2.Final-platform_2.8.1.Final"): error=2, No such file or directory
	at io.quarkus.devtools.compat.CliCompatTest.jbang(CliCompatTest.java:141)
	at io.quarkus.devtools.compat.CliCompatTest.testCLI(CliCompatTest.java:110)
	at io.quarkus.devtools.compat.CliCompatTest.lambda$generateTests$10(CliCompatTest.java:99)
Caused by: java.io.IOException: error=2, No such file or directory
	at io.quarkus.devtools.compat.CliCompatTest.jbang(CliCompatTest.java:141)
	at io.quarkus.devtools.compat.CliCompatTest.testCLI(CliCompatTest.java:110)
	at io.quarkus.devtools.compat.CliCompatTest.lambda$generateTests$10(CliCompatTest.java:99)
</error>
    <system-out><![CDATA[run: ./jbang trust add https://repo1.maven.org/maven2/io/quarkus/
]]></system-out>
  </testcase>
  <testcase name="testCli{Path}[7]" classname="io.quarkus.devtools.compat.CliCompatTest" time="0">
    <error message="Could not execute [./jbang, trust, add, https://repo1.maven.org/maven2/io/quarkus/] in /var/folders/j8/sj85tl7d2pq_vnhbpj4t5lwm0000gn/T/junit13211042671926172745/cli_2.7.1.Final-platform_2.8.1.Final. Error=2, No such file or directory" type="org.zeroturnaround.exec.ProcessInitException">org.zeroturnaround.exec.ProcessInitException: Could not execute [./jbang, trust, add, https://repo1.maven.org/maven2/io/quarkus/] in /var/folders/j8/sj85tl7d2pq_vnhbpj4t5lwm0000gn/T/junit13211042671926172745/cli_2.7.1.Final-platform_2.8.1.Final. Error=2, No such file or directory
	at io.quarkus.devtools.compat.CliCompatTest.jbang(CliCompatTest.java:141)
	at io.quarkus.devtools.compat.CliCompatTest.testCLI(CliCompatTest.java:110)
	at io.quarkus.devtools.compat.CliCompatTest.lambda$generateTests$10(CliCompatTest.java:99)
Caused by: java.io.IOException: Cannot run program "./jbang" (in directory "/var/folders/j8/sj85tl7d2pq_vnhbpj4t5lwm0000gn/T/junit13211042671926172745/cli_2.7.1.Final-platform_2.8.1.Final"): error=2, No such file or directory
	at io.quarkus.devtools.compat.CliCompatTest.jbang(CliCompatTest.java:141)
	at io.quarkus.devtools.compat.CliCompatTest.testCLI(CliCompatTest.java:110)
	at io.quarkus.devtools.compat.CliCompatTest.lambda$generateTests$10(CliCompatTest.java:99)
Caused by: java.io.IOException: error=2, No such file or directory
	at io.quarkus.devtools.compat.CliCompatTest.jbang(CliCompatTest.java:141)
	at io.quarkus.devtools.compat.CliCompatTest.testCLI(CliCompatTest.java:110)
	at io.quarkus.devtools.compat.CliCompatTest.lambda$generateTests$10(CliCompatTest.java:99)
</error>
    <system-out><![CDATA[run: ./jbang trust add https://repo1.maven.org/maven2/io/quarkus/
]]></system-out>
  </testcase>
  <testcase name="testCli{Path}[8]" classname="io.quarkus.devtools.compat.CliCompatTest" time="0.001">
    <error message="Could not execute [./jbang, trust, add, https://repo1.maven.org/maven2/io/quarkus/] in /var/folders/j8/sj85tl7d2pq_vnhbpj4t5lwm0000gn/T/junit13211042671926172745/cli_2.7.0.Final-platform_2.8.1.Final. Error=2, No such file or directory" type="org.zeroturnaround.exec.ProcessInitException">org.zeroturnaround.exec.ProcessInitException: Could not execute [./jbang, trust, add, https://repo1.maven.org/maven2/io/quarkus/] in /var/folders/j8/sj85tl7d2pq_vnhbpj4t5lwm0000gn/T/junit13211042671926172745/cli_2.7.0.Final-platform_2.8.1.Final. Error=2, No such file or directory
	at io.quarkus.devtools.compat.CliCompatTest.jbang(CliCompatTest.java:141)
	at io.quarkus.devtools.compat.CliCompatTest.testCLI(CliCompatTest.java:110)
	at io.quarkus.devtools.compat.CliCompatTest.lambda$generateTests$10(CliCompatTest.java:99)
Caused by: java.io.IOException: Cannot run program "./jbang" (in directory "/var/folders/j8/sj85tl7d2pq_vnhbpj4t5lwm0000gn/T/junit13211042671926172745/cli_2.7.0.Final-platform_2.8.1.Final"): error=2, No such file or directory
	at io.quarkus.devtools.compat.CliCompatTest.jbang(CliCompatTest.java:141)
	at io.quarkus.devtools.compat.CliCompatTest.testCLI(CliCompatTest.java:110)
	at io.quarkus.devtools.compat.CliCompatTest.lambda$generateTests$10(CliCompatTest.java:99)
Caused by: java.io.IOException: error=2, No such file or directory
	at io.quarkus.devtools.compat.CliCompatTest.jbang(CliCompatTest.java:141)
	at io.quarkus.devtools.compat.CliCompatTest.testCLI(CliCompatTest.java:110)
	at io.quarkus.devtools.compat.CliCompatTest.lambda$generateTests$10(CliCompatTest.java:99)
</error>
    <system-out><![CDATA[run: ./jbang trust add https://repo1.maven.org/maven2/io/quarkus/
]]></system-out>
  </testcase>
  <testcase name="testCli{Path}[9]" classname="io.quarkus.devtools.compat.CliCompatTest" time="0.004">
    <error message="Could not execute [./jbang, trust, add, https://repo1.maven.org/maven2/io/quarkus/] in /var/folders/j8/sj85tl7d2pq_vnhbpj4t5lwm0000gn/T/junit13211042671926172745/cli_2.6.3.Final-platform_2.8.1.Final. Error=2, No such file or directory" type="org.zeroturnaround.exec.ProcessInitException">org.zeroturnaround.exec.ProcessInitException: Could not execute [./jbang, trust, add, https://repo1.maven.org/maven2/io/quarkus/] in /var/folders/j8/sj85tl7d2pq_vnhbpj4t5lwm0000gn/T/junit13211042671926172745/cli_2.6.3.Final-platform_2.8.1.Final. Error=2, No such file or directory
	at io.quarkus.devtools.compat.CliCompatTest.jbang(CliCompatTest.java:141)
	at io.quarkus.devtools.compat.CliCompatTest.testCLI(CliCompatTest.java:110)
	at io.quarkus.devtools.compat.CliCompatTest.lambda$generateTests$10(CliCompatTest.java:99)
Caused by: java.io.IOException: Cannot run program "./jbang" (in directory "/var/folders/j8/sj85tl7d2pq_vnhbpj4t5lwm0000gn/T/junit13211042671926172745/cli_2.6.3.Final-platform_2.8.1.Final"): error=2, No such file or directory
	at io.quarkus.devtools.compat.CliCompatTest.jbang(CliCompatTest.java:141)
	at io.quarkus.devtools.compat.CliCompatTest.testCLI(CliCompatTest.java:110)
	at io.quarkus.devtools.compat.CliCompatTest.lambda$generateTests$10(CliCompatTest.java:99)
Caused by: java.io.IOException: error=2, No such file or directory
	at io.quarkus.devtools.compat.CliCompatTest.jbang(CliCompatTest.java:141)
	at io.quarkus.devtools.compat.CliCompatTest.testCLI(CliCompatTest.java:110)
	at io.quarkus.devtools.compat.CliCompatTest.lambda$generateTests$10(CliCompatTest.java:99)
</error>
    <system-out><![CDATA[run: ./jbang trust add https://repo1.maven.org/maven2/io/quarkus/
]]></system-out>
  </testcase>
  <testcase name="testCli{Path}[10]" classname="io.quarkus.devtools.compat.CliCompatTest" time="0.004">
    <error message="Could not execute [./jbang, trust, add, https://repo1.maven.org/maven2/io/quarkus/] in /var/folders/j8/sj85tl7d2pq_vnhbpj4t5lwm0000gn/T/junit13211042671926172745/cli_2.6.2.Final-platform_2.8.1.Final. Error=2, No such file or directory" type="org.zeroturnaround.exec.ProcessInitException">org.zeroturnaround.exec.ProcessInitException: Could not execute [./jbang, trust, add, https://repo1.maven.org/maven2/io/quarkus/] in /var/folders/j8/sj85tl7d2pq_vnhbpj4t5lwm0000gn/T/junit13211042671926172745/cli_2.6.2.Final-platform_2.8.1.Final. Error=2, No such file or directory
	at io.quarkus.devtools.compat.CliCompatTest.jbang(CliCompatTest.java:141)
	at io.quarkus.devtools.compat.CliCompatTest.testCLI(CliCompatTest.java:110)
	at io.quarkus.devtools.compat.CliCompatTest.lambda$generateTests$10(CliCompatTest.java:99)
Caused by: java.io.IOException: Cannot run program "./jbang" (in directory "/var/folders/j8/sj85tl7d2pq_vnhbpj4t5lwm0000gn/T/junit13211042671926172745/cli_2.6.2.Final-platform_2.8.1.Final"): error=2, No such file or directory
	at io.quarkus.devtools.compat.CliCompatTest.jbang(CliCompatTest.java:141)
	at io.quarkus.devtools.compat.CliCompatTest.testCLI(CliCompatTest.java:110)
	at io.quarkus.devtools.compat.CliCompatTest.lambda$generateTests$10(CliCompatTest.java:99)
Caused by: java.io.IOException: error=2, No such file or directory
	at io.quarkus.devtools.compat.CliCompatTest.jbang(CliCompatTest.java:141)
	at io.quarkus.devtools.compat.CliCompatTest.testCLI(CliCompatTest.java:110)
	at io.quarkus.devtools.compat.CliCompatTest.lambda$generateTests$10(CliCompatTest.java:99)
</error>
    <system-out><![CDATA[run: ./jbang trust add https://repo1.maven.org/maven2/io/quarkus/
]]></system-out>
  </testcase>
  <testcase name="testCli{Path}[11]" classname="io.quarkus.devtools.compat.CliCompatTest" time="0.004">
    <error message="Could not execute [./jbang, trust, add, https://repo1.maven.org/maven2/io/quarkus/] in /var/folders/j8/sj85tl7d2pq_vnhbpj4t5lwm0000gn/T/junit13211042671926172745/cli_2.8.1.Final-platform_2.8.0.Final. Error=2, No such file or directory" type="org.zeroturnaround.exec.ProcessInitException">org.zeroturnaround.exec.ProcessInitException: Could not execute [./jbang, trust, add, https://repo1.maven.org/maven2/io/quarkus/] in /var/folders/j8/sj85tl7d2pq_vnhbpj4t5lwm0000gn/T/junit13211042671926172745/cli_2.8.1.Final-platform_2.8.0.Final. Error=2, No such file or directory
	at io.quarkus.devtools.compat.CliCompatTest.jbang(CliCompatTest.java:141)
	at io.quarkus.devtools.compat.CliCompatTest.testCLI(CliCompatTest.java:110)
	at io.quarkus.devtools.compat.CliCompatTest.lambda$generateTests$10(CliCompatTest.java:99)
Caused by: java.io.IOException: Cannot run program "./jbang" (in directory "/var/folders/j8/sj85tl7d2pq_vnhbpj4t5lwm0000gn/T/junit13211042671926172745/cli_2.8.1.Final-platform_2.8.0.Final"): error=2, No such file or directory
	at io.quarkus.devtools.compat.CliCompatTest.jbang(CliCompatTest.java:141)
	at io.quarkus.devtools.compat.CliCompatTest.testCLI(CliCompatTest.java:110)
	at io.quarkus.devtools.compat.CliCompatTest.lambda$generateTests$10(CliCompatTest.java:99)
Caused by: java.io.IOException: error=2, No such file or directory
	at io.quarkus.devtools.compat.CliCompatTest.jbang(CliCompatTest.java:141)
	at io.quarkus.devtools.compat.CliCompatTest.testCLI(CliCompatTest.java:110)
	at io.quarkus.devtools.compat.CliCompatTest.lambda$generateTests$10(CliCompatTest.java:99)
</error>
    <system-out><![CDATA[run: ./jbang trust add https://repo1.maven.org/maven2/io/quarkus/
]]></system-out>
  </testcase>
  <testcase name="testCli{Path}[12]" classname="io.quarkus.devtools.compat.CliCompatTest" time="0.004">
    <error message="Could not execute [./jbang, trust, add, https://repo1.maven.org/maven2/io/quarkus/] in /var/folders/j8/sj85tl7d2pq_vnhbpj4t5lwm0000gn/T/junit13211042671926172745/cli_2.8.0.Final-platform_2.8.0.Final. Error=2, No such file or directory" type="org.zeroturnaround.exec.ProcessInitException">org.zeroturnaround.exec.ProcessInitException: Could not execute [./jbang, trust, add, https://repo1.maven.org/maven2/io/quarkus/] in /var/folders/j8/sj85tl7d2pq_vnhbpj4t5lwm0000gn/T/junit13211042671926172745/cli_2.8.0.Final-platform_2.8.0.Final. Error=2, No such file or directory
	at io.quarkus.devtools.compat.CliCompatTest.jbang(CliCompatTest.java:141)
	at io.quarkus.devtools.compat.CliCompatTest.testCLI(CliCompatTest.java:110)
	at io.quarkus.devtools.compat.CliCompatTest.lambda$generateTests$10(CliCompatTest.java:99)
Caused by: java.io.IOException: Cannot run program "./jbang" (in directory "/var/folders/j8/sj85tl7d2pq_vnhbpj4t5lwm0000gn/T/junit13211042671926172745/cli_2.8.0.Final-platform_2.8.0.Final"): error=2, No such file or directory
	at io.quarkus.devtools.compat.CliCompatTest.jbang(CliCompatTest.java:141)
	at io.quarkus.devtools.compat.CliCompatTest.testCLI(CliCompatTest.java:110)
	at io.quarkus.devtools.compat.CliCompatTest.lambda$generateTests$10(CliCompatTest.java:99)
Caused by: java.io.IOException: error=2, No such file or directory
	at io.quarkus.devtools.compat.CliCompatTest.jbang(CliCompatTest.java:141)
	at io.quarkus.devtools.compat.CliCompatTest.testCLI(CliCompatTest.java:110)
	at io.quarkus.devtools.compat.CliCompatTest.lambda$generateTests$10(CliCompatTest.java:99)
</error>
    <system-out><![CDATA[run: ./jbang trust add https://repo1.maven.org/maven2/io/quarkus/
]]></system-out>
  </testcase>
  <testcase name="testCli{Path}[13]" classname="io.quarkus.devtools.compat.CliCompatTest" time="0.004">
    <error message="Could not execute [./jbang, trust, add, https://repo1.maven.org/maven2/io/quarkus/] in /var/folders/j8/sj85tl7d2pq_vnhbpj4t5lwm0000gn/T/junit13211042671926172745/cli_2.7.5.Final-platform_2.8.0.Final. Error=2, No such file or directory" type="org.zeroturnaround.exec.ProcessInitException">org.zeroturnaround.exec.ProcessInitException: Could not execute [./jbang, trust, add, https://repo1.maven.org/maven2/io/quarkus/] in /var/folders/j8/sj85tl7d2pq_vnhbpj4t5lwm0000gn/T/junit13211042671926172745/cli_2.7.5.Final-platform_2.8.0.Final. Error=2, No such file or directory
	at io.quarkus.devtools.compat.CliCompatTest.jbang(CliCompatTest.java:141)
	at io.quarkus.devtools.compat.CliCompatTest.testCLI(CliCompatTest.java:110)
	at io.quarkus.devtools.compat.CliCompatTest.lambda$generateTests$10(CliCompatTest.java:99)
Caused by: java.io.IOException: Cannot run program "./jbang" (in directory "/var/folders/j8/sj85tl7d2pq_vnhbpj4t5lwm0000gn/T/junit13211042671926172745/cli_2.7.5.Final-platform_2.8.0.Final"): error=2, No such file or directory
	at io.quarkus.devtools.compat.CliCompatTest.jbang(CliCompatTest.java:141)
	at io.quarkus.devtools.compat.CliCompatTest.testCLI(CliCompatTest.java:110)
	at io.quarkus.devtools.compat.CliCompatTest.lambda$generateTests$10(CliCompatTest.java:99)
Caused by: java.io.IOException: error=2, No such file or directory
	at io.quarkus.devtools.compat.CliCompatTest.jbang(CliCompatTest.java:141)
	at io.quarkus.devtools.compat.CliCompatTest.testCLI(CliCompatTest.java:110)
	at io.quarkus.devtools.compat.CliCompatTest.lambda$generateTests$10(CliCompatTest.java:99)
</error>
    <system-out><![CDATA[run: ./jbang trust add https://repo1.maven.org/maven2/io/quarkus/
]]></system-out>
  </testcase>
  <testcase name="testCli{Path}[14]" classname="io.quarkus.devtools.compat.CliCompatTest" time="0.003">
    <error message="Could not execute [./jbang, trust, add, https://repo1.maven.org/maven2/io/quarkus/] in /var/folders/j8/sj85tl7d2pq_vnhbpj4t5lwm0000gn/T/junit13211042671926172745/cli_2.7.4.Final-platform_2.8.0.Final. Error=2, No such file or directory" type="org.zeroturnaround.exec.ProcessInitException">org.zeroturnaround.exec.ProcessInitException: Could not execute [./jbang, trust, add, https://repo1.maven.org/maven2/io/quarkus/] in /var/folders/j8/sj85tl7d2pq_vnhbpj4t5lwm0000gn/T/junit13211042671926172745/cli_2.7.4.Final-platform_2.8.0.Final. Error=2, No such file or directory
	at io.quarkus.devtools.compat.CliCompatTest.jbang(CliCompatTest.java:141)
	at io.quarkus.devtools.compat.CliCompatTest.testCLI(CliCompatTest.java:110)
	at io.quarkus.devtools.compat.CliCompatTest.lambda$generateTests$10(CliCompatTest.java:99)
Caused by: java.io.IOException: Cannot run program "./jbang" (in directory "/var/folders/j8/sj85tl7d2pq_vnhbpj4t5lwm0000gn/T/junit13211042671926172745/cli_2.7.4.Final-platform_2.8.0.Final"): error=2, No such file or directory
	at io.quarkus.devtools.compat.CliCompatTest.jbang(CliCompatTest.java:141)
	at io.quarkus.devtools.compat.CliCompatTest.testCLI(CliCompatTest.java:110)
	at io.quarkus.devtools.compat.CliCompatTest.lambda$generateTests$10(CliCompatTest.java:99)
Caused by: java.io.IOException: error=2, No such file or directory
	at io.quarkus.devtools.compat.CliCompatTest.jbang(CliCompatTest.java:141)
	at io.quarkus.devtools.compat.CliCompatTest.testCLI(CliCompatTest.java:110)
	at io.quarkus.devtools.compat.CliCompatTest.lambda$generateTests$10(CliCompatTest.java:99)
</error>
    <system-out><![CDATA[run: ./jbang trust add https://repo1.maven.org/maven2/io/quarkus/
]]></system-out>
  </testcase>
  <testcase name="testCli{Path}[15]" classname="io.quarkus.devtools.compat.CliCompatTest" time="0.003">
    <error message="Could not execute [./jbang, trust, add, https://repo1.maven.org/maven2/io/quarkus/] in /var/folders/j8/sj85tl7d2pq_vnhbpj4t5lwm0000gn/T/junit13211042671926172745/cli_2.7.3.Final-platform_2.8.0.Final. Error=2, No such file or directory" type="org.zeroturnaround.exec.ProcessInitException">org.zeroturnaround.exec.ProcessInitException: Could not execute [./jbang, trust, add, https://repo1.maven.org/maven2/io/quarkus/] in /var/folders/j8/sj85tl7d2pq_vnhbpj4t5lwm0000gn/T/junit13211042671926172745/cli_2.7.3.Final-platform_2.8.0.Final. Error=2, No such file or directory
	at io.quarkus.devtools.compat.CliCompatTest.jbang(CliCompatTest.java:141)
	at io.quarkus.devtools.compat.CliCompatTest.testCLI(CliCompatTest.java:110)
	at io.quarkus.devtools.compat.CliCompatTest.lambda$generateTests$10(CliCompatTest.java:99)
Caused by: java.io.IOException: Cannot run program "./jbang" (in directory "/var/folders/j8/sj85tl7d2pq_vnhbpj4t5lwm0000gn/T/junit13211042671926172745/cli_2.7.3.Final-platform_2.8.0.Final"): error=2, No such file or directory
	at io.quarkus.devtools.compat.CliCompatTest.jbang(CliCompatTest.java:141)
	at io.quarkus.devtools.compat.CliCompatTest.testCLI(CliCompatTest.java:110)
	at io.quarkus.devtools.compat.CliCompatTest.lambda$generateTests$10(CliCompatTest.java:99)
Caused by: java.io.IOException: error=2, No such file or directory
	at io.quarkus.devtools.compat.CliCompatTest.jbang(CliCompatTest.java:141)
	at io.quarkus.devtools.compat.CliCompatTest.testCLI(CliCompatTest.java:110)
	at io.quarkus.devtools.compat.CliCompatTest.lambda$generateTests$10(CliCompatTest.java:99)
</error>
    <system-out><![CDATA[run: ./jbang trust add https://repo1.maven.org/maven2/io/quarkus/
]]></system-out>
  </testcase>
  <testcase name="testCli{Path}[16]" classname="io.quarkus.devtools.compat.CliCompatTest" time="0.004">
    <error message="Could not execute [./jbang, trust, add, https://repo1.maven.org/maven2/io/quarkus/] in /var/folders/j8/sj85tl7d2pq_vnhbpj4t5lwm0000gn/T/junit13211042671926172745/cli_2.7.2.Final-platform_2.8.0.Final. Error=2, No such file or directory" type="org.zeroturnaround.exec.ProcessInitException">org.zeroturnaround.exec.ProcessInitException: Could not execute [./jbang, trust, add, https://repo1.maven.org/maven2/io/quarkus/] in /var/folders/j8/sj85tl7d2pq_vnhbpj4t5lwm0000gn/T/junit13211042671926172745/cli_2.7.2.Final-platform_2.8.0.Final. Error=2, No such file or directory
	at io.quarkus.devtools.compat.CliCompatTest.jbang(CliCompatTest.java:141)
	at io.quarkus.devtools.compat.CliCompatTest.testCLI(CliCompatTest.java:110)
	at io.quarkus.devtools.compat.CliCompatTest.lambda$generateTests$10(CliCompatTest.java:99)
Caused by: java.io.IOException: Cannot run program "./jbang" (in directory "/var/folders/j8/sj85tl7d2pq_vnhbpj4t5lwm0000gn/T/junit13211042671926172745/cli_2.7.2.Final-platform_2.8.0.Final"): error=2, No such file or directory
	at io.quarkus.devtools.compat.CliCompatTest.jbang(CliCompatTest.java:141)
	at io.quarkus.devtools.compat.CliCompatTest.testCLI(CliCompatTest.java:110)
	at io.quarkus.devtools.compat.CliCompatTest.lambda$generateTests$10(CliCompatTest.java:99)
Caused by: java.io.IOException: error=2, No such file or directory
	at io.quarkus.devtools.compat.CliCompatTest.jbang(CliCompatTest.java:141)
	at io.quarkus.devtools.compat.CliCompatTest.testCLI(CliCompatTest.java:110)
	at io.quarkus.devtools.compat.CliCompatTest.lambda$generateTests$10(CliCompatTest.java:99)
</error>
    <system-out><![CDATA[run: ./jbang trust add https://repo1.maven.org/maven2/io/quarkus/
]]></system-out>
  </testcase>
  <testcase name="testCli{Path}[17]" classname="io.quarkus.devtools.compat.CliCompatTest" time="0.003">
    <error message="Could not execute [./jbang, trust, add, https://repo1.maven.org/maven2/io/quarkus/] in /var/folders/j8/sj85tl7d2pq_vnhbpj4t5lwm0000gn/T/junit13211042671926172745/cli_2.7.1.Final-platform_2.8.0.Final. Error=2, No such file or directory" type="org.zeroturnaround.exec.ProcessInitException">org.zeroturnaround.exec.ProcessInitException: Could not execute [./jbang, trust, add, https://repo1.maven.org/maven2/io/quarkus/] in /var/folders/j8/sj85tl7d2pq_vnhbpj4t5lwm0000gn/T/junit13211042671926172745/cli_2.7.1.Final-platform_2.8.0.Final. Error=2, No such file or directory
	at io.quarkus.devtools.compat.CliCompatTest.jbang(CliCompatTest.java:141)
	at io.quarkus.devtools.compat.CliCompatTest.testCLI(CliCompatTest.java:110)
	at io.quarkus.devtools.compat.CliCompatTest.lambda$generateTests$10(CliCompatTest.java:99)
Caused by: java.io.IOException: Cannot run program "./jbang" (in directory "/var/folders/j8/sj85tl7d2pq_vnhbpj4t5lwm0000gn/T/junit13211042671926172745/cli_2.7.1.Final-platform_2.8.0.Final"): error=2, No such file or directory
	at io.quarkus.devtools.compat.CliCompatTest.jbang(CliCompatTest.java:141)
	at io.quarkus.devtools.compat.CliCompatTest.testCLI(CliCompatTest.java:110)
	at io.quarkus.devtools.compat.CliCompatTest.lambda$generateTests$10(CliCompatTest.java:99)
Caused by: java.io.IOException: error=2, No such file or directory
	at io.quarkus.devtools.compat.CliCompatTest.jbang(CliCompatTest.java:141)
	at io.quarkus.devtools.compat.CliCompatTest.testCLI(CliCompatTest.java:110)
	at io.quarkus.devtools.compat.CliCompatTest.lambda$generateTests$10(CliCompatTest.java:99)
</error>
    <system-out><![CDATA[run: ./jbang trust add https://repo1.maven.org/maven2/io/quarkus/
]]></system-out>
  </testcase>
  <testcase name="testCli{Path}[18]" classname="io.quarkus.devtools.compat.CliCompatTest" time="0.004">
    <error message="Could not execute [./jbang, trust, add, https://repo1.maven.org/maven2/io/quarkus/] in /var/folders/j8/sj85tl7d2pq_vnhbpj4t5lwm0000gn/T/junit13211042671926172745/cli_2.7.0.Final-platform_2.8.0.Final. Error=2, No such file or directory" type="org.zeroturnaround.exec.ProcessInitException">org.zeroturnaround.exec.ProcessInitException: Could not execute [./jbang, trust, add, https://repo1.maven.org/maven2/io/quarkus/] in /var/folders/j8/sj85tl7d2pq_vnhbpj4t5lwm0000gn/T/junit13211042671926172745/cli_2.7.0.Final-platform_2.8.0.Final. Error=2, No such file or directory
	at io.quarkus.devtools.compat.CliCompatTest.jbang(CliCompatTest.java:141)
	at io.quarkus.devtools.compat.CliCompatTest.testCLI(CliCompatTest.java:110)
	at io.quarkus.devtools.compat.CliCompatTest.lambda$generateTests$10(CliCompatTest.java:99)
Caused by: java.io.IOException: Cannot run program "./jbang" (in directory "/var/folders/j8/sj85tl7d2pq_vnhbpj4t5lwm0000gn/T/junit13211042671926172745/cli_2.7.0.Final-platform_2.8.0.Final"): error=2, No such file or directory
	at io.quarkus.devtools.compat.CliCompatTest.jbang(CliCompatTest.java:141)
	at io.quarkus.devtools.compat.CliCompatTest.testCLI(CliCompatTest.java:110)
	at io.quarkus.devtools.compat.CliCompatTest.lambda$generateTests$10(CliCompatTest.java:99)
Caused by: java.io.IOException: error=2, No such file or directory
	at io.quarkus.devtools.compat.CliCompatTest.jbang(CliCompatTest.java:141)
	at io.quarkus.devtools.compat.CliCompatTest.testCLI(CliCompatTest.java:110)
	at io.quarkus.devtools.compat.CliCompatTest.lambda$generateTests$10(CliCompatTest.java:99)
</error>
    <system-out><![CDATA[run: ./jbang trust add https://repo1.maven.org/maven2/io/quarkus/
]]></system-out>
  </testcase>
  <testcase name="testCli{Path}[19]" classname="io.quarkus.devtools.compat.CliCompatTest" time="0.004">
    <error message="Could not execute [./jbang, trust, add, https://repo1.maven.org/maven2/io/quarkus/] in /var/folders/j8/sj85tl7d2pq_vnhbpj4t5lwm0000gn/T/junit13211042671926172745/cli_2.6.3.Final-platform_2.8.0.Final. Error=2, No such file or directory" type="org.zeroturnaround.exec.ProcessInitException">org.zeroturnaround.exec.ProcessInitException: Could not execute [./jbang, trust, add, https://repo1.maven.org/maven2/io/quarkus/] in /var/folders/j8/sj85tl7d2pq_vnhbpj4t5lwm0000gn/T/junit13211042671926172745/cli_2.6.3.Final-platform_2.8.0.Final. Error=2, No such file or directory
	at io.quarkus.devtools.compat.CliCompatTest.jbang(CliCompatTest.java:141)
	at io.quarkus.devtools.compat.CliCompatTest.testCLI(CliCompatTest.java:110)
	at io.quarkus.devtools.compat.CliCompatTest.lambda$generateTests$10(CliCompatTest.java:99)
Caused by: java.io.IOException: Cannot run program "./jbang" (in directory "/var/folders/j8/sj85tl7d2pq_vnhbpj4t5lwm0000gn/T/junit13211042671926172745/cli_2.6.3.Final-platform_2.8.0.Final"): error=2, No such file or directory
	at io.quarkus.devtools.compat.CliCompatTest.jbang(CliCompatTest.java:141)
	at io.quarkus.devtools.compat.CliCompatTest.testCLI(CliCompatTest.java:110)
	at io.quarkus.devtools.compat.CliCompatTest.lambda$generateTests$10(CliCompatTest.java:99)
Caused by: java.io.IOException: error=2, No such file or directory
	at io.quarkus.devtools.compat.CliCompatTest.jbang(CliCompatTest.java:141)
	at io.quarkus.devtools.compat.CliCompatTest.testCLI(CliCompatTest.java:110)
	at io.quarkus.devtools.compat.CliCompatTest.lambda$generateTests$10(CliCompatTest.java:99)
</error>
    <system-out><![CDATA[run: ./jbang trust add https://repo1.maven.org/maven2/io/quarkus/
]]></system-out>
  </testcase>
  <testcase name="testCli{Path}[20]" classname="io.quarkus.devtools.compat.CliCompatTest" time="0.004">
    <error message="Could not execute [./jbang, trust, add, https://repo1.maven.org/maven2/io/quarkus/] in /var/folders/j8/sj85tl7d2pq_vnhbpj4t5lwm0000gn/T/junit13211042671926172745/cli_2.6.2.Final-platform_2.8.0.Final. Error=2, No such file or directory" type="org.zeroturnaround.exec.ProcessInitException">org.zeroturnaround.exec.ProcessInitException: Could not execute [./jbang, trust, add, https://repo1.maven.org/maven2/io/quarkus/] in /var/folders/j8/sj85tl7d2pq_vnhbpj4t5lwm0000gn/T/junit13211042671926172745/cli_2.6.2.Final-platform_2.8.0.Final. Error=2, No such file or directory
	at io.quarkus.devtools.compat.CliCompatTest.jbang(CliCompatTest.java:141)
	at io.quarkus.devtools.compat.CliCompatTest.testCLI(CliCompatTest.java:110)
	at io.quarkus.devtools.compat.CliCompatTest.lambda$generateTests$10(CliCompatTest.java:99)
Caused by: java.io.IOException: Cannot run program "./jbang" (in directory "/var/folders/j8/sj85tl7d2pq_vnhbpj4t5lwm0000gn/T/junit13211042671926172745/cli_2.6.2.Final-platform_2.8.0.Final"): error=2, No such file or directory
	at io.quarkus.devtools.compat.CliCompatTest.jbang(CliCompatTest.java:141)
	at io.quarkus.devtools.compat.CliCompatTest.testCLI(CliCompatTest.java:110)
	at io.quarkus.devtools.compat.CliCompatTest.lambda$generateTests$10(CliCompatTest.java:99)
Caused by: java.io.IOException: error=2, No such file or directory
	at io.quarkus.devtools.compat.CliCompatTest.jbang(CliCompatTest.java:141)
	at io.quarkus.devtools.compat.CliCompatTest.testCLI(CliCompatTest.java:110)
	at io.quarkus.devtools.compat.CliCompatTest.lambda$generateTests$10(CliCompatTest.java:99)
</error>
    <system-out><![CDATA[run: ./jbang trust add https://repo1.maven.org/maven2/io/quarkus/
]]></system-out>
  </testcase>
  <testcase name="testCli{Path}[21]" classname="io.quarkus.devtools.compat.CliCompatTest" time="0.004">
    <error message="Could not execute [./jbang, trust, add, https://repo1.maven.org/maven2/io/quarkus/] in /var/folders/j8/sj85tl7d2pq_vnhbpj4t5lwm0000gn/T/junit13211042671926172745/cli_2.8.1.Final-platform_2.7.5.Final. Error=2, No such file or directory" type="org.zeroturnaround.exec.ProcessInitException">org.zeroturnaround.exec.ProcessInitException: Could not execute [./jbang, trust, add, https://repo1.maven.org/maven2/io/quarkus/] in /var/folders/j8/sj85tl7d2pq_vnhbpj4t5lwm0000gn/T/junit13211042671926172745/cli_2.8.1.Final-platform_2.7.5.Final. Error=2, No such file or directory
	at io.quarkus.devtools.compat.CliCompatTest.jbang(CliCompatTest.java:141)
	at io.quarkus.devtools.compat.CliCompatTest.testCLI(CliCompatTest.java:110)
	at io.quarkus.devtools.compat.CliCompatTest.lambda$generateTests$10(CliCompatTest.java:99)
Caused by: java.io.IOException: Cannot run program "./jbang" (in directory "/var/folders/j8/sj85tl7d2pq_vnhbpj4t5lwm0000gn/T/junit13211042671926172745/cli_2.8.1.Final-platform_2.7.5.Final"): error=2, No such file or directory
	at io.quarkus.devtools.compat.CliCompatTest.jbang(CliCompatTest.java:141)
	at io.quarkus.devtools.compat.CliCompatTest.testCLI(CliCompatTest.java:110)
	at io.quarkus.devtools.compat.CliCompatTest.lambda$generateTests$10(CliCompatTest.java:99)
Caused by: java.io.IOException: error=2, No such file or directory
	at io.quarkus.devtools.compat.CliCompatTest.jbang(CliCompatTest.java:141)
	at io.quarkus.devtools.compat.CliCompatTest.testCLI(CliCompatTest.java:110)
	at io.quarkus.devtools.compat.CliCompatTest.lambda$generateTests$10(CliCompatTest.java:99)
</error>
    <system-out><![CDATA[run: ./jbang trust add https://repo1.maven.org/maven2/io/quarkus/
]]></system-out>
  </testcase>
  <testcase name="testCli{Path}[22]" classname="io.quarkus.devtools.compat.CliCompatTest" time="0.003">
    <error message="Could not execute [./jbang, trust, add, https://repo1.maven.org/maven2/io/quarkus/] in /var/folders/j8/sj85tl7d2pq_vnhbpj4t5lwm0000gn/T/junit13211042671926172745/cli_2.8.0.Final-platform_2.7.5.Final. Error=2, No such file or directory" type="org.zeroturnaround.exec.ProcessInitException">org.zeroturnaround.exec.ProcessInitException: Could not execute [./jbang, trust, add, https://repo1.maven.org/maven2/io/quarkus/] in /var/folders/j8/sj85tl7d2pq_vnhbpj4t5lwm0000gn/T/junit13211042671926172745/cli_2.8.0.Final-platform_2.7.5.Final. Error=2, No such file or directory
	at io.quarkus.devtools.compat.CliCompatTest.jbang(CliCompatTest.java:141)
	at io.quarkus.devtools.compat.CliCompatTest.testCLI(CliCompatTest.java:110)
	at io.quarkus.devtools.compat.CliCompatTest.lambda$generateTests$10(CliCompatTest.java:99)
Caused by: java.io.IOException: Cannot run program "./jbang" (in directory "/var/folders/j8/sj85tl7d2pq_vnhbpj4t5lwm0000gn/T/junit13211042671926172745/cli_2.8.0.Final-platform_2.7.5.Final"): error=2, No such file or directory
	at io.quarkus.devtools.compat.CliCompatTest.jbang(CliCompatTest.java:141)
	at io.quarkus.devtools.compat.CliCompatTest.testCLI(CliCompatTest.java:110)
	at io.quarkus.devtools.compat.CliCompatTest.lambda$generateTests$10(CliCompatTest.java:99)
Caused by: java.io.IOException: error=2, No such file or directory
	at io.quarkus.devtools.compat.CliCompatTest.jbang(CliCompatTest.java:141)
	at io.quarkus.devtools.compat.CliCompatTest.testCLI(CliCompatTest.java:110)
	at io.quarkus.devtools.compat.CliCompatTest.lambda$generateTests$10(CliCompatTest.java:99)
</error>
    <system-out><![CDATA[run: ./jbang trust add https://repo1.maven.org/maven2/io/quarkus/
]]></system-out>
  </testcase>
  <testcase name="testCli{Path}[23]" classname="io.quarkus.devtools.compat.CliCompatTest" time="0.003">
    <error message="Could not execute [./jbang, trust, add, https://repo1.maven.org/maven2/io/quarkus/] in /var/folders/j8/sj85tl7d2pq_vnhbpj4t5lwm0000gn/T/junit13211042671926172745/cli_2.7.5.Final-platform_2.7.5.Final. Error=2, No such file or directory" type="org.zeroturnaround.exec.ProcessInitException">org.zeroturnaround.exec.ProcessInitException: Could not execute [./jbang, trust, add, https://repo1.maven.org/maven2/io/quarkus/] in /var/folders/j8/sj85tl7d2pq_vnhbpj4t5lwm0000gn/T/junit13211042671926172745/cli_2.7.5.Final-platform_2.7.5.Final. Error=2, No such file or directory
	at io.quarkus.devtools.compat.CliCompatTest.jbang(CliCompatTest.java:141)
	at io.quarkus.devtools.compat.CliCompatTest.testCLI(CliCompatTest.java:110)
	at io.quarkus.devtools.compat.CliCompatTest.lambda$generateTests$10(CliCompatTest.java:99)
Caused by: java.io.IOException: Cannot run program "./jbang" (in directory "/var/folders/j8/sj85tl7d2pq_vnhbpj4t5lwm0000gn/T/junit13211042671926172745/cli_2.7.5.Final-platform_2.7.5.Final"): error=2, No such file or directory
	at io.quarkus.devtools.compat.CliCompatTest.jbang(CliCompatTest.java:141)
	at io.quarkus.devtools.compat.CliCompatTest.testCLI(CliCompatTest.java:110)
	at io.quarkus.devtools.compat.CliCompatTest.lambda$generateTests$10(CliCompatTest.java:99)
Caused by: java.io.IOException: error=2, No such file or directory
	at io.quarkus.devtools.compat.CliCompatTest.jbang(CliCompatTest.java:141)
	at io.quarkus.devtools.compat.CliCompatTest.testCLI(CliCompatTest.java:110)
	at io.quarkus.devtools.compat.CliCompatTest.lambda$generateTests$10(CliCompatTest.java:99)
</error>
    <system-out><![CDATA[run: ./jbang trust add https://repo1.maven.org/maven2/io/quarkus/
]]></system-out>
  </testcase>
  <testcase name="testCli{Path}[24]" classname="io.quarkus.devtools.compat.CliCompatTest" time="0.004">
    <error message="Could not execute [./jbang, trust, add, https://repo1.maven.org/maven2/io/quarkus/] in /var/folders/j8/sj85tl7d2pq_vnhbpj4t5lwm0000gn/T/junit13211042671926172745/cli_2.7.4.Final-platform_2.7.5.Final. Error=2, No such file or directory" type="org.zeroturnaround.exec.ProcessInitException">org.zeroturnaround.exec.ProcessInitException: Could not execute [./jbang, trust, add, https://repo1.maven.org/maven2/io/quarkus/] in /var/folders/j8/sj85tl7d2pq_vnhbpj4t5lwm0000gn/T/junit13211042671926172745/cli_2.7.4.Final-platform_2.7.5.Final. Error=2, No such file or directory
	at io.quarkus.devtools.compat.CliCompatTest.jbang(CliCompatTest.java:141)
	at io.quarkus.devtools.compat.CliCompatTest.testCLI(CliCompatTest.java:110)
	at io.quarkus.devtools.compat.CliCompatTest.lambda$generateTests$10(CliCompatTest.java:99)
Caused by: java.io.IOException: Cannot run program "./jbang" (in directory "/var/folders/j8/sj85tl7d2pq_vnhbpj4t5lwm0000gn/T/junit13211042671926172745/cli_2.7.4.Final-platform_2.7.5.Final"): error=2, No such file or directory
	at io.quarkus.devtools.compat.CliCompatTest.jbang(CliCompatTest.java:141)
	at io.quarkus.devtools.compat.CliCompatTest.testCLI(CliCompatTest.java:110)
	at io.quarkus.devtools.compat.CliCompatTest.lambda$generateTests$10(CliCompatTest.java:99)
Caused by: java.io.IOException: error=2, No such file or directory
	at io.quarkus.devtools.compat.CliCompatTest.jbang(CliCompatTest.java:141)
	at io.quarkus.devtools.compat.CliCompatTest.testCLI(CliCompatTest.java:110)
	at io.quarkus.devtools.compat.CliCompatTest.lambda$generateTests$10(CliCompatTest.java:99)
</error>
    <system-out><![CDATA[run: ./jbang trust add https://repo1.maven.org/maven2/io/quarkus/
]]></system-out>
  </testcase>
  <testcase name="testCli{Path}[25]" classname="io.quarkus.devtools.compat.CliCompatTest" time="0.004">
    <error message="Could not execute [./jbang, trust, add, https://repo1.maven.org/maven2/io/quarkus/] in /var/folders/j8/sj85tl7d2pq_vnhbpj4t5lwm0000gn/T/junit13211042671926172745/cli_2.7.3.Final-platform_2.7.5.Final. Error=2, No such file or directory" type="org.zeroturnaround.exec.ProcessInitException">org.zeroturnaround.exec.ProcessInitException: Could not execute [./jbang, trust, add, https://repo1.maven.org/maven2/io/quarkus/] in /var/folders/j8/sj85tl7d2pq_vnhbpj4t5lwm0000gn/T/junit13211042671926172745/cli_2.7.3.Final-platform_2.7.5.Final. Error=2, No such file or directory
	at io.quarkus.devtools.compat.CliCompatTest.jbang(CliCompatTest.java:141)
	at io.quarkus.devtools.compat.CliCompatTest.testCLI(CliCompatTest.java:110)
	at io.quarkus.devtools.compat.CliCompatTest.lambda$generateTests$10(CliCompatTest.java:99)
Caused by: java.io.IOException: Cannot run program "./jbang" (in directory "/var/folders/j8/sj85tl7d2pq_vnhbpj4t5lwm0000gn/T/junit13211042671926172745/cli_2.7.3.Final-platform_2.7.5.Final"): error=2, No such file or directory
	at io.quarkus.devtools.compat.CliCompatTest.jbang(CliCompatTest.java:141)
	at io.quarkus.devtools.compat.CliCompatTest.testCLI(CliCompatTest.java:110)
	at io.quarkus.devtools.compat.CliCompatTest.lambda$generateTests$10(CliCompatTest.java:99)
Caused by: java.io.IOException: error=2, No such file or directory
	at io.quarkus.devtools.compat.CliCompatTest.jbang(CliCompatTest.java:141)
	at io.quarkus.devtools.compat.CliCompatTest.testCLI(CliCompatTest.java:110)
	at io.quarkus.devtools.compat.CliCompatTest.lambda$generateTests$10(CliCompatTest.java:99)
</error>
    <system-out><![CDATA[run: ./jbang trust add https://repo1.maven.org/maven2/io/quarkus/
]]></system-out>
  </testcase>
  <testcase name="testCli{Path}[26]" classname="io.quarkus.devtools.compat.CliCompatTest" time="0.004">
    <error message="Could not execute [./jbang, trust, add, https://repo1.maven.org/maven2/io/quarkus/] in /var/folders/j8/sj85tl7d2pq_vnhbpj4t5lwm0000gn/T/junit13211042671926172745/cli_2.7.2.Final-platform_2.7.5.Final. Error=2, No such file or directory" type="org.zeroturnaround.exec.ProcessInitException">org.zeroturnaround.exec.ProcessInitException: Could not execute [./jbang, trust, add, https://repo1.maven.org/maven2/io/quarkus/] in /var/folders/j8/sj85tl7d2pq_vnhbpj4t5lwm0000gn/T/junit13211042671926172745/cli_2.7.2.Final-platform_2.7.5.Final. Error=2, No such file or directory
	at io.quarkus.devtools.compat.CliCompatTest.jbang(CliCompatTest.java:141)
	at io.quarkus.devtools.compat.CliCompatTest.testCLI(CliCompatTest.java:110)
	at io.quarkus.devtools.compat.CliCompatTest.lambda$generateTests$10(CliCompatTest.java:99)
Caused by: java.io.IOException: Cannot run program "./jbang" (in directory "/var/folders/j8/sj85tl7d2pq_vnhbpj4t5lwm0000gn/T/junit13211042671926172745/cli_2.7.2.Final-platform_2.7.5.Final"): error=2, No such file or directory
	at io.quarkus.devtools.compat.CliCompatTest.jbang(CliCompatTest.java:141)
	at io.quarkus.devtools.compat.CliCompatTest.testCLI(CliCompatTest.java:110)
	at io.quarkus.devtools.compat.CliCompatTest.lambda$generateTests$10(CliCompatTest.java:99)
Caused by: java.io.IOException: error=2, No such file or directory
	at io.quarkus.devtools.compat.CliCompatTest.jbang(CliCompatTest.java:141)
	at io.quarkus.devtools.compat.CliCompatTest.testCLI(CliCompatTest.java:110)
	at io.quarkus.devtools.compat.CliCompatTest.lambda$generateTests$10(CliCompatTest.java:99)
</error>
    <system-out><![CDATA[run: ./jbang trust add https://repo1.maven.org/maven2/io/quarkus/
]]></system-out>
  </testcase>
  <testcase name="testCli{Path}[27]" classname="io.quarkus.devtools.compat.CliCompatTest" time="0.003">
    <error message="Could not execute [./jbang, trust, add, https://repo1.maven.org/maven2/io/quarkus/] in /var/folders/j8/sj85tl7d2pq_vnhbpj4t5lwm0000gn/T/junit13211042671926172745/cli_2.7.1.Final-platform_2.7.5.Final. Error=2, No such file or directory" type="org.zeroturnaround.exec.ProcessInitException">org.zeroturnaround.exec.ProcessInitException: Could not execute [./jbang, trust, add, https://repo1.maven.org/maven2/io/quarkus/] in /var/folders/j8/sj85tl7d2pq_vnhbpj4t5lwm0000gn/T/junit13211042671926172745/cli_2.7.1.Final-platform_2.7.5.Final. Error=2, No such file or directory
	at io.quarkus.devtools.compat.CliCompatTest.jbang(CliCompatTest.java:141)
	at io.quarkus.devtools.compat.CliCompatTest.testCLI(CliCompatTest.java:110)
	at io.quarkus.devtools.compat.CliCompatTest.lambda$generateTests$10(CliCompatTest.java:99)
Caused by: java.io.IOException: Cannot run program "./jbang" (in directory "/var/folders/j8/sj85tl7d2pq_vnhbpj4t5lwm0000gn/T/junit13211042671926172745/cli_2.7.1.Final-platform_2.7.5.Final"): error=2, No such file or directory
	at io.quarkus.devtools.compat.CliCompatTest.jbang(CliCompatTest.java:141)
	at io.quarkus.devtools.compat.CliCompatTest.testCLI(CliCompatTest.java:110)
	at io.quarkus.devtools.compat.CliCompatTest.lambda$generateTests$10(CliCompatTest.java:99)
Caused by: java.io.IOException: error=2, No such file or directory
	at io.quarkus.devtools.compat.CliCompatTest.jbang(CliCompatTest.java:141)
	at io.quarkus.devtools.compat.CliCompatTest.testCLI(CliCompatTest.java:110)
	at io.quarkus.devtools.compat.CliCompatTest.lambda$generateTests$10(CliCompatTest.java:99)
</error>
    <system-out><![CDATA[run: ./jbang trust add https://repo1.maven.org/maven2/io/quarkus/
]]></system-out>
  </testcase>
  <testcase name="testCli{Path}[28]" classname="io.quarkus.devtools.compat.CliCompatTest" time="0.003">
    <error message="Could not execute [./jbang, trust, add, https://repo1.maven.org/maven2/io/quarkus/] in /var/folders/j8/sj85tl7d2pq_vnhbpj4t5lwm0000gn/T/junit13211042671926172745/cli_2.7.0.Final-platform_2.7.5.Final. Error=2, No such file or directory" type="org.zeroturnaround.exec.ProcessInitException">org.zeroturnaround.exec.ProcessInitException: Could not execute [./jbang, trust, add, https://repo1.maven.org/maven2/io/quarkus/] in /var/folders/j8/sj85tl7d2pq_vnhbpj4t5lwm0000gn/T/junit13211042671926172745/cli_2.7.0.Final-platform_2.7.5.Final. Error=2, No such file or directory
	at io.quarkus.devtools.compat.CliCompatTest.jbang(CliCompatTest.java:141)
	at io.quarkus.devtools.compat.CliCompatTest.testCLI(CliCompatTest.java:110)
	at io.quarkus.devtools.compat.CliCompatTest.lambda$generateTests$10(CliCompatTest.java:99)
Caused by: java.io.IOException: Cannot run program "./jbang" (in directory "/var/folders/j8/sj85tl7d2pq_vnhbpj4t5lwm0000gn/T/junit13211042671926172745/cli_2.7.0.Final-platform_2.7.5.Final"): error=2, No such file or directory
	at io.quarkus.devtools.compat.CliCompatTest.jbang(CliCompatTest.java:141)
	at io.quarkus.devtools.compat.CliCompatTest.testCLI(CliCompatTest.java:110)
	at io.quarkus.devtools.compat.CliCompatTest.lambda$generateTests$10(CliCompatTest.java:99)
Caused by: java.io.IOException: error=2, No such file or directory
	at io.quarkus.devtools.compat.CliCompatTest.jbang(CliCompatTest.java:141)
	at io.quarkus.devtools.compat.CliCompatTest.testCLI(CliCompatTest.java:110)
	at io.quarkus.devtools.compat.CliCompatTest.lambda$generateTests$10(CliCompatTest.java:99)
</error>
    <system-out><![CDATA[run: ./jbang trust add https://repo1.maven.org/maven2/io/quarkus/
]]></system-out>
  </testcase>
  <testcase name="testCli{Path}[29]" classname="io.quarkus.devtools.compat.CliCompatTest" time="0.003">
    <error message="Could not execute [./jbang, trust, add, https://repo1.maven.org/maven2/io/quarkus/] in /var/folders/j8/sj85tl7d2pq_vnhbpj4t5lwm0000gn/T/junit13211042671926172745/cli_2.6.3.Final-platform_2.7.5.Final. Error=2, No such file or directory" type="org.zeroturnaround.exec.ProcessInitException">org.zeroturnaround.exec.ProcessInitException: Could not execute [./jbang, trust, add, https://repo1.maven.org/maven2/io/quarkus/] in /var/folders/j8/sj85tl7d2pq_vnhbpj4t5lwm0000gn/T/junit13211042671926172745/cli_2.6.3.Final-platform_2.7.5.Final. Error=2, No such file or directory
	at io.quarkus.devtools.compat.CliCompatTest.jbang(CliCompatTest.java:141)
	at io.quarkus.devtools.compat.CliCompatTest.testCLI(CliCompatTest.java:110)
	at io.quarkus.devtools.compat.CliCompatTest.lambda$generateTests$10(CliCompatTest.java:99)
Caused by: java.io.IOException: Cannot run program "./jbang" (in directory "/var/folders/j8/sj85tl7d2pq_vnhbpj4t5lwm0000gn/T/junit13211042671926172745/cli_2.6.3.Final-platform_2.7.5.Final"): error=2, No such file or directory
	at io.quarkus.devtools.compat.CliCompatTest.jbang(CliCompatTest.java:141)
	at io.quarkus.devtools.compat.CliCompatTest.testCLI(CliCompatTest.java:110)
	at io.quarkus.devtools.compat.CliCompatTest.lambda$generateTests$10(CliCompatTest.java:99)
Caused by: java.io.IOException: error=2, No such file or directory
	at io.quarkus.devtools.compat.CliCompatTest.jbang(CliCompatTest.java:141)
	at io.quarkus.devtools.compat.CliCompatTest.testCLI(CliCompatTest.java:110)
	at io.quarkus.devtools.compat.CliCompatTest.lambda$generateTests$10(CliCompatTest.java:99)
</error>
    <system-out><![CDATA[run: ./jbang trust add https://repo1.maven.org/maven2/io/quarkus/
]]></system-out>
  </testcase>
  <testcase name="testCli{Path}[30]" classname="io.quarkus.devtools.compat.CliCompatTest" time="0.004">
    <error message="Could not execute [./jbang, trust, add, https://repo1.maven.org/maven2/io/quarkus/] in /var/folders/j8/sj85tl7d2pq_vnhbpj4t5lwm0000gn/T/junit13211042671926172745/cli_2.6.2.Final-platform_2.7.5.Final. Error=2, No such file or directory" type="org.zeroturnaround.exec.ProcessInitException">org.zeroturnaround.exec.ProcessInitException: Could not execute [./jbang, trust, add, https://repo1.maven.org/maven2/io/quarkus/] in /var/folders/j8/sj85tl7d2pq_vnhbpj4t5lwm0000gn/T/junit13211042671926172745/cli_2.6.2.Final-platform_2.7.5.Final. Error=2, No such file or directory
	at io.quarkus.devtools.compat.CliCompatTest.jbang(CliCompatTest.java:141)
	at io.quarkus.devtools.compat.CliCompatTest.testCLI(CliCompatTest.java:110)
	at io.quarkus.devtools.compat.CliCompatTest.lambda$generateTests$10(CliCompatTest.java:99)
Caused by: java.io.IOException: Cannot run program "./jbang" (in directory "/var/folders/j8/sj85tl7d2pq_vnhbpj4t5lwm0000gn/T/junit13211042671926172745/cli_2.6.2.Final-platform_2.7.5.Final"): error=2, No such file or directory
	at io.quarkus.devtools.compat.CliCompatTest.jbang(CliCompatTest.java:141)
	at io.quarkus.devtools.compat.CliCompatTest.testCLI(CliCompatTest.java:110)
	at io.quarkus.devtools.compat.CliCompatTest.lambda$generateTests$10(CliCompatTest.java:99)
Caused by: java.io.IOException: error=2, No such file or directory
	at io.quarkus.devtools.compat.CliCompatTest.jbang(CliCompatTest.java:141)
	at io.quarkus.devtools.compat.CliCompatTest.testCLI(CliCompatTest.java:110)
	at io.quarkus.devtools.compat.CliCompatTest.lambda$generateTests$10(CliCompatTest.java:99)
</error>
    <system-out><![CDATA[run: ./jbang trust add https://repo1.maven.org/maven2/io/quarkus/
]]></system-out>
  </testcase>
  <testcase name="testCli{Path}[31]" classname="io.quarkus.devtools.compat.CliCompatTest" time="0.004">
    <error message="Could not execute [./jbang, trust, add, https://repo1.maven.org/maven2/io/quarkus/] in /var/folders/j8/sj85tl7d2pq_vnhbpj4t5lwm0000gn/T/junit13211042671926172745/cli_2.8.1.Final-platform_2.7.4.Final. Error=2, No such file or directory" type="org.zeroturnaround.exec.ProcessInitException">org.zeroturnaround.exec.ProcessInitException: Could not execute [./jbang, trust, add, https://repo1.maven.org/maven2/io/quarkus/] in /var/folders/j8/sj85tl7d2pq_vnhbpj4t5lwm0000gn/T/junit13211042671926172745/cli_2.8.1.Final-platform_2.7.4.Final. Error=2, No such file or directory
	at io.quarkus.devtools.compat.CliCompatTest.jbang(CliCompatTest.java:141)
	at io.quarkus.devtools.compat.CliCompatTest.testCLI(CliCompatTest.java:110)
	at io.quarkus.devtools.compat.CliCompatTest.lambda$generateTests$10(CliCompatTest.java:99)
Caused by: java.io.IOException: Cannot run program "./jbang" (in directory "/var/folders/j8/sj85tl7d2pq_vnhbpj4t5lwm0000gn/T/junit13211042671926172745/cli_2.8.1.Final-platform_2.7.4.Final"): error=2, No such file or directory
	at io.quarkus.devtools.compat.CliCompatTest.jbang(CliCompatTest.java:141)
	at io.quarkus.devtools.compat.CliCompatTest.testCLI(CliCompatTest.java:110)
	at io.quarkus.devtools.compat.CliCompatTest.lambda$generateTests$10(CliCompatTest.java:99)
Caused by: java.io.IOException: error=2, No such file or directory
	at io.quarkus.devtools.compat.CliCompatTest.jbang(CliCompatTest.java:141)
	at io.quarkus.devtools.compat.CliCompatTest.testCLI(CliCompatTest.java:110)
	at io.quarkus.devtools.compat.CliCompatTest.lambda$generateTests$10(CliCompatTest.java:99)
</error>
    <system-out><![CDATA[run: ./jbang trust add https://repo1.maven.org/maven2/io/quarkus/
]]></system-out>
  </testcase>
  <testcase name="testCli{Path}[32]" classname="io.quarkus.devtools.compat.CliCompatTest" time="0.003">
    <error message="Could not execute [./jbang, trust, add, https://repo1.maven.org/maven2/io/quarkus/] in /var/folders/j8/sj85tl7d2pq_vnhbpj4t5lwm0000gn/T/junit13211042671926172745/cli_2.8.0.Final-platform_2.7.4.Final. Error=2, No such file or directory" type="org.zeroturnaround.exec.ProcessInitException">org.zeroturnaround.exec.ProcessInitException: Could not execute [./jbang, trust, add, https://repo1.maven.org/maven2/io/quarkus/] in /var/folders/j8/sj85tl7d2pq_vnhbpj4t5lwm0000gn/T/junit13211042671926172745/cli_2.8.0.Final-platform_2.7.4.Final. Error=2, No such file or directory
	at io.quarkus.devtools.compat.CliCompatTest.jbang(CliCompatTest.java:141)
	at io.quarkus.devtools.compat.CliCompatTest.testCLI(CliCompatTest.java:110)
	at io.quarkus.devtools.compat.CliCompatTest.lambda$generateTests$10(CliCompatTest.java:99)
Caused by: java.io.IOException: Cannot run program "./jbang" (in directory "/var/folders/j8/sj85tl7d2pq_vnhbpj4t5lwm0000gn/T/junit13211042671926172745/cli_2.8.0.Final-platform_2.7.4.Final"): error=2, No such file or directory
	at io.quarkus.devtools.compat.CliCompatTest.jbang(CliCompatTest.java:141)
	at io.quarkus.devtools.compat.CliCompatTest.testCLI(CliCompatTest.java:110)
	at io.quarkus.devtools.compat.CliCompatTest.lambda$generateTests$10(CliCompatTest.java:99)
Caused by: java.io.IOException: error=2, No such file or directory
	at io.quarkus.devtools.compat.CliCompatTest.jbang(CliCompatTest.java:141)
	at io.quarkus.devtools.compat.CliCompatTest.testCLI(CliCompatTest.java:110)
	at io.quarkus.devtools.compat.CliCompatTest.lambda$generateTests$10(CliCompatTest.java:99)
</error>
    <system-out><![CDATA[run: ./jbang trust add https://repo1.maven.org/maven2/io/quarkus/
]]></system-out>
  </testcase>
  <testcase name="testCli{Path}[33]" classname="io.quarkus.devtools.compat.CliCompatTest" time="0.004">
    <error message="Could not execute [./jbang, trust, add, https://repo1.maven.org/maven2/io/quarkus/] in /var/folders/j8/sj85tl7d2pq_vnhbpj4t5lwm0000gn/T/junit13211042671926172745/cli_2.7.5.Final-platform_2.7.4.Final. Error=2, No such file or directory" type="org.zeroturnaround.exec.ProcessInitException">org.zeroturnaround.exec.ProcessInitException: Could not execute [./jbang, trust, add, https://repo1.maven.org/maven2/io/quarkus/] in /var/folders/j8/sj85tl7d2pq_vnhbpj4t5lwm0000gn/T/junit13211042671926172745/cli_2.7.5.Final-platform_2.7.4.Final. Error=2, No such file or directory
	at io.quarkus.devtools.compat.CliCompatTest.jbang(CliCompatTest.java:141)
	at io.quarkus.devtools.compat.CliCompatTest.testCLI(CliCompatTest.java:110)
	at io.quarkus.devtools.compat.CliCompatTest.lambda$generateTests$10(CliCompatTest.java:99)
Caused by: java.io.IOException: Cannot run program "./jbang" (in directory "/var/folders/j8/sj85tl7d2pq_vnhbpj4t5lwm0000gn/T/junit13211042671926172745/cli_2.7.5.Final-platform_2.7.4.Final"): error=2, No such file or directory
	at io.quarkus.devtools.compat.CliCompatTest.jbang(CliCompatTest.java:141)
	at io.quarkus.devtools.compat.CliCompatTest.testCLI(CliCompatTest.java:110)
	at io.quarkus.devtools.compat.CliCompatTest.lambda$generateTests$10(CliCompatTest.java:99)
Caused by: java.io.IOException: error=2, No such file or directory
	at io.quarkus.devtools.compat.CliCompatTest.jbang(CliCompatTest.java:141)
	at io.quarkus.devtools.compat.CliCompatTest.testCLI(CliCompatTest.java:110)
	at io.quarkus.devtools.compat.CliCompatTest.lambda$generateTests$10(CliCompatTest.java:99)
</error>
    <system-out><![CDATA[run: ./jbang trust add https://repo1.maven.org/maven2/io/quarkus/
]]></system-out>
  </testcase>
  <testcase name="testCli{Path}[34]" classname="io.quarkus.devtools.compat.CliCompatTest" time="0.004">
    <error message="Could not execute [./jbang, trust, add, https://repo1.maven.org/maven2/io/quarkus/] in /var/folders/j8/sj85tl7d2pq_vnhbpj4t5lwm0000gn/T/junit13211042671926172745/cli_2.7.4.Final-platform_2.7.4.Final. Error=2, No such file or directory" type="org.zeroturnaround.exec.ProcessInitException">org.zeroturnaround.exec.ProcessInitException: Could not execute [./jbang, trust, add, https://repo1.maven.org/maven2/io/quarkus/] in /var/folders/j8/sj85tl7d2pq_vnhbpj4t5lwm0000gn/T/junit13211042671926172745/cli_2.7.4.Final-platform_2.7.4.Final. Error=2, No such file or directory
	at io.quarkus.devtools.compat.CliCompatTest.jbang(CliCompatTest.java:141)
	at io.quarkus.devtools.compat.CliCompatTest.testCLI(CliCompatTest.java:110)
	at io.quarkus.devtools.compat.CliCompatTest.lambda$generateTests$10(CliCompatTest.java:99)
Caused by: java.io.IOException: Cannot run program "./jbang" (in directory "/var/folders/j8/sj85tl7d2pq_vnhbpj4t5lwm0000gn/T/junit13211042671926172745/cli_2.7.4.Final-platform_2.7.4.Final"): error=2, No such file or directory
	at io.quarkus.devtools.compat.CliCompatTest.jbang(CliCompatTest.java:141)
	at io.quarkus.devtools.compat.CliCompatTest.testCLI(CliCompatTest.java:110)
	at io.quarkus.devtools.compat.CliCompatTest.lambda$generateTests$10(CliCompatTest.java:99)
Caused by: java.io.IOException: error=2, No such file or directory
	at io.quarkus.devtools.compat.CliCompatTest.jbang(CliCompatTest.java:141)
	at io.quarkus.devtools.compat.CliCompatTest.testCLI(CliCompatTest.java:110)
	at io.quarkus.devtools.compat.CliCompatTest.lambda$generateTests$10(CliCompatTest.java:99)
</error>
    <system-out><![CDATA[run: ./jbang trust add https://repo1.maven.org/maven2/io/quarkus/
]]></system-out>
  </testcase>
  <testcase name="testCli{Path}[35]" classname="io.quarkus.devtools.compat.CliCompatTest" time="0.003">
    <error message="Could not execute [./jbang, trust, add, https://repo1.maven.org/maven2/io/quarkus/] in /var/folders/j8/sj85tl7d2pq_vnhbpj4t5lwm0000gn/T/junit13211042671926172745/cli_2.7.3.Final-platform_2.7.4.Final. Error=2, No such file or directory" type="org.zeroturnaround.exec.ProcessInitException">org.zeroturnaround.exec.ProcessInitException: Could not execute [./jbang, trust, add, https://repo1.maven.org/maven2/io/quarkus/] in /var/folders/j8/sj85tl7d2pq_vnhbpj4t5lwm0000gn/T/junit13211042671926172745/cli_2.7.3.Final-platform_2.7.4.Final. Error=2, No such file or directory
	at io.quarkus.devtools.compat.CliCompatTest.jbang(CliCompatTest.java:141)
	at io.quarkus.devtools.compat.CliCompatTest.testCLI(CliCompatTest.java:110)
	at io.quarkus.devtools.compat.CliCompatTest.lambda$generateTests$10(CliCompatTest.java:99)
Caused by: java.io.IOException: Cannot run program "./jbang" (in directory "/var/folders/j8/sj85tl7d2pq_vnhbpj4t5lwm0000gn/T/junit13211042671926172745/cli_2.7.3.Final-platform_2.7.4.Final"): error=2, No such file or directory
	at io.quarkus.devtools.compat.CliCompatTest.jbang(CliCompatTest.java:141)
	at io.quarkus.devtools.compat.CliCompatTest.testCLI(CliCompatTest.java:110)
	at io.quarkus.devtools.compat.CliCompatTest.lambda$generateTests$10(CliCompatTest.java:99)
Caused by: java.io.IOException: error=2, No such file or directory
	at io.quarkus.devtools.compat.CliCompatTest.jbang(CliCompatTest.java:141)
	at io.quarkus.devtools.compat.CliCompatTest.testCLI(CliCompatTest.java:110)
	at io.quarkus.devtools.compat.CliCompatTest.lambda$generateTests$10(CliCompatTest.java:99)
</error>
    <system-out><![CDATA[run: ./jbang trust add https://repo1.maven.org/maven2/io/quarkus/
]]></system-out>
  </testcase>
  <testcase name="testCli{Path}[36]" classname="io.quarkus.devtools.compat.CliCompatTest" time="0.004">
    <error message="Could not execute [./jbang, trust, add, https://repo1.maven.org/maven2/io/quarkus/] in /var/folders/j8/sj85tl7d2pq_vnhbpj4t5lwm0000gn/T/junit13211042671926172745/cli_2.7.2.Final-platform_2.7.4.Final. Error=2, No such file or directory" type="org.zeroturnaround.exec.ProcessInitException">org.zeroturnaround.exec.ProcessInitException: Could not execute [./jbang, trust, add, https://repo1.maven.org/maven2/io/quarkus/] in /var/folders/j8/sj85tl7d2pq_vnhbpj4t5lwm0000gn/T/junit13211042671926172745/cli_2.7.2.Final-platform_2.7.4.Final. Error=2, No such file or directory
	at io.quarkus.devtools.compat.CliCompatTest.jbang(CliCompatTest.java:141)
	at io.quarkus.devtools.compat.CliCompatTest.testCLI(CliCompatTest.java:110)
	at io.quarkus.devtools.compat.CliCompatTest.lambda$generateTests$10(CliCompatTest.java:99)
Caused by: java.io.IOException: Cannot run program "./jbang" (in directory "/var/folders/j8/sj85tl7d2pq_vnhbpj4t5lwm0000gn/T/junit13211042671926172745/cli_2.7.2.Final-platform_2.7.4.Final"): error=2, No such file or directory
	at io.quarkus.devtools.compat.CliCompatTest.jbang(CliCompatTest.java:141)
	at io.quarkus.devtools.compat.CliCompatTest.testCLI(CliCompatTest.java:110)
	at io.quarkus.devtools.compat.CliCompatTest.lambda$generateTests$10(CliCompatTest.java:99)
Caused by: java.io.IOException: error=2, No such file or directory
	at io.quarkus.devtools.compat.CliCompatTest.jbang(CliCompatTest.java:141)
	at io.quarkus.devtools.compat.CliCompatTest.testCLI(CliCompatTest.java:110)
	at io.quarkus.devtools.compat.CliCompatTest.lambda$generateTests$10(CliCompatTest.java:99)
</error>
    <system-out><![CDATA[run: ./jbang trust add https://repo1.maven.org/maven2/io/quarkus/
]]></system-out>
  </testcase>
  <testcase name="testCli{Path}[37]" classname="io.quarkus.devtools.compat.CliCompatTest" time="0.004">
    <error message="Could not execute [./jbang, trust, add, https://repo1.maven.org/maven2/io/quarkus/] in /var/folders/j8/sj85tl7d2pq_vnhbpj4t5lwm0000gn/T/junit13211042671926172745/cli_2.7.1.Final-platform_2.7.4.Final. Error=2, No such file or directory" type="org.zeroturnaround.exec.ProcessInitException">org.zeroturnaround.exec.ProcessInitException: Could not execute [./jbang, trust, add, https://repo1.maven.org/maven2/io/quarkus/] in /var/folders/j8/sj85tl7d2pq_vnhbpj4t5lwm0000gn/T/junit13211042671926172745/cli_2.7.1.Final-platform_2.7.4.Final. Error=2, No such file or directory
	at io.quarkus.devtools.compat.CliCompatTest.jbang(CliCompatTest.java:141)
	at io.quarkus.devtools.compat.CliCompatTest.testCLI(CliCompatTest.java:110)
	at io.quarkus.devtools.compat.CliCompatTest.lambda$generateTests$10(CliCompatTest.java:99)
Caused by: java.io.IOException: Cannot run program "./jbang" (in directory "/var/folders/j8/sj85tl7d2pq_vnhbpj4t5lwm0000gn/T/junit13211042671926172745/cli_2.7.1.Final-platform_2.7.4.Final"): error=2, No such file or directory
	at io.quarkus.devtools.compat.CliCompatTest.jbang(CliCompatTest.java:141)
	at io.quarkus.devtools.compat.CliCompatTest.testCLI(CliCompatTest.java:110)
	at io.quarkus.devtools.compat.CliCompatTest.lambda$generateTests$10(CliCompatTest.java:99)
Caused by: java.io.IOException: error=2, No such file or directory
	at io.quarkus.devtools.compat.CliCompatTest.jbang(CliCompatTest.java:141)
	at io.quarkus.devtools.compat.CliCompatTest.testCLI(CliCompatTest.java:110)
	at io.quarkus.devtools.compat.CliCompatTest.lambda$generateTests$10(CliCompatTest.java:99)
</error>
    <system-out><![CDATA[run: ./jbang trust add https://repo1.maven.org/maven2/io/quarkus/
]]></system-out>
  </testcase>
  <testcase name="testCli{Path}[38]" classname="io.quarkus.devtools.compat.CliCompatTest" time="0.004">
    <error message="Could not execute [./jbang, trust, add, https://repo1.maven.org/maven2/io/quarkus/] in /var/folders/j8/sj85tl7d2pq_vnhbpj4t5lwm0000gn/T/junit13211042671926172745/cli_2.7.0.Final-platform_2.7.4.Final. Error=2, No such file or directory" type="org.zeroturnaround.exec.ProcessInitException">org.zeroturnaround.exec.ProcessInitException: Could not execute [./jbang, trust, add, https://repo1.maven.org/maven2/io/quarkus/] in /var/folders/j8/sj85tl7d2pq_vnhbpj4t5lwm0000gn/T/junit13211042671926172745/cli_2.7.0.Final-platform_2.7.4.Final. Error=2, No such file or directory
	at io.quarkus.devtools.compat.CliCompatTest.jbang(CliCompatTest.java:141)
	at io.quarkus.devtools.compat.CliCompatTest.testCLI(CliCompatTest.java:110)
	at io.quarkus.devtools.compat.CliCompatTest.lambda$generateTests$10(CliCompatTest.java:99)
Caused by: java.io.IOException: Cannot run program "./jbang" (in directory "/var/folders/j8/sj85tl7d2pq_vnhbpj4t5lwm0000gn/T/junit13211042671926172745/cli_2.7.0.Final-platform_2.7.4.Final"): error=2, No such file or directory
	at io.quarkus.devtools.compat.CliCompatTest.jbang(CliCompatTest.java:141)
	at io.quarkus.devtools.compat.CliCompatTest.testCLI(CliCompatTest.java:110)
	at io.quarkus.devtools.compat.CliCompatTest.lambda$generateTests$10(CliCompatTest.java:99)
Caused by: java.io.IOException: error=2, No such file or directory
	at io.quarkus.devtools.compat.CliCompatTest.jbang(CliCompatTest.java:141)
	at io.quarkus.devtools.compat.CliCompatTest.testCLI(CliCompatTest.java:110)
	at io.quarkus.devtools.compat.CliCompatTest.lambda$generateTests$10(CliCompatTest.java:99)
</error>
    <system-out><![CDATA[run: ./jbang trust add https://repo1.maven.org/maven2/io/quarkus/
]]></system-out>
  </testcase>
  <testcase name="testCli{Path}[39]" classname="io.quarkus.devtools.compat.CliCompatTest" time="0.004">
    <error message="Could not execute [./jbang, trust, add, https://repo1.maven.org/maven2/io/quarkus/] in /var/folders/j8/sj85tl7d2pq_vnhbpj4t5lwm0000gn/T/junit13211042671926172745/cli_2.6.3.Final-platform_2.7.4.Final. Error=2, No such file or directory" type="org.zeroturnaround.exec.ProcessInitException">org.zeroturnaround.exec.ProcessInitException: Could not execute [./jbang, trust, add, https://repo1.maven.org/maven2/io/quarkus/] in /var/folders/j8/sj85tl7d2pq_vnhbpj4t5lwm0000gn/T/junit13211042671926172745/cli_2.6.3.Final-platform_2.7.4.Final. Error=2, No such file or directory
	at io.quarkus.devtools.compat.CliCompatTest.jbang(CliCompatTest.java:141)
	at io.quarkus.devtools.compat.CliCompatTest.testCLI(CliCompatTest.java:110)
	at io.quarkus.devtools.compat.CliCompatTest.lambda$generateTests$10(CliCompatTest.java:99)
Caused by: java.io.IOException: Cannot run program "./jbang" (in directory "/var/folders/j8/sj85tl7d2pq_vnhbpj4t5lwm0000gn/T/junit13211042671926172745/cli_2.6.3.Final-platform_2.7.4.Final"): error=2, No such file or directory
	at io.quarkus.devtools.compat.CliCompatTest.jbang(CliCompatTest.java:141)
	at io.quarkus.devtools.compat.CliCompatTest.testCLI(CliCompatTest.java:110)
	at io.quarkus.devtools.compat.CliCompatTest.lambda$generateTests$10(CliCompatTest.java:99)
Caused by: java.io.IOException: error=2, No such file or directory
	at io.quarkus.devtools.compat.CliCompatTest.jbang(CliCompatTest.java:141)
	at io.quarkus.devtools.compat.CliCompatTest.testCLI(CliCompatTest.java:110)
	at io.quarkus.devtools.compat.CliCompatTest.lambda$generateTests$10(CliCompatTest.java:99)
</error>
    <system-out><![CDATA[run: ./jbang trust add https://repo1.maven.org/maven2/io/quarkus/
]]></system-out>
  </testcase>
  <testcase name="testCli{Path}[40]" classname="io.quarkus.devtools.compat.CliCompatTest" time="0.004">
    <error message="Could not execute [./jbang, trust, add, https://repo1.maven.org/maven2/io/quarkus/] in /var/folders/j8/sj85tl7d2pq_vnhbpj4t5lwm0000gn/T/junit13211042671926172745/cli_2.6.2.Final-platform_2.7.4.Final. Error=2, No such file or directory" type="org.zeroturnaround.exec.ProcessInitException">org.zeroturnaround.exec.ProcessInitException: Could not execute [./jbang, trust, add, https://repo1.maven.org/maven2/io/quarkus/] in /var/folders/j8/sj85tl7d2pq_vnhbpj4t5lwm0000gn/T/junit13211042671926172745/cli_2.6.2.Final-platform_2.7.4.Final. Error=2, No such file or directory
	at io.quarkus.devtools.compat.CliCompatTest.jbang(CliCompatTest.java:141)
	at io.quarkus.devtools.compat.CliCompatTest.testCLI(CliCompatTest.java:110)
	at io.quarkus.devtools.compat.CliCompatTest.lambda$generateTests$10(CliCompatTest.java:99)
Caused by: java.io.IOException: Cannot run program "./jbang" (in directory "/var/folders/j8/sj85tl7d2pq_vnhbpj4t5lwm0000gn/T/junit13211042671926172745/cli_2.6.2.Final-platform_2.7.4.Final"): error=2, No such file or directory
	at io.quarkus.devtools.compat.CliCompatTest.jbang(CliCompatTest.java:141)
	at io.quarkus.devtools.compat.CliCompatTest.testCLI(CliCompatTest.java:110)
	at io.quarkus.devtools.compat.CliCompatTest.lambda$generateTests$10(CliCompatTest.java:99)
Caused by: java.io.IOException: error=2, No such file or directory
	at io.quarkus.devtools.compat.CliCompatTest.jbang(CliCompatTest.java:141)
	at io.quarkus.devtools.compat.CliCompatTest.testCLI(CliCompatTest.java:110)
	at io.quarkus.devtools.compat.CliCompatTest.lambda$generateTests$10(CliCompatTest.java:99)
</error>
    <system-out><![CDATA[run: ./jbang trust add https://repo1.maven.org/maven2/io/quarkus/
]]></system-out>
  </testcase>
  <testcase name="testCli{Path}[41]" classname="io.quarkus.devtools.compat.CliCompatTest" time="0.003">
    <error message="Could not execute [./jbang, trust, add, https://repo1.maven.org/maven2/io/quarkus/] in /var/folders/j8/sj85tl7d2pq_vnhbpj4t5lwm0000gn/T/junit13211042671926172745/cli_2.8.1.Final-platform_2.7.3.Final. Error=2, No such file or directory" type="org.zeroturnaround.exec.ProcessInitException">org.zeroturnaround.exec.ProcessInitException: Could not execute [./jbang, trust, add, https://repo1.maven.org/maven2/io/quarkus/] in /var/folders/j8/sj85tl7d2pq_vnhbpj4t5lwm0000gn/T/junit13211042671926172745/cli_2.8.1.Final-platform_2.7.3.Final. Error=2, No such file or directory
	at io.quarkus.devtools.compat.CliCompatTest.jbang(CliCompatTest.java:141)
	at io.quarkus.devtools.compat.CliCompatTest.testCLI(CliCompatTest.java:110)
	at io.quarkus.devtools.compat.CliCompatTest.lambda$generateTests$10(CliCompatTest.java:99)
Caused by: java.io.IOException: Cannot run program "./jbang" (in directory "/var/folders/j8/sj85tl7d2pq_vnhbpj4t5lwm0000gn/T/junit13211042671926172745/cli_2.8.1.Final-platform_2.7.3.Final"): error=2, No such file or directory
	at io.quarkus.devtools.compat.CliCompatTest.jbang(CliCompatTest.java:141)
	at io.quarkus.devtools.compat.CliCompatTest.testCLI(CliCompatTest.java:110)
	at io.quarkus.devtools.compat.CliCompatTest.lambda$generateTests$10(CliCompatTest.java:99)
Caused by: java.io.IOException: error=2, No such file or directory
	at io.quarkus.devtools.compat.CliCompatTest.jbang(CliCompatTest.java:141)
	at io.quarkus.devtools.compat.CliCompatTest.testCLI(CliCompatTest.java:110)
	at io.quarkus.devtools.compat.CliCompatTest.lambda$generateTests$10(CliCompatTest.java:99)
</error>
    <system-out><![CDATA[run: ./jbang trust add https://repo1.maven.org/maven2/io/quarkus/
]]></system-out>
  </testcase>
  <testcase name="testCli{Path}[42]" classname="io.quarkus.devtools.compat.CliCompatTest" time="0.004">
    <error message="Could not execute [./jbang, trust, add, https://repo1.maven.org/maven2/io/quarkus/] in /var/folders/j8/sj85tl7d2pq_vnhbpj4t5lwm0000gn/T/junit13211042671926172745/cli_2.8.0.Final-platform_2.7.3.Final. Error=2, No such file or directory" type="org.zeroturnaround.exec.ProcessInitException">org.zeroturnaround.exec.ProcessInitException: Could not execute [./jbang, trust, add, https://repo1.maven.org/maven2/io/quarkus/] in /var/folders/j8/sj85tl7d2pq_vnhbpj4t5lwm0000gn/T/junit13211042671926172745/cli_2.8.0.Final-platform_2.7.3.Final. Error=2, No such file or directory
	at io.quarkus.devtools.compat.CliCompatTest.jbang(CliCompatTest.java:141)
	at io.quarkus.devtools.compat.CliCompatTest.testCLI(CliCompatTest.java:110)
	at io.quarkus.devtools.compat.CliCompatTest.lambda$generateTests$10(CliCompatTest.java:99)
Caused by: java.io.IOException: Cannot run program "./jbang" (in directory "/var/folders/j8/sj85tl7d2pq_vnhbpj4t5lwm0000gn/T/junit13211042671926172745/cli_2.8.0.Final-platform_2.7.3.Final"): error=2, No such file or directory
	at io.quarkus.devtools.compat.CliCompatTest.jbang(CliCompatTest.java:141)
	at io.quarkus.devtools.compat.CliCompatTest.testCLI(CliCompatTest.java:110)
	at io.quarkus.devtools.compat.CliCompatTest.lambda$generateTests$10(CliCompatTest.java:99)
Caused by: java.io.IOException: error=2, No such file or directory
	at io.quarkus.devtools.compat.CliCompatTest.jbang(CliCompatTest.java:141)
	at io.quarkus.devtools.compat.CliCompatTest.testCLI(CliCompatTest.java:110)
	at io.quarkus.devtools.compat.CliCompatTest.lambda$generateTests$10(CliCompatTest.java:99)
</error>
    <system-out><![CDATA[run: ./jbang trust add https://repo1.maven.org/maven2/io/quarkus/
]]></system-out>
  </testcase>
  <testcase name="testCli{Path}[43]" classname="io.quarkus.devtools.compat.CliCompatTest" time="0.004">
    <error message="Could not execute [./jbang, trust, add, https://repo1.maven.org/maven2/io/quarkus/] in /var/folders/j8/sj85tl7d2pq_vnhbpj4t5lwm0000gn/T/junit13211042671926172745/cli_2.7.5.Final-platform_2.7.3.Final. Error=2, No such file or directory" type="org.zeroturnaround.exec.ProcessInitException">org.zeroturnaround.exec.ProcessInitException: Could not execute [./jbang, trust, add, https://repo1.maven.org/maven2/io/quarkus/] in /var/folders/j8/sj85tl7d2pq_vnhbpj4t5lwm0000gn/T/junit13211042671926172745/cli_2.7.5.Final-platform_2.7.3.Final. Error=2, No such file or directory
	at io.quarkus.devtools.compat.CliCompatTest.jbang(CliCompatTest.java:141)
	at io.quarkus.devtools.compat.CliCompatTest.testCLI(CliCompatTest.java:110)
	at io.quarkus.devtools.compat.CliCompatTest.lambda$generateTests$10(CliCompatTest.java:99)
Caused by: java.io.IOException: Cannot run program "./jbang" (in directory "/var/folders/j8/sj85tl7d2pq_vnhbpj4t5lwm0000gn/T/junit13211042671926172745/cli_2.7.5.Final-platform_2.7.3.Final"): error=2, No such file or directory
	at io.quarkus.devtools.compat.CliCompatTest.jbang(CliCompatTest.java:141)
	at io.quarkus.devtools.compat.CliCompatTest.testCLI(CliCompatTest.java:110)
	at io.quarkus.devtools.compat.CliCompatTest.lambda$generateTests$10(CliCompatTest.java:99)
Caused by: java.io.IOException: error=2, No such file or directory
	at io.quarkus.devtools.compat.CliCompatTest.jbang(CliCompatTest.java:141)
	at io.quarkus.devtools.compat.CliCompatTest.testCLI(CliCompatTest.java:110)
	at io.quarkus.devtools.compat.CliCompatTest.lambda$generateTests$10(CliCompatTest.java:99)
</error>
    <system-out><![CDATA[run: ./jbang trust add https://repo1.maven.org/maven2/io/quarkus/
]]></system-out>
  </testcase>
  <testcase name="testCli{Path}[44]" classname="io.quarkus.devtools.compat.CliCompatTest" time="0.003">
    <error message="Could not execute [./jbang, trust, add, https://repo1.maven.org/maven2/io/quarkus/] in /var/folders/j8/sj85tl7d2pq_vnhbpj4t5lwm0000gn/T/junit13211042671926172745/cli_2.7.4.Final-platform_2.7.3.Final. Error=2, No such file or directory" type="org.zeroturnaround.exec.ProcessInitException">org.zeroturnaround.exec.ProcessInitException: Could not execute [./jbang, trust, add, https://repo1.maven.org/maven2/io/quarkus/] in /var/folders/j8/sj85tl7d2pq_vnhbpj4t5lwm0000gn/T/junit13211042671926172745/cli_2.7.4.Final-platform_2.7.3.Final. Error=2, No such file or directory
	at io.quarkus.devtools.compat.CliCompatTest.jbang(CliCompatTest.java:141)
	at io.quarkus.devtools.compat.CliCompatTest.testCLI(CliCompatTest.java:110)
	at io.quarkus.devtools.compat.CliCompatTest.lambda$generateTests$10(CliCompatTest.java:99)
Caused by: java.io.IOException: Cannot run program "./jbang" (in directory "/var/folders/j8/sj85tl7d2pq_vnhbpj4t5lwm0000gn/T/junit13211042671926172745/cli_2.7.4.Final-platform_2.7.3.Final"): error=2, No such file or directory
	at io.quarkus.devtools.compat.CliCompatTest.jbang(CliCompatTest.java:141)
	at io.quarkus.devtools.compat.CliCompatTest.testCLI(CliCompatTest.java:110)
	at io.quarkus.devtools.compat.CliCompatTest.lambda$generateTests$10(CliCompatTest.java:99)
Caused by: java.io.IOException: error=2, No such file or directory
	at io.quarkus.devtools.compat.CliCompatTest.jbang(CliCompatTest.java:141)
	at io.quarkus.devtools.compat.CliCompatTest.testCLI(CliCompatTest.java:110)
	at io.quarkus.devtools.compat.CliCompatTest.lambda$generateTests$10(CliCompatTest.java:99)
</error>
    <system-out><![CDATA[run: ./jbang trust add https://repo1.maven.org/maven2/io/quarkus/
]]></system-out>
  </testcase>
  <testcase name="testCli{Path}[45]" classname="io.quarkus.devtools.compat.CliCompatTest" time="0.004">
    <error message="Could not execute [./jbang, trust, add, https://repo1.maven.org/maven2/io/quarkus/] in /var/folders/j8/sj85tl7d2pq_vnhbpj4t5lwm0000gn/T/junit13211042671926172745/cli_2.7.3.Final-platform_2.7.3.Final. Error=2, No such file or directory" type="org.zeroturnaround.exec.ProcessInitException">org.zeroturnaround.exec.ProcessInitException: Could not execute [./jbang, trust, add, https://repo1.maven.org/maven2/io/quarkus/] in /var/folders/j8/sj85tl7d2pq_vnhbpj4t5lwm0000gn/T/junit13211042671926172745/cli_2.7.3.Final-platform_2.7.3.Final. Error=2, No such file or directory
	at io.quarkus.devtools.compat.CliCompatTest.jbang(CliCompatTest.java:141)
	at io.quarkus.devtools.compat.CliCompatTest.testCLI(CliCompatTest.java:110)
	at io.quarkus.devtools.compat.CliCompatTest.lambda$generateTests$10(CliCompatTest.java:99)
Caused by: java.io.IOException: Cannot run program "./jbang" (in directory "/var/folders/j8/sj85tl7d2pq_vnhbpj4t5lwm0000gn/T/junit13211042671926172745/cli_2.7.3.Final-platform_2.7.3.Final"): error=2, No such file or directory
	at io.quarkus.devtools.compat.CliCompatTest.jbang(CliCompatTest.java:141)
	at io.quarkus.devtools.compat.CliCompatTest.testCLI(CliCompatTest.java:110)
	at io.quarkus.devtools.compat.CliCompatTest.lambda$generateTests$10(CliCompatTest.java:99)
Caused by: java.io.IOException: error=2, No such file or directory
	at io.quarkus.devtools.compat.CliCompatTest.jbang(CliCompatTest.java:141)
	at io.quarkus.devtools.compat.CliCompatTest.testCLI(CliCompatTest.java:110)
	at io.quarkus.devtools.compat.CliCompatTest.lambda$generateTests$10(CliCompatTest.java:99)
</error>
    <system-out><![CDATA[run: ./jbang trust add https://repo1.maven.org/maven2/io/quarkus/
]]></system-out>
  </testcase>
  <testcase name="testCli{Path}[46]" classname="io.quarkus.devtools.compat.CliCompatTest" time="0.004">
    <error message="Could not execute [./jbang, trust, add, https://repo1.maven.org/maven2/io/quarkus/] in /var/folders/j8/sj85tl7d2pq_vnhbpj4t5lwm0000gn/T/junit13211042671926172745/cli_2.7.2.Final-platform_2.7.3.Final. Error=2, No such file or directory" type="org.zeroturnaround.exec.ProcessInitException">org.zeroturnaround.exec.ProcessInitException: Could not execute [./jbang, trust, add, https://repo1.maven.org/maven2/io/quarkus/] in /var/folders/j8/sj85tl7d2pq_vnhbpj4t5lwm0000gn/T/junit13211042671926172745/cli_2.7.2.Final-platform_2.7.3.Final. Error=2, No such file or directory
	at io.quarkus.devtools.compat.CliCompatTest.jbang(CliCompatTest.java:141)
	at io.quarkus.devtools.compat.CliCompatTest.testCLI(CliCompatTest.java:110)
	at io.quarkus.devtools.compat.CliCompatTest.lambda$generateTests$10(CliCompatTest.java:99)
Caused by: java.io.IOException: Cannot run program "./jbang" (in directory "/var/folders/j8/sj85tl7d2pq_vnhbpj4t5lwm0000gn/T/junit13211042671926172745/cli_2.7.2.Final-platform_2.7.3.Final"): error=2, No such file or directory
	at io.quarkus.devtools.compat.CliCompatTest.jbang(CliCompatTest.java:141)
	at io.quarkus.devtools.compat.CliCompatTest.testCLI(CliCompatTest.java:110)
	at io.quarkus.devtools.compat.CliCompatTest.lambda$generateTests$10(CliCompatTest.java:99)
Caused by: java.io.IOException: error=2, No such file or directory
	at io.quarkus.devtools.compat.CliCompatTest.jbang(CliCompatTest.java:141)
	at io.quarkus.devtools.compat.CliCompatTest.testCLI(CliCompatTest.java:110)
	at io.quarkus.devtools.compat.CliCompatTest.lambda$generateTests$10(CliCompatTest.java:99)
</error>
    <system-out><![CDATA[run: ./jbang trust add https://repo1.maven.org/maven2/io/quarkus/
]]></system-out>
  </testcase>
  <testcase name="testCli{Path}[47]" classname="io.quarkus.devtools.compat.CliCompatTest" time="0.003">
    <error message="Could not execute [./jbang, trust, add, https://repo1.maven.org/maven2/io/quarkus/] in /var/folders/j8/sj85tl7d2pq_vnhbpj4t5lwm0000gn/T/junit13211042671926172745/cli_2.7.1.Final-platform_2.7.3.Final. Error=2, No such file or directory" type="org.zeroturnaround.exec.ProcessInitException">org.zeroturnaround.exec.ProcessInitException: Could not execute [./jbang, trust, add, https://repo1.maven.org/maven2/io/quarkus/] in /var/folders/j8/sj85tl7d2pq_vnhbpj4t5lwm0000gn/T/junit13211042671926172745/cli_2.7.1.Final-platform_2.7.3.Final. Error=2, No such file or directory
	at io.quarkus.devtools.compat.CliCompatTest.jbang(CliCompatTest.java:141)
	at io.quarkus.devtools.compat.CliCompatTest.testCLI(CliCompatTest.java:110)
	at io.quarkus.devtools.compat.CliCompatTest.lambda$generateTests$10(CliCompatTest.java:99)
Caused by: java.io.IOException: Cannot run program "./jbang" (in directory "/var/folders/j8/sj85tl7d2pq_vnhbpj4t5lwm0000gn/T/junit13211042671926172745/cli_2.7.1.Final-platform_2.7.3.Final"): error=2, No such file or directory
	at io.quarkus.devtools.compat.CliCompatTest.jbang(CliCompatTest.java:141)
	at io.quarkus.devtools.compat.CliCompatTest.testCLI(CliCompatTest.java:110)
	at io.quarkus.devtools.compat.CliCompatTest.lambda$generateTests$10(CliCompatTest.java:99)
Caused by: java.io.IOException: error=2, No such file or directory
	at io.quarkus.devtools.compat.CliCompatTest.jbang(CliCompatTest.java:141)
	at io.quarkus.devtools.compat.CliCompatTest.testCLI(CliCompatTest.java:110)
	at io.quarkus.devtools.compat.CliCompatTest.lambda$generateTests$10(CliCompatTest.java:99)
</error>
    <system-out><![CDATA[run: ./jbang trust add https://repo1.maven.org/maven2/io/quarkus/
]]></system-out>
  </testcase>
  <testcase name="testCli{Path}[48]" classname="io.quarkus.devtools.compat.CliCompatTest" time="0.003">
    <error message="Could not execute [./jbang, trust, add, https://repo1.maven.org/maven2/io/quarkus/] in /var/folders/j8/sj85tl7d2pq_vnhbpj4t5lwm0000gn/T/junit13211042671926172745/cli_2.7.0.Final-platform_2.7.3.Final. Error=2, No such file or directory" type="org.zeroturnaround.exec.ProcessInitException">org.zeroturnaround.exec.ProcessInitException: Could not execute [./jbang, trust, add, https://repo1.maven.org/maven2/io/quarkus/] in /var/folders/j8/sj85tl7d2pq_vnhbpj4t5lwm0000gn/T/junit13211042671926172745/cli_2.7.0.Final-platform_2.7.3.Final. Error=2, No such file or directory
	at io.quarkus.devtools.compat.CliCompatTest.jbang(CliCompatTest.java:141)
	at io.quarkus.devtools.compat.CliCompatTest.testCLI(CliCompatTest.java:110)
	at io.quarkus.devtools.compat.CliCompatTest.lambda$generateTests$10(CliCompatTest.java:99)
Caused by: java.io.IOException: Cannot run program "./jbang" (in directory "/var/folders/j8/sj85tl7d2pq_vnhbpj4t5lwm0000gn/T/junit13211042671926172745/cli_2.7.0.Final-platform_2.7.3.Final"): error=2, No such file or directory
	at io.quarkus.devtools.compat.CliCompatTest.jbang(CliCompatTest.java:141)
	at io.quarkus.devtools.compat.CliCompatTest.testCLI(CliCompatTest.java:110)
	at io.quarkus.devtools.compat.CliCompatTest.lambda$generateTests$10(CliCompatTest.java:99)
Caused by: java.io.IOException: error=2, No such file or directory
	at io.quarkus.devtools.compat.CliCompatTest.jbang(CliCompatTest.java:141)
	at io.quarkus.devtools.compat.CliCompatTest.testCLI(CliCompatTest.java:110)
	at io.quarkus.devtools.compat.CliCompatTest.lambda$generateTests$10(CliCompatTest.java:99)
</error>
    <system-out><![CDATA[run: ./jbang trust add https://repo1.maven.org/maven2/io/quarkus/
]]></system-out>
  </testcase>
  <testcase name="testCli{Path}[49]" classname="io.quarkus.devtools.compat.CliCompatTest" time="0.004">
    <error message="Could not execute [./jbang, trust, add, https://repo1.maven.org/maven2/io/quarkus/] in /var/folders/j8/sj85tl7d2pq_vnhbpj4t5lwm0000gn/T/junit13211042671926172745/cli_2.6.3.Final-platform_2.7.3.Final. Error=2, No such file or directory" type="org.zeroturnaround.exec.ProcessInitException">org.zeroturnaround.exec.ProcessInitException: Could not execute [./jbang, trust, add, https://repo1.maven.org/maven2/io/quarkus/] in /var/folders/j8/sj85tl7d2pq_vnhbpj4t5lwm0000gn/T/junit13211042671926172745/cli_2.6.3.Final-platform_2.7.3.Final. Error=2, No such file or directory
	at io.quarkus.devtools.compat.CliCompatTest.jbang(CliCompatTest.java:141)
	at io.quarkus.devtools.compat.CliCompatTest.testCLI(CliCompatTest.java:110)
	at io.quarkus.devtools.compat.CliCompatTest.lambda$generateTests$10(CliCompatTest.java:99)
Caused by: java.io.IOException: Cannot run program "./jbang" (in directory "/var/folders/j8/sj85tl7d2pq_vnhbpj4t5lwm0000gn/T/junit13211042671926172745/cli_2.6.3.Final-platform_2.7.3.Final"): error=2, No such file or directory
	at io.quarkus.devtools.compat.CliCompatTest.jbang(CliCompatTest.java:141)
	at io.quarkus.devtools.compat.CliCompatTest.testCLI(CliCompatTest.java:110)
	at io.quarkus.devtools.compat.CliCompatTest.lambda$generateTests$10(CliCompatTest.java:99)
Caused by: java.io.IOException: error=2, No such file or directory
	at io.quarkus.devtools.compat.CliCompatTest.jbang(CliCompatTest.java:141)
	at io.quarkus.devtools.compat.CliCompatTest.testCLI(CliCompatTest.java:110)
	at io.quarkus.devtools.compat.CliCompatTest.lambda$generateTests$10(CliCompatTest.java:99)
</error>
    <system-out><![CDATA[run: ./jbang trust add https://repo1.maven.org/maven2/io/quarkus/
]]></system-out>
  </testcase>
  <testcase name="testCli{Path}[50]" classname="io.quarkus.devtools.compat.CliCompatTest" time="0.003">
    <error message="Could not execute [./jbang, trust, add, https://repo1.maven.org/maven2/io/quarkus/] in /var/folders/j8/sj85tl7d2pq_vnhbpj4t5lwm0000gn/T/junit13211042671926172745/cli_2.6.2.Final-platform_2.7.3.Final. Error=2, No such file or directory" type="org.zeroturnaround.exec.ProcessInitException">org.zeroturnaround.exec.ProcessInitException: Could not execute [./jbang, trust, add, https://repo1.maven.org/maven2/io/quarkus/] in /var/folders/j8/sj85tl7d2pq_vnhbpj4t5lwm0000gn/T/junit13211042671926172745/cli_2.6.2.Final-platform_2.7.3.Final. Error=2, No such file or directory
	at io.quarkus.devtools.compat.CliCompatTest.jbang(CliCompatTest.java:141)
	at io.quarkus.devtools.compat.CliCompatTest.testCLI(CliCompatTest.java:110)
	at io.quarkus.devtools.compat.CliCompatTest.lambda$generateTests$10(CliCompatTest.java:99)
Caused by: java.io.IOException: Cannot run program "./jbang" (in directory "/var/folders/j8/sj85tl7d2pq_vnhbpj4t5lwm0000gn/T/junit13211042671926172745/cli_2.6.2.Final-platform_2.7.3.Final"): error=2, No such file or directory
	at io.quarkus.devtools.compat.CliCompatTest.jbang(CliCompatTest.java:141)
	at io.quarkus.devtools.compat.CliCompatTest.testCLI(CliCompatTest.java:110)
	at io.quarkus.devtools.compat.CliCompatTest.lambda$generateTests$10(CliCompatTest.java:99)
Caused by: java.io.IOException: error=2, No such file or directory
	at io.quarkus.devtools.compat.CliCompatTest.jbang(CliCompatTest.java:141)
	at io.quarkus.devtools.compat.CliCompatTest.testCLI(CliCompatTest.java:110)
	at io.quarkus.devtools.compat.CliCompatTest.lambda$generateTests$10(CliCompatTest.java:99)
</error>
    <system-out><![CDATA[run: ./jbang trust add https://repo1.maven.org/maven2/io/quarkus/
]]></system-out>
  </testcase>
  <testcase name="testCli{Path}[51]" classname="io.quarkus.devtools.compat.CliCompatTest" time="0.003">
    <error message="Could not execute [./jbang, trust, add, https://repo1.maven.org/maven2/io/quarkus/] in /var/folders/j8/sj85tl7d2pq_vnhbpj4t5lwm0000gn/T/junit13211042671926172745/cli_2.8.1.Final-platform_2.7.2.Final. Error=2, No such file or directory" type="org.zeroturnaround.exec.ProcessInitException">org.zeroturnaround.exec.ProcessInitException: Could not execute [./jbang, trust, add, https://repo1.maven.org/maven2/io/quarkus/] in /var/folders/j8/sj85tl7d2pq_vnhbpj4t5lwm0000gn/T/junit13211042671926172745/cli_2.8.1.Final-platform_2.7.2.Final. Error=2, No such file or directory
	at io.quarkus.devtools.compat.CliCompatTest.jbang(CliCompatTest.java:141)
	at io.quarkus.devtools.compat.CliCompatTest.testCLI(CliCompatTest.java:110)
	at io.quarkus.devtools.compat.CliCompatTest.lambda$generateTests$10(CliCompatTest.java:99)
Caused by: java.io.IOException: Cannot run program "./jbang" (in directory "/var/folders/j8/sj85tl7d2pq_vnhbpj4t5lwm0000gn/T/junit13211042671926172745/cli_2.8.1.Final-platform_2.7.2.Final"): error=2, No such file or directory
	at io.quarkus.devtools.compat.CliCompatTest.jbang(CliCompatTest.java:141)
	at io.quarkus.devtools.compat.CliCompatTest.testCLI(CliCompatTest.java:110)
	at io.quarkus.devtools.compat.CliCompatTest.lambda$generateTests$10(CliCompatTest.java:99)
Caused by: java.io.IOException: error=2, No such file or directory
	at io.quarkus.devtools.compat.CliCompatTest.jbang(CliCompatTest.java:141)
	at io.quarkus.devtools.compat.CliCompatTest.testCLI(CliCompatTest.java:110)
	at io.quarkus.devtools.compat.CliCompatTest.lambda$generateTests$10(CliCompatTest.java:99)
</error>
    <system-out><![CDATA[run: ./jbang trust add https://repo1.maven.org/maven2/io/quarkus/
]]></system-out>
  </testcase>
  <testcase name="testCli{Path}[52]" classname="io.quarkus.devtools.compat.CliCompatTest" time="0.004">
    <error message="Could not execute [./jbang, trust, add, https://repo1.maven.org/maven2/io/quarkus/] in /var/folders/j8/sj85tl7d2pq_vnhbpj4t5lwm0000gn/T/junit13211042671926172745/cli_2.8.0.Final-platform_2.7.2.Final. Error=2, No such file or directory" type="org.zeroturnaround.exec.ProcessInitException">org.zeroturnaround.exec.ProcessInitException: Could not execute [./jbang, trust, add, https://repo1.maven.org/maven2/io/quarkus/] in /var/folders/j8/sj85tl7d2pq_vnhbpj4t5lwm0000gn/T/junit13211042671926172745/cli_2.8.0.Final-platform_2.7.2.Final. Error=2, No such file or directory
	at io.quarkus.devtools.compat.CliCompatTest.jbang(CliCompatTest.java:141)
	at io.quarkus.devtools.compat.CliCompatTest.testCLI(CliCompatTest.java:110)
	at io.quarkus.devtools.compat.CliCompatTest.lambda$generateTests$10(CliCompatTest.java:99)
Caused by: java.io.IOException: Cannot run program "./jbang" (in directory "/var/folders/j8/sj85tl7d2pq_vnhbpj4t5lwm0000gn/T/junit13211042671926172745/cli_2.8.0.Final-platform_2.7.2.Final"): error=2, No such file or directory
	at io.quarkus.devtools.compat.CliCompatTest.jbang(CliCompatTest.java:141)
	at io.quarkus.devtools.compat.CliCompatTest.testCLI(CliCompatTest.java:110)
	at io.quarkus.devtools.compat.CliCompatTest.lambda$generateTests$10(CliCompatTest.java:99)
Caused by: java.io.IOException: error=2, No such file or directory
	at io.quarkus.devtools.compat.CliCompatTest.jbang(CliCompatTest.java:141)
	at io.quarkus.devtools.compat.CliCompatTest.testCLI(CliCompatTest.java:110)
	at io.quarkus.devtools.compat.CliCompatTest.lambda$generateTests$10(CliCompatTest.java:99)
</error>
    <system-out><![CDATA[run: ./jbang trust add https://repo1.maven.org/maven2/io/quarkus/
]]></system-out>
  </testcase>
  <testcase name="testCli{Path}[53]" classname="io.quarkus.devtools.compat.CliCompatTest" time="0.004">
    <error message="Could not execute [./jbang, trust, add, https://repo1.maven.org/maven2/io/quarkus/] in /var/folders/j8/sj85tl7d2pq_vnhbpj4t5lwm0000gn/T/junit13211042671926172745/cli_2.7.5.Final-platform_2.7.2.Final. Error=2, No such file or directory" type="org.zeroturnaround.exec.ProcessInitException">org.zeroturnaround.exec.ProcessInitException: Could not execute [./jbang, trust, add, https://repo1.maven.org/maven2/io/quarkus/] in /var/folders/j8/sj85tl7d2pq_vnhbpj4t5lwm0000gn/T/junit13211042671926172745/cli_2.7.5.Final-platform_2.7.2.Final. Error=2, No such file or directory
	at io.quarkus.devtools.compat.CliCompatTest.jbang(CliCompatTest.java:141)
	at io.quarkus.devtools.compat.CliCompatTest.testCLI(CliCompatTest.java:110)
	at io.quarkus.devtools.compat.CliCompatTest.lambda$generateTests$10(CliCompatTest.java:99)
Caused by: java.io.IOException: Cannot run program "./jbang" (in directory "/var/folders/j8/sj85tl7d2pq_vnhbpj4t5lwm0000gn/T/junit13211042671926172745/cli_2.7.5.Final-platform_2.7.2.Final"): error=2, No such file or directory
	at io.quarkus.devtools.compat.CliCompatTest.jbang(CliCompatTest.java:141)
	at io.quarkus.devtools.compat.CliCompatTest.testCLI(CliCompatTest.java:110)
	at io.quarkus.devtools.compat.CliCompatTest.lambda$generateTests$10(CliCompatTest.java:99)
Caused by: java.io.IOException: error=2, No such file or directory
	at io.quarkus.devtools.compat.CliCompatTest.jbang(CliCompatTest.java:141)
	at io.quarkus.devtools.compat.CliCompatTest.testCLI(CliCompatTest.java:110)
	at io.quarkus.devtools.compat.CliCompatTest.lambda$generateTests$10(CliCompatTest.java:99)
</error>
    <system-out><![CDATA[run: ./jbang trust add https://repo1.maven.org/maven2/io/quarkus/
]]></system-out>
  </testcase>
  <testcase name="testCli{Path}[54]" classname="io.quarkus.devtools.compat.CliCompatTest" time="0.02">
    <error message="Could not execute [./jbang, trust, add, https://repo1.maven.org/maven2/io/quarkus/] in /var/folders/j8/sj85tl7d2pq_vnhbpj4t5lwm0000gn/T/junit13211042671926172745/cli_2.7.4.Final-platform_2.7.2.Final. Error=2, No such file or directory" type="org.zeroturnaround.exec.ProcessInitException">org.zeroturnaround.exec.ProcessInitException: Could not execute [./jbang, trust, add, https://repo1.maven.org/maven2/io/quarkus/] in /var/folders/j8/sj85tl7d2pq_vnhbpj4t5lwm0000gn/T/junit13211042671926172745/cli_2.7.4.Final-platform_2.7.2.Final. Error=2, No such file or directory
	at io.quarkus.devtools.compat.CliCompatTest.jbang(CliCompatTest.java:141)
	at io.quarkus.devtools.compat.CliCompatTest.testCLI(CliCompatTest.java:110)
	at io.quarkus.devtools.compat.CliCompatTest.lambda$generateTests$10(CliCompatTest.java:99)
Caused by: java.io.IOException: Cannot run program "./jbang" (in directory "/var/folders/j8/sj85tl7d2pq_vnhbpj4t5lwm0000gn/T/junit13211042671926172745/cli_2.7.4.Final-platform_2.7.2.Final"): error=2, No such file or directory
	at io.quarkus.devtools.compat.CliCompatTest.jbang(CliCompatTest.java:141)
	at io.quarkus.devtools.compat.CliCompatTest.testCLI(CliCompatTest.java:110)
	at io.quarkus.devtools.compat.CliCompatTest.lambda$generateTests$10(CliCompatTest.java:99)
Caused by: java.io.IOException: error=2, No such file or directory
	at io.quarkus.devtools.compat.CliCompatTest.jbang(CliCompatTest.java:141)
	at io.quarkus.devtools.compat.CliCompatTest.testCLI(CliCompatTest.java:110)
	at io.quarkus.devtools.compat.CliCompatTest.lambda$generateTests$10(CliCompatTest.java:99)
</error>
    <system-out><![CDATA[run: ./jbang trust add https://repo1.maven.org/maven2/io/quarkus/
]]></system-out>
  </testcase>
  <testcase name="testCli{Path}[55]" classname="io.quarkus.devtools.compat.CliCompatTest" time="0.003">
    <error message="Could not execute [./jbang, trust, add, https://repo1.maven.org/maven2/io/quarkus/] in /var/folders/j8/sj85tl7d2pq_vnhbpj4t5lwm0000gn/T/junit13211042671926172745/cli_2.7.3.Final-platform_2.7.2.Final. Error=2, No such file or directory" type="org.zeroturnaround.exec.ProcessInitException">org.zeroturnaround.exec.ProcessInitException: Could not execute [./jbang, trust, add, https://repo1.maven.org/maven2/io/quarkus/] in /var/folders/j8/sj85tl7d2pq_vnhbpj4t5lwm0000gn/T/junit13211042671926172745/cli_2.7.3.Final-platform_2.7.2.Final. Error=2, No such file or directory
	at io.quarkus.devtools.compat.CliCompatTest.jbang(CliCompatTest.java:141)
	at io.quarkus.devtools.compat.CliCompatTest.testCLI(CliCompatTest.java:110)
	at io.quarkus.devtools.compat.CliCompatTest.lambda$generateTests$10(CliCompatTest.java:99)
Caused by: java.io.IOException: Cannot run program "./jbang" (in directory "/var/folders/j8/sj85tl7d2pq_vnhbpj4t5lwm0000gn/T/junit13211042671926172745/cli_2.7.3.Final-platform_2.7.2.Final"): error=2, No such file or directory
	at io.quarkus.devtools.compat.CliCompatTest.jbang(CliCompatTest.java:141)
	at io.quarkus.devtools.compat.CliCompatTest.testCLI(CliCompatTest.java:110)
	at io.quarkus.devtools.compat.CliCompatTest.lambda$generateTests$10(CliCompatTest.java:99)
Caused by: java.io.IOException: error=2, No such file or directory
	at io.quarkus.devtools.compat.CliCompatTest.jbang(CliCompatTest.java:141)
	at io.quarkus.devtools.compat.CliCompatTest.testCLI(CliCompatTest.java:110)
	at io.quarkus.devtools.compat.CliCompatTest.lambda$generateTests$10(CliCompatTest.java:99)
</error>
    <system-out><![CDATA[run: ./jbang trust add https://repo1.maven.org/maven2/io/quarkus/
]]></system-out>
  </testcase>
  <testcase name="testCli{Path}[56]" classname="io.quarkus.devtools.compat.CliCompatTest" time="0.004">
    <error message="Could not execute [./jbang, trust, add, https://repo1.maven.org/maven2/io/quarkus/] in /var/folders/j8/sj85tl7d2pq_vnhbpj4t5lwm0000gn/T/junit13211042671926172745/cli_2.7.2.Final-platform_2.7.2.Final. Error=2, No such file or directory" type="org.zeroturnaround.exec.ProcessInitException">org.zeroturnaround.exec.ProcessInitException: Could not execute [./jbang, trust, add, https://repo1.maven.org/maven2/io/quarkus/] in /var/folders/j8/sj85tl7d2pq_vnhbpj4t5lwm0000gn/T/junit13211042671926172745/cli_2.7.2.Final-platform_2.7.2.Final. Error=2, No such file or directory
	at io.quarkus.devtools.compat.CliCompatTest.jbang(CliCompatTest.java:141)
	at io.quarkus.devtools.compat.CliCompatTest.testCLI(CliCompatTest.java:110)
	at io.quarkus.devtools.compat.CliCompatTest.lambda$generateTests$10(CliCompatTest.java:99)
Caused by: java.io.IOException: Cannot run program "./jbang" (in directory "/var/folders/j8/sj85tl7d2pq_vnhbpj4t5lwm0000gn/T/junit13211042671926172745/cli_2.7.2.Final-platform_2.7.2.Final"): error=2, No such file or directory
	at io.quarkus.devtools.compat.CliCompatTest.jbang(CliCompatTest.java:141)
	at io.quarkus.devtools.compat.CliCompatTest.testCLI(CliCompatTest.java:110)
	at io.quarkus.devtools.compat.CliCompatTest.lambda$generateTests$10(CliCompatTest.java:99)
Caused by: java.io.IOException: error=2, No such file or directory
	at io.quarkus.devtools.compat.CliCompatTest.jbang(CliCompatTest.java:141)
	at io.quarkus.devtools.compat.CliCompatTest.testCLI(CliCompatTest.java:110)
	at io.quarkus.devtools.compat.CliCompatTest.lambda$generateTests$10(CliCompatTest.java:99)
</error>
    <system-out><![CDATA[run: ./jbang trust add https://repo1.maven.org/maven2/io/quarkus/
]]></system-out>
  </testcase>
  <testcase name="testCli{Path}[57]" classname="io.quarkus.devtools.compat.CliCompatTest" time="0.004">
    <error message="Could not execute [./jbang, trust, add, https://repo1.maven.org/maven2/io/quarkus/] in /var/folders/j8/sj85tl7d2pq_vnhbpj4t5lwm0000gn/T/junit13211042671926172745/cli_2.7.1.Final-platform_2.7.2.Final. Error=2, No such file or directory" type="org.zeroturnaround.exec.ProcessInitException">org.zeroturnaround.exec.ProcessInitException: Could not execute [./jbang, trust, add, https://repo1.maven.org/maven2/io/quarkus/] in /var/folders/j8/sj85tl7d2pq_vnhbpj4t5lwm0000gn/T/junit13211042671926172745/cli_2.7.1.Final-platform_2.7.2.Final. Error=2, No such file or directory
	at io.quarkus.devtools.compat.CliCompatTest.jbang(CliCompatTest.java:141)
	at io.quarkus.devtools.compat.CliCompatTest.testCLI(CliCompatTest.java:110)
	at io.quarkus.devtools.compat.CliCompatTest.lambda$generateTests$10(CliCompatTest.java:99)
Caused by: java.io.IOException: Cannot run program "./jbang" (in directory "/var/folders/j8/sj85tl7d2pq_vnhbpj4t5lwm0000gn/T/junit13211042671926172745/cli_2.7.1.Final-platform_2.7.2.Final"): error=2, No such file or directory
	at io.quarkus.devtools.compat.CliCompatTest.jbang(CliCompatTest.java:141)
	at io.quarkus.devtools.compat.CliCompatTest.testCLI(CliCompatTest.java:110)
	at io.quarkus.devtools.compat.CliCompatTest.lambda$generateTests$10(CliCompatTest.java:99)
Caused by: java.io.IOException: error=2, No such file or directory
	at io.quarkus.devtools.compat.CliCompatTest.jbang(CliCompatTest.java:141)
	at io.quarkus.devtools.compat.CliCompatTest.testCLI(CliCompatTest.java:110)
	at io.quarkus.devtools.compat.CliCompatTest.lambda$generateTests$10(CliCompatTest.java:99)
</error>
    <system-out><![CDATA[run: ./jbang trust add https://repo1.maven.org/maven2/io/quarkus/
]]></system-out>
  </testcase>
  <testcase name="testCli{Path}[58]" classname="io.quarkus.devtools.compat.CliCompatTest" time="0.004">
    <error message="Could not execute [./jbang, trust, add, https://repo1.maven.org/maven2/io/quarkus/] in /var/folders/j8/sj85tl7d2pq_vnhbpj4t5lwm0000gn/T/junit13211042671926172745/cli_2.7.0.Final-platform_2.7.2.Final. Error=2, No such file or directory" type="org.zeroturnaround.exec.ProcessInitException">org.zeroturnaround.exec.ProcessInitException: Could not execute [./jbang, trust, add, https://repo1.maven.org/maven2/io/quarkus/] in /var/folders/j8/sj85tl7d2pq_vnhbpj4t5lwm0000gn/T/junit13211042671926172745/cli_2.7.0.Final-platform_2.7.2.Final. Error=2, No such file or directory
	at io.quarkus.devtools.compat.CliCompatTest.jbang(CliCompatTest.java:141)
	at io.quarkus.devtools.compat.CliCompatTest.testCLI(CliCompatTest.java:110)
	at io.quarkus.devtools.compat.CliCompatTest.lambda$generateTests$10(CliCompatTest.java:99)
Caused by: java.io.IOException: Cannot run program "./jbang" (in directory "/var/folders/j8/sj85tl7d2pq_vnhbpj4t5lwm0000gn/T/junit13211042671926172745/cli_2.7.0.Final-platform_2.7.2.Final"): error=2, No such file or directory
	at io.quarkus.devtools.compat.CliCompatTest.jbang(CliCompatTest.java:141)
	at io.quarkus.devtools.compat.CliCompatTest.testCLI(CliCompatTest.java:110)
	at io.quarkus.devtools.compat.CliCompatTest.lambda$generateTests$10(CliCompatTest.java:99)
Caused by: java.io.IOException: error=2, No such file or directory
	at io.quarkus.devtools.compat.CliCompatTest.jbang(CliCompatTest.java:141)
	at io.quarkus.devtools.compat.CliCompatTest.testCLI(CliCompatTest.java:110)
	at io.quarkus.devtools.compat.CliCompatTest.lambda$generateTests$10(CliCompatTest.java:99)
</error>
    <system-out><![CDATA[run: ./jbang trust add https://repo1.maven.org/maven2/io/quarkus/
]]></system-out>
  </testcase>
  <testcase name="testCli{Path}[59]" classname="io.quarkus.devtools.compat.CliCompatTest" time="0.004">
    <error message="Could not execute [./jbang, trust, add, https://repo1.maven.org/maven2/io/quarkus/] in /var/folders/j8/sj85tl7d2pq_vnhbpj4t5lwm0000gn/T/junit13211042671926172745/cli_2.6.3.Final-platform_2.7.2.Final. Error=2, No such file or directory" type="org.zeroturnaround.exec.ProcessInitException">org.zeroturnaround.exec.ProcessInitException: Could not execute [./jbang, trust, add, https://repo1.maven.org/maven2/io/quarkus/] in /var/folders/j8/sj85tl7d2pq_vnhbpj4t5lwm0000gn/T/junit13211042671926172745/cli_2.6.3.Final-platform_2.7.2.Final. Error=2, No such file or directory
	at io.quarkus.devtools.compat.CliCompatTest.jbang(CliCompatTest.java:141)
	at io.quarkus.devtools.compat.CliCompatTest.testCLI(CliCompatTest.java:110)
	at io.quarkus.devtools.compat.CliCompatTest.lambda$generateTests$10(CliCompatTest.java:99)
Caused by: java.io.IOException: Cannot run program "./jbang" (in directory "/var/folders/j8/sj85tl7d2pq_vnhbpj4t5lwm0000gn/T/junit13211042671926172745/cli_2.6.3.Final-platform_2.7.2.Final"): error=2, No such file or directory
	at io.quarkus.devtools.compat.CliCompatTest.jbang(CliCompatTest.java:141)
	at io.quarkus.devtools.compat.CliCompatTest.testCLI(CliCompatTest.java:110)
	at io.quarkus.devtools.compat.CliCompatTest.lambda$generateTests$10(CliCompatTest.java:99)
Caused by: java.io.IOException: error=2, No such file or directory
	at io.quarkus.devtools.compat.CliCompatTest.jbang(CliCompatTest.java:141)
	at io.quarkus.devtools.compat.CliCompatTest.testCLI(CliCompatTest.java:110)
	at io.quarkus.devtools.compat.CliCompatTest.lambda$generateTests$10(CliCompatTest.java:99)
</error>
    <system-out><![CDATA[run: ./jbang trust add https://repo1.maven.org/maven2/io/quarkus/
]]></system-out>
  </testcase>
  <testcase name="testCli{Path}[60]" classname="io.quarkus.devtools.compat.CliCompatTest" time="0.004">
    <error message="Could not execute [./jbang, trust, add, https://repo1.maven.org/maven2/io/quarkus/] in /var/folders/j8/sj85tl7d2pq_vnhbpj4t5lwm0000gn/T/junit13211042671926172745/cli_2.6.2.Final-platform_2.7.2.Final. Error=2, No such file or directory" type="org.zeroturnaround.exec.ProcessInitException">org.zeroturnaround.exec.ProcessInitException: Could not execute [./jbang, trust, add, https://repo1.maven.org/maven2/io/quarkus/] in /var/folders/j8/sj85tl7d2pq_vnhbpj4t5lwm0000gn/T/junit13211042671926172745/cli_2.6.2.Final-platform_2.7.2.Final. Error=2, No such file or directory
	at io.quarkus.devtools.compat.CliCompatTest.jbang(CliCompatTest.java:141)
	at io.quarkus.devtools.compat.CliCompatTest.testCLI(CliCompatTest.java:110)
	at io.quarkus.devtools.compat.CliCompatTest.lambda$generateTests$10(CliCompatTest.java:99)
Caused by: java.io.IOException: Cannot run program "./jbang" (in directory "/var/folders/j8/sj85tl7d2pq_vnhbpj4t5lwm0000gn/T/junit13211042671926172745/cli_2.6.2.Final-platform_2.7.2.Final"): error=2, No such file or directory
	at io.quarkus.devtools.compat.CliCompatTest.jbang(CliCompatTest.java:141)
	at io.quarkus.devtools.compat.CliCompatTest.testCLI(CliCompatTest.java:110)
	at io.quarkus.devtools.compat.CliCompatTest.lambda$generateTests$10(CliCompatTest.java:99)
Caused by: java.io.IOException: error=2, No such file or directory
	at io.quarkus.devtools.compat.CliCompatTest.jbang(CliCompatTest.java:141)
	at io.quarkus.devtools.compat.CliCompatTest.testCLI(CliCompatTest.java:110)
	at io.quarkus.devtools.compat.CliCompatTest.lambda$generateTests$10(CliCompatTest.java:99)
</error>
    <system-out><![CDATA[run: ./jbang trust add https://repo1.maven.org/maven2/io/quarkus/
]]></system-out>
  </testcase>
  <testcase name="testCli{Path}[61]" classname="io.quarkus.devtools.compat.CliCompatTest" time="0.004">
    <error message="Could not execute [./jbang, trust, add, https://repo1.maven.org/maven2/io/quarkus/] in /var/folders/j8/sj85tl7d2pq_vnhbpj4t5lwm0000gn/T/junit13211042671926172745/cli_2.8.1.Final-platform_2.7.1.Final. Error=2, No such file or directory" type="org.zeroturnaround.exec.ProcessInitException">org.zeroturnaround.exec.ProcessInitException: Could not execute [./jbang, trust, add, https://repo1.maven.org/maven2/io/quarkus/] in /var/folders/j8/sj85tl7d2pq_vnhbpj4t5lwm0000gn/T/junit13211042671926172745/cli_2.8.1.Final-platform_2.7.1.Final. Error=2, No such file or directory
	at io.quarkus.devtools.compat.CliCompatTest.jbang(CliCompatTest.java:141)
	at io.quarkus.devtools.compat.CliCompatTest.testCLI(CliCompatTest.java:110)
	at io.quarkus.devtools.compat.CliCompatTest.lambda$generateTests$10(CliCompatTest.java:99)
Caused by: java.io.IOException: Cannot run program "./jbang" (in directory "/var/folders/j8/sj85tl7d2pq_vnhbpj4t5lwm0000gn/T/junit13211042671926172745/cli_2.8.1.Final-platform_2.7.1.Final"): error=2, No such file or directory
	at io.quarkus.devtools.compat.CliCompatTest.jbang(CliCompatTest.java:141)
	at io.quarkus.devtools.compat.CliCompatTest.testCLI(CliCompatTest.java:110)
	at io.quarkus.devtools.compat.CliCompatTest.lambda$generateTests$10(CliCompatTest.java:99)
Caused by: java.io.IOException: error=2, No such file or directory
	at io.quarkus.devtools.compat.CliCompatTest.jbang(CliCompatTest.java:141)
	at io.quarkus.devtools.compat.CliCompatTest.testCLI(CliCompatTest.java:110)
	at io.quarkus.devtools.compat.CliCompatTest.lambda$generateTests$10(CliCompatTest.java:99)
</error>
    <system-out><![CDATA[run: ./jbang trust add https://repo1.maven.org/maven2/io/quarkus/
]]></system-out>
  </testcase>
  <testcase name="testCli{Path}[62]" classname="io.quarkus.devtools.compat.CliCompatTest" time="0.003">
    <error message="Could not execute [./jbang, trust, add, https://repo1.maven.org/maven2/io/quarkus/] in /var/folders/j8/sj85tl7d2pq_vnhbpj4t5lwm0000gn/T/junit13211042671926172745/cli_2.8.0.Final-platform_2.7.1.Final. Error=2, No such file or directory" type="org.zeroturnaround.exec.ProcessInitException">org.zeroturnaround.exec.ProcessInitException: Could not execute [./jbang, trust, add, https://repo1.maven.org/maven2/io/quarkus/] in /var/folders/j8/sj85tl7d2pq_vnhbpj4t5lwm0000gn/T/junit13211042671926172745/cli_2.8.0.Final-platform_2.7.1.Final. Error=2, No such file or directory
	at io.quarkus.devtools.compat.CliCompatTest.jbang(CliCompatTest.java:141)
	at io.quarkus.devtools.compat.CliCompatTest.testCLI(CliCompatTest.java:110)
	at io.quarkus.devtools.compat.CliCompatTest.lambda$generateTests$10(CliCompatTest.java:99)
Caused by: java.io.IOException: Cannot run program "./jbang" (in directory "/var/folders/j8/sj85tl7d2pq_vnhbpj4t5lwm0000gn/T/junit13211042671926172745/cli_2.8.0.Final-platform_2.7.1.Final"): error=2, No such file or directory
	at io.quarkus.devtools.compat.CliCompatTest.jbang(CliCompatTest.java:141)
	at io.quarkus.devtools.compat.CliCompatTest.testCLI(CliCompatTest.java:110)
	at io.quarkus.devtools.compat.CliCompatTest.lambda$generateTests$10(CliCompatTest.java:99)
Caused by: java.io.IOException: error=2, No such file or directory
	at io.quarkus.devtools.compat.CliCompatTest.jbang(CliCompatTest.java:141)
	at io.quarkus.devtools.compat.CliCompatTest.testCLI(CliCompatTest.java:110)
	at io.quarkus.devtools.compat.CliCompatTest.lambda$generateTests$10(CliCompatTest.java:99)
</error>
    <system-out><![CDATA[run: ./jbang trust add https://repo1.maven.org/maven2/io/quarkus/
]]></system-out>
  </testcase>
  <testcase name="testCli{Path}[63]" classname="io.quarkus.devtools.compat.CliCompatTest" time="0.004">
    <error message="Could not execute [./jbang, trust, add, https://repo1.maven.org/maven2/io/quarkus/] in /var/folders/j8/sj85tl7d2pq_vnhbpj4t5lwm0000gn/T/junit13211042671926172745/cli_2.7.5.Final-platform_2.7.1.Final. Error=2, No such file or directory" type="org.zeroturnaround.exec.ProcessInitException">org.zeroturnaround.exec.ProcessInitException: Could not execute [./jbang, trust, add, https://repo1.maven.org/maven2/io/quarkus/] in /var/folders/j8/sj85tl7d2pq_vnhbpj4t5lwm0000gn/T/junit13211042671926172745/cli_2.7.5.Final-platform_2.7.1.Final. Error=2, No such file or directory
	at io.quarkus.devtools.compat.CliCompatTest.jbang(CliCompatTest.java:141)
	at io.quarkus.devtools.compat.CliCompatTest.testCLI(CliCompatTest.java:110)
	at io.quarkus.devtools.compat.CliCompatTest.lambda$generateTests$10(CliCompatTest.java:99)
Caused by: java.io.IOException: Cannot run program "./jbang" (in directory "/var/folders/j8/sj85tl7d2pq_vnhbpj4t5lwm0000gn/T/junit13211042671926172745/cli_2.7.5.Final-platform_2.7.1.Final"): error=2, No such file or directory
	at io.quarkus.devtools.compat.CliCompatTest.jbang(CliCompatTest.java:141)
	at io.quarkus.devtools.compat.CliCompatTest.testCLI(CliCompatTest.java:110)
	at io.quarkus.devtools.compat.CliCompatTest.lambda$generateTests$10(CliCompatTest.java:99)
Caused by: java.io.IOException: error=2, No such file or directory
	at io.quarkus.devtools.compat.CliCompatTest.jbang(CliCompatTest.java:141)
	at io.quarkus.devtools.compat.CliCompatTest.testCLI(CliCompatTest.java:110)
	at io.quarkus.devtools.compat.CliCompatTest.lambda$generateTests$10(CliCompatTest.java:99)
</error>
    <system-out><![CDATA[run: ./jbang trust add https://repo1.maven.org/maven2/io/quarkus/
]]></system-out>
  </testcase>
  <testcase name="testCli{Path}[64]" classname="io.quarkus.devtools.compat.CliCompatTest" time="0.003">
    <error message="Could not execute [./jbang, trust, add, https://repo1.maven.org/maven2/io/quarkus/] in /var/folders/j8/sj85tl7d2pq_vnhbpj4t5lwm0000gn/T/junit13211042671926172745/cli_2.7.4.Final-platform_2.7.1.Final. Error=2, No such file or directory" type="org.zeroturnaround.exec.ProcessInitException">org.zeroturnaround.exec.ProcessInitException: Could not execute [./jbang, trust, add, https://repo1.maven.org/maven2/io/quarkus/] in /var/folders/j8/sj85tl7d2pq_vnhbpj4t5lwm0000gn/T/junit13211042671926172745/cli_2.7.4.Final-platform_2.7.1.Final. Error=2, No such file or directory
	at io.quarkus.devtools.compat.CliCompatTest.jbang(CliCompatTest.java:141)
	at io.quarkus.devtools.compat.CliCompatTest.testCLI(CliCompatTest.java:110)
	at io.quarkus.devtools.compat.CliCompatTest.lambda$generateTests$10(CliCompatTest.java:99)
Caused by: java.io.IOException: Cannot run program "./jbang" (in directory "/var/folders/j8/sj85tl7d2pq_vnhbpj4t5lwm0000gn/T/junit13211042671926172745/cli_2.7.4.Final-platform_2.7.1.Final"): error=2, No such file or directory
	at io.quarkus.devtools.compat.CliCompatTest.jbang(CliCompatTest.java:141)
	at io.quarkus.devtools.compat.CliCompatTest.testCLI(CliCompatTest.java:110)
	at io.quarkus.devtools.compat.CliCompatTest.lambda$generateTests$10(CliCompatTest.java:99)
Caused by: java.io.IOException: error=2, No such file or directory
	at io.quarkus.devtools.compat.CliCompatTest.jbang(CliCompatTest.java:141)
	at io.quarkus.devtools.compat.CliCompatTest.testCLI(CliCompatTest.java:110)
	at io.quarkus.devtools.compat.CliCompatTest.lambda$generateTests$10(CliCompatTest.java:99)
</error>
    <system-out><![CDATA[run: ./jbang trust add https://repo1.maven.org/maven2/io/quarkus/
]]></system-out>
  </testcase>
  <testcase name="testCli{Path}[65]" classname="io.quarkus.devtools.compat.CliCompatTest" time="0.004">
    <error message="Could not execute [./jbang, trust, add, https://repo1.maven.org/maven2/io/quarkus/] in /var/folders/j8/sj85tl7d2pq_vnhbpj4t5lwm0000gn/T/junit13211042671926172745/cli_2.7.3.Final-platform_2.7.1.Final. Error=2, No such file or directory" type="org.zeroturnaround.exec.ProcessInitException">org.zeroturnaround.exec.ProcessInitException: Could not execute [./jbang, trust, add, https://repo1.maven.org/maven2/io/quarkus/] in /var/folders/j8/sj85tl7d2pq_vnhbpj4t5lwm0000gn/T/junit13211042671926172745/cli_2.7.3.Final-platform_2.7.1.Final. Error=2, No such file or directory
	at io.quarkus.devtools.compat.CliCompatTest.jbang(CliCompatTest.java:141)
	at io.quarkus.devtools.compat.CliCompatTest.testCLI(CliCompatTest.java:110)
	at io.quarkus.devtools.compat.CliCompatTest.lambda$generateTests$10(CliCompatTest.java:99)
Caused by: java.io.IOException: Cannot run program "./jbang" (in directory "/var/folders/j8/sj85tl7d2pq_vnhbpj4t5lwm0000gn/T/junit13211042671926172745/cli_2.7.3.Final-platform_2.7.1.Final"): error=2, No such file or directory
	at io.quarkus.devtools.compat.CliCompatTest.jbang(CliCompatTest.java:141)
	at io.quarkus.devtools.compat.CliCompatTest.testCLI(CliCompatTest.java:110)
	at io.quarkus.devtools.compat.CliCompatTest.lambda$generateTests$10(CliCompatTest.java:99)
Caused by: java.io.IOException: error=2, No such file or directory
	at io.quarkus.devtools.compat.CliCompatTest.jbang(CliCompatTest.java:141)
	at io.quarkus.devtools.compat.CliCompatTest.testCLI(CliCompatTest.java:110)
	at io.quarkus.devtools.compat.CliCompatTest.lambda$generateTests$10(CliCompatTest.java:99)
</error>
    <system-out><![CDATA[run: ./jbang trust add https://repo1.maven.org/maven2/io/quarkus/
]]></system-out>
  </testcase>
  <testcase name="testCli{Path}[66]" classname="io.quarkus.devtools.compat.CliCompatTest" time="0.003">
    <error message="Could not execute [./jbang, trust, add, https://repo1.maven.org/maven2/io/quarkus/] in /var/folders/j8/sj85tl7d2pq_vnhbpj4t5lwm0000gn/T/junit13211042671926172745/cli_2.7.2.Final-platform_2.7.1.Final. Error=2, No such file or directory" type="org.zeroturnaround.exec.ProcessInitException">org.zeroturnaround.exec.ProcessInitException: Could not execute [./jbang, trust, add, https://repo1.maven.org/maven2/io/quarkus/] in /var/folders/j8/sj85tl7d2pq_vnhbpj4t5lwm0000gn/T/junit13211042671926172745/cli_2.7.2.Final-platform_2.7.1.Final. Error=2, No such file or directory
	at io.quarkus.devtools.compat.CliCompatTest.jbang(CliCompatTest.java:141)
	at io.quarkus.devtools.compat.CliCompatTest.testCLI(CliCompatTest.java:110)
	at io.quarkus.devtools.compat.CliCompatTest.lambda$generateTests$10(CliCompatTest.java:99)
Caused by: java.io.IOException: Cannot run program "./jbang" (in directory "/var/folders/j8/sj85tl7d2pq_vnhbpj4t5lwm0000gn/T/junit13211042671926172745/cli_2.7.2.Final-platform_2.7.1.Final"): error=2, No such file or directory
	at io.quarkus.devtools.compat.CliCompatTest.jbang(CliCompatTest.java:141)
	at io.quarkus.devtools.compat.CliCompatTest.testCLI(CliCompatTest.java:110)
	at io.quarkus.devtools.compat.CliCompatTest.lambda$generateTests$10(CliCompatTest.java:99)
Caused by: java.io.IOException: error=2, No such file or directory
	at io.quarkus.devtools.compat.CliCompatTest.jbang(CliCompatTest.java:141)
	at io.quarkus.devtools.compat.CliCompatTest.testCLI(CliCompatTest.java:110)
	at io.quarkus.devtools.compat.CliCompatTest.lambda$generateTests$10(CliCompatTest.java:99)
</error>
    <system-out><![CDATA[run: ./jbang trust add https://repo1.maven.org/maven2/io/quarkus/
]]></system-out>
  </testcase>
  <testcase name="testCli{Path}[67]" classname="io.quarkus.devtools.compat.CliCompatTest" time="0.005">
    <error message="Could not execute [./jbang, trust, add, https://repo1.maven.org/maven2/io/quarkus/] in /var/folders/j8/sj85tl7d2pq_vnhbpj4t5lwm0000gn/T/junit13211042671926172745/cli_2.7.1.Final-platform_2.7.1.Final. Error=2, No such file or directory" type="org.zeroturnaround.exec.ProcessInitException">org.zeroturnaround.exec.ProcessInitException: Could not execute [./jbang, trust, add, https://repo1.maven.org/maven2/io/quarkus/] in /var/folders/j8/sj85tl7d2pq_vnhbpj4t5lwm0000gn/T/junit13211042671926172745/cli_2.7.1.Final-platform_2.7.1.Final. Error=2, No such file or directory
	at io.quarkus.devtools.compat.CliCompatTest.jbang(CliCompatTest.java:141)
	at io.quarkus.devtools.compat.CliCompatTest.testCLI(CliCompatTest.java:110)
	at io.quarkus.devtools.compat.CliCompatTest.lambda$generateTests$10(CliCompatTest.java:99)
Caused by: java.io.IOException: Cannot run program "./jbang" (in directory "/var/folders/j8/sj85tl7d2pq_vnhbpj4t5lwm0000gn/T/junit13211042671926172745/cli_2.7.1.Final-platform_2.7.1.Final"): error=2, No such file or directory
	at io.quarkus.devtools.compat.CliCompatTest.jbang(CliCompatTest.java:141)
	at io.quarkus.devtools.compat.CliCompatTest.testCLI(CliCompatTest.java:110)
	at io.quarkus.devtools.compat.CliCompatTest.lambda$generateTests$10(CliCompatTest.java:99)
Caused by: java.io.IOException: error=2, No such file or directory
	at io.quarkus.devtools.compat.CliCompatTest.jbang(CliCompatTest.java:141)
	at io.quarkus.devtools.compat.CliCompatTest.testCLI(CliCompatTest.java:110)
	at io.quarkus.devtools.compat.CliCompatTest.lambda$generateTests$10(CliCompatTest.java:99)
</error>
    <system-out><![CDATA[run: ./jbang trust add https://repo1.maven.org/maven2/io/quarkus/
]]></system-out>
  </testcase>
  <testcase name="testCli{Path}[68]" classname="io.quarkus.devtools.compat.CliCompatTest" time="0.004">
    <error message="Could not execute [./jbang, trust, add, https://repo1.maven.org/maven2/io/quarkus/] in /var/folders/j8/sj85tl7d2pq_vnhbpj4t5lwm0000gn/T/junit13211042671926172745/cli_2.7.0.Final-platform_2.7.1.Final. Error=2, No such file or directory" type="org.zeroturnaround.exec.ProcessInitException">org.zeroturnaround.exec.ProcessInitException: Could not execute [./jbang, trust, add, https://repo1.maven.org/maven2/io/quarkus/] in /var/folders/j8/sj85tl7d2pq_vnhbpj4t5lwm0000gn/T/junit13211042671926172745/cli_2.7.0.Final-platform_2.7.1.Final. Error=2, No such file or directory
	at io.quarkus.devtools.compat.CliCompatTest.jbang(CliCompatTest.java:141)
	at io.quarkus.devtools.compat.CliCompatTest.testCLI(CliCompatTest.java:110)
	at io.quarkus.devtools.compat.CliCompatTest.lambda$generateTests$10(CliCompatTest.java:99)
Caused by: java.io.IOException: Cannot run program "./jbang" (in directory "/var/folders/j8/sj85tl7d2pq_vnhbpj4t5lwm0000gn/T/junit13211042671926172745/cli_2.7.0.Final-platform_2.7.1.Final"): error=2, No such file or directory
	at io.quarkus.devtools.compat.CliCompatTest.jbang(CliCompatTest.java:141)
	at io.quarkus.devtools.compat.CliCompatTest.testCLI(CliCompatTest.java:110)
	at io.quarkus.devtools.compat.CliCompatTest.lambda$generateTests$10(CliCompatTest.java:99)
Caused by: java.io.IOException: error=2, No such file or directory
	at io.quarkus.devtools.compat.CliCompatTest.jbang(CliCompatTest.java:141)
	at io.quarkus.devtools.compat.CliCompatTest.testCLI(CliCompatTest.java:110)
	at io.quarkus.devtools.compat.CliCompatTest.lambda$generateTests$10(CliCompatTest.java:99)
</error>
    <system-out><![CDATA[run: ./jbang trust add https://repo1.maven.org/maven2/io/quarkus/
]]></system-out>
  </testcase>
  <testcase name="testCli{Path}[69]" classname="io.quarkus.devtools.compat.CliCompatTest" time="0.004">
    <error message="Could not execute [./jbang, trust, add, https://repo1.maven.org/maven2/io/quarkus/] in /var/folders/j8/sj85tl7d2pq_vnhbpj4t5lwm0000gn/T/junit13211042671926172745/cli_2.6.3.Final-platform_2.7.1.Final. Error=2, No such file or directory" type="org.zeroturnaround.exec.ProcessInitException">org.zeroturnaround.exec.ProcessInitException: Could not execute [./jbang, trust, add, https://repo1.maven.org/maven2/io/quarkus/] in /var/folders/j8/sj85tl7d2pq_vnhbpj4t5lwm0000gn/T/junit13211042671926172745/cli_2.6.3.Final-platform_2.7.1.Final. Error=2, No such file or directory
	at io.quarkus.devtools.compat.CliCompatTest.jbang(CliCompatTest.java:141)
	at io.quarkus.devtools.compat.CliCompatTest.testCLI(CliCompatTest.java:110)
	at io.quarkus.devtools.compat.CliCompatTest.lambda$generateTests$10(CliCompatTest.java:99)
Caused by: java.io.IOException: Cannot run program "./jbang" (in directory "/var/folders/j8/sj85tl7d2pq_vnhbpj4t5lwm0000gn/T/junit13211042671926172745/cli_2.6.3.Final-platform_2.7.1.Final"): error=2, No such file or directory
	at io.quarkus.devtools.compat.CliCompatTest.jbang(CliCompatTest.java:141)
	at io.quarkus.devtools.compat.CliCompatTest.testCLI(CliCompatTest.java:110)
	at io.quarkus.devtools.compat.CliCompatTest.lambda$generateTests$10(CliCompatTest.java:99)
Caused by: java.io.IOException: error=2, No such file or directory
	at io.quarkus.devtools.compat.CliCompatTest.jbang(CliCompatTest.java:141)
	at io.quarkus.devtools.compat.CliCompatTest.testCLI(CliCompatTest.java:110)
	at io.quarkus.devtools.compat.CliCompatTest.lambda$generateTests$10(CliCompatTest.java:99)
</error>
    <system-out><![CDATA[run: ./jbang trust add https://repo1.maven.org/maven2/io/quarkus/
]]></system-out>
  </testcase>
  <testcase name="testCli{Path}[70]" classname="io.quarkus.devtools.compat.CliCompatTest" time="0.003">
    <error message="Could not execute [./jbang, trust, add, https://repo1.maven.org/maven2/io/quarkus/] in /var/folders/j8/sj85tl7d2pq_vnhbpj4t5lwm0000gn/T/junit13211042671926172745/cli_2.6.2.Final-platform_2.7.1.Final. Error=2, No such file or directory" type="org.zeroturnaround.exec.ProcessInitException">org.zeroturnaround.exec.ProcessInitException: Could not execute [./jbang, trust, add, https://repo1.maven.org/maven2/io/quarkus/] in /var/folders/j8/sj85tl7d2pq_vnhbpj4t5lwm0000gn/T/junit13211042671926172745/cli_2.6.2.Final-platform_2.7.1.Final. Error=2, No such file or directory
	at io.quarkus.devtools.compat.CliCompatTest.jbang(CliCompatTest.java:141)
	at io.quarkus.devtools.compat.CliCompatTest.testCLI(CliCompatTest.java:110)
	at io.quarkus.devtools.compat.CliCompatTest.lambda$generateTests$10(CliCompatTest.java:99)
Caused by: java.io.IOException: Cannot run program "./jbang" (in directory "/var/folders/j8/sj85tl7d2pq_vnhbpj4t5lwm0000gn/T/junit13211042671926172745/cli_2.6.2.Final-platform_2.7.1.Final"): error=2, No such file or directory
	at io.quarkus.devtools.compat.CliCompatTest.jbang(CliCompatTest.java:141)
	at io.quarkus.devtools.compat.CliCompatTest.testCLI(CliCompatTest.java:110)
	at io.quarkus.devtools.compat.CliCompatTest.lambda$generateTests$10(CliCompatTest.java:99)
Caused by: java.io.IOException: error=2, No such file or directory
	at io.quarkus.devtools.compat.CliCompatTest.jbang(CliCompatTest.java:141)
	at io.quarkus.devtools.compat.CliCompatTest.testCLI(CliCompatTest.java:110)
	at io.quarkus.devtools.compat.CliCompatTest.lambda$generateTests$10(CliCompatTest.java:99)
</error>
    <system-out><![CDATA[run: ./jbang trust add https://repo1.maven.org/maven2/io/quarkus/
]]></system-out>
  </testcase>
  <testcase name="testCli{Path}[71]" classname="io.quarkus.devtools.compat.CliCompatTest" time="0.004">
    <error message="Could not execute [./jbang, trust, add, https://repo1.maven.org/maven2/io/quarkus/] in /var/folders/j8/sj85tl7d2pq_vnhbpj4t5lwm0000gn/T/junit13211042671926172745/cli_2.8.1.Final-platform_2.7.0.Final. Error=2, No such file or directory" type="org.zeroturnaround.exec.ProcessInitException">org.zeroturnaround.exec.ProcessInitException: Could not execute [./jbang, trust, add, https://repo1.maven.org/maven2/io/quarkus/] in /var/folders/j8/sj85tl7d2pq_vnhbpj4t5lwm0000gn/T/junit13211042671926172745/cli_2.8.1.Final-platform_2.7.0.Final. Error=2, No such file or directory
	at io.quarkus.devtools.compat.CliCompatTest.jbang(CliCompatTest.java:141)
	at io.quarkus.devtools.compat.CliCompatTest.testCLI(CliCompatTest.java:110)
	at io.quarkus.devtools.compat.CliCompatTest.lambda$generateTests$10(CliCompatTest.java:99)
Caused by: java.io.IOException: Cannot run program "./jbang" (in directory "/var/folders/j8/sj85tl7d2pq_vnhbpj4t5lwm0000gn/T/junit13211042671926172745/cli_2.8.1.Final-platform_2.7.0.Final"): error=2, No such file or directory
	at io.quarkus.devtools.compat.CliCompatTest.jbang(CliCompatTest.java:141)
	at io.quarkus.devtools.compat.CliCompatTest.testCLI(CliCompatTest.java:110)
	at io.quarkus.devtools.compat.CliCompatTest.lambda$generateTests$10(CliCompatTest.java:99)
Caused by: java.io.IOException: error=2, No such file or directory
	at io.quarkus.devtools.compat.CliCompatTest.jbang(CliCompatTest.java:141)
	at io.quarkus.devtools.compat.CliCompatTest.testCLI(CliCompatTest.java:110)
	at io.quarkus.devtools.compat.CliCompatTest.lambda$generateTests$10(CliCompatTest.java:99)
</error>
    <system-out><![CDATA[run: ./jbang trust add https://repo1.maven.org/maven2/io/quarkus/
]]></system-out>
  </testcase>
  <testcase name="testCli{Path}[72]" classname="io.quarkus.devtools.compat.CliCompatTest" time="0.003">
    <error message="Could not execute [./jbang, trust, add, https://repo1.maven.org/maven2/io/quarkus/] in /var/folders/j8/sj85tl7d2pq_vnhbpj4t5lwm0000gn/T/junit13211042671926172745/cli_2.8.0.Final-platform_2.7.0.Final. Error=2, No such file or directory" type="org.zeroturnaround.exec.ProcessInitException">org.zeroturnaround.exec.ProcessInitException: Could not execute [./jbang, trust, add, https://repo1.maven.org/maven2/io/quarkus/] in /var/folders/j8/sj85tl7d2pq_vnhbpj4t5lwm0000gn/T/junit13211042671926172745/cli_2.8.0.Final-platform_2.7.0.Final. Error=2, No such file or directory
	at io.quarkus.devtools.compat.CliCompatTest.jbang(CliCompatTest.java:141)
	at io.quarkus.devtools.compat.CliCompatTest.testCLI(CliCompatTest.java:110)
	at io.quarkus.devtools.compat.CliCompatTest.lambda$generateTests$10(CliCompatTest.java:99)
Caused by: java.io.IOException: Cannot run program "./jbang" (in directory "/var/folders/j8/sj85tl7d2pq_vnhbpj4t5lwm0000gn/T/junit13211042671926172745/cli_2.8.0.Final-platform_2.7.0.Final"): error=2, No such file or directory
	at io.quarkus.devtools.compat.CliCompatTest.jbang(CliCompatTest.java:141)
	at io.quarkus.devtools.compat.CliCompatTest.testCLI(CliCompatTest.java:110)
	at io.quarkus.devtools.compat.CliCompatTest.lambda$generateTests$10(CliCompatTest.java:99)
Caused by: java.io.IOException: error=2, No such file or directory
	at io.quarkus.devtools.compat.CliCompatTest.jbang(CliCompatTest.java:141)
	at io.quarkus.devtools.compat.CliCompatTest.testCLI(CliCompatTest.java:110)
	at io.quarkus.devtools.compat.CliCompatTest.lambda$generateTests$10(CliCompatTest.java:99)
</error>
    <system-out><![CDATA[run: ./jbang trust add https://repo1.maven.org/maven2/io/quarkus/
]]></system-out>
  </testcase>
  <testcase name="testCli{Path}[73]" classname="io.quarkus.devtools.compat.CliCompatTest" time="0.004">
    <error message="Could not execute [./jbang, trust, add, https://repo1.maven.org/maven2/io/quarkus/] in /var/folders/j8/sj85tl7d2pq_vnhbpj4t5lwm0000gn/T/junit13211042671926172745/cli_2.7.5.Final-platform_2.7.0.Final. Error=2, No such file or directory" type="org.zeroturnaround.exec.ProcessInitException">org.zeroturnaround.exec.ProcessInitException: Could not execute [./jbang, trust, add, https://repo1.maven.org/maven2/io/quarkus/] in /var/folders/j8/sj85tl7d2pq_vnhbpj4t5lwm0000gn/T/junit13211042671926172745/cli_2.7.5.Final-platform_2.7.0.Final. Error=2, No such file or directory
	at io.quarkus.devtools.compat.CliCompatTest.jbang(CliCompatTest.java:141)
	at io.quarkus.devtools.compat.CliCompatTest.testCLI(CliCompatTest.java:110)
	at io.quarkus.devtools.compat.CliCompatTest.lambda$generateTests$10(CliCompatTest.java:99)
Caused by: java.io.IOException: Cannot run program "./jbang" (in directory "/var/folders/j8/sj85tl7d2pq_vnhbpj4t5lwm0000gn/T/junit13211042671926172745/cli_2.7.5.Final-platform_2.7.0.Final"): error=2, No such file or directory
	at io.quarkus.devtools.compat.CliCompatTest.jbang(CliCompatTest.java:141)
	at io.quarkus.devtools.compat.CliCompatTest.testCLI(CliCompatTest.java:110)
	at io.quarkus.devtools.compat.CliCompatTest.lambda$generateTests$10(CliCompatTest.java:99)
Caused by: java.io.IOException: error=2, No such file or directory
	at io.quarkus.devtools.compat.CliCompatTest.jbang(CliCompatTest.java:141)
	at io.quarkus.devtools.compat.CliCompatTest.testCLI(CliCompatTest.java:110)
	at io.quarkus.devtools.compat.CliCompatTest.lambda$generateTests$10(CliCompatTest.java:99)
</error>
    <system-out><![CDATA[run: ./jbang trust add https://repo1.maven.org/maven2/io/quarkus/
]]></system-out>
  </testcase>
  <testcase name="testCli{Path}[74]" classname="io.quarkus.devtools.compat.CliCompatTest" time="0.004">
    <error message="Could not execute [./jbang, trust, add, https://repo1.maven.org/maven2/io/quarkus/] in /var/folders/j8/sj85tl7d2pq_vnhbpj4t5lwm0000gn/T/junit13211042671926172745/cli_2.7.4.Final-platform_2.7.0.Final. Error=2, No such file or directory" type="org.zeroturnaround.exec.ProcessInitException">org.zeroturnaround.exec.ProcessInitException: Could not execute [./jbang, trust, add, https://repo1.maven.org/maven2/io/quarkus/] in /var/folders/j8/sj85tl7d2pq_vnhbpj4t5lwm0000gn/T/junit13211042671926172745/cli_2.7.4.Final-platform_2.7.0.Final. Error=2, No such file or directory
	at io.quarkus.devtools.compat.CliCompatTest.jbang(CliCompatTest.java:141)
	at io.quarkus.devtools.compat.CliCompatTest.testCLI(CliCompatTest.java:110)
	at io.quarkus.devtools.compat.CliCompatTest.lambda$generateTests$10(CliCompatTest.java:99)
Caused by: java.io.IOException: Cannot run program "./jbang" (in directory "/var/folders/j8/sj85tl7d2pq_vnhbpj4t5lwm0000gn/T/junit13211042671926172745/cli_2.7.4.Final-platform_2.7.0.Final"): error=2, No such file or directory
	at io.quarkus.devtools.compat.CliCompatTest.jbang(CliCompatTest.java:141)
	at io.quarkus.devtools.compat.CliCompatTest.testCLI(CliCompatTest.java:110)
	at io.quarkus.devtools.compat.CliCompatTest.lambda$generateTests$10(CliCompatTest.java:99)
Caused by: java.io.IOException: error=2, No such file or directory
	at io.quarkus.devtools.compat.CliCompatTest.jbang(CliCompatTest.java:141)
	at io.quarkus.devtools.compat.CliCompatTest.testCLI(CliCompatTest.java:110)
	at io.quarkus.devtools.compat.CliCompatTest.lambda$generateTests$10(CliCompatTest.java:99)
</error>
    <system-out><![CDATA[run: ./jbang trust add https://repo1.maven.org/maven2/io/quarkus/
]]></system-out>
  </testcase>
  <testcase name="testCli{Path}[75]" classname="io.quarkus.devtools.compat.CliCompatTest" time="0.003">
    <error message="Could not execute [./jbang, trust, add, https://repo1.maven.org/maven2/io/quarkus/] in /var/folders/j8/sj85tl7d2pq_vnhbpj4t5lwm0000gn/T/junit13211042671926172745/cli_2.7.3.Final-platform_2.7.0.Final. Error=2, No such file or directory" type="org.zeroturnaround.exec.ProcessInitException">org.zeroturnaround.exec.ProcessInitException: Could not execute [./jbang, trust, add, https://repo1.maven.org/maven2/io/quarkus/] in /var/folders/j8/sj85tl7d2pq_vnhbpj4t5lwm0000gn/T/junit13211042671926172745/cli_2.7.3.Final-platform_2.7.0.Final. Error=2, No such file or directory
	at io.quarkus.devtools.compat.CliCompatTest.jbang(CliCompatTest.java:141)
	at io.quarkus.devtools.compat.CliCompatTest.testCLI(CliCompatTest.java:110)
	at io.quarkus.devtools.compat.CliCompatTest.lambda$generateTests$10(CliCompatTest.java:99)
Caused by: java.io.IOException: Cannot run program "./jbang" (in directory "/var/folders/j8/sj85tl7d2pq_vnhbpj4t5lwm0000gn/T/junit13211042671926172745/cli_2.7.3.Final-platform_2.7.0.Final"): error=2, No such file or directory
	at io.quarkus.devtools.compat.CliCompatTest.jbang(CliCompatTest.java:141)
	at io.quarkus.devtools.compat.CliCompatTest.testCLI(CliCompatTest.java:110)
	at io.quarkus.devtools.compat.CliCompatTest.lambda$generateTests$10(CliCompatTest.java:99)
Caused by: java.io.IOException: error=2, No such file or directory
	at io.quarkus.devtools.compat.CliCompatTest.jbang(CliCompatTest.java:141)
	at io.quarkus.devtools.compat.CliCompatTest.testCLI(CliCompatTest.java:110)
	at io.quarkus.devtools.compat.CliCompatTest.lambda$generateTests$10(CliCompatTest.java:99)
</error>
    <system-out><![CDATA[run: ./jbang trust add https://repo1.maven.org/maven2/io/quarkus/
]]></system-out>
  </testcase>
  <testcase name="testCli{Path}[76]" classname="io.quarkus.devtools.compat.CliCompatTest" time="0.004">
    <error message="Could not execute [./jbang, trust, add, https://repo1.maven.org/maven2/io/quarkus/] in /var/folders/j8/sj85tl7d2pq_vnhbpj4t5lwm0000gn/T/junit13211042671926172745/cli_2.7.2.Final-platform_2.7.0.Final. Error=2, No such file or directory" type="org.zeroturnaround.exec.ProcessInitException">org.zeroturnaround.exec.ProcessInitException: Could not execute [./jbang, trust, add, https://repo1.maven.org/maven2/io/quarkus/] in /var/folders/j8/sj85tl7d2pq_vnhbpj4t5lwm0000gn/T/junit13211042671926172745/cli_2.7.2.Final-platform_2.7.0.Final. Error=2, No such file or directory
	at io.quarkus.devtools.compat.CliCompatTest.jbang(CliCompatTest.java:141)
	at io.quarkus.devtools.compat.CliCompatTest.testCLI(CliCompatTest.java:110)
	at io.quarkus.devtools.compat.CliCompatTest.lambda$generateTests$10(CliCompatTest.java:99)
Caused by: java.io.IOException: Cannot run program "./jbang" (in directory "/var/folders/j8/sj85tl7d2pq_vnhbpj4t5lwm0000gn/T/junit13211042671926172745/cli_2.7.2.Final-platform_2.7.0.Final"): error=2, No such file or directory
	at io.quarkus.devtools.compat.CliCompatTest.jbang(CliCompatTest.java:141)
	at io.quarkus.devtools.compat.CliCompatTest.testCLI(CliCompatTest.java:110)
	at io.quarkus.devtools.compat.CliCompatTest.lambda$generateTests$10(CliCompatTest.java:99)
Caused by: java.io.IOException: error=2, No such file or directory
	at io.quarkus.devtools.compat.CliCompatTest.jbang(CliCompatTest.java:141)
	at io.quarkus.devtools.compat.CliCompatTest.testCLI(CliCompatTest.java:110)
	at io.quarkus.devtools.compat.CliCompatTest.lambda$generateTests$10(CliCompatTest.java:99)
</error>
    <system-out><![CDATA[run: ./jbang trust add https://repo1.maven.org/maven2/io/quarkus/
]]></system-out>
  </testcase>
  <testcase name="testCli{Path}[77]" classname="io.quarkus.devtools.compat.CliCompatTest" time="0.004">
    <error message="Could not execute [./jbang, trust, add, https://repo1.maven.org/maven2/io/quarkus/] in /var/folders/j8/sj85tl7d2pq_vnhbpj4t5lwm0000gn/T/junit13211042671926172745/cli_2.7.1.Final-platform_2.7.0.Final. Error=2, No such file or directory" type="org.zeroturnaround.exec.ProcessInitException">org.zeroturnaround.exec.ProcessInitException: Could not execute [./jbang, trust, add, https://repo1.maven.org/maven2/io/quarkus/] in /var/folders/j8/sj85tl7d2pq_vnhbpj4t5lwm0000gn/T/junit13211042671926172745/cli_2.7.1.Final-platform_2.7.0.Final. Error=2, No such file or directory
	at io.quarkus.devtools.compat.CliCompatTest.jbang(CliCompatTest.java:141)
	at io.quarkus.devtools.compat.CliCompatTest.testCLI(CliCompatTest.java:110)
	at io.quarkus.devtools.compat.CliCompatTest.lambda$generateTests$10(CliCompatTest.java:99)
Caused by: java.io.IOException: Cannot run program "./jbang" (in directory "/var/folders/j8/sj85tl7d2pq_vnhbpj4t5lwm0000gn/T/junit13211042671926172745/cli_2.7.1.Final-platform_2.7.0.Final"): error=2, No such file or directory
	at io.quarkus.devtools.compat.CliCompatTest.jbang(CliCompatTest.java:141)
	at io.quarkus.devtools.compat.CliCompatTest.testCLI(CliCompatTest.java:110)
	at io.quarkus.devtools.compat.CliCompatTest.lambda$generateTests$10(CliCompatTest.java:99)
Caused by: java.io.IOException: error=2, No such file or directory
	at io.quarkus.devtools.compat.CliCompatTest.jbang(CliCompatTest.java:141)
	at io.quarkus.devtools.compat.CliCompatTest.testCLI(CliCompatTest.java:110)
	at io.quarkus.devtools.compat.CliCompatTest.lambda$generateTests$10(CliCompatTest.java:99)
</error>
    <system-out><![CDATA[run: ./jbang trust add https://repo1.maven.org/maven2/io/quarkus/
]]></system-out>
  </testcase>
  <testcase name="testCli{Path}[78]" classname="io.quarkus.devtools.compat.CliCompatTest" time="0.003">
    <error message="Could not execute [./jbang, trust, add, https://repo1.maven.org/maven2/io/quarkus/] in /var/folders/j8/sj85tl7d2pq_vnhbpj4t5lwm0000gn/T/junit13211042671926172745/cli_2.7.0.Final-platform_2.7.0.Final. Error=2, No such file or directory" type="org.zeroturnaround.exec.ProcessInitException">org.zeroturnaround.exec.ProcessInitException: Could not execute [./jbang, trust, add, https://repo1.maven.org/maven2/io/quarkus/] in /var/folders/j8/sj85tl7d2pq_vnhbpj4t5lwm0000gn/T/junit13211042671926172745/cli_2.7.0.Final-platform_2.7.0.Final. Error=2, No such file or directory
	at io.quarkus.devtools.compat.CliCompatTest.jbang(CliCompatTest.java:141)
	at io.quarkus.devtools.compat.CliCompatTest.testCLI(CliCompatTest.java:110)
	at io.quarkus.devtools.compat.CliCompatTest.lambda$generateTests$10(CliCompatTest.java:99)
Caused by: java.io.IOException: Cannot run program "./jbang" (in directory "/var/folders/j8/sj85tl7d2pq_vnhbpj4t5lwm0000gn/T/junit13211042671926172745/cli_2.7.0.Final-platform_2.7.0.Final"): error=2, No such file or directory
	at io.quarkus.devtools.compat.CliCompatTest.jbang(CliCompatTest.java:141)
	at io.quarkus.devtools.compat.CliCompatTest.testCLI(CliCompatTest.java:110)
	at io.quarkus.devtools.compat.CliCompatTest.lambda$generateTests$10(CliCompatTest.java:99)
Caused by: java.io.IOException: error=2, No such file or directory
	at io.quarkus.devtools.compat.CliCompatTest.jbang(CliCompatTest.java:141)
	at io.quarkus.devtools.compat.CliCompatTest.testCLI(CliCompatTest.java:110)
	at io.quarkus.devtools.compat.CliCompatTest.lambda$generateTests$10(CliCompatTest.java:99)
</error>
    <system-out><![CDATA[run: ./jbang trust add https://repo1.maven.org/maven2/io/quarkus/
]]></system-out>
  </testcase>
  <testcase name="testCli{Path}[79]" classname="io.quarkus.devtools.compat.CliCompatTest" time="0.003">
    <error message="Could not execute [./jbang, trust, add, https://repo1.maven.org/maven2/io/quarkus/] in /var/folders/j8/sj85tl7d2pq_vnhbpj4t5lwm0000gn/T/junit13211042671926172745/cli_2.6.3.Final-platform_2.7.0.Final. Error=2, No such file or directory" type="org.zeroturnaround.exec.ProcessInitException">org.zeroturnaround.exec.ProcessInitException: Could not execute [./jbang, trust, add, https://repo1.maven.org/maven2/io/quarkus/] in /var/folders/j8/sj85tl7d2pq_vnhbpj4t5lwm0000gn/T/junit13211042671926172745/cli_2.6.3.Final-platform_2.7.0.Final. Error=2, No such file or directory
	at io.quarkus.devtools.compat.CliCompatTest.jbang(CliCompatTest.java:141)
	at io.quarkus.devtools.compat.CliCompatTest.testCLI(CliCompatTest.java:110)
	at io.quarkus.devtools.compat.CliCompatTest.lambda$generateTests$10(CliCompatTest.java:99)
Caused by: java.io.IOException: Cannot run program "./jbang" (in directory "/var/folders/j8/sj85tl7d2pq_vnhbpj4t5lwm0000gn/T/junit13211042671926172745/cli_2.6.3.Final-platform_2.7.0.Final"): error=2, No such file or directory
	at io.quarkus.devtools.compat.CliCompatTest.jbang(CliCompatTest.java:141)
	at io.quarkus.devtools.compat.CliCompatTest.testCLI(CliCompatTest.java:110)
	at io.quarkus.devtools.compat.CliCompatTest.lambda$generateTests$10(CliCompatTest.java:99)
Caused by: java.io.IOException: error=2, No such file or directory
	at io.quarkus.devtools.compat.CliCompatTest.jbang(CliCompatTest.java:141)
	at io.quarkus.devtools.compat.CliCompatTest.testCLI(CliCompatTest.java:110)
	at io.quarkus.devtools.compat.CliCompatTest.lambda$generateTests$10(CliCompatTest.java:99)
</error>
    <system-out><![CDATA[run: ./jbang trust add https://repo1.maven.org/maven2/io/quarkus/
]]></system-out>
  </testcase>
  <testcase name="testCli{Path}[80]" classname="io.quarkus.devtools.compat.CliCompatTest" time="0.003">
    <error message="Could not execute [./jbang, trust, add, https://repo1.maven.org/maven2/io/quarkus/] in /var/folders/j8/sj85tl7d2pq_vnhbpj4t5lwm0000gn/T/junit13211042671926172745/cli_2.6.2.Final-platform_2.7.0.Final. Error=2, No such file or directory" type="org.zeroturnaround.exec.ProcessInitException">org.zeroturnaround.exec.ProcessInitException: Could not execute [./jbang, trust, add, https://repo1.maven.org/maven2/io/quarkus/] in /var/folders/j8/sj85tl7d2pq_vnhbpj4t5lwm0000gn/T/junit13211042671926172745/cli_2.6.2.Final-platform_2.7.0.Final. Error=2, No such file or directory
	at io.quarkus.devtools.compat.CliCompatTest.jbang(CliCompatTest.java:141)
	at io.quarkus.devtools.compat.CliCompatTest.testCLI(CliCompatTest.java:110)
	at io.quarkus.devtools.compat.CliCompatTest.lambda$generateTests$10(CliCompatTest.java:99)
Caused by: java.io.IOException: Cannot run program "./jbang" (in directory "/var/folders/j8/sj85tl7d2pq_vnhbpj4t5lwm0000gn/T/junit13211042671926172745/cli_2.6.2.Final-platform_2.7.0.Final"): error=2, No such file or directory
	at io.quarkus.devtools.compat.CliCompatTest.jbang(CliCompatTest.java:141)
	at io.quarkus.devtools.compat.CliCompatTest.testCLI(CliCompatTest.java:110)
	at io.quarkus.devtools.compat.CliCompatTest.lambda$generateTests$10(CliCompatTest.java:99)
Caused by: java.io.IOException: error=2, No such file or directory
	at io.quarkus.devtools.compat.CliCompatTest.jbang(CliCompatTest.java:141)
	at io.quarkus.devtools.compat.CliCompatTest.testCLI(CliCompatTest.java:110)
	at io.quarkus.devtools.compat.CliCompatTest.lambda$generateTests$10(CliCompatTest.java:99)
</error>
    <system-out><![CDATA[run: ./jbang trust add https://repo1.maven.org/maven2/io/quarkus/
]]></system-out>
  </testcase>
  <testcase name="testCli{Path}[81]" classname="io.quarkus.devtools.compat.CliCompatTest" time="0.003">
    <error message="Could not execute [./jbang, trust, add, https://repo1.maven.org/maven2/io/quarkus/] in /var/folders/j8/sj85tl7d2pq_vnhbpj4t5lwm0000gn/T/junit13211042671926172745/cli_2.8.1.Final-platform_2.6.3.Final. Error=2, No such file or directory" type="org.zeroturnaround.exec.ProcessInitException">org.zeroturnaround.exec.ProcessInitException: Could not execute [./jbang, trust, add, https://repo1.maven.org/maven2/io/quarkus/] in /var/folders/j8/sj85tl7d2pq_vnhbpj4t5lwm0000gn/T/junit13211042671926172745/cli_2.8.1.Final-platform_2.6.3.Final. Error=2, No such file or directory
	at io.quarkus.devtools.compat.CliCompatTest.jbang(CliCompatTest.java:141)
	at io.quarkus.devtools.compat.CliCompatTest.testCLI(CliCompatTest.java:110)
	at io.quarkus.devtools.compat.CliCompatTest.lambda$generateTests$10(CliCompatTest.java:99)
Caused by: java.io.IOException: Cannot run program "./jbang" (in directory "/var/folders/j8/sj85tl7d2pq_vnhbpj4t5lwm0000gn/T/junit13211042671926172745/cli_2.8.1.Final-platform_2.6.3.Final"): error=2, No such file or directory
	at io.quarkus.devtools.compat.CliCompatTest.jbang(CliCompatTest.java:141)
	at io.quarkus.devtools.compat.CliCompatTest.testCLI(CliCompatTest.java:110)
	at io.quarkus.devtools.compat.CliCompatTest.lambda$generateTests$10(CliCompatTest.java:99)
Caused by: java.io.IOException: error=2, No such file or directory
	at io.quarkus.devtools.compat.CliCompatTest.jbang(CliCompatTest.java:141)
	at io.quarkus.devtools.compat.CliCompatTest.testCLI(CliCompatTest.java:110)
	at io.quarkus.devtools.compat.CliCompatTest.lambda$generateTests$10(CliCompatTest.java:99)
</error>
    <system-out><![CDATA[run: ./jbang trust add https://repo1.maven.org/maven2/io/quarkus/
]]></system-out>
  </testcase>
  <testcase name="testCli{Path}[82]" classname="io.quarkus.devtools.compat.CliCompatTest" time="0.004">
    <error message="Could not execute [./jbang, trust, add, https://repo1.maven.org/maven2/io/quarkus/] in /var/folders/j8/sj85tl7d2pq_vnhbpj4t5lwm0000gn/T/junit13211042671926172745/cli_2.8.0.Final-platform_2.6.3.Final. Error=2, No such file or directory" type="org.zeroturnaround.exec.ProcessInitException">org.zeroturnaround.exec.ProcessInitException: Could not execute [./jbang, trust, add, https://repo1.maven.org/maven2/io/quarkus/] in /var/folders/j8/sj85tl7d2pq_vnhbpj4t5lwm0000gn/T/junit13211042671926172745/cli_2.8.0.Final-platform_2.6.3.Final. Error=2, No such file or directory
	at io.quarkus.devtools.compat.CliCompatTest.jbang(CliCompatTest.java:141)
	at io.quarkus.devtools.compat.CliCompatTest.testCLI(CliCompatTest.java:110)
	at io.quarkus.devtools.compat.CliCompatTest.lambda$generateTests$10(CliCompatTest.java:99)
Caused by: java.io.IOException: Cannot run program "./jbang" (in directory "/var/folders/j8/sj85tl7d2pq_vnhbpj4t5lwm0000gn/T/junit13211042671926172745/cli_2.8.0.Final-platform_2.6.3.Final"): error=2, No such file or directory
	at io.quarkus.devtools.compat.CliCompatTest.jbang(CliCompatTest.java:141)
	at io.quarkus.devtools.compat.CliCompatTest.testCLI(CliCompatTest.java:110)
	at io.quarkus.devtools.compat.CliCompatTest.lambda$generateTests$10(CliCompatTest.java:99)
Caused by: java.io.IOException: error=2, No such file or directory
	at io.quarkus.devtools.compat.CliCompatTest.jbang(CliCompatTest.java:141)
	at io.quarkus.devtools.compat.CliCompatTest.testCLI(CliCompatTest.java:110)
	at io.quarkus.devtools.compat.CliCompatTest.lambda$generateTests$10(CliCompatTest.java:99)
</error>
    <system-out><![CDATA[run: ./jbang trust add https://repo1.maven.org/maven2/io/quarkus/
]]></system-out>
  </testcase>
  <testcase name="testCli{Path}[83]" classname="io.quarkus.devtools.compat.CliCompatTest" time="0.003">
    <error message="Could not execute [./jbang, trust, add, https://repo1.maven.org/maven2/io/quarkus/] in /var/folders/j8/sj85tl7d2pq_vnhbpj4t5lwm0000gn/T/junit13211042671926172745/cli_2.7.5.Final-platform_2.6.3.Final. Error=2, No such file or directory" type="org.zeroturnaround.exec.ProcessInitException">org.zeroturnaround.exec.ProcessInitException: Could not execute [./jbang, trust, add, https://repo1.maven.org/maven2/io/quarkus/] in /var/folders/j8/sj85tl7d2pq_vnhbpj4t5lwm0000gn/T/junit13211042671926172745/cli_2.7.5.Final-platform_2.6.3.Final. Error=2, No such file or directory
	at io.quarkus.devtools.compat.CliCompatTest.jbang(CliCompatTest.java:141)
	at io.quarkus.devtools.compat.CliCompatTest.testCLI(CliCompatTest.java:110)
	at io.quarkus.devtools.compat.CliCompatTest.lambda$generateTests$10(CliCompatTest.java:99)
Caused by: java.io.IOException: Cannot run program "./jbang" (in directory "/var/folders/j8/sj85tl7d2pq_vnhbpj4t5lwm0000gn/T/junit13211042671926172745/cli_2.7.5.Final-platform_2.6.3.Final"): error=2, No such file or directory
	at io.quarkus.devtools.compat.CliCompatTest.jbang(CliCompatTest.java:141)
	at io.quarkus.devtools.compat.CliCompatTest.testCLI(CliCompatTest.java:110)
	at io.quarkus.devtools.compat.CliCompatTest.lambda$generateTests$10(CliCompatTest.java:99)
Caused by: java.io.IOException: error=2, No such file or directory
	at io.quarkus.devtools.compat.CliCompatTest.jbang(CliCompatTest.java:141)
	at io.quarkus.devtools.compat.CliCompatTest.testCLI(CliCompatTest.java:110)
	at io.quarkus.devtools.compat.CliCompatTest.lambda$generateTests$10(CliCompatTest.java:99)
</error>
    <system-out><![CDATA[run: ./jbang trust add https://repo1.maven.org/maven2/io/quarkus/
]]></system-out>
  </testcase>
  <testcase name="testCli{Path}[84]" classname="io.quarkus.devtools.compat.CliCompatTest" time="0.003">
    <error message="Could not execute [./jbang, trust, add, https://repo1.maven.org/maven2/io/quarkus/] in /var/folders/j8/sj85tl7d2pq_vnhbpj4t5lwm0000gn/T/junit13211042671926172745/cli_2.7.4.Final-platform_2.6.3.Final. Error=2, No such file or directory" type="org.zeroturnaround.exec.ProcessInitException">org.zeroturnaround.exec.ProcessInitException: Could not execute [./jbang, trust, add, https://repo1.maven.org/maven2/io/quarkus/] in /var/folders/j8/sj85tl7d2pq_vnhbpj4t5lwm0000gn/T/junit13211042671926172745/cli_2.7.4.Final-platform_2.6.3.Final. Error=2, No such file or directory
	at io.quarkus.devtools.compat.CliCompatTest.jbang(CliCompatTest.java:141)
	at io.quarkus.devtools.compat.CliCompatTest.testCLI(CliCompatTest.java:110)
	at io.quarkus.devtools.compat.CliCompatTest.lambda$generateTests$10(CliCompatTest.java:99)
Caused by: java.io.IOException: Cannot run program "./jbang" (in directory "/var/folders/j8/sj85tl7d2pq_vnhbpj4t5lwm0000gn/T/junit13211042671926172745/cli_2.7.4.Final-platform_2.6.3.Final"): error=2, No such file or directory
	at io.quarkus.devtools.compat.CliCompatTest.jbang(CliCompatTest.java:141)
	at io.quarkus.devtools.compat.CliCompatTest.testCLI(CliCompatTest.java:110)
	at io.quarkus.devtools.compat.CliCompatTest.lambda$generateTests$10(CliCompatTest.java:99)
Caused by: java.io.IOException: error=2, No such file or directory
	at io.quarkus.devtools.compat.CliCompatTest.jbang(CliCompatTest.java:141)
	at io.quarkus.devtools.compat.CliCompatTest.testCLI(CliCompatTest.java:110)
	at io.quarkus.devtools.compat.CliCompatTest.lambda$generateTests$10(CliCompatTest.java:99)
</error>
    <system-out><![CDATA[run: ./jbang trust add https://repo1.maven.org/maven2/io/quarkus/
]]></system-out>
  </testcase>
  <testcase name="testCli{Path}[85]" classname="io.quarkus.devtools.compat.CliCompatTest" time="0.004">
    <error message="Could not execute [./jbang, trust, add, https://repo1.maven.org/maven2/io/quarkus/] in /var/folders/j8/sj85tl7d2pq_vnhbpj4t5lwm0000gn/T/junit13211042671926172745/cli_2.7.3.Final-platform_2.6.3.Final. Error=2, No such file or directory" type="org.zeroturnaround.exec.ProcessInitException">org.zeroturnaround.exec.ProcessInitException: Could not execute [./jbang, trust, add, https://repo1.maven.org/maven2/io/quarkus/] in /var/folders/j8/sj85tl7d2pq_vnhbpj4t5lwm0000gn/T/junit13211042671926172745/cli_2.7.3.Final-platform_2.6.3.Final. Error=2, No such file or directory
	at io.quarkus.devtools.compat.CliCompatTest.jbang(CliCompatTest.java:141)
	at io.quarkus.devtools.compat.CliCompatTest.testCLI(CliCompatTest.java:110)
	at io.quarkus.devtools.compat.CliCompatTest.lambda$generateTests$10(CliCompatTest.java:99)
Caused by: java.io.IOException: Cannot run program "./jbang" (in directory "/var/folders/j8/sj85tl7d2pq_vnhbpj4t5lwm0000gn/T/junit13211042671926172745/cli_2.7.3.Final-platform_2.6.3.Final"): error=2, No such file or directory
	at io.quarkus.devtools.compat.CliCompatTest.jbang(CliCompatTest.java:141)
	at io.quarkus.devtools.compat.CliCompatTest.testCLI(CliCompatTest.java:110)
	at io.quarkus.devtools.compat.CliCompatTest.lambda$generateTests$10(CliCompatTest.java:99)
Caused by: java.io.IOException: error=2, No such file or directory
	at io.quarkus.devtools.compat.CliCompatTest.jbang(CliCompatTest.java:141)
	at io.quarkus.devtools.compat.CliCompatTest.testCLI(CliCompatTest.java:110)
	at io.quarkus.devtools.compat.CliCompatTest.lambda$generateTests$10(CliCompatTest.java:99)
</error>
    <system-out><![CDATA[run: ./jbang trust add https://repo1.maven.org/maven2/io/quarkus/
]]></system-out>
  </testcase>
  <testcase name="testCli{Path}[86]" classname="io.quarkus.devtools.compat.CliCompatTest" time="0.004">
    <error message="Could not execute [./jbang, trust, add, https://repo1.maven.org/maven2/io/quarkus/] in /var/folders/j8/sj85tl7d2pq_vnhbpj4t5lwm0000gn/T/junit13211042671926172745/cli_2.7.2.Final-platform_2.6.3.Final. Error=2, No such file or directory" type="org.zeroturnaround.exec.ProcessInitException">org.zeroturnaround.exec.ProcessInitException: Could not execute [./jbang, trust, add, https://repo1.maven.org/maven2/io/quarkus/] in /var/folders/j8/sj85tl7d2pq_vnhbpj4t5lwm0000gn/T/junit13211042671926172745/cli_2.7.2.Final-platform_2.6.3.Final. Error=2, No such file or directory
	at io.quarkus.devtools.compat.CliCompatTest.jbang(CliCompatTest.java:141)
	at io.quarkus.devtools.compat.CliCompatTest.testCLI(CliCompatTest.java:110)
	at io.quarkus.devtools.compat.CliCompatTest.lambda$generateTests$10(CliCompatTest.java:99)
Caused by: java.io.IOException: Cannot run program "./jbang" (in directory "/var/folders/j8/sj85tl7d2pq_vnhbpj4t5lwm0000gn/T/junit13211042671926172745/cli_2.7.2.Final-platform_2.6.3.Final"): error=2, No such file or directory
	at io.quarkus.devtools.compat.CliCompatTest.jbang(CliCompatTest.java:141)
	at io.quarkus.devtools.compat.CliCompatTest.testCLI(CliCompatTest.java:110)
	at io.quarkus.devtools.compat.CliCompatTest.lambda$generateTests$10(CliCompatTest.java:99)
Caused by: java.io.IOException: error=2, No such file or directory
	at io.quarkus.devtools.compat.CliCompatTest.jbang(CliCompatTest.java:141)
	at io.quarkus.devtools.compat.CliCompatTest.testCLI(CliCompatTest.java:110)
	at io.quarkus.devtools.compat.CliCompatTest.lambda$generateTests$10(CliCompatTest.java:99)
</error>
    <system-out><![CDATA[run: ./jbang trust add https://repo1.maven.org/maven2/io/quarkus/
]]></system-out>
  </testcase>
  <testcase name="testCli{Path}[87]" classname="io.quarkus.devtools.compat.CliCompatTest" time="0.004">
    <error message="Could not execute [./jbang, trust, add, https://repo1.maven.org/maven2/io/quarkus/] in /var/folders/j8/sj85tl7d2pq_vnhbpj4t5lwm0000gn/T/junit13211042671926172745/cli_2.7.1.Final-platform_2.6.3.Final. Error=2, No such file or directory" type="org.zeroturnaround.exec.ProcessInitException">org.zeroturnaround.exec.ProcessInitException: Could not execute [./jbang, trust, add, https://repo1.maven.org/maven2/io/quarkus/] in /var/folders/j8/sj85tl7d2pq_vnhbpj4t5lwm0000gn/T/junit13211042671926172745/cli_2.7.1.Final-platform_2.6.3.Final. Error=2, No such file or directory
	at io.quarkus.devtools.compat.CliCompatTest.jbang(CliCompatTest.java:141)
	at io.quarkus.devtools.compat.CliCompatTest.testCLI(CliCompatTest.java:110)
	at io.quarkus.devtools.compat.CliCompatTest.lambda$generateTests$10(CliCompatTest.java:99)
Caused by: java.io.IOException: Cannot run program "./jbang" (in directory "/var/folders/j8/sj85tl7d2pq_vnhbpj4t5lwm0000gn/T/junit13211042671926172745/cli_2.7.1.Final-platform_2.6.3.Final"): error=2, No such file or directory
	at io.quarkus.devtools.compat.CliCompatTest.jbang(CliCompatTest.java:141)
	at io.quarkus.devtools.compat.CliCompatTest.testCLI(CliCompatTest.java:110)
	at io.quarkus.devtools.compat.CliCompatTest.lambda$generateTests$10(CliCompatTest.java:99)
Caused by: java.io.IOException: error=2, No such file or directory
	at io.quarkus.devtools.compat.CliCompatTest.jbang(CliCompatTest.java:141)
	at io.quarkus.devtools.compat.CliCompatTest.testCLI(CliCompatTest.java:110)
	at io.quarkus.devtools.compat.CliCompatTest.lambda$generateTests$10(CliCompatTest.java:99)
</error>
    <system-out><![CDATA[run: ./jbang trust add https://repo1.maven.org/maven2/io/quarkus/
]]></system-out>
  </testcase>
  <testcase name="testCli{Path}[88]" classname="io.quarkus.devtools.compat.CliCompatTest" time="0.003">
    <error message="Could not execute [./jbang, trust, add, https://repo1.maven.org/maven2/io/quarkus/] in /var/folders/j8/sj85tl7d2pq_vnhbpj4t5lwm0000gn/T/junit13211042671926172745/cli_2.7.0.Final-platform_2.6.3.Final. Error=2, No such file or directory" type="org.zeroturnaround.exec.ProcessInitException">org.zeroturnaround.exec.ProcessInitException: Could not execute [./jbang, trust, add, https://repo1.maven.org/maven2/io/quarkus/] in /var/folders/j8/sj85tl7d2pq_vnhbpj4t5lwm0000gn/T/junit13211042671926172745/cli_2.7.0.Final-platform_2.6.3.Final. Error=2, No such file or directory
	at io.quarkus.devtools.compat.CliCompatTest.jbang(CliCompatTest.java:141)
	at io.quarkus.devtools.compat.CliCompatTest.testCLI(CliCompatTest.java:110)
	at io.quarkus.devtools.compat.CliCompatTest.lambda$generateTests$10(CliCompatTest.java:99)
Caused by: java.io.IOException: Cannot run program "./jbang" (in directory "/var/folders/j8/sj85tl7d2pq_vnhbpj4t5lwm0000gn/T/junit13211042671926172745/cli_2.7.0.Final-platform_2.6.3.Final"): error=2, No such file or directory
	at io.quarkus.devtools.compat.CliCompatTest.jbang(CliCompatTest.java:141)
	at io.quarkus.devtools.compat.CliCompatTest.testCLI(CliCompatTest.java:110)
	at io.quarkus.devtools.compat.CliCompatTest.lambda$generateTests$10(CliCompatTest.java:99)
Caused by: java.io.IOException: error=2, No such file or directory
	at io.quarkus.devtools.compat.CliCompatTest.jbang(CliCompatTest.java:141)
	at io.quarkus.devtools.compat.CliCompatTest.testCLI(CliCompatTest.java:110)
	at io.quarkus.devtools.compat.CliCompatTest.lambda$generateTests$10(CliCompatTest.java:99)
</error>
    <system-out><![CDATA[run: ./jbang trust add https://repo1.maven.org/maven2/io/quarkus/
]]></system-out>
  </testcase>
  <testcase name="testCli{Path}[89]" classname="io.quarkus.devtools.compat.CliCompatTest" time="0.004">
    <error message="Could not execute [./jbang, trust, add, https://repo1.maven.org/maven2/io/quarkus/] in /var/folders/j8/sj85tl7d2pq_vnhbpj4t5lwm0000gn/T/junit13211042671926172745/cli_2.6.3.Final-platform_2.6.3.Final. Error=2, No such file or directory" type="org.zeroturnaround.exec.ProcessInitException">org.zeroturnaround.exec.ProcessInitException: Could not execute [./jbang, trust, add, https://repo1.maven.org/maven2/io/quarkus/] in /var/folders/j8/sj85tl7d2pq_vnhbpj4t5lwm0000gn/T/junit13211042671926172745/cli_2.6.3.Final-platform_2.6.3.Final. Error=2, No such file or directory
	at io.quarkus.devtools.compat.CliCompatTest.jbang(CliCompatTest.java:141)
	at io.quarkus.devtools.compat.CliCompatTest.testCLI(CliCompatTest.java:110)
	at io.quarkus.devtools.compat.CliCompatTest.lambda$generateTests$10(CliCompatTest.java:99)
Caused by: java.io.IOException: Cannot run program "./jbang" (in directory "/var/folders/j8/sj85tl7d2pq_vnhbpj4t5lwm0000gn/T/junit13211042671926172745/cli_2.6.3.Final-platform_2.6.3.Final"): error=2, No such file or directory
	at io.quarkus.devtools.compat.CliCompatTest.jbang(CliCompatTest.java:141)
	at io.quarkus.devtools.compat.CliCompatTest.testCLI(CliCompatTest.java:110)
	at io.quarkus.devtools.compat.CliCompatTest.lambda$generateTests$10(CliCompatTest.java:99)
Caused by: java.io.IOException: error=2, No such file or directory
	at io.quarkus.devtools.compat.CliCompatTest.jbang(CliCompatTest.java:141)
	at io.quarkus.devtools.compat.CliCompatTest.testCLI(CliCompatTest.java:110)
	at io.quarkus.devtools.compat.CliCompatTest.lambda$generateTests$10(CliCompatTest.java:99)
</error>
    <system-out><![CDATA[run: ./jbang trust add https://repo1.maven.org/maven2/io/quarkus/
]]></system-out>
  </testcase>
  <testcase name="testCli{Path}[90]" classname="io.quarkus.devtools.compat.CliCompatTest" time="0.003">
    <error message="Could not execute [./jbang, trust, add, https://repo1.maven.org/maven2/io/quarkus/] in /var/folders/j8/sj85tl7d2pq_vnhbpj4t5lwm0000gn/T/junit13211042671926172745/cli_2.6.2.Final-platform_2.6.3.Final. Error=2, No such file or directory" type="org.zeroturnaround.exec.ProcessInitException">org.zeroturnaround.exec.ProcessInitException: Could not execute [./jbang, trust, add, https://repo1.maven.org/maven2/io/quarkus/] in /var/folders/j8/sj85tl7d2pq_vnhbpj4t5lwm0000gn/T/junit13211042671926172745/cli_2.6.2.Final-platform_2.6.3.Final. Error=2, No such file or directory
	at io.quarkus.devtools.compat.CliCompatTest.jbang(CliCompatTest.java:141)
	at io.quarkus.devtools.compat.CliCompatTest.testCLI(CliCompatTest.java:110)
	at io.quarkus.devtools.compat.CliCompatTest.lambda$generateTests$10(CliCompatTest.java:99)
Caused by: java.io.IOException: Cannot run program "./jbang" (in directory "/var/folders/j8/sj85tl7d2pq_vnhbpj4t5lwm0000gn/T/junit13211042671926172745/cli_2.6.2.Final-platform_2.6.3.Final"): error=2, No such file or directory
	at io.quarkus.devtools.compat.CliCompatTest.jbang(CliCompatTest.java:141)
	at io.quarkus.devtools.compat.CliCompatTest.testCLI(CliCompatTest.java:110)
	at io.quarkus.devtools.compat.CliCompatTest.lambda$generateTests$10(CliCompatTest.java:99)
Caused by: java.io.IOException: error=2, No such file or directory
	at io.quarkus.devtools.compat.CliCompatTest.jbang(CliCompatTest.java:141)
	at io.quarkus.devtools.compat.CliCompatTest.testCLI(CliCompatTest.java:110)
	at io.quarkus.devtools.compat.CliCompatTest.lambda$generateTests$10(CliCompatTest.java:99)
</error>
    <system-out><![CDATA[run: ./jbang trust add https://repo1.maven.org/maven2/io/quarkus/
]]></system-out>
  </testcase>
  <testcase name="testCli{Path}[91]" classname="io.quarkus.devtools.compat.CliCompatTest" time="0.003">
    <error message="Could not execute [./jbang, trust, add, https://repo1.maven.org/maven2/io/quarkus/] in /var/folders/j8/sj85tl7d2pq_vnhbpj4t5lwm0000gn/T/junit13211042671926172745/cli_2.8.1.Final-platform_2.6.2.Final. Error=2, No such file or directory" type="org.zeroturnaround.exec.ProcessInitException">org.zeroturnaround.exec.ProcessInitException: Could not execute [./jbang, trust, add, https://repo1.maven.org/maven2/io/quarkus/] in /var/folders/j8/sj85tl7d2pq_vnhbpj4t5lwm0000gn/T/junit13211042671926172745/cli_2.8.1.Final-platform_2.6.2.Final. Error=2, No such file or directory
	at io.quarkus.devtools.compat.CliCompatTest.jbang(CliCompatTest.java:141)
	at io.quarkus.devtools.compat.CliCompatTest.testCLI(CliCompatTest.java:110)
	at io.quarkus.devtools.compat.CliCompatTest.lambda$generateTests$10(CliCompatTest.java:99)
Caused by: java.io.IOException: Cannot run program "./jbang" (in directory "/var/folders/j8/sj85tl7d2pq_vnhbpj4t5lwm0000gn/T/junit13211042671926172745/cli_2.8.1.Final-platform_2.6.2.Final"): error=2, No such file or directory
	at io.quarkus.devtools.compat.CliCompatTest.jbang(CliCompatTest.java:141)
	at io.quarkus.devtools.compat.CliCompatTest.testCLI(CliCompatTest.java:110)
	at io.quarkus.devtools.compat.CliCompatTest.lambda$generateTests$10(CliCompatTest.java:99)
Caused by: java.io.IOException: error=2, No such file or directory
	at io.quarkus.devtools.compat.CliCompatTest.jbang(CliCompatTest.java:141)
	at io.quarkus.devtools.compat.CliCompatTest.testCLI(CliCompatTest.java:110)
	at io.quarkus.devtools.compat.CliCompatTest.lambda$generateTests$10(CliCompatTest.java:99)
</error>
    <system-out><![CDATA[run: ./jbang trust add https://repo1.maven.org/maven2/io/quarkus/
]]></system-out>
  </testcase>
  <testcase name="testCli{Path}[92]" classname="io.quarkus.devtools.compat.CliCompatTest" time="0.004">
    <error message="Could not execute [./jbang, trust, add, https://repo1.maven.org/maven2/io/quarkus/] in /var/folders/j8/sj85tl7d2pq_vnhbpj4t5lwm0000gn/T/junit13211042671926172745/cli_2.8.0.Final-platform_2.6.2.Final. Error=2, No such file or directory" type="org.zeroturnaround.exec.ProcessInitException">org.zeroturnaround.exec.ProcessInitException: Could not execute [./jbang, trust, add, https://repo1.maven.org/maven2/io/quarkus/] in /var/folders/j8/sj85tl7d2pq_vnhbpj4t5lwm0000gn/T/junit13211042671926172745/cli_2.8.0.Final-platform_2.6.2.Final. Error=2, No such file or directory
	at io.quarkus.devtools.compat.CliCompatTest.jbang(CliCompatTest.java:141)
	at io.quarkus.devtools.compat.CliCompatTest.testCLI(CliCompatTest.java:110)
	at io.quarkus.devtools.compat.CliCompatTest.lambda$generateTests$10(CliCompatTest.java:99)
Caused by: java.io.IOException: Cannot run program "./jbang" (in directory "/var/folders/j8/sj85tl7d2pq_vnhbpj4t5lwm0000gn/T/junit13211042671926172745/cli_2.8.0.Final-platform_2.6.2.Final"): error=2, No such file or directory
	at io.quarkus.devtools.compat.CliCompatTest.jbang(CliCompatTest.java:141)
	at io.quarkus.devtools.compat.CliCompatTest.testCLI(CliCompatTest.java:110)
	at io.quarkus.devtools.compat.CliCompatTest.lambda$generateTests$10(CliCompatTest.java:99)
Caused by: java.io.IOException: error=2, No such file or directory
	at io.quarkus.devtools.compat.CliCompatTest.jbang(CliCompatTest.java:141)
	at io.quarkus.devtools.compat.CliCompatTest.testCLI(CliCompatTest.java:110)
	at io.quarkus.devtools.compat.CliCompatTest.lambda$generateTests$10(CliCompatTest.java:99)
</error>
    <system-out><![CDATA[run: ./jbang trust add https://repo1.maven.org/maven2/io/quarkus/
]]></system-out>
  </testcase>
  <testcase name="testCli{Path}[93]" classname="io.quarkus.devtools.compat.CliCompatTest" time="0.003">
    <error message="Could not execute [./jbang, trust, add, https://repo1.maven.org/maven2/io/quarkus/] in /var/folders/j8/sj85tl7d2pq_vnhbpj4t5lwm0000gn/T/junit13211042671926172745/cli_2.7.5.Final-platform_2.6.2.Final. Error=2, No such file or directory" type="org.zeroturnaround.exec.ProcessInitException">org.zeroturnaround.exec.ProcessInitException: Could not execute [./jbang, trust, add, https://repo1.maven.org/maven2/io/quarkus/] in /var/folders/j8/sj85tl7d2pq_vnhbpj4t5lwm0000gn/T/junit13211042671926172745/cli_2.7.5.Final-platform_2.6.2.Final. Error=2, No such file or directory
	at io.quarkus.devtools.compat.CliCompatTest.jbang(CliCompatTest.java:141)
	at io.quarkus.devtools.compat.CliCompatTest.testCLI(CliCompatTest.java:110)
	at io.quarkus.devtools.compat.CliCompatTest.lambda$generateTests$10(CliCompatTest.java:99)
Caused by: java.io.IOException: Cannot run program "./jbang" (in directory "/var/folders/j8/sj85tl7d2pq_vnhbpj4t5lwm0000gn/T/junit13211042671926172745/cli_2.7.5.Final-platform_2.6.2.Final"): error=2, No such file or directory
	at io.quarkus.devtools.compat.CliCompatTest.jbang(CliCompatTest.java:141)
	at io.quarkus.devtools.compat.CliCompatTest.testCLI(CliCompatTest.java:110)
	at io.quarkus.devtools.compat.CliCompatTest.lambda$generateTests$10(CliCompatTest.java:99)
Caused by: java.io.IOException: error=2, No such file or directory
	at io.quarkus.devtools.compat.CliCompatTest.jbang(CliCompatTest.java:141)
	at io.quarkus.devtools.compat.CliCompatTest.testCLI(CliCompatTest.java:110)
	at io.quarkus.devtools.compat.CliCompatTest.lambda$generateTests$10(CliCompatTest.java:99)
</error>
    <system-out><![CDATA[run: ./jbang trust add https://repo1.maven.org/maven2/io/quarkus/
]]></system-out>
  </testcase>
  <testcase name="testCli{Path}[94]" classname="io.quarkus.devtools.compat.CliCompatTest" time="0.004">
    <error message="Could not execute [./jbang, trust, add, https://repo1.maven.org/maven2/io/quarkus/] in /var/folders/j8/sj85tl7d2pq_vnhbpj4t5lwm0000gn/T/junit13211042671926172745/cli_2.7.4.Final-platform_2.6.2.Final. Error=2, No such file or directory" type="org.zeroturnaround.exec.ProcessInitException">org.zeroturnaround.exec.ProcessInitException: Could not execute [./jbang, trust, add, https://repo1.maven.org/maven2/io/quarkus/] in /var/folders/j8/sj85tl7d2pq_vnhbpj4t5lwm0000gn/T/junit13211042671926172745/cli_2.7.4.Final-platform_2.6.2.Final. Error=2, No such file or directory
	at io.quarkus.devtools.compat.CliCompatTest.jbang(CliCompatTest.java:141)
	at io.quarkus.devtools.compat.CliCompatTest.testCLI(CliCompatTest.java:110)
	at io.quarkus.devtools.compat.CliCompatTest.lambda$generateTests$10(CliCompatTest.java:99)
Caused by: java.io.IOException: Cannot run program "./jbang" (in directory "/var/folders/j8/sj85tl7d2pq_vnhbpj4t5lwm0000gn/T/junit13211042671926172745/cli_2.7.4.Final-platform_2.6.2.Final"): error=2, No such file or directory
	at io.quarkus.devtools.compat.CliCompatTest.jbang(CliCompatTest.java:141)
	at io.quarkus.devtools.compat.CliCompatTest.testCLI(CliCompatTest.java:110)
	at io.quarkus.devtools.compat.CliCompatTest.lambda$generateTests$10(CliCompatTest.java:99)
Caused by: java.io.IOException: error=2, No such file or directory
	at io.quarkus.devtools.compat.CliCompatTest.jbang(CliCompatTest.java:141)
	at io.quarkus.devtools.compat.CliCompatTest.testCLI(CliCompatTest.java:110)
	at io.quarkus.devtools.compat.CliCompatTest.lambda$generateTests$10(CliCompatTest.java:99)
</error>
    <system-out><![CDATA[run: ./jbang trust add https://repo1.maven.org/maven2/io/quarkus/
]]></system-out>
  </testcase>
  <testcase name="testCli{Path}[95]" classname="io.quarkus.devtools.compat.CliCompatTest" time="0.004">
    <error message="Could not execute [./jbang, trust, add, https://repo1.maven.org/maven2/io/quarkus/] in /var/folders/j8/sj85tl7d2pq_vnhbpj4t5lwm0000gn/T/junit13211042671926172745/cli_2.7.3.Final-platform_2.6.2.Final. Error=2, No such file or directory" type="org.zeroturnaround.exec.ProcessInitException">org.zeroturnaround.exec.ProcessInitException: Could not execute [./jbang, trust, add, https://repo1.maven.org/maven2/io/quarkus/] in /var/folders/j8/sj85tl7d2pq_vnhbpj4t5lwm0000gn/T/junit13211042671926172745/cli_2.7.3.Final-platform_2.6.2.Final. Error=2, No such file or directory
	at io.quarkus.devtools.compat.CliCompatTest.jbang(CliCompatTest.java:141)
	at io.quarkus.devtools.compat.CliCompatTest.testCLI(CliCompatTest.java:110)
	at io.quarkus.devtools.compat.CliCompatTest.lambda$generateTests$10(CliCompatTest.java:99)
Caused by: java.io.IOException: Cannot run program "./jbang" (in directory "/var/folders/j8/sj85tl7d2pq_vnhbpj4t5lwm0000gn/T/junit13211042671926172745/cli_2.7.3.Final-platform_2.6.2.Final"): error=2, No such file or directory
	at io.quarkus.devtools.compat.CliCompatTest.jbang(CliCompatTest.java:141)
	at io.quarkus.devtools.compat.CliCompatTest.testCLI(CliCompatTest.java:110)
	at io.quarkus.devtools.compat.CliCompatTest.lambda$generateTests$10(CliCompatTest.java:99)
Caused by: java.io.IOException: error=2, No such file or directory
	at io.quarkus.devtools.compat.CliCompatTest.jbang(CliCompatTest.java:141)
	at io.quarkus.devtools.compat.CliCompatTest.testCLI(CliCompatTest.java:110)
	at io.quarkus.devtools.compat.CliCompatTest.lambda$generateTests$10(CliCompatTest.java:99)
</error>
    <system-out><![CDATA[run: ./jbang trust add https://repo1.maven.org/maven2/io/quarkus/
]]></system-out>
  </testcase>
  <testcase name="testCli{Path}[96]" classname="io.quarkus.devtools.compat.CliCompatTest" time="0.004">
    <error message="Could not execute [./jbang, trust, add, https://repo1.maven.org/maven2/io/quarkus/] in /var/folders/j8/sj85tl7d2pq_vnhbpj4t5lwm0000gn/T/junit13211042671926172745/cli_2.7.2.Final-platform_2.6.2.Final. Error=2, No such file or directory" type="org.zeroturnaround.exec.ProcessInitException">org.zeroturnaround.exec.ProcessInitException: Could not execute [./jbang, trust, add, https://repo1.maven.org/maven2/io/quarkus/] in /var/folders/j8/sj85tl7d2pq_vnhbpj4t5lwm0000gn/T/junit13211042671926172745/cli_2.7.2.Final-platform_2.6.2.Final. Error=2, No such file or directory
	at io.quarkus.devtools.compat.CliCompatTest.jbang(CliCompatTest.java:141)
	at io.quarkus.devtools.compat.CliCompatTest.testCLI(CliCompatTest.java:110)
	at io.quarkus.devtools.compat.CliCompatTest.lambda$generateTests$10(CliCompatTest.java:99)
Caused by: java.io.IOException: Cannot run program "./jbang" (in directory "/var/folders/j8/sj85tl7d2pq_vnhbpj4t5lwm0000gn/T/junit13211042671926172745/cli_2.7.2.Final-platform_2.6.2.Final"): error=2, No such file or directory
	at io.quarkus.devtools.compat.CliCompatTest.jbang(CliCompatTest.java:141)
	at io.quarkus.devtools.compat.CliCompatTest.testCLI(CliCompatTest.java:110)
	at io.quarkus.devtools.compat.CliCompatTest.lambda$generateTests$10(CliCompatTest.java:99)
Caused by: java.io.IOException: error=2, No such file or directory
	at io.quarkus.devtools.compat.CliCompatTest.jbang(CliCompatTest.java:141)
	at io.quarkus.devtools.compat.CliCompatTest.testCLI(CliCompatTest.java:110)
	at io.quarkus.devtools.compat.CliCompatTest.lambda$generateTests$10(CliCompatTest.java:99)
</error>
    <system-out><![CDATA[run: ./jbang trust add https://repo1.maven.org/maven2/io/quarkus/
]]></system-out>
  </testcase>
  <testcase name="testCli{Path}[97]" classname="io.quarkus.devtools.compat.CliCompatTest" time="0.004">
    <error message="Could not execute [./jbang, trust, add, https://repo1.maven.org/maven2/io/quarkus/] in /var/folders/j8/sj85tl7d2pq_vnhbpj4t5lwm0000gn/T/junit13211042671926172745/cli_2.7.1.Final-platform_2.6.2.Final. Error=2, No such file or directory" type="org.zeroturnaround.exec.ProcessInitException">org.zeroturnaround.exec.ProcessInitException: Could not execute [./jbang, trust, add, https://repo1.maven.org/maven2/io/quarkus/] in /var/folders/j8/sj85tl7d2pq_vnhbpj4t5lwm0000gn/T/junit13211042671926172745/cli_2.7.1.Final-platform_2.6.2.Final. Error=2, No such file or directory
	at io.quarkus.devtools.compat.CliCompatTest.jbang(CliCompatTest.java:141)
	at io.quarkus.devtools.compat.CliCompatTest.testCLI(CliCompatTest.java:110)
	at io.quarkus.devtools.compat.CliCompatTest.lambda$generateTests$10(CliCompatTest.java:99)
Caused by: java.io.IOException: Cannot run program "./jbang" (in directory "/var/folders/j8/sj85tl7d2pq_vnhbpj4t5lwm0000gn/T/junit13211042671926172745/cli_2.7.1.Final-platform_2.6.2.Final"): error=2, No such file or directory
	at io.quarkus.devtools.compat.CliCompatTest.jbang(CliCompatTest.java:141)
	at io.quarkus.devtools.compat.CliCompatTest.testCLI(CliCompatTest.java:110)
	at io.quarkus.devtools.compat.CliCompatTest.lambda$generateTests$10(CliCompatTest.java:99)
Caused by: java.io.IOException: error=2, No such file or directory
	at io.quarkus.devtools.compat.CliCompatTest.jbang(CliCompatTest.java:141)
	at io.quarkus.devtools.compat.CliCompatTest.testCLI(CliCompatTest.java:110)
	at io.quarkus.devtools.compat.CliCompatTest.lambda$generateTests$10(CliCompatTest.java:99)
</error>
    <system-out><![CDATA[run: ./jbang trust add https://repo1.maven.org/maven2/io/quarkus/
]]></system-out>
  </testcase>
  <testcase name="testCli{Path}[98]" classname="io.quarkus.devtools.compat.CliCompatTest" time="0.003">
    <error message="Could not execute [./jbang, trust, add, https://repo1.maven.org/maven2/io/quarkus/] in /var/folders/j8/sj85tl7d2pq_vnhbpj4t5lwm0000gn/T/junit13211042671926172745/cli_2.7.0.Final-platform_2.6.2.Final. Error=2, No such file or directory" type="org.zeroturnaround.exec.ProcessInitException">org.zeroturnaround.exec.ProcessInitException: Could not execute [./jbang, trust, add, https://repo1.maven.org/maven2/io/quarkus/] in /var/folders/j8/sj85tl7d2pq_vnhbpj4t5lwm0000gn/T/junit13211042671926172745/cli_2.7.0.Final-platform_2.6.2.Final. Error=2, No such file or directory
	at io.quarkus.devtools.compat.CliCompatTest.jbang(CliCompatTest.java:141)
	at io.quarkus.devtools.compat.CliCompatTest.testCLI(CliCompatTest.java:110)
	at io.quarkus.devtools.compat.CliCompatTest.lambda$generateTests$10(CliCompatTest.java:99)
Caused by: java.io.IOException: Cannot run program "./jbang" (in directory "/var/folders/j8/sj85tl7d2pq_vnhbpj4t5lwm0000gn/T/junit13211042671926172745/cli_2.7.0.Final-platform_2.6.2.Final"): error=2, No such file or directory
	at io.quarkus.devtools.compat.CliCompatTest.jbang(CliCompatTest.java:141)
	at io.quarkus.devtools.compat.CliCompatTest.testCLI(CliCompatTest.java:110)
	at io.quarkus.devtools.compat.CliCompatTest.lambda$generateTests$10(CliCompatTest.java:99)
Caused by: java.io.IOException: error=2, No such file or directory
	at io.quarkus.devtools.compat.CliCompatTest.jbang(CliCompatTest.java:141)
	at io.quarkus.devtools.compat.CliCompatTest.testCLI(CliCompatTest.java:110)
	at io.quarkus.devtools.compat.CliCompatTest.lambda$generateTests$10(CliCompatTest.java:99)
</error>
    <system-out><![CDATA[run: ./jbang trust add https://repo1.maven.org/maven2/io/quarkus/
]]></system-out>
  </testcase>
  <testcase name="testCli{Path}[99]" classname="io.quarkus.devtools.compat.CliCompatTest" time="0.003">
    <error message="Could not execute [./jbang, trust, add, https://repo1.maven.org/maven2/io/quarkus/] in /var/folders/j8/sj85tl7d2pq_vnhbpj4t5lwm0000gn/T/junit13211042671926172745/cli_2.6.3.Final-platform_2.6.2.Final. Error=2, No such file or directory" type="org.zeroturnaround.exec.ProcessInitException">org.zeroturnaround.exec.ProcessInitException: Could not execute [./jbang, trust, add, https://repo1.maven.org/maven2/io/quarkus/] in /var/folders/j8/sj85tl7d2pq_vnhbpj4t5lwm0000gn/T/junit13211042671926172745/cli_2.6.3.Final-platform_2.6.2.Final. Error=2, No such file or directory
	at io.quarkus.devtools.compat.CliCompatTest.jbang(CliCompatTest.java:141)
	at io.quarkus.devtools.compat.CliCompatTest.testCLI(CliCompatTest.java:110)
	at io.quarkus.devtools.compat.CliCompatTest.lambda$generateTests$10(CliCompatTest.java:99)
Caused by: java.io.IOException: Cannot run program "./jbang" (in directory "/var/folders/j8/sj85tl7d2pq_vnhbpj4t5lwm0000gn/T/junit13211042671926172745/cli_2.6.3.Final-platform_2.6.2.Final"): error=2, No such file or directory
	at io.quarkus.devtools.compat.CliCompatTest.jbang(CliCompatTest.java:141)
	at io.quarkus.devtools.compat.CliCompatTest.testCLI(CliCompatTest.java:110)
	at io.quarkus.devtools.compat.CliCompatTest.lambda$generateTests$10(CliCompatTest.java:99)
Caused by: java.io.IOException: error=2, No such file or directory
	at io.quarkus.devtools.compat.CliCompatTest.jbang(CliCompatTest.java:141)
	at io.quarkus.devtools.compat.CliCompatTest.testCLI(CliCompatTest.java:110)
	at io.quarkus.devtools.compat.CliCompatTest.lambda$generateTests$10(CliCompatTest.java:99)
</error>
    <system-out><![CDATA[run: ./jbang trust add https://repo1.maven.org/maven2/io/quarkus/
]]></system-out>
  </testcase>
  <testcase name="testCli{Path}[100]" classname="io.quarkus.devtools.compat.CliCompatTest" time="0.004">
    <error message="Could not execute [./jbang, trust, add, https://repo1.maven.org/maven2/io/quarkus/] in /var/folders/j8/sj85tl7d2pq_vnhbpj4t5lwm0000gn/T/junit13211042671926172745/cli_2.6.2.Final-platform_2.6.2.Final. Error=2, No such file or directory" type="org.zeroturnaround.exec.ProcessInitException">org.zeroturnaround.exec.ProcessInitException: Could not execute [./jbang, trust, add, https://repo1.maven.org/maven2/io/quarkus/] in /var/folders/j8/sj85tl7d2pq_vnhbpj4t5lwm0000gn/T/junit13211042671926172745/cli_2.6.2.Final-platform_2.6.2.Final. Error=2, No such file or directory
	at io.quarkus.devtools.compat.CliCompatTest.jbang(CliCompatTest.java:141)
	at io.quarkus.devtools.compat.CliCompatTest.testCLI(CliCompatTest.java:110)
	at io.quarkus.devtools.compat.CliCompatTest.lambda$generateTests$10(CliCompatTest.java:99)
Caused by: java.io.IOException: Cannot run program "./jbang" (in directory "/var/folders/j8/sj85tl7d2pq_vnhbpj4t5lwm0000gn/T/junit13211042671926172745/cli_2.6.2.Final-platform_2.6.2.Final"): error=2, No such file or directory
	at io.quarkus.devtools.compat.CliCompatTest.jbang(CliCompatTest.java:141)
	at io.quarkus.devtools.compat.CliCompatTest.testCLI(CliCompatTest.java:110)
	at io.quarkus.devtools.compat.CliCompatTest.lambda$generateTests$10(CliCompatTest.java:99)
Caused by: java.io.IOException: error=2, No such file or directory
	at io.quarkus.devtools.compat.CliCompatTest.jbang(CliCompatTest.java:141)
	at io.quarkus.devtools.compat.CliCompatTest.testCLI(CliCompatTest.java:110)
	at io.quarkus.devtools.compat.CliCompatTest.lambda$generateTests$10(CliCompatTest.java:99)
</error>
    <system-out><![CDATA[run: ./jbang trust add https://repo1.maven.org/maven2/io/quarkus/
]]></system-out>
  </testcase>
</testsuite>